Instantiated DTM.
Cyc=          0 Op1=[0x00000000] Op2=[0x00000000] W[W, 0= 0x80000004]   Mem[2: R:0x04c0006f W:0x00000000] PC= 0x80000000  J j       pc + 0x4c
Cyc=          1 Op1=[0x00000000] Op2=[0x00000000] W[W,10= 0x00000000]   Mem[3: R:0x04c0006f W:0x00000000] PC= 0x8000004c    csrr    a0, mhartid
Cyc=          2 Op1=[0x00000000] Op2=[0x00000000] W[_, 0= 0x00000000]   Mem[0: R:0x04c0006f W:0x00000000] PC= 0x80000050    bnez    a0, pc + 0
Cyc=          3 Op1=[0x00000000] Op2=[0x80000054] W[W, 5= 0x80000054]   Mem[0: R:0x00000297 W:0x00000000] PC= 0x80000054    auipc   t0, 0x0
Cyc=          4 Op1=[0x80000054] Op2=[0x00000010] W[W, 5= 0x80000064]   Mem[0: R:0x00000297 W:0x00000000] PC= 0x80000058    addi    t0, t0, 16
Cyc=          5 Op1=[0x80000064] Op2=[0x80000064] W[W, 0= 0x00000100]   Mem[3: R:0x00000297 W:0x80000064] PC= 0x8000005c    csrw    mtvec, t0
Cyc=          6 Op1=[0x00000000] Op2=[0x00000000] W[W, 0= 0x00000000]   Mem[3: R:0x04c0006f W:0x00000000] PC= 0x80000060    csrwi   satp, 0
Cyc=          7 Op1=[0x00000000] Op2=[0x80000064] W[W, 5= 0x80000064]   Mem[0: R:0x00000297 W:0x00000000] PC= 0x80000064    auipc   t0, 0x0
Cyc=          8 Op1=[0x80000064] Op2=[0x0000001c] W[W, 5= 0x80000080]   Mem[0: R:0x00000297 W:0x00000000] PC= 0x80000068    addi    t0, t0, 28
Cyc=          9 Op1=[0x80000080] Op2=[0x80000080] W[W, 0= 0x00000100]   Mem[3: R:0x00000297 W:0x80000080] PC= 0x8000006c    csrw    mtvec, t0
Cyc=         10 Op1=[0x00000000] Op2=[0xffffffff] W[W, 5= 0xffffffff]   Mem[0: R:0xc0006f00 W:0x00000000] PC= 0x80000070    li      t0, -1
Cyc=         11 Op1=[0xffffffff] Op2=[0x00000000] W[W, 0= 0x00000000]   Mem[3: R:0xc0006f00 W:0x00000000] PC= 0x80000074    csrw    pmpaddr0, t0
Cyc=         12 Op1=[0x00000000] Op2=[0x0000001f] W[W, 5= 0x0000001f]   Mem[0: R:0x000f1703 W:0x00000000] PC= 0x80000078    li      t0, 31
Cyc=         13 Op1=[0x0000001f] Op2=[0x00000000] W[W, 0= 0x00000000]   Mem[3: R:0x000f1703 W:0x00000000] PC= 0x8000007c    csrw    pmpcfg0, t0
Cyc=         14 Op1=[0x00000000] Op2=[0x80000080] W[W, 5= 0x80000080]   Mem[0: R:0x00000297 W:0x00000000] PC= 0x80000080    auipc   t0, 0x0
Cyc=         15 Op1=[0x80000080] Op2=[0x00000018] W[W, 5= 0x80000098]   Mem[0: R:0x00000193 W:0x00000000] PC= 0x80000084    addi    t0, t0, 24
Cyc=         16 Op1=[0x80000098] Op2=[0x80000098] W[W, 0= 0x00000100]   Mem[3: R:0x00000193 W:0x80000098] PC= 0x80000088    csrw    mtvec, t0
Cyc=         17 Op1=[0x00000000] Op2=[0x00000000] W[W, 0= 0x00000000]   Mem[3: R:0x04c0006f W:0x00000000] PC= 0x8000008c    csrwi   medeleg, 0
Cyc=         18 Op1=[0x00000000] Op2=[0x00000000] W[W, 0= 0x00000000]   Mem[3: R:0x04c0006f W:0x00000000] PC= 0x80000090    csrwi   mideleg, 0
Cyc=         19 Op1=[0x00000000] Op2=[0x00000000] W[W, 0= 0x00000000]   Mem[3: R:0x04c0006f W:0x00000000] PC= 0x80000094    csrwi   mie, 0
Cyc=         20 Op1=[0x00000000] Op2=[0x00000000] W[W, 3= 0x00000000]   Mem[0: R:0x04c0006f W:0x00000000] PC= 0x80000098    li      gp, 0
Cyc=         21 Op1=[0x00000000] Op2=[0x8000009c] W[W, 5= 0x8000009c]   Mem[0: R:0x00000297 W:0x00000000] PC= 0x8000009c    auipc   t0, 0x0
Cyc=         22 Op1=[0x8000009c] Op2=[0xffffff68] W[W, 5= 0x80000004]   Mem[0: R:0x34202f73 W:0x00000000] PC= 0x800000a0    addi    t0, t0, -152
Cyc=         23 Op1=[0x80000004] Op2=[0x80000004] W[W, 0= 0x00000100]   Mem[3: R:0x34202f73 W:0x80000004] PC= 0x800000a4    csrw    mtvec, t0
Cyc=         24 Op1=[0x00000000] Op2=[0x00000001] W[W,10= 0x00000001]   Mem[0: R:0x7304c000 W:0x00000000] PC= 0x800000a8    li      a0, 1
Cyc=         25 Op1=[0x00000001] Op2=[0x0000001f] W[W,10= 0x80000000]   Mem[0: R:0x04c0006f W:0x00000000] PC= 0x800000ac    slli    a0, a0, 31
Cyc=         26 Op1=[0x80000000] Op2=[0x00000000] W[_,16= 0x00000000]   Mem[0: R:0x04c0006f W:0x00000000] PC= 0x800000b0  B bltz    a0, pc + 16
Cyc=         27 Op1=[0x80000000] Op2=[0x800000c0] W[W, 5= 0x000000c0]   Mem[0: R:0x80000297 W:0x00000000] PC= 0x800000c0    auipc   t0, 0x80000
Cyc=         28 Op1=[0x000000c0] Op2=[0xffffff40] W[W, 5= 0x00000000]   Mem[0: R:0x04c0006f W:0x00000000] PC= 0x800000c4    addi    t0, t0, -192
Cyc=         29 Op1=[0x00000000] Op2=[0x00000000] W[_,28= 0x00000000]   Mem[0: R:0x04c0006f W:0x00000000] PC= 0x800000c8  B beqz    t0, pc + 28
Cyc=         30 Op1=[0x00000000] Op2=[0x00000000] W[W, 0= 0x00001800]   Mem[3: R:0x04c0006f W:0x00000000] PC= 0x800000e4    csrwi   mstatus, 0
Cyc=         31 Op1=[0x00000000] Op2=[0x800000e8] W[W, 5= 0x800000e8]   Mem[0: R:0x00000297 W:0x00000000] PC= 0x800000e8    auipc   t0, 0x0
Cyc=         32 Op1=[0x800000e8] Op2=[0x00000014] W[W, 5= 0x800000fc]   Mem[0: R:0x800000b7 W:0x00000000] PC= 0x800000ec    addi    t0, t0, 20
Cyc=         33 Op1=[0x800000fc] Op2=[0x00000000] W[W, 0= 0x80000000]   Mem[3: R:0x800000b7 W:0x00000000] PC= 0x800000f0    csrw    mepc, t0
Cyc=         34 Op1=[0x00000000] Op2=[0x00000000] W[W,10= 0x00000000]   Mem[3: R:0x04c0006f W:0x00000000] PC= 0x800000f4    csrr    a0, mhartid
Cyc=         35 Op1=[0x00000000] Op2=[0x00000000] W[_, 0= 0x00000000]   Mem[0: R:0x04c0006f W:0x00000000] PC= 0x800000f8  X mret
Cyc=         36 Op1=[0x80000000] Op2=[0x00000000] W[W, 1= 0x80000000]   Mem[0: R:0x04c0006f W:0x00000000] PC= 0x800000fc    lui     ra, 0x80000
Cyc=         37 Op1=[0x00000000] Op2=[0x00000000] W[W, 2= 0x00000000]   Mem[0: R:0x04c0006f W:0x00000000] PC= 0x80000100    li      sp, 0
Cyc=         38 Op1=[0x80000000] Op2=[0x00000000] W[W,30= 0x80000000]   Mem[0: R:0x04c0006f W:0x00000000] PC= 0x80000104    sra     t5, ra, sp
Cyc=         39 Op1=[0x80000000] Op2=[0x00000000] W[W,29= 0x80000000]   Mem[0: R:0x04c0006f W:0x00000000] PC= 0x80000108    lui     t4, 0x80000
Cyc=         40 Op1=[0x00000000] Op2=[0x00000002] W[W, 3= 0x00000002]   Mem[0: R:0x2f7304c0 W:0x00000000] PC= 0x8000010c    li      gp, 2
Cyc=         41 Op1=[0x80000000] Op2=[0x80000000] W[_, 8= 0x00000000]   Mem[0: R:0x04c0006f W:0x80000000] PC= 0x80000110    bne     t5, t4, pc + 1416
Cyc=         42 Op1=[0x80000000] Op2=[0x00000000] W[W, 1= 0x80000000]   Mem[0: R:0x04c0006f W:0x00000000] PC= 0x80000114    lui     ra, 0x80000
Cyc=         43 Op1=[0x00000000] Op2=[0x00000001] W[W, 2= 0x00000001]   Mem[0: R:0x7304c000 W:0x80000000] PC= 0x80000118    li      sp, 1
Cyc=         44 Op1=[0x80000000] Op2=[0x00000001] W[W,30= 0xc0000000]   Mem[0: R:0x04c0006f W:0x00000001] PC= 0x8000011c    sra     t5, ra, sp
Cyc=         45 Op1=[0xc0000000] Op2=[0x00000000] W[W,29= 0xc0000000]   Mem[0: R:0x04c0006f W:0x00000000] PC= 0x80000120    lui     t4, 0xc0000
Cyc=         46 Op1=[0x00000000] Op2=[0x00000003] W[W, 3= 0x00000003]   Mem[0: R:0x202f7304 W:0x00000002] PC= 0x80000124    li      gp, 3
Cyc=         47 Op1=[0xc0000000] Op2=[0xc0000000] W[_,16= 0x00000000]   Mem[0: R:0x04c0006f W:0xc0000000] PC= 0x80000128    bne     t5, t4, pc + 1392
Cyc=         48 Op1=[0x80000000] Op2=[0x00000000] W[W, 1= 0x80000000]   Mem[0: R:0x04c0006f W:0x00000000] PC= 0x8000012c    lui     ra, 0x80000
Cyc=         49 Op1=[0x00000000] Op2=[0x00000007] W[W, 2= 0x00000007]   Mem[0: R:0x800f9334 W:0x00000000] PC= 0x80000130    li      sp, 7
Cyc=         50 Op1=[0x80000000] Op2=[0x00000007] W[W,30= 0xff000000]   Mem[0: R:0x04c0006f W:0x00000007] PC= 0x80000134    sra     t5, ra, sp
Cyc=         51 Op1=[0xff000000] Op2=[0x00000000] W[W,29= 0xff000000]   Mem[0: R:0x04c0006f W:0x00000000] PC= 0x80000138    lui     t4, 0xff000
Cyc=         52 Op1=[0x00000000] Op2=[0x00000004] W[W, 3= 0x00000004]   Mem[0: R:0x34202f73 W:0x00000000] PC= 0x8000013c    li      gp, 4
Cyc=         53 Op1=[0xff000000] Op2=[0xff000000] W[_,24= 0x00000000]   Mem[0: R:0x04c0006f W:0xff000000] PC= 0x80000140    bne     t5, t4, pc + 1368
Cyc=         54 Op1=[0x80000000] Op2=[0x00000000] W[W, 1= 0x80000000]   Mem[0: R:0x04c0006f W:0x00000000] PC= 0x80000144    lui     ra, 0x80000
Cyc=         55 Op1=[0x00000000] Op2=[0x0000000e] W[W, 2= 0x0000000e]   Mem[0: R:0x0f9303ff W:0x00000000] PC= 0x80000148    li      sp, 14
Cyc=         56 Op1=[0x80000000] Op2=[0x0000000e] W[W,30= 0xfffe0000]   Mem[0: R:0x00000000 W:0x0000000e] PC= 0x8000014c    sra     t5, ra, sp
Cyc=         57 Op1=[0xfffe0000] Op2=[0x00000000] W[W,29= 0xfffe0000]   Mem[0: R:0x00000000 W:0x00000000] PC= 0x80000150    lui     t4, 0xfffe0
Cyc=         58 Op1=[0x00000000] Op2=[0x00000005] W[W, 3= 0x00000005]   Mem[0: R:0x9334202f W:0x800000fc] PC= 0x80000154    li      gp, 5
Cyc=         59 Op1=[0xfffe0000] Op2=[0xfffe0000] W[_, 0= 0x00000000]   Mem[0: R:0x04c0006f W:0xfffe0000] PC= 0x80000158    bne     t5, t4, pc + 1344
Cyc=         60 Op1=[0x80000000] Op2=[0x00000000] W[W, 1= 0x80000000]   Mem[0: R:0x04c0006f W:0x00000000] PC= 0x8000015c    lui     ra, 0x80000
Cyc=         61 Op1=[0x80000000] Op2=[0x00000001] W[W, 1= 0x80000001]   Mem[0: R:0x7304c000 W:0x80000000] PC= 0x80000160    addi    ra, ra, 1
Cyc=         62 Op1=[0x00000000] Op2=[0x0000001f] W[W, 2= 0x0000001f]   Mem[0: R:0x000f1703 W:0x00000000] PC= 0x80000164    li      sp, 31
Cyc=         63 Op1=[0x80000001] Op2=[0x0000001f] W[W,30= 0xffffffff]   Mem[0: R:0xc0006f00 W:0x0000001f] PC= 0x80000168    sra     t5, ra, sp
Cyc=         64 Op1=[0x00000000] Op2=[0xffffffff] W[W,29= 0xffffffff]   Mem[0: R:0xc0006f00 W:0x00000000] PC= 0x8000016c    li      t4, -1
Cyc=         65 Op1=[0x00000000] Op2=[0x00000006] W[W, 3= 0x00000006]   Mem[0: R:0x0f933420 W:0x00000000] PC= 0x80000170    li      gp, 6
Cyc=         66 Op1=[0xffffffff] Op2=[0xffffffff] W[_, 4= 0x00000000]   Mem[0: R:0x04c0006f W:0xffffffff] PC= 0x80000174    bne     t5, t4, pc + 1316
Cyc=         67 Op1=[0x80000000] Op2=[0x00000000] W[W, 1= 0x80000000]   Mem[0: R:0x04c0006f W:0x00000000] PC= 0x80000178    lui     ra, 0x80000
Cyc=         68 Op1=[0x80000000] Op2=[0xffffffff] W[W, 1= 0x7fffffff]   Mem[0: R:0xc0006f00 W:0x00000000] PC= 0x8000017c    addi    ra, ra, -1
Cyc=         69 Op1=[0x00000000] Op2=[0x00000000] W[W, 2= 0x00000000]   Mem[0: R:0x04c0006f W:0x00000000] PC= 0x80000180    li      sp, 0
Cyc=         70 Op1=[0x7fffffff] Op2=[0x00000000] W[W,30= 0x7fffffff]   Mem[0: R:0xc0006f00 W:0x00000000] PC= 0x80000184    sra     t5, ra, sp
Cyc=         71 Op1=[0x80000000] Op2=[0x00000000] W[W,29= 0x80000000]   Mem[0: R:0x04c0006f W:0x00000000] PC= 0x80000188    lui     t4, 0x80000
Cyc=         72 Op1=[0x80000000] Op2=[0xffffffff] W[W,29= 0x7fffffff]   Mem[0: R:0xc0006f00 W:0x00000000] PC= 0x8000018c    addi    t4, t4, -1
Cyc=         73 Op1=[0x00000000] Op2=[0x00000007] W[W, 3= 0x00000007]   Mem[0: R:0x800f9334 W:0x00000000] PC= 0x80000190    li      gp, 7
Cyc=         74 Op1=[0x7fffffff] Op2=[0x7fffffff] W[_, 4= 0x00000000]   Mem[0: R:0x04c0006f W:0x7fffffff] PC= 0x80000194    bne     t5, t4, pc + 1284
Cyc=         75 Op1=[0x80000000] Op2=[0x00000000] W[W, 1= 0x80000000]   Mem[0: R:0x04c0006f W:0x00000000] PC= 0x80000198    lui     ra, 0x80000
Cyc=         76 Op1=[0x80000000] Op2=[0xffffffff] W[W, 1= 0x7fffffff]   Mem[0: R:0xc0006f00 W:0x00000000] PC= 0x8000019c    addi    ra, ra, -1
Cyc=         77 Op1=[0x00000000] Op2=[0x00000001] W[W, 2= 0x00000001]   Mem[0: R:0x7304c000 W:0x7fffffff] PC= 0x800001a0    li      sp, 1
Cyc=         78 Op1=[0x7fffffff] Op2=[0x00000001] W[W,30= 0x3fffffff]   Mem[0: R:0xc0006f00 W:0x00000001] PC= 0x800001a4    sra     t5, ra, sp
Cyc=         79 Op1=[0x40000000] Op2=[0x00000000] W[W,29= 0x40000000]   Mem[0: R:0x04c0006f W:0x00000000] PC= 0x800001a8    lui     t4, 0x40000
Cyc=         80 Op1=[0x40000000] Op2=[0xffffffff] W[W,29= 0x3fffffff]   Mem[0: R:0xc0006f00 W:0x00000000] PC= 0x800001ac    addi    t4, t4, -1
Cyc=         81 Op1=[0x00000000] Op2=[0x00000008] W[W, 3= 0x00000008]   Mem[0: R:0x00800f93 W:0x00000000] PC= 0x800001b0    li      gp, 8
Cyc=         82 Op1=[0x3fffffff] Op2=[0x3fffffff] W[_, 4= 0x00000000]   Mem[0: R:0x04c0006f W:0x3fffffff] PC= 0x800001b4    bne     t5, t4, pc + 1252
Cyc=         83 Op1=[0x80000000] Op2=[0x00000000] W[W, 1= 0x80000000]   Mem[0: R:0x04c0006f W:0x00000000] PC= 0x800001b8    lui     ra, 0x80000
Cyc=         84 Op1=[0x80000000] Op2=[0xffffffff] W[W, 1= 0x7fffffff]   Mem[0: R:0xc0006f00 W:0x00000000] PC= 0x800001bc    addi    ra, ra, -1
Cyc=         85 Op1=[0x00000000] Op2=[0x00000007] W[W, 2= 0x00000007]   Mem[0: R:0x800f9334 W:0x00000000] PC= 0x800001c0    li      sp, 7
Cyc=         86 Op1=[0x7fffffff] Op2=[0x00000007] W[W,30= 0x00ffffff]   Mem[0: R:0xc0006f00 W:0x00000007] PC= 0x800001c4    sra     t5, ra, sp
Cyc=         87 Op1=[0x01000000] Op2=[0x00000000] W[W,29= 0x01000000]   Mem[0: R:0x04c0006f W:0x00000000] PC= 0x800001c8    lui     t4, 0x1000
Cyc=         88 Op1=[0x01000000] Op2=[0xffffffff] W[W,29= 0x00ffffff]   Mem[0: R:0xc0006f00 W:0x00000000] PC= 0x800001cc    addi    t4, t4, -1
Cyc=         89 Op1=[0x00000000] Op2=[0x00000009] W[W, 3= 0x00000009]   Mem[0: R:0x6300800f W:0x00000000] PC= 0x800001d0    li      gp, 9
Cyc=         90 Op1=[0x00ffffff] Op2=[0x00ffffff] W[_, 4= 0x00000000]   Mem[0: R:0x04c0006f W:0x00ffffff] PC= 0x800001d4    bne     t5, t4, pc + 1220
Cyc=         91 Op1=[0x80000000] Op2=[0x00000000] W[W, 1= 0x80000000]   Mem[0: R:0x04c0006f W:0x00000000] PC= 0x800001d8    lui     ra, 0x80000
Cyc=         92 Op1=[0x80000000] Op2=[0xffffffff] W[W, 1= 0x7fffffff]   Mem[0: R:0xc0006f00 W:0x00000000] PC= 0x800001dc    addi    ra, ra, -1
Cyc=         93 Op1=[0x00000000] Op2=[0x0000000e] W[W, 2= 0x0000000e]   Mem[0: R:0x0f9303ff W:0x00000000] PC= 0x800001e0    li      sp, 14
Cyc=         94 Op1=[0x7fffffff] Op2=[0x0000000e] W[W,30= 0x0001ffff]   Mem[0: R:0x00000000 W:0x0000000e] PC= 0x800001e4    sra     t5, ra, sp
Cyc=         95 Op1=[0x00020000] Op2=[0x00000000] W[W,29= 0x00020000]   Mem[0: R:0x00000000 W:0x00000000] PC= 0x800001e8    lui     t4, 0x20
Cyc=         96 Op1=[0x00020000] Op2=[0xffffffff] W[W,29= 0x0001ffff]   Mem[0: R:0x00000000 W:0x00000000] PC= 0x800001ec    addi    t4, t4, -1
Cyc=         97 Op1=[0x00000000] Op2=[0x0000000a] W[W, 3= 0x0000000a]   Mem[0: R:0x0a630080 W:0x00000000] PC= 0x800001f0    li      gp, 10
Cyc=         98 Op1=[0x0001ffff] Op2=[0x0001ffff] W[_, 4= 0x00000000]   Mem[0: R:0x04c0006f W:0x0001ffff] PC= 0x800001f4    bne     t5, t4, pc + 1188
Cyc=         99 Op1=[0x80000000] Op2=[0x00000000] W[W, 1= 0x80000000]   Mem[0: R:0x04c0006f W:0x00000000] PC= 0x800001f8    lui     ra, 0x80000
Cyc=        100 Op1=[0x80000000] Op2=[0xffffffff] W[W, 1= 0x7fffffff]   Mem[0: R:0xc0006f00 W:0x00000000] PC= 0x800001fc    addi    ra, ra, -1
Cyc=        101 Op1=[0x00000000] Op2=[0x0000001f] W[W, 2= 0x0000001f]   Mem[0: R:0x000f1703 W:0x00000000] PC= 0x80000200    li      sp, 31
Cyc=        102 Op1=[0x7fffffff] Op2=[0x0000001f] W[W,30= 0x00000000]   Mem[0: R:0x04c0006f W:0x0000001f] PC= 0x80000204    sra     t5, ra, sp
Cyc=        103 Op1=[0x00000000] Op2=[0x00000000] W[W,29= 0x00000000]   Mem[0: R:0x04c0006f W:0x00000000] PC= 0x80000208    li      t4, 0
Cyc=        104 Op1=[0x00000000] Op2=[0x0000000b] W[W, 3= 0x0000000b]   Mem[0: R:0xff0a6300 W:0x00000000] PC= 0x8000020c    li      gp, 11
Cyc=        105 Op1=[0x00000000] Op2=[0x00000000] W[_, 8= 0x00000000]   Mem[0: R:0x04c0006f W:0x00000000] PC= 0x80000210    bne     t5, t4, pc + 1160
Cyc=        106 Op1=[0x81818000] Op2=[0x00000000] W[W, 1= 0x81818000]   Mem[0: R:0x00000000 W:0x00000000] PC= 0x80000214    lui     ra, 0x81818
Cyc=        107 Op1=[0x81818000] Op2=[0x00000181] W[W, 1= 0x81818181]   Mem[0: R:0x00000000 W:0x81818000] PC= 0x80000218    addi    ra, ra, 385
Cyc=        108 Op1=[0x00000000] Op2=[0x00000000] W[W, 2= 0x00000000]   Mem[0: R:0x04c0006f W:0x00000000] PC= 0x8000021c    li      sp, 0
Cyc=        109 Op1=[0x81818181] Op2=[0x00000000] W[W,30= 0x81818181]   Mem[0: R:0x00000000 W:0x00000000] PC= 0x80000220    sra     t5, ra, sp
Cyc=        110 Op1=[0x81818000] Op2=[0x00000000] W[W,29= 0x81818000]   Mem[0: R:0x00000000 W:0x00000000] PC= 0x80000224    lui     t4, 0x81818
Cyc=        111 Op1=[0x81818000] Op2=[0x00000181] W[W,29= 0x81818181]   Mem[0: R:0x00000000 W:0x81818181] PC= 0x80000228    addi    t4, t4, 385
Cyc=        112 Op1=[0x00000000] Op2=[0x0000000c] W[W, 3= 0x0000000c]   Mem[0: R:0x03ff0a63 W:0x00000000] PC= 0x8000022c    li      gp, 12
Cyc=        113 Op1=[0x81818181] Op2=[0x81818181] W[_, 8= 0x00000000]   Mem[0: R:0x04c0006f W:0x81818181] PC= 0x80000230    bne     t5, t4, pc + 1128
Cyc=        114 Op1=[0x81818000] Op2=[0x00000000] W[W, 1= 0x81818000]   Mem[0: R:0x00000000 W:0x00000000] PC= 0x80000234    lui     ra, 0x81818
Cyc=        115 Op1=[0x81818000] Op2=[0x00000181] W[W, 1= 0x81818181]   Mem[0: R:0x00000000 W:0x81818000] PC= 0x80000238    addi    ra, ra, 385
Cyc=        116 Op1=[0x00000000] Op2=[0x00000001] W[W, 2= 0x00000001]   Mem[0: R:0x7304c000 W:0x81818181] PC= 0x8000023c    li      sp, 1
Cyc=        117 Op1=[0x81818181] Op2=[0x00000001] W[W,30= 0xc0c0c0c0]   Mem[0: R:0x00000000 W:0x00000001] PC= 0x80000240    sra     t5, ra, sp
Cyc=        118 Op1=[0xc0c0c000] Op2=[0x00000000] W[W,29= 0xc0c0c000]   Mem[0: R:0x00000000 W:0x00000000] PC= 0x80000244    lui     t4, 0xc0c0c
Cyc=        119 Op1=[0xc0c0c000] Op2=[0x000000c0] W[W,29= 0xc0c0c0c0]   Mem[0: R:0x00000000 W:0x00000000] PC= 0x80000248    addi    t4, t4, 192
Cyc=        120 Op1=[0x00000000] Op2=[0x0000000d] W[W, 3= 0x0000000d]   Mem[0: R:0x9303ff0a W:0x00000000] PC= 0x8000024c    li      gp, 13
Cyc=        121 Op1=[0xc0c0c0c0] Op2=[0xc0c0c0c0] W[_, 8= 0x00000000]   Mem[0: R:0x04c0006f W:0xc0c0c0c0] PC= 0x80000250    bne     t5, t4, pc + 1096
Cyc=        122 Op1=[0x81818000] Op2=[0x00000000] W[W, 1= 0x81818000]   Mem[0: R:0x00000000 W:0x00000000] PC= 0x80000254    lui     ra, 0x81818
Cyc=        123 Op1=[0x81818000] Op2=[0x00000181] W[W, 1= 0x81818181]   Mem[0: R:0x00000000 W:0x81818000] PC= 0x80000258    addi    ra, ra, 385
Cyc=        124 Op1=[0x00000000] Op2=[0x00000007] W[W, 2= 0x00000007]   Mem[0: R:0x800f9334 W:0x00000000] PC= 0x8000025c    li      sp, 7
Cyc=        125 Op1=[0x81818181] Op2=[0x00000007] W[W,30= 0xff030303]   Mem[0: R:0x00000000 W:0x00000007] PC= 0x80000260    sra     t5, ra, sp
Cyc=        126 Op1=[0xff030000] Op2=[0x00000000] W[W,29= 0xff030000]   Mem[0: R:0x00000000 W:0x00000000] PC= 0x80000264    lui     t4, 0xff030
Cyc=        127 Op1=[0xff030000] Op2=[0x00000303] W[W,29= 0xff030303]   Mem[0: R:0x00000000 W:0x0000000d] PC= 0x80000268    addi    t4, t4, 771
Cyc=        128 Op1=[0x00000000] Op2=[0x0000000e] W[W, 3= 0x0000000e]   Mem[0: R:0x0f9303ff W:0x00000000] PC= 0x8000026c    li      gp, 14
Cyc=        129 Op1=[0xff030303] Op2=[0xff030303] W[_, 8= 0x00000000]   Mem[0: R:0x04c0006f W:0xff030303] PC= 0x80000270    bne     t5, t4, pc + 1064
Cyc=        130 Op1=[0x81818000] Op2=[0x00000000] W[W, 1= 0x81818000]   Mem[0: R:0x00000000 W:0x00000000] PC= 0x80000274    lui     ra, 0x81818
Cyc=        131 Op1=[0x81818000] Op2=[0x00000181] W[W, 1= 0x81818181]   Mem[0: R:0x00000000 W:0x81818000] PC= 0x80000278    addi    ra, ra, 385
Cyc=        132 Op1=[0x00000000] Op2=[0x0000000e] W[W, 2= 0x0000000e]   Mem[0: R:0x0f9303ff W:0x00000000] PC= 0x8000027c    li      sp, 14
Cyc=        133 Op1=[0x81818181] Op2=[0x0000000e] W[W,30= 0xfffe0606]   Mem[0: R:0x00000000 W:0x0000000e] PC= 0x80000280    sra     t5, ra, sp
Cyc=        134 Op1=[0xfffe0000] Op2=[0x00000000] W[W,29= 0xfffe0000]   Mem[0: R:0x00000000 W:0x00000000] PC= 0x80000284    lui     t4, 0xfffe0
Cyc=        135 Op1=[0xfffe0000] Op2=[0x00000606] W[W,29= 0xfffe0606]   Mem[0: R:0x00000000 W:0x00000000] PC= 0x80000288    addi    t4, t4, 1542
Cyc=        136 Op1=[0x00000000] Op2=[0x0000000f] W[W, 3= 0x0000000f]   Mem[0: R:0x900f9303 W:0x00000000] PC= 0x8000028c    li      gp, 15
Cyc=        137 Op1=[0xfffe0606] Op2=[0xfffe0606] W[_, 8= 0x00000000]   Mem[0: R:0x04c0006f W:0xfffe0606] PC= 0x80000290    bne     t5, t4, pc + 1032
Cyc=        138 Op1=[0x81818000] Op2=[0x00000000] W[W, 1= 0x81818000]   Mem[0: R:0x00000000 W:0x00000000] PC= 0x80000294    lui     ra, 0x81818
Cyc=        139 Op1=[0x81818000] Op2=[0x00000181] W[W, 1= 0x81818181]   Mem[0: R:0x00000000 W:0x81818000] PC= 0x80000298    addi    ra, ra, 385
Cyc=        140 Op1=[0x00000000] Op2=[0x0000001f] W[W, 2= 0x0000001f]   Mem[0: R:0x000f1703 W:0x00000000] PC= 0x8000029c    li      sp, 31
Cyc=        141 Op1=[0x81818181] Op2=[0x0000001f] W[W,30= 0xffffffff]   Mem[0: R:0xc0006f00 W:0x0000001f] PC= 0x800002a0    sra     t5, ra, sp
Cyc=        142 Op1=[0x00000000] Op2=[0xffffffff] W[W,29= 0xffffffff]   Mem[0: R:0xc0006f00 W:0x00000000] PC= 0x800002a4    li      t4, -1
Cyc=        143 Op1=[0x00000000] Op2=[0x00000010] W[W, 3= 0x00000010]   Mem[0: R:0x00900f93 W:0x00000000] PC= 0x800002a8    li      gp, 16
Cyc=        144 Op1=[0xffffffff] Op2=[0xffffffff] W[_,12= 0x00000000]   Mem[0: R:0x04c0006f W:0xffffffff] PC= 0x800002ac    bne     t5, t4, pc + 1004
Cyc=        145 Op1=[0x81818000] Op2=[0x00000000] W[W, 1= 0x81818000]   Mem[0: R:0x00000000 W:0x00000000] PC= 0x800002b0    lui     ra, 0x81818
Cyc=        146 Op1=[0x81818000] Op2=[0x00000181] W[W, 1= 0x81818181]   Mem[0: R:0x00000000 W:0x81818000] PC= 0x800002b4    addi    ra, ra, 385
Cyc=        147 Op1=[0x00000000] Op2=[0xffffffc0] W[W, 2= 0xffffffc0]   Mem[0: R:0x00000000 W:0x00000000] PC= 0x800002b8    li      sp, -64
Cyc=        148 Op1=[0x81818181] Op2=[0xffffffc0] W[W,30= 0x81818181]   Mem[0: R:0x00000000 W:0xffffffc0] PC= 0x800002bc    sra     t5, ra, sp
Cyc=        149 Op1=[0x81818000] Op2=[0x00000000] W[W,29= 0x81818000]   Mem[0: R:0x00000000 W:0x00000000] PC= 0x800002c0    lui     t4, 0x81818
Cyc=        150 Op1=[0x81818000] Op2=[0x00000181] W[W,29= 0x81818181]   Mem[0: R:0x00000000 W:0x81818181] PC= 0x800002c4    addi    t4, t4, 385
Cyc=        151 Op1=[0x00000000] Op2=[0x00000011] W[W, 3= 0x00000011]   Mem[0: R:0x6300900f W:0x00000000] PC= 0x800002c8    li      gp, 17
Cyc=        152 Op1=[0x81818181] Op2=[0x81818181] W[_,12= 0x00000000]   Mem[0: R:0x04c0006f W:0x81818181] PC= 0x800002cc    bne     t5, t4, pc + 972
Cyc=        153 Op1=[0x81818000] Op2=[0x00000000] W[W, 1= 0x81818000]   Mem[0: R:0x00000000 W:0x00000000] PC= 0x800002d0    lui     ra, 0x81818
Cyc=        154 Op1=[0x81818000] Op2=[0x00000181] W[W, 1= 0x81818181]   Mem[0: R:0x00000000 W:0x81818000] PC= 0x800002d4    addi    ra, ra, 385
Cyc=        155 Op1=[0x00000000] Op2=[0xffffffc1] W[W, 2= 0xffffffc1]   Mem[0: R:0x00000000 W:0x81818181] PC= 0x800002d8    li      sp, -63
Cyc=        156 Op1=[0x81818181] Op2=[0xffffffc1] W[W,30= 0xc0c0c0c0]   Mem[0: R:0x00000000 W:0xffffffc1] PC= 0x800002dc    sra     t5, ra, sp
Cyc=        157 Op1=[0xc0c0c000] Op2=[0x00000000] W[W,29= 0xc0c0c000]   Mem[0: R:0x00000000 W:0x00000000] PC= 0x800002e0    lui     t4, 0xc0c0c
Cyc=        158 Op1=[0xc0c0c000] Op2=[0x000000c0] W[W,29= 0xc0c0c0c0]   Mem[0: R:0x00000000 W:0x00000000] PC= 0x800002e4    addi    t4, t4, 192
Cyc=        159 Op1=[0x00000000] Op2=[0x00000012] W[W, 3= 0x00000012]   Mem[0: R:0x06630090 W:0x00000000] PC= 0x800002e8    li      gp, 18
Cyc=        160 Op1=[0xc0c0c0c0] Op2=[0xc0c0c0c0] W[_,12= 0x00000000]   Mem[0: R:0x04c0006f W:0xc0c0c0c0] PC= 0x800002ec    bne     t5, t4, pc + 940
Cyc=        161 Op1=[0x81818000] Op2=[0x00000000] W[W, 1= 0x81818000]   Mem[0: R:0x00000000 W:0x00000000] PC= 0x800002f0    lui     ra, 0x81818
Cyc=        162 Op1=[0x81818000] Op2=[0x00000181] W[W, 1= 0x81818181]   Mem[0: R:0x00000000 W:0x81818000] PC= 0x800002f4    addi    ra, ra, 385
Cyc=        163 Op1=[0x00000000] Op2=[0xffffffc7] W[W, 2= 0xffffffc7]   Mem[0: R:0x00000000 W:0x00000000] PC= 0x800002f8    li      sp, -57
Cyc=        164 Op1=[0x81818181] Op2=[0xffffffc7] W[W,30= 0xff030303]   Mem[0: R:0x00000000 W:0xffffffc7] PC= 0x800002fc    sra     t5, ra, sp
Cyc=        165 Op1=[0xff030000] Op2=[0x00000000] W[W,29= 0xff030000]   Mem[0: R:0x00000000 W:0x00000000] PC= 0x80000300    lui     t4, 0xff030
Cyc=        166 Op1=[0xff030000] Op2=[0x00000303] W[W,29= 0xff030303]   Mem[0: R:0x00000000 W:0x00000012] PC= 0x80000304    addi    t4, t4, 771
Cyc=        167 Op1=[0x00000000] Op2=[0x00000013] W[W, 3= 0x00000013]   Mem[0: R:0xff066300 W:0x00000000] PC= 0x80000308    li      gp, 19
Cyc=        168 Op1=[0xff030303] Op2=[0xff030303] W[_,12= 0x00000000]   Mem[0: R:0x04c0006f W:0xff030303] PC= 0x8000030c    bne     t5, t4, pc + 908
Cyc=        169 Op1=[0x81818000] Op2=[0x00000000] W[W, 1= 0x81818000]   Mem[0: R:0x00000000 W:0x00000000] PC= 0x80000310    lui     ra, 0x81818
Cyc=        170 Op1=[0x81818000] Op2=[0x00000181] W[W, 1= 0x81818181]   Mem[0: R:0x00000000 W:0x81818000] PC= 0x80000314    addi    ra, ra, 385
Cyc=        171 Op1=[0x00000000] Op2=[0xffffffce] W[W, 2= 0xffffffce]   Mem[0: R:0x00000000 W:0x00000000] PC= 0x80000318    li      sp, -50
Cyc=        172 Op1=[0x81818181] Op2=[0xffffffce] W[W,30= 0xfffe0606]   Mem[0: R:0x00000000 W:0xffffffce] PC= 0x8000031c    sra     t5, ra, sp
Cyc=        173 Op1=[0xfffe0000] Op2=[0x00000000] W[W,29= 0xfffe0000]   Mem[0: R:0x00000000 W:0x00000000] PC= 0x80000320    lui     t4, 0xfffe0
Cyc=        174 Op1=[0xfffe0000] Op2=[0x00000606] W[W,29= 0xfffe0606]   Mem[0: R:0x00000000 W:0x00000000] PC= 0x80000324    addi    t4, t4, 1542
Cyc=        175 Op1=[0x00000000] Op2=[0x00000014] W[W, 3= 0x00000014]   Mem[0: R:0x03ff0663 W:0x00000000] PC= 0x80000328    li      gp, 20
Cyc=        176 Op1=[0xfffe0606] Op2=[0xfffe0606] W[_,12= 0x00000000]   Mem[0: R:0x04c0006f W:0xfffe0606] PC= 0x8000032c    bne     t5, t4, pc + 876
Cyc=        177 Op1=[0x81818000] Op2=[0x00000000] W[W, 1= 0x81818000]   Mem[0: R:0x00000000 W:0x00000000] PC= 0x80000330    lui     ra, 0x81818
Cyc=        178 Op1=[0x81818000] Op2=[0x00000181] W[W, 1= 0x81818181]   Mem[0: R:0x00000000 W:0x81818000] PC= 0x80000334    addi    ra, ra, 385
Cyc=        179 Op1=[0x00000000] Op2=[0xffffffff] W[W, 2= 0xffffffff]   Mem[0: R:0xc0006f00 W:0x00000000] PC= 0x80000338    li      sp, -1
Cyc=        180 Op1=[0x81818181] Op2=[0xffffffff] W[W,30= 0xffffffff]   Mem[0: R:0xc0006f00 W:0xffffffff] PC= 0x8000033c    sra     t5, ra, sp
Cyc=        181 Op1=[0x00000000] Op2=[0xffffffff] W[W,29= 0xffffffff]   Mem[0: R:0xc0006f00 W:0x00000000] PC= 0x80000340    li      t4, -1
Cyc=        182 Op1=[0x00000000] Op2=[0x00000015] W[W, 3= 0x00000015]   Mem[0: R:0x9303ff06 W:0x00000000] PC= 0x80000344    li      gp, 21
Cyc=        183 Op1=[0xffffffff] Op2=[0xffffffff] W[_,16= 0x00000000]   Mem[0: R:0x04c0006f W:0xffffffff] PC= 0x80000348    bne     t5, t4, pc + 848
Cyc=        184 Op1=[0x80000000] Op2=[0x00000000] W[W, 1= 0x80000000]   Mem[0: R:0x04c0006f W:0x00000000] PC= 0x8000034c    lui     ra, 0x80000
Cyc=        185 Op1=[0x00000000] Op2=[0x00000007] W[W, 2= 0x00000007]   Mem[0: R:0x800f9334 W:0x00000000] PC= 0x80000350    li      sp, 7
Cyc=        186 Op1=[0x80000000] Op2=[0x00000007] W[W, 1= 0xff000000]   Mem[0: R:0x04c0006f W:0x00000007] PC= 0x80000354    sra     ra, ra, sp
Cyc=        187 Op1=[0xff000000] Op2=[0x00000000] W[W,29= 0xff000000]   Mem[0: R:0x04c0006f W:0x00000000] PC= 0x80000358    lui     t4, 0xff000
Cyc=        188 Op1=[0x00000000] Op2=[0x00000016] W[W, 3= 0x00000016]   Mem[0: R:0x0f9303ff W:0x00000000] PC= 0x8000035c    li      gp, 22
Cyc=        189 Op1=[0xff000000] Op2=[0xff000000] W[_,24= 0x00000000]   Mem[0: R:0x04c0006f W:0xff000000] PC= 0x80000360    bne     ra, t4, pc + 824
Cyc=        190 Op1=[0x80000000] Op2=[0x00000000] W[W, 1= 0x80000000]   Mem[0: R:0x04c0006f W:0x00000000] PC= 0x80000364    lui     ra, 0x80000
Cyc=        191 Op1=[0x00000000] Op2=[0x0000000e] W[W, 2= 0x0000000e]   Mem[0: R:0x0f9303ff W:0x00000000] PC= 0x80000368    li      sp, 14
Cyc=        192 Op1=[0x80000000] Op2=[0x0000000e] W[W, 2= 0xfffe0000]   Mem[0: R:0x00000000 W:0x0000000e] PC= 0x8000036c    sra     sp, ra, sp
Cyc=        193 Op1=[0xfffe0000] Op2=[0x00000000] W[W,29= 0xfffe0000]   Mem[0: R:0x00000000 W:0x00000000] PC= 0x80000370    lui     t4, 0xfffe0
Cyc=        194 Op1=[0x00000000] Op2=[0x00000017] W[W, 3= 0x00000017]   Mem[0: R:0xb00f9303 W:0x00000000] PC= 0x80000374    li      gp, 23
Cyc=        195 Op1=[0xfffe0000] Op2=[0xfffe0000] W[_, 0= 0x00000000]   Mem[0: R:0x04c0006f W:0xfffe0000] PC= 0x80000378    bne     sp, t4, pc + 800
Cyc=        196 Op1=[0x00000000] Op2=[0x00000007] W[W, 1= 0x00000007]   Mem[0: R:0x800f9334 W:0x00000000] PC= 0x8000037c    li      ra, 7
Cyc=        197 Op1=[0x00000007] Op2=[0x00000007] W[W, 1= 0x00000000]   Mem[0: R:0x04c0006f W:0x00000007] PC= 0x80000380    sra     ra, ra, ra
Cyc=        198 Op1=[0x00000000] Op2=[0x00000000] W[W,29= 0x00000000]   Mem[0: R:0x04c0006f W:0x00000000] PC= 0x80000384    li      t4, 0
Cyc=        199 Op1=[0x00000000] Op2=[0x00000018] W[W, 3= 0x00000018]   Mem[0: R:0x00b00f93 W:0x00000000] PC= 0x80000388    li      gp, 24
Cyc=        200 Op1=[0x00000000] Op2=[0x00000000] W[_,12= 0x00000000]   Mem[0: R:0x04c0006f W:0x00000000] PC= 0x8000038c    bne     ra, t4, pc + 780
Cyc=        201 Op1=[0x00000000] Op2=[0x00000000] W[W, 4= 0x00000000]   Mem[0: R:0x04c0006f W:0x00000000] PC= 0x80000390    li      tp, 0
Cyc=        202 Op1=[0x80000000] Op2=[0x00000000] W[W, 1= 0x80000000]   Mem[0: R:0x04c0006f W:0x00000000] PC= 0x80000394    lui     ra, 0x80000
Cyc=        203 Op1=[0x00000000] Op2=[0x00000007] W[W, 2= 0x00000007]   Mem[0: R:0x800f9334 W:0x00000000] PC= 0x80000398    li      sp, 7
Cyc=        204 Op1=[0x80000000] Op2=[0x00000007] W[W,30= 0xff000000]   Mem[0: R:0x04c0006f W:0x00000007] PC= 0x8000039c    sra     t5, ra, sp
Cyc=        205 Op1=[0xff000000] Op2=[0x00000000] W[W, 6= 0xff000000]   Mem[0: R:0x04c0006f W:0x00000000] PC= 0x800003a0    mv      t1, t5
Cyc=        206 Op1=[0x00000000] Op2=[0x00000001] W[W, 4= 0x00000001]   Mem[0: R:0x7304c000 W:0x80000000] PC= 0x800003a4    addi    tp, tp, 1
Cyc=        207 Op1=[0x00000000] Op2=[0x00000002] W[W, 5= 0x00000002]   Mem[0: R:0x2f7304c0 W:0x00000007] PC= 0x800003a8    li      t0, 2
Cyc=        208 Op1=[0x00000001] Op2=[0x00000002] W[_, 9= 0x00000000]   Mem[0: R:0x04c0006f W:0x00000002] PC= 0x800003ac  B bne     tp, t0, pc - 24
Cyc=        209 Op1=[0x80000000] Op2=[0x00000000] W[W, 1= 0x80000000]   Mem[0: R:0x04c0006f W:0x00000000] PC= 0x80000394    lui     ra, 0x80000
Cyc=        210 Op1=[0x00000000] Op2=[0x00000007] W[W, 2= 0x00000007]   Mem[0: R:0x800f9334 W:0x00000000] PC= 0x80000398    li      sp, 7
Cyc=        211 Op1=[0x80000000] Op2=[0x00000007] W[W,30= 0xff000000]   Mem[0: R:0x04c0006f W:0x00000007] PC= 0x8000039c    sra     t5, ra, sp
Cyc=        212 Op1=[0xff000000] Op2=[0x00000000] W[W, 6= 0xff000000]   Mem[0: R:0x04c0006f W:0x00000000] PC= 0x800003a0    mv      t1, t5
Cyc=        213 Op1=[0x00000001] Op2=[0x00000001] W[W, 4= 0x00000002]   Mem[0: R:0x2f7304c0 W:0x80000000] PC= 0x800003a4    addi    tp, tp, 1
Cyc=        214 Op1=[0x00000000] Op2=[0x00000002] W[W, 5= 0x00000002]   Mem[0: R:0x2f7304c0 W:0x00000007] PC= 0x800003a8    li      t0, 2
Cyc=        215 Op1=[0x00000002] Op2=[0x00000002] W[_, 9= 0x00000000]   Mem[0: R:0x04c0006f W:0x00000002] PC= 0x800003ac    bne     tp, t0, pc - 24
Cyc=        216 Op1=[0xff000000] Op2=[0x00000000] W[W,29= 0xff000000]   Mem[0: R:0x04c0006f W:0x00000000] PC= 0x800003b0    lui     t4, 0xff000
Cyc=        217 Op1=[0x00000000] Op2=[0x00000019] W[W, 3= 0x00000019]   Mem[0: R:0x6300b00f W:0x00000000] PC= 0x800003b4    li      gp, 25
Cyc=        218 Op1=[0xff000000] Op2=[0xff000000] W[_, 0= 0x00000000]   Mem[0: R:0x04c0006f W:0xff000000] PC= 0x800003b8    bne     t1, t4, pc + 736
Cyc=        219 Op1=[0x00000000] Op2=[0x00000000] W[W, 4= 0x00000000]   Mem[0: R:0x04c0006f W:0x00000000] PC= 0x800003bc    li      tp, 0
Cyc=        220 Op1=[0x80000000] Op2=[0x00000000] W[W, 1= 0x80000000]   Mem[0: R:0x04c0006f W:0x00000000] PC= 0x800003c0    lui     ra, 0x80000
Cyc=        221 Op1=[0x00000000] Op2=[0x0000000e] W[W, 2= 0x0000000e]   Mem[0: R:0x0f9303ff W:0x00000000] PC= 0x800003c4    li      sp, 14
Cyc=        222 Op1=[0x80000000] Op2=[0x0000000e] W[W,30= 0xfffe0000]   Mem[0: R:0x00000000 W:0x0000000e] PC= 0x800003c8    sra     t5, ra, sp
Cyc=        223 Op1=[0x00000000] Op2=[0x00000000] W[W, 0= 0x00000000]   Mem[0: R:0x04c0006f W:0x00000000] PC= 0x800003cc    nop
Cyc=        224 Op1=[0xfffe0000] Op2=[0x00000000] W[W, 6= 0xfffe0000]   Mem[0: R:0x00000000 W:0x00000000] PC= 0x800003d0    mv      t1, t5
Cyc=        225 Op1=[0x00000000] Op2=[0x00000001] W[W, 4= 0x00000001]   Mem[0: R:0x7304c000 W:0x80000000] PC= 0x800003d4    addi    tp, tp, 1
Cyc=        226 Op1=[0x00000000] Op2=[0x00000002] W[W, 5= 0x00000002]   Mem[0: R:0x2f7304c0 W:0x0000000e] PC= 0x800003d8    li      t0, 2
Cyc=        227 Op1=[0x00000001] Op2=[0x00000002] W[_, 5= 0x00000000]   Mem[0: R:0x04c0006f W:0x00000002] PC= 0x800003dc  B bne     tp, t0, pc - 28
Cyc=        228 Op1=[0x80000000] Op2=[0x00000000] W[W, 1= 0x80000000]   Mem[0: R:0x04c0006f W:0x00000000] PC= 0x800003c0    lui     ra, 0x80000
Cyc=        229 Op1=[0x00000000] Op2=[0x0000000e] W[W, 2= 0x0000000e]   Mem[0: R:0x0f9303ff W:0x00000000] PC= 0x800003c4    li      sp, 14
Cyc=        230 Op1=[0x80000000] Op2=[0x0000000e] W[W,30= 0xfffe0000]   Mem[0: R:0x00000000 W:0x0000000e] PC= 0x800003c8    sra     t5, ra, sp
Cyc=        231 Op1=[0x00000000] Op2=[0x00000000] W[W, 0= 0x00000000]   Mem[0: R:0x04c0006f W:0x00000000] PC= 0x800003cc    nop
Cyc=        232 Op1=[0xfffe0000] Op2=[0x00000000] W[W, 6= 0xfffe0000]   Mem[0: R:0x00000000 W:0x00000000] PC= 0x800003d0    mv      t1, t5
Cyc=        233 Op1=[0x00000001] Op2=[0x00000001] W[W, 4= 0x00000002]   Mem[0: R:0x2f7304c0 W:0x80000000] PC= 0x800003d4    addi    tp, tp, 1
Cyc=        234 Op1=[0x00000000] Op2=[0x00000002] W[W, 5= 0x00000002]   Mem[0: R:0x2f7304c0 W:0x0000000e] PC= 0x800003d8    li      t0, 2
Cyc=        235 Op1=[0x00000002] Op2=[0x00000002] W[_, 5= 0x00000000]   Mem[0: R:0x04c0006f W:0x00000002] PC= 0x800003dc    bne     tp, t0, pc - 28
Cyc=        236 Op1=[0xfffe0000] Op2=[0x00000000] W[W,29= 0xfffe0000]   Mem[0: R:0x00000000 W:0x00000000] PC= 0x800003e0    lui     t4, 0xfffe0
Cyc=        237 Op1=[0x00000000] Op2=[0x0000001a] W[W, 3= 0x0000001a]   Mem[0: R:0x026300b0 W:0x00000000] PC= 0x800003e4    li      gp, 26
Cyc=        238 Op1=[0xfffe0000] Op2=[0xfffe0000] W[_,16= 0x00000000]   Mem[0: R:0x04c0006f W:0xfffe0000] PC= 0x800003e8    bne     t1, t4, pc + 688
Cyc=        239 Op1=[0x00000000] Op2=[0x00000000] W[W, 4= 0x00000000]   Mem[0: R:0x04c0006f W:0x00000000] PC= 0x800003ec    li      tp, 0
Cyc=        240 Op1=[0x80000000] Op2=[0x00000000] W[W, 1= 0x80000000]   Mem[0: R:0x04c0006f W:0x00000000] PC= 0x800003f0    lui     ra, 0x80000
Cyc=        241 Op1=[0x00000000] Op2=[0x0000001f] W[W, 2= 0x0000001f]   Mem[0: R:0x000f1703 W:0x00000000] PC= 0x800003f4    li      sp, 31
Cyc=        242 Op1=[0x80000000] Op2=[0x0000001f] W[W,30= 0xffffffff]   Mem[0: R:0xc0006f00 W:0x0000001f] PC= 0x800003f8    sra     t5, ra, sp
Cyc=        243 Op1=[0x00000000] Op2=[0x00000000] W[W, 0= 0x00000000]   Mem[0: R:0x04c0006f W:0x00000000] PC= 0x800003fc    nop
Cyc=        244 Op1=[0x00000000] Op2=[0x00000000] W[W, 0= 0x00000000]   Mem[0: R:0x04c0006f W:0x00000000] PC= 0x80000400    nop
Cyc=        245 Op1=[0xffffffff] Op2=[0x00000000] W[W, 6= 0xffffffff]   Mem[0: R:0xc0006f00 W:0x00000000] PC= 0x80000404    mv      t1, t5
Cyc=        246 Op1=[0x00000000] Op2=[0x00000001] W[W, 4= 0x00000001]   Mem[0: R:0x7304c000 W:0x80000000] PC= 0x80000408    addi    tp, tp, 1
Cyc=        247 Op1=[0x00000000] Op2=[0x00000002] W[W, 5= 0x00000002]   Mem[0: R:0x2f7304c0 W:0x0000001f] PC= 0x8000040c    li      t0, 2
Cyc=        248 Op1=[0x00000001] Op2=[0x00000002] W[_, 1= 0x00000000]   Mem[0: R:0x04c0006f W:0x00000002] PC= 0x80000410  B bne     tp, t0, pc - 32
Cyc=        249 Op1=[0x80000000] Op2=[0x00000000] W[W, 1= 0x80000000]   Mem[0: R:0x04c0006f W:0x00000000] PC= 0x800003f0    lui     ra, 0x80000
Cyc=        250 Op1=[0x00000000] Op2=[0x0000001f] W[W, 2= 0x0000001f]   Mem[0: R:0x000f1703 W:0x00000000] PC= 0x800003f4    li      sp, 31
Cyc=        251 Op1=[0x80000000] Op2=[0x0000001f] W[W,30= 0xffffffff]   Mem[0: R:0xc0006f00 W:0x0000001f] PC= 0x800003f8    sra     t5, ra, sp
Cyc=        252 Op1=[0x00000000] Op2=[0x00000000] W[W, 0= 0x00000000]   Mem[0: R:0x04c0006f W:0x00000000] PC= 0x800003fc    nop
Cyc=        253 Op1=[0x00000000] Op2=[0x00000000] W[W, 0= 0x00000000]   Mem[0: R:0x04c0006f W:0x00000000] PC= 0x80000400    nop
Cyc=        254 Op1=[0xffffffff] Op2=[0x00000000] W[W, 6= 0xffffffff]   Mem[0: R:0xc0006f00 W:0x00000000] PC= 0x80000404    mv      t1, t5
Cyc=        255 Op1=[0x00000001] Op2=[0x00000001] W[W, 4= 0x00000002]   Mem[0: R:0x2f7304c0 W:0x80000000] PC= 0x80000408    addi    tp, tp, 1
Cyc=        256 Op1=[0x00000000] Op2=[0x00000002] W[W, 5= 0x00000002]   Mem[0: R:0x2f7304c0 W:0x0000001f] PC= 0x8000040c    li      t0, 2
Cyc=        257 Op1=[0x00000002] Op2=[0x00000002] W[_, 1= 0x00000000]   Mem[0: R:0x04c0006f W:0x00000002] PC= 0x80000410    bne     tp, t0, pc - 32
Cyc=        258 Op1=[0x00000000] Op2=[0xffffffff] W[W,29= 0xffffffff]   Mem[0: R:0xc0006f00 W:0x00000000] PC= 0x80000414    li      t4, -1
Cyc=        259 Op1=[0x00000000] Op2=[0x0000001b] W[W, 3= 0x0000001b]   Mem[0: R:0xff026300 W:0x00000000] PC= 0x80000418    li      gp, 27
Cyc=        260 Op1=[0xffffffff] Op2=[0xffffffff] W[_,28= 0x00000000]   Mem[0: R:0x04c0006f W:0xffffffff] PC= 0x8000041c    bne     t1, t4, pc + 636
Cyc=        261 Op1=[0x00000000] Op2=[0x00000000] W[W, 4= 0x00000000]   Mem[0: R:0x04c0006f W:0x00000000] PC= 0x80000420    li      tp, 0
Cyc=        262 Op1=[0x80000000] Op2=[0x00000000] W[W, 1= 0x80000000]   Mem[0: R:0x04c0006f W:0x00000000] PC= 0x80000424    lui     ra, 0x80000
Cyc=        263 Op1=[0x00000000] Op2=[0x00000007] W[W, 2= 0x00000007]   Mem[0: R:0x800f9334 W:0x00000000] PC= 0x80000428    li      sp, 7
Cyc=        264 Op1=[0x80000000] Op2=[0x00000007] W[W,30= 0xff000000]   Mem[0: R:0x04c0006f W:0x00000007] PC= 0x8000042c    sra     t5, ra, sp
Cyc=        265 Op1=[0x00000000] Op2=[0x00000001] W[W, 4= 0x00000001]   Mem[0: R:0x7304c000 W:0x80000000] PC= 0x80000430    addi    tp, tp, 1
Cyc=        266 Op1=[0x00000000] Op2=[0x00000002] W[W, 5= 0x00000002]   Mem[0: R:0x2f7304c0 W:0x00000007] PC= 0x80000434    li      t0, 2
Cyc=        267 Op1=[0x00000001] Op2=[0x00000002] W[_,13= 0x00000000]   Mem[0: R:0x04c0006f W:0x00000002] PC= 0x80000438  B bne     tp, t0, pc - 20
Cyc=        268 Op1=[0x80000000] Op2=[0x00000000] W[W, 1= 0x80000000]   Mem[0: R:0x04c0006f W:0x00000000] PC= 0x80000424    lui     ra, 0x80000
Cyc=        269 Op1=[0x00000000] Op2=[0x00000007] W[W, 2= 0x00000007]   Mem[0: R:0x800f9334 W:0x00000000] PC= 0x80000428    li      sp, 7
Cyc=        270 Op1=[0x80000000] Op2=[0x00000007] W[W,30= 0xff000000]   Mem[0: R:0x04c0006f W:0x00000007] PC= 0x8000042c    sra     t5, ra, sp
Cyc=        271 Op1=[0x00000001] Op2=[0x00000001] W[W, 4= 0x00000002]   Mem[0: R:0x2f7304c0 W:0x80000000] PC= 0x80000430    addi    tp, tp, 1
Cyc=        272 Op1=[0x00000000] Op2=[0x00000002] W[W, 5= 0x00000002]   Mem[0: R:0x2f7304c0 W:0x00000007] PC= 0x80000434    li      t0, 2
Cyc=        273 Op1=[0x00000002] Op2=[0x00000002] W[_,13= 0x00000000]   Mem[0: R:0x04c0006f W:0x00000002] PC= 0x80000438    bne     tp, t0, pc - 20
Cyc=        274 Op1=[0xff000000] Op2=[0x00000000] W[W,29= 0xff000000]   Mem[0: R:0x04c0006f W:0x00000000] PC= 0x8000043c    lui     t4, 0xff000
Cyc=        275 Op1=[0x00000000] Op2=[0x0000001c] W[W, 3= 0x0000001c]   Mem[0: R:0x03ff0263 W:0x00000000] PC= 0x80000440    li      gp, 28
Cyc=        276 Op1=[0xff000000] Op2=[0xff000000] W[_,20= 0x00000000]   Mem[0: R:0x04c0006f W:0xff000000] PC= 0x80000444    bne     t5, t4, pc + 596
Cyc=        277 Op1=[0x00000000] Op2=[0x00000000] W[W, 4= 0x00000000]   Mem[0: R:0x04c0006f W:0x00000000] PC= 0x80000448    li      tp, 0
Cyc=        278 Op1=[0x80000000] Op2=[0x00000000] W[W, 1= 0x80000000]   Mem[0: R:0x04c0006f W:0x00000000] PC= 0x8000044c    lui     ra, 0x80000
Cyc=        279 Op1=[0x00000000] Op2=[0x0000000e] W[W, 2= 0x0000000e]   Mem[0: R:0x0f9303ff W:0x00000000] PC= 0x80000450    li      sp, 14
Cyc=        280 Op1=[0x00000000] Op2=[0x00000000] W[W, 0= 0x00000000]   Mem[0: R:0x04c0006f W:0x00000000] PC= 0x80000454    nop
Cyc=        281 Op1=[0x80000000] Op2=[0x0000000e] W[W,30= 0xfffe0000]   Mem[0: R:0x00000000 W:0x0000000e] PC= 0x80000458    sra     t5, ra, sp
Cyc=        282 Op1=[0x00000000] Op2=[0x00000001] W[W, 4= 0x00000001]   Mem[0: R:0x7304c000 W:0x80000000] PC= 0x8000045c    addi    tp, tp, 1
Cyc=        283 Op1=[0x00000000] Op2=[0x00000002] W[W, 5= 0x00000002]   Mem[0: R:0x2f7304c0 W:0x0000000e] PC= 0x80000460    li      t0, 2
Cyc=        284 Op1=[0x00000001] Op2=[0x00000002] W[_, 9= 0x00000000]   Mem[0: R:0x04c0006f W:0x00000002] PC= 0x80000464  B bne     tp, t0, pc - 24
Cyc=        285 Op1=[0x80000000] Op2=[0x00000000] W[W, 1= 0x80000000]   Mem[0: R:0x04c0006f W:0x00000000] PC= 0x8000044c    lui     ra, 0x80000
Cyc=        286 Op1=[0x00000000] Op2=[0x0000000e] W[W, 2= 0x0000000e]   Mem[0: R:0x0f9303ff W:0x00000000] PC= 0x80000450    li      sp, 14
Cyc=        287 Op1=[0x00000000] Op2=[0x00000000] W[W, 0= 0x00000000]   Mem[0: R:0x04c0006f W:0x00000000] PC= 0x80000454    nop
Cyc=        288 Op1=[0x80000000] Op2=[0x0000000e] W[W,30= 0xfffe0000]   Mem[0: R:0x00000000 W:0x0000000e] PC= 0x80000458    sra     t5, ra, sp
Cyc=        289 Op1=[0x00000001] Op2=[0x00000001] W[W, 4= 0x00000002]   Mem[0: R:0x2f7304c0 W:0x80000000] PC= 0x8000045c    addi    tp, tp, 1
Cyc=        290 Op1=[0x00000000] Op2=[0x00000002] W[W, 5= 0x00000002]   Mem[0: R:0x2f7304c0 W:0x0000000e] PC= 0x80000460    li      t0, 2
Cyc=        291 Op1=[0x00000002] Op2=[0x00000002] W[_, 9= 0x00000000]   Mem[0: R:0x04c0006f W:0x00000002] PC= 0x80000464    bne     tp, t0, pc - 24
Cyc=        292 Op1=[0xfffe0000] Op2=[0x00000000] W[W,29= 0xfffe0000]   Mem[0: R:0x00000000 W:0x00000000] PC= 0x80000468    lui     t4, 0xfffe0
Cyc=        293 Op1=[0x00000000] Op2=[0x0000001d] W[W, 3= 0x0000001d]   Mem[0: R:0x1703ff02 W:0xfffe0000] PC= 0x8000046c    li      gp, 29
Cyc=        294 Op1=[0xfffe0000] Op2=[0xfffe0000] W[_, 8= 0x00000000]   Mem[0: R:0x04c0006f W:0xfffe0000] PC= 0x80000470    bne     t5, t4, pc + 552
Cyc=        295 Op1=[0x00000000] Op2=[0x00000000] W[W, 4= 0x00000000]   Mem[0: R:0x04c0006f W:0x00000000] PC= 0x80000474    li      tp, 0
Cyc=        296 Op1=[0x80000000] Op2=[0x00000000] W[W, 1= 0x80000000]   Mem[0: R:0x04c0006f W:0x00000000] PC= 0x80000478    lui     ra, 0x80000
Cyc=        297 Op1=[0x00000000] Op2=[0x0000001f] W[W, 2= 0x0000001f]   Mem[0: R:0x000f1703 W:0x00000000] PC= 0x8000047c    li      sp, 31
Cyc=        298 Op1=[0x00000000] Op2=[0x00000000] W[W, 0= 0x00000000]   Mem[0: R:0x04c0006f W:0x00000000] PC= 0x80000480    nop
Cyc=        299 Op1=[0x00000000] Op2=[0x00000000] W[W, 0= 0x00000000]   Mem[0: R:0x04c0006f W:0x00000000] PC= 0x80000484    nop
Cyc=        300 Op1=[0x80000000] Op2=[0x0000001f] W[W,30= 0xffffffff]   Mem[0: R:0xc0006f00 W:0x0000001f] PC= 0x80000488    sra     t5, ra, sp
Cyc=        301 Op1=[0x00000000] Op2=[0x00000001] W[W, 4= 0x00000001]   Mem[0: R:0x7304c000 W:0x80000000] PC= 0x8000048c    addi    tp, tp, 1
Cyc=        302 Op1=[0x00000000] Op2=[0x00000002] W[W, 5= 0x00000002]   Mem[0: R:0x2f7304c0 W:0x0000001f] PC= 0x80000490    li      t0, 2
Cyc=        303 Op1=[0x00000001] Op2=[0x00000002] W[_, 5= 0x00000000]   Mem[0: R:0x04c0006f W:0x00000002] PC= 0x80000494  B bne     tp, t0, pc - 28
Cyc=        304 Op1=[0x80000000] Op2=[0x00000000] W[W, 1= 0x80000000]   Mem[0: R:0x04c0006f W:0x00000000] PC= 0x80000478    lui     ra, 0x80000
Cyc=        305 Op1=[0x00000000] Op2=[0x0000001f] W[W, 2= 0x0000001f]   Mem[0: R:0x000f1703 W:0x00000000] PC= 0x8000047c    li      sp, 31
Cyc=        306 Op1=[0x00000000] Op2=[0x00000000] W[W, 0= 0x00000000]   Mem[0: R:0x04c0006f W:0x00000000] PC= 0x80000480    nop
Cyc=        307 Op1=[0x00000000] Op2=[0x00000000] W[W, 0= 0x00000000]   Mem[0: R:0x04c0006f W:0x00000000] PC= 0x80000484    nop
Cyc=        308 Op1=[0x80000000] Op2=[0x0000001f] W[W,30= 0xffffffff]   Mem[0: R:0xc0006f00 W:0x0000001f] PC= 0x80000488    sra     t5, ra, sp
Cyc=        309 Op1=[0x00000001] Op2=[0x00000001] W[W, 4= 0x00000002]   Mem[0: R:0x2f7304c0 W:0x80000000] PC= 0x8000048c    addi    tp, tp, 1
Cyc=        310 Op1=[0x00000000] Op2=[0x00000002] W[W, 5= 0x00000002]   Mem[0: R:0x2f7304c0 W:0x0000001f] PC= 0x80000490    li      t0, 2
Cyc=        311 Op1=[0x00000002] Op2=[0x00000002] W[_, 5= 0x00000000]   Mem[0: R:0x04c0006f W:0x00000002] PC= 0x80000494    bne     tp, t0, pc - 28
Cyc=        312 Op1=[0x00000000] Op2=[0xffffffff] W[W,29= 0xffffffff]   Mem[0: R:0xc0006f00 W:0x00000000] PC= 0x80000498    li      t4, -1
Cyc=        313 Op1=[0x00000000] Op2=[0x0000001e] W[W, 3= 0x0000001e]   Mem[0: R:0x0f1703ff W:0xffffffff] PC= 0x8000049c    li      gp, 30
Cyc=        314 Op1=[0xffffffff] Op2=[0xffffffff] W[_,24= 0x00000000]   Mem[0: R:0x04c0006f W:0xffffffff] PC= 0x800004a0    bne     t5, t4, pc + 504
Cyc=        315 Op1=[0x00000000] Op2=[0x00000000] W[W, 4= 0x00000000]   Mem[0: R:0x04c0006f W:0x00000000] PC= 0x800004a4    li      tp, 0
Cyc=        316 Op1=[0x80000000] Op2=[0x00000000] W[W, 1= 0x80000000]   Mem[0: R:0x04c0006f W:0x00000000] PC= 0x800004a8    lui     ra, 0x80000
Cyc=        317 Op1=[0x00000000] Op2=[0x00000000] W[W, 0= 0x00000000]   Mem[0: R:0x04c0006f W:0x00000000] PC= 0x800004ac    nop
Cyc=        318 Op1=[0x00000000] Op2=[0x00000007] W[W, 2= 0x00000007]   Mem[0: R:0x800f9334 W:0x00000000] PC= 0x800004b0    li      sp, 7
Cyc=        319 Op1=[0x80000000] Op2=[0x00000007] W[W,30= 0xff000000]   Mem[0: R:0x04c0006f W:0x00000007] PC= 0x800004b4    sra     t5, ra, sp
Cyc=        320 Op1=[0x00000000] Op2=[0x00000001] W[W, 4= 0x00000001]   Mem[0: R:0x7304c000 W:0x80000000] PC= 0x800004b8    addi    tp, tp, 1
Cyc=        321 Op1=[0x00000000] Op2=[0x00000002] W[W, 5= 0x00000002]   Mem[0: R:0x2f7304c0 W:0x00000007] PC= 0x800004bc    li      t0, 2
Cyc=        322 Op1=[0x00000001] Op2=[0x00000002] W[_, 9= 0x00000000]   Mem[0: R:0x04c0006f W:0x00000002] PC= 0x800004c0  B bne     tp, t0, pc - 24
Cyc=        323 Op1=[0x80000000] Op2=[0x00000000] W[W, 1= 0x80000000]   Mem[0: R:0x04c0006f W:0x00000000] PC= 0x800004a8    lui     ra, 0x80000
Cyc=        324 Op1=[0x00000000] Op2=[0x00000000] W[W, 0= 0x00000000]   Mem[0: R:0x04c0006f W:0x00000000] PC= 0x800004ac    nop
Cyc=        325 Op1=[0x00000000] Op2=[0x00000007] W[W, 2= 0x00000007]   Mem[0: R:0x800f9334 W:0x00000000] PC= 0x800004b0    li      sp, 7
Cyc=        326 Op1=[0x80000000] Op2=[0x00000007] W[W,30= 0xff000000]   Mem[0: R:0x04c0006f W:0x00000007] PC= 0x800004b4    sra     t5, ra, sp
Cyc=        327 Op1=[0x00000001] Op2=[0x00000001] W[W, 4= 0x00000002]   Mem[0: R:0x2f7304c0 W:0x80000000] PC= 0x800004b8    addi    tp, tp, 1
Cyc=        328 Op1=[0x00000000] Op2=[0x00000002] W[W, 5= 0x00000002]   Mem[0: R:0x2f7304c0 W:0x00000007] PC= 0x800004bc    li      t0, 2
Cyc=        329 Op1=[0x00000002] Op2=[0x00000002] W[_, 9= 0x00000000]   Mem[0: R:0x04c0006f W:0x00000002] PC= 0x800004c0    bne     tp, t0, pc - 24
Cyc=        330 Op1=[0xff000000] Op2=[0x00000000] W[W,29= 0xff000000]   Mem[0: R:0x04c0006f W:0x00000000] PC= 0x800004c4    lui     t4, 0xff000
Cyc=        331 Op1=[0x00000000] Op2=[0x0000001f] W[W, 3= 0x0000001f]   Mem[0: R:0x000f1703 W:0x00000000] PC= 0x800004c8    li      gp, 31
Cyc=        332 Op1=[0xff000000] Op2=[0xff000000] W[_,12= 0x00000000]   Mem[0: R:0x04c0006f W:0xff000000] PC= 0x800004cc    bne     t5, t4, pc + 460
Cyc=        333 Op1=[0x00000000] Op2=[0x00000000] W[W, 4= 0x00000000]   Mem[0: R:0x04c0006f W:0x00000000] PC= 0x800004d0    li      tp, 0
Cyc=        334 Op1=[0x80000000] Op2=[0x00000000] W[W, 1= 0x80000000]   Mem[0: R:0x04c0006f W:0x00000000] PC= 0x800004d4    lui     ra, 0x80000
Cyc=        335 Op1=[0x00000000] Op2=[0x00000000] W[W, 0= 0x00000000]   Mem[0: R:0x04c0006f W:0x00000000] PC= 0x800004d8    nop
Cyc=        336 Op1=[0x00000000] Op2=[0x0000000e] W[W, 2= 0x0000000e]   Mem[0: R:0x0f9303ff W:0x00000000] PC= 0x800004dc    li      sp, 14
Cyc=        337 Op1=[0x00000000] Op2=[0x00000000] W[W, 0= 0x00000000]   Mem[0: R:0x04c0006f W:0x00000000] PC= 0x800004e0    nop
Cyc=        338 Op1=[0x80000000] Op2=[0x0000000e] W[W,30= 0xfffe0000]   Mem[0: R:0x00000000 W:0x0000000e] PC= 0x800004e4    sra     t5, ra, sp
Cyc=        339 Op1=[0x00000000] Op2=[0x00000001] W[W, 4= 0x00000001]   Mem[0: R:0x7304c000 W:0x80000000] PC= 0x800004e8    addi    tp, tp, 1
Cyc=        340 Op1=[0x00000000] Op2=[0x00000002] W[W, 5= 0x00000002]   Mem[0: R:0x2f7304c0 W:0x0000000e] PC= 0x800004ec    li      t0, 2
Cyc=        341 Op1=[0x00000001] Op2=[0x00000002] W[_, 5= 0x00000000]   Mem[0: R:0x04c0006f W:0x00000002] PC= 0x800004f0  B bne     tp, t0, pc - 28
Cyc=        342 Op1=[0x80000000] Op2=[0x00000000] W[W, 1= 0x80000000]   Mem[0: R:0x04c0006f W:0x00000000] PC= 0x800004d4    lui     ra, 0x80000
Cyc=        343 Op1=[0x00000000] Op2=[0x00000000] W[W, 0= 0x00000000]   Mem[0: R:0x04c0006f W:0x00000000] PC= 0x800004d8    nop
Cyc=        344 Op1=[0x00000000] Op2=[0x0000000e] W[W, 2= 0x0000000e]   Mem[0: R:0x0f9303ff W:0x00000000] PC= 0x800004dc    li      sp, 14
Cyc=        345 Op1=[0x00000000] Op2=[0x00000000] W[W, 0= 0x00000000]   Mem[0: R:0x04c0006f W:0x00000000] PC= 0x800004e0    nop
Cyc=        346 Op1=[0x80000000] Op2=[0x0000000e] W[W,30= 0xfffe0000]   Mem[0: R:0x00000000 W:0x0000000e] PC= 0x800004e4    sra     t5, ra, sp
Cyc=        347 Op1=[0x00000001] Op2=[0x00000001] W[W, 4= 0x00000002]   Mem[0: R:0x2f7304c0 W:0x80000000] PC= 0x800004e8    addi    tp, tp, 1
Cyc=        348 Op1=[0x00000000] Op2=[0x00000002] W[W, 5= 0x00000002]   Mem[0: R:0x2f7304c0 W:0x0000000e] PC= 0x800004ec    li      t0, 2
Cyc=        349 Op1=[0x00000002] Op2=[0x00000002] W[_, 5= 0x00000000]   Mem[0: R:0x04c0006f W:0x00000002] PC= 0x800004f0    bne     tp, t0, pc - 28
Cyc=        350 Op1=[0xfffe0000] Op2=[0x00000000] W[W,29= 0xfffe0000]   Mem[0: R:0x00000000 W:0x00000000] PC= 0x800004f4    lui     t4, 0xfffe0
Cyc=        351 Op1=[0x00000000] Op2=[0x00000020] W[W, 3= 0x00000020]   Mem[0: R:0x80000f17 W:0x00000000] PC= 0x800004f8    li      gp, 32
Cyc=        352 Op1=[0xfffe0000] Op2=[0xfffe0000] W[_,28= 0x00000000]   Mem[0: R:0x04c0006f W:0xfffe0000] PC= 0x800004fc    bne     t5, t4, pc + 412
Cyc=        353 Op1=[0x00000000] Op2=[0x00000000] W[W, 4= 0x00000000]   Mem[0: R:0x04c0006f W:0x00000000] PC= 0x80000500    li      tp, 0
Cyc=        354 Op1=[0x80000000] Op2=[0x00000000] W[W, 1= 0x80000000]   Mem[0: R:0x04c0006f W:0x00000000] PC= 0x80000504    lui     ra, 0x80000
Cyc=        355 Op1=[0x00000000] Op2=[0x00000000] W[W, 0= 0x00000000]   Mem[0: R:0x04c0006f W:0x00000000] PC= 0x80000508    nop
Cyc=        356 Op1=[0x00000000] Op2=[0x00000000] W[W, 0= 0x00000000]   Mem[0: R:0x04c0006f W:0x00000000] PC= 0x8000050c    nop
Cyc=        357 Op1=[0x00000000] Op2=[0x0000001f] W[W, 2= 0x0000001f]   Mem[0: R:0x000f1703 W:0x00000000] PC= 0x80000510    li      sp, 31
Cyc=        358 Op1=[0x80000000] Op2=[0x0000001f] W[W,30= 0xffffffff]   Mem[0: R:0xc0006f00 W:0x0000001f] PC= 0x80000514    sra     t5, ra, sp
Cyc=        359 Op1=[0x00000000] Op2=[0x00000001] W[W, 4= 0x00000001]   Mem[0: R:0x7304c000 W:0x80000000] PC= 0x80000518    addi    tp, tp, 1
Cyc=        360 Op1=[0x00000000] Op2=[0x00000002] W[W, 5= 0x00000002]   Mem[0: R:0x2f7304c0 W:0x0000001f] PC= 0x8000051c    li      t0, 2
Cyc=        361 Op1=[0x00000001] Op2=[0x00000002] W[_, 5= 0x00000000]   Mem[0: R:0x04c0006f W:0x00000002] PC= 0x80000520  B bne     tp, t0, pc - 28
Cyc=        362 Op1=[0x80000000] Op2=[0x00000000] W[W, 1= 0x80000000]   Mem[0: R:0x04c0006f W:0x00000000] PC= 0x80000504    lui     ra, 0x80000
Cyc=        363 Op1=[0x00000000] Op2=[0x00000000] W[W, 0= 0x00000000]   Mem[0: R:0x04c0006f W:0x00000000] PC= 0x80000508    nop
Cyc=        364 Op1=[0x00000000] Op2=[0x00000000] W[W, 0= 0x00000000]   Mem[0: R:0x04c0006f W:0x00000000] PC= 0x8000050c    nop
Cyc=        365 Op1=[0x00000000] Op2=[0x0000001f] W[W, 2= 0x0000001f]   Mem[0: R:0x000f1703 W:0x00000000] PC= 0x80000510    li      sp, 31
Cyc=        366 Op1=[0x80000000] Op2=[0x0000001f] W[W,30= 0xffffffff]   Mem[0: R:0xc0006f00 W:0x0000001f] PC= 0x80000514    sra     t5, ra, sp
Cyc=        367 Op1=[0x00000001] Op2=[0x00000001] W[W, 4= 0x00000002]   Mem[0: R:0x2f7304c0 W:0x80000000] PC= 0x80000518    addi    tp, tp, 1
Cyc=        368 Op1=[0x00000000] Op2=[0x00000002] W[W, 5= 0x00000002]   Mem[0: R:0x2f7304c0 W:0x0000001f] PC= 0x8000051c    li      t0, 2
Cyc=        369 Op1=[0x00000002] Op2=[0x00000002] W[_, 5= 0x00000000]   Mem[0: R:0x04c0006f W:0x00000002] PC= 0x80000520    bne     tp, t0, pc - 28
Cyc=        370 Op1=[0x00000000] Op2=[0xffffffff] W[W,29= 0xffffffff]   Mem[0: R:0xc0006f00 W:0x00000000] PC= 0x80000524    li      t4, -1
Cyc=        371 Op1=[0x00000000] Op2=[0x00000021] W[W, 3= 0x00000021]   Mem[0: R:0x1380000f W:0x80000000] PC= 0x80000528    li      gp, 33
Cyc=        372 Op1=[0xffffffff] Op2=[0xffffffff] W[_,12= 0x00000000]   Mem[0: R:0x04c0006f W:0xffffffff] PC= 0x8000052c    bne     t5, t4, pc + 364
Cyc=        373 Op1=[0x00000000] Op2=[0x00000000] W[W, 4= 0x00000000]   Mem[0: R:0x04c0006f W:0x00000000] PC= 0x80000530    li      tp, 0
Cyc=        374 Op1=[0x00000000] Op2=[0x00000007] W[W, 2= 0x00000007]   Mem[0: R:0x800f9334 W:0x00000000] PC= 0x80000534    li      sp, 7
Cyc=        375 Op1=[0x80000000] Op2=[0x00000000] W[W, 1= 0x80000000]   Mem[0: R:0x04c0006f W:0x00000000] PC= 0x80000538    lui     ra, 0x80000
Cyc=        376 Op1=[0x80000000] Op2=[0x00000007] W[W,30= 0xff000000]   Mem[0: R:0x04c0006f W:0x00000007] PC= 0x8000053c    sra     t5, ra, sp
Cyc=        377 Op1=[0x00000000] Op2=[0x00000001] W[W, 4= 0x00000001]   Mem[0: R:0x7304c000 W:0x80000000] PC= 0x80000540    addi    tp, tp, 1
Cyc=        378 Op1=[0x00000000] Op2=[0x00000002] W[W, 5= 0x00000002]   Mem[0: R:0x2f7304c0 W:0x00000007] PC= 0x80000544    li      t0, 2
Cyc=        379 Op1=[0x00000001] Op2=[0x00000002] W[_,13= 0x00000000]   Mem[0: R:0x04c0006f W:0x00000002] PC= 0x80000548  B bne     tp, t0, pc - 20
Cyc=        380 Op1=[0x00000000] Op2=[0x00000007] W[W, 2= 0x00000007]   Mem[0: R:0x800f9334 W:0x00000000] PC= 0x80000534    li      sp, 7
Cyc=        381 Op1=[0x80000000] Op2=[0x00000000] W[W, 1= 0x80000000]   Mem[0: R:0x04c0006f W:0x00000000] PC= 0x80000538    lui     ra, 0x80000
Cyc=        382 Op1=[0x80000000] Op2=[0x00000007] W[W,30= 0xff000000]   Mem[0: R:0x04c0006f W:0x00000007] PC= 0x8000053c    sra     t5, ra, sp
Cyc=        383 Op1=[0x00000001] Op2=[0x00000001] W[W, 4= 0x00000002]   Mem[0: R:0x2f7304c0 W:0x80000000] PC= 0x80000540    addi    tp, tp, 1
Cyc=        384 Op1=[0x00000000] Op2=[0x00000002] W[W, 5= 0x00000002]   Mem[0: R:0x2f7304c0 W:0x00000007] PC= 0x80000544    li      t0, 2
Cyc=        385 Op1=[0x00000002] Op2=[0x00000002] W[_,13= 0x00000000]   Mem[0: R:0x04c0006f W:0x00000002] PC= 0x80000548    bne     tp, t0, pc - 20
Cyc=        386 Op1=[0xff000000] Op2=[0x00000000] W[W,29= 0xff000000]   Mem[0: R:0x04c0006f W:0x00000000] PC= 0x8000054c    lui     t4, 0xff000
Cyc=        387 Op1=[0x00000000] Op2=[0x00000022] W[W, 3= 0x00000022]   Mem[0: R:0x0f138000 W:0x00000007] PC= 0x80000550    li      gp, 34
Cyc=        388 Op1=[0xff000000] Op2=[0xff000000] W[_, 4= 0x00000000]   Mem[0: R:0x04c0006f W:0xff000000] PC= 0x80000554    bne     t5, t4, pc + 324
Cyc=        389 Op1=[0x00000000] Op2=[0x00000000] W[W, 4= 0x00000000]   Mem[0: R:0x04c0006f W:0x00000000] PC= 0x80000558    li      tp, 0
Cyc=        390 Op1=[0x00000000] Op2=[0x0000000e] W[W, 2= 0x0000000e]   Mem[0: R:0x0f9303ff W:0x00000000] PC= 0x8000055c    li      sp, 14
Cyc=        391 Op1=[0x80000000] Op2=[0x00000000] W[W, 1= 0x80000000]   Mem[0: R:0x04c0006f W:0x00000000] PC= 0x80000560    lui     ra, 0x80000
Cyc=        392 Op1=[0x00000000] Op2=[0x00000000] W[W, 0= 0x00000000]   Mem[0: R:0x04c0006f W:0x00000000] PC= 0x80000564    nop
Cyc=        393 Op1=[0x80000000] Op2=[0x0000000e] W[W,30= 0xfffe0000]   Mem[0: R:0x00000000 W:0x0000000e] PC= 0x80000568    sra     t5, ra, sp
Cyc=        394 Op1=[0x00000000] Op2=[0x00000001] W[W, 4= 0x00000001]   Mem[0: R:0x7304c000 W:0x80000000] PC= 0x8000056c    addi    tp, tp, 1
Cyc=        395 Op1=[0x00000000] Op2=[0x00000002] W[W, 5= 0x00000002]   Mem[0: R:0x2f7304c0 W:0x0000000e] PC= 0x80000570    li      t0, 2
Cyc=        396 Op1=[0x00000001] Op2=[0x00000002] W[_, 9= 0x00000000]   Mem[0: R:0x04c0006f W:0x00000002] PC= 0x80000574  B bne     tp, t0, pc - 24
Cyc=        397 Op1=[0x00000000] Op2=[0x0000000e] W[W, 2= 0x0000000e]   Mem[0: R:0x0f9303ff W:0x00000000] PC= 0x8000055c    li      sp, 14
Cyc=        398 Op1=[0x80000000] Op2=[0x00000000] W[W, 1= 0x80000000]   Mem[0: R:0x04c0006f W:0x00000000] PC= 0x80000560    lui     ra, 0x80000
Cyc=        399 Op1=[0x00000000] Op2=[0x00000000] W[W, 0= 0x00000000]   Mem[0: R:0x04c0006f W:0x00000000] PC= 0x80000564    nop
Cyc=        400 Op1=[0x80000000] Op2=[0x0000000e] W[W,30= 0xfffe0000]   Mem[0: R:0x00000000 W:0x0000000e] PC= 0x80000568    sra     t5, ra, sp
Cyc=        401 Op1=[0x00000001] Op2=[0x00000001] W[W, 4= 0x00000002]   Mem[0: R:0x2f7304c0 W:0x80000000] PC= 0x8000056c    addi    tp, tp, 1
Cyc=        402 Op1=[0x00000000] Op2=[0x00000002] W[W, 5= 0x00000002]   Mem[0: R:0x2f7304c0 W:0x0000000e] PC= 0x80000570    li      t0, 2
Cyc=        403 Op1=[0x00000002] Op2=[0x00000002] W[_, 9= 0x00000000]   Mem[0: R:0x04c0006f W:0x00000002] PC= 0x80000574    bne     tp, t0, pc - 24
Cyc=        404 Op1=[0xfffe0000] Op2=[0x00000000] W[W,29= 0xfffe0000]   Mem[0: R:0x00000000 W:0x00000000] PC= 0x80000578    lui     t4, 0xfffe0
Cyc=        405 Op1=[0x00000000] Op2=[0x00000023] W[W, 3= 0x00000023]   Mem[0: R:0x0f0f1380 W:0x00000022] PC= 0x8000057c    li      gp, 35
Cyc=        406 Op1=[0xfffe0000] Op2=[0xfffe0000] W[_,24= 0x00000000]   Mem[0: R:0x04c0006f W:0xfffe0000] PC= 0x80000580    bne     t5, t4, pc + 280
Cyc=        407 Op1=[0x00000000] Op2=[0x00000000] W[W, 4= 0x00000000]   Mem[0: R:0x04c0006f W:0x00000000] PC= 0x80000584    li      tp, 0
Cyc=        408 Op1=[0x00000000] Op2=[0x0000001f] W[W, 2= 0x0000001f]   Mem[0: R:0x000f1703 W:0x00000000] PC= 0x80000588    li      sp, 31
Cyc=        409 Op1=[0x80000000] Op2=[0x00000000] W[W, 1= 0x80000000]   Mem[0: R:0x04c0006f W:0x00000000] PC= 0x8000058c    lui     ra, 0x80000
Cyc=        410 Op1=[0x00000000] Op2=[0x00000000] W[W, 0= 0x00000000]   Mem[0: R:0x04c0006f W:0x00000000] PC= 0x80000590    nop
Cyc=        411 Op1=[0x00000000] Op2=[0x00000000] W[W, 0= 0x00000000]   Mem[0: R:0x04c0006f W:0x00000000] PC= 0x80000594    nop
Cyc=        412 Op1=[0x80000000] Op2=[0x0000001f] W[W,30= 0xffffffff]   Mem[0: R:0xc0006f00 W:0x0000001f] PC= 0x80000598    sra     t5, ra, sp
Cyc=        413 Op1=[0x00000000] Op2=[0x00000001] W[W, 4= 0x00000001]   Mem[0: R:0x7304c000 W:0x80000000] PC= 0x8000059c    addi    tp, tp, 1
Cyc=        414 Op1=[0x00000000] Op2=[0x00000002] W[W, 5= 0x00000002]   Mem[0: R:0x2f7304c0 W:0x0000001f] PC= 0x800005a0    li      t0, 2
Cyc=        415 Op1=[0x00000001] Op2=[0x00000002] W[_, 5= 0x00000000]   Mem[0: R:0x04c0006f W:0x00000002] PC= 0x800005a4  B bne     tp, t0, pc - 28
Cyc=        416 Op1=[0x00000000] Op2=[0x0000001f] W[W, 2= 0x0000001f]   Mem[0: R:0x000f1703 W:0x00000000] PC= 0x80000588    li      sp, 31
Cyc=        417 Op1=[0x80000000] Op2=[0x00000000] W[W, 1= 0x80000000]   Mem[0: R:0x04c0006f W:0x00000000] PC= 0x8000058c    lui     ra, 0x80000
Cyc=        418 Op1=[0x00000000] Op2=[0x00000000] W[W, 0= 0x00000000]   Mem[0: R:0x04c0006f W:0x00000000] PC= 0x80000590    nop
Cyc=        419 Op1=[0x00000000] Op2=[0x00000000] W[W, 0= 0x00000000]   Mem[0: R:0x04c0006f W:0x00000000] PC= 0x80000594    nop
Cyc=        420 Op1=[0x80000000] Op2=[0x0000001f] W[W,30= 0xffffffff]   Mem[0: R:0xc0006f00 W:0x0000001f] PC= 0x80000598    sra     t5, ra, sp
Cyc=        421 Op1=[0x00000001] Op2=[0x00000001] W[W, 4= 0x00000002]   Mem[0: R:0x2f7304c0 W:0x80000000] PC= 0x8000059c    addi    tp, tp, 1
Cyc=        422 Op1=[0x00000000] Op2=[0x00000002] W[W, 5= 0x00000002]   Mem[0: R:0x2f7304c0 W:0x0000001f] PC= 0x800005a0    li      t0, 2
Cyc=        423 Op1=[0x00000002] Op2=[0x00000002] W[_, 5= 0x00000000]   Mem[0: R:0x04c0006f W:0x00000002] PC= 0x800005a4    bne     tp, t0, pc - 28
Cyc=        424 Op1=[0x00000000] Op2=[0xffffffff] W[W,29= 0xffffffff]   Mem[0: R:0xc0006f00 W:0x00000000] PC= 0x800005a8    li      t4, -1
Cyc=        425 Op1=[0x00000000] Op2=[0x00000024] W[W, 3= 0x00000024]   Mem[0: R:0xfe0f0f13 W:0x00000002] PC= 0x800005ac    li      gp, 36
Cyc=        426 Op1=[0xffffffff] Op2=[0xffffffff] W[_, 8= 0x00000000]   Mem[0: R:0x04c0006f W:0xffffffff] PC= 0x800005b0    bne     t5, t4, pc + 232
Cyc=        427 Op1=[0x00000000] Op2=[0x00000000] W[W, 4= 0x00000000]   Mem[0: R:0x04c0006f W:0x00000000] PC= 0x800005b4    li      tp, 0
Cyc=        428 Op1=[0x00000000] Op2=[0x00000007] W[W, 2= 0x00000007]   Mem[0: R:0x800f9334 W:0x00000000] PC= 0x800005b8    li      sp, 7
Cyc=        429 Op1=[0x00000000] Op2=[0x00000000] W[W, 0= 0x00000000]   Mem[0: R:0x04c0006f W:0x00000000] PC= 0x800005bc    nop
Cyc=        430 Op1=[0x80000000] Op2=[0x00000000] W[W, 1= 0x80000000]   Mem[0: R:0x04c0006f W:0x00000000] PC= 0x800005c0    lui     ra, 0x80000
Cyc=        431 Op1=[0x80000000] Op2=[0x00000007] W[W,30= 0xff000000]   Mem[0: R:0x04c0006f W:0x00000007] PC= 0x800005c4    sra     t5, ra, sp
Cyc=        432 Op1=[0x00000000] Op2=[0x00000001] W[W, 4= 0x00000001]   Mem[0: R:0x7304c000 W:0x80000000] PC= 0x800005c8    addi    tp, tp, 1
Cyc=        433 Op1=[0x00000000] Op2=[0x00000002] W[W, 5= 0x00000002]   Mem[0: R:0x2f7304c0 W:0x00000007] PC= 0x800005cc    li      t0, 2
Cyc=        434 Op1=[0x00000001] Op2=[0x00000002] W[_, 9= 0x00000000]   Mem[0: R:0x04c0006f W:0x00000002] PC= 0x800005d0  B bne     tp, t0, pc - 24
Cyc=        435 Op1=[0x00000000] Op2=[0x00000007] W[W, 2= 0x00000007]   Mem[0: R:0x800f9334 W:0x00000000] PC= 0x800005b8    li      sp, 7
Cyc=        436 Op1=[0x00000000] Op2=[0x00000000] W[W, 0= 0x00000000]   Mem[0: R:0x04c0006f W:0x00000000] PC= 0x800005bc    nop
Cyc=        437 Op1=[0x80000000] Op2=[0x00000000] W[W, 1= 0x80000000]   Mem[0: R:0x04c0006f W:0x00000000] PC= 0x800005c0    lui     ra, 0x80000
Cyc=        438 Op1=[0x80000000] Op2=[0x00000007] W[W,30= 0xff000000]   Mem[0: R:0x04c0006f W:0x00000007] PC= 0x800005c4    sra     t5, ra, sp
Cyc=        439 Op1=[0x00000001] Op2=[0x00000001] W[W, 4= 0x00000002]   Mem[0: R:0x2f7304c0 W:0x80000000] PC= 0x800005c8    addi    tp, tp, 1
Cyc=        440 Op1=[0x00000000] Op2=[0x00000002] W[W, 5= 0x00000002]   Mem[0: R:0x2f7304c0 W:0x00000007] PC= 0x800005cc    li      t0, 2
Cyc=        441 Op1=[0x00000002] Op2=[0x00000002] W[_, 9= 0x00000000]   Mem[0: R:0x04c0006f W:0x00000002] PC= 0x800005d0    bne     tp, t0, pc - 24
Cyc=        442 Op1=[0xff000000] Op2=[0x00000000] W[W,29= 0xff000000]   Mem[0: R:0x04c0006f W:0x00000000] PC= 0x800005d4    lui     t4, 0xff000
Cyc=        443 Op1=[0x00000000] Op2=[0x00000025] W[W, 3= 0x00000025]   Mem[0: R:0x63fe0f0f W:0x00000002] PC= 0x800005d8    li      gp, 37
Cyc=        444 Op1=[0xff000000] Op2=[0xff000000] W[_,28= 0x00000000]   Mem[0: R:0x04c0006f W:0xff000000] PC= 0x800005dc    bne     t5, t4, pc + 188
Cyc=        445 Op1=[0x00000000] Op2=[0x00000000] W[W, 4= 0x00000000]   Mem[0: R:0x04c0006f W:0x00000000] PC= 0x800005e0    li      tp, 0
Cyc=        446 Op1=[0x00000000] Op2=[0x0000000e] W[W, 2= 0x0000000e]   Mem[0: R:0x0f9303ff W:0x00000000] PC= 0x800005e4    li      sp, 14
Cyc=        447 Op1=[0x00000000] Op2=[0x00000000] W[W, 0= 0x00000000]   Mem[0: R:0x04c0006f W:0x00000000] PC= 0x800005e8    nop
Cyc=        448 Op1=[0x80000000] Op2=[0x00000000] W[W, 1= 0x80000000]   Mem[0: R:0x04c0006f W:0x00000000] PC= 0x800005ec    lui     ra, 0x80000
Cyc=        449 Op1=[0x00000000] Op2=[0x00000000] W[W, 0= 0x00000000]   Mem[0: R:0x04c0006f W:0x00000000] PC= 0x800005f0    nop
Cyc=        450 Op1=[0x80000000] Op2=[0x0000000e] W[W,30= 0xfffe0000]   Mem[0: R:0x00000000 W:0x0000000e] PC= 0x800005f4    sra     t5, ra, sp
Cyc=        451 Op1=[0x00000000] Op2=[0x00000001] W[W, 4= 0x00000001]   Mem[0: R:0x7304c000 W:0x80000000] PC= 0x800005f8    addi    tp, tp, 1
Cyc=        452 Op1=[0x00000000] Op2=[0x00000002] W[W, 5= 0x00000002]   Mem[0: R:0x2f7304c0 W:0x0000000e] PC= 0x800005fc    li      t0, 2
Cyc=        453 Op1=[0x00000001] Op2=[0x00000002] W[_, 5= 0x00000000]   Mem[0: R:0x04c0006f W:0x00000002] PC= 0x80000600  B bne     tp, t0, pc - 28
Cyc=        454 Op1=[0x00000000] Op2=[0x0000000e] W[W, 2= 0x0000000e]   Mem[0: R:0x0f9303ff W:0x00000000] PC= 0x800005e4    li      sp, 14
Cyc=        455 Op1=[0x00000000] Op2=[0x00000000] W[W, 0= 0x00000000]   Mem[0: R:0x04c0006f W:0x00000000] PC= 0x800005e8    nop
Cyc=        456 Op1=[0x80000000] Op2=[0x00000000] W[W, 1= 0x80000000]   Mem[0: R:0x04c0006f W:0x00000000] PC= 0x800005ec    lui     ra, 0x80000
Cyc=        457 Op1=[0x00000000] Op2=[0x00000000] W[W, 0= 0x00000000]   Mem[0: R:0x04c0006f W:0x00000000] PC= 0x800005f0    nop
Cyc=        458 Op1=[0x80000000] Op2=[0x0000000e] W[W,30= 0xfffe0000]   Mem[0: R:0x00000000 W:0x0000000e] PC= 0x800005f4    sra     t5, ra, sp
Cyc=        459 Op1=[0x00000001] Op2=[0x00000001] W[W, 4= 0x00000002]   Mem[0: R:0x2f7304c0 W:0x80000000] PC= 0x800005f8    addi    tp, tp, 1
Cyc=        460 Op1=[0x00000000] Op2=[0x00000002] W[W, 5= 0x00000002]   Mem[0: R:0x2f7304c0 W:0x0000000e] PC= 0x800005fc    li      t0, 2
Cyc=        461 Op1=[0x00000002] Op2=[0x00000002] W[_, 5= 0x00000000]   Mem[0: R:0x04c0006f W:0x00000002] PC= 0x80000600    bne     tp, t0, pc - 28
Cyc=        462 Op1=[0xfffe0000] Op2=[0x00000000] W[W,29= 0xfffe0000]   Mem[0: R:0x00000000 W:0x00000000] PC= 0x80000604    lui     t4, 0xfffe0
Cyc=        463 Op1=[0x00000000] Op2=[0x00000026] W[W, 3= 0x00000026]   Mem[0: R:0x0463fe0f W:0xffffffff] PC= 0x80000608    li      gp, 38
Cyc=        464 Op1=[0xfffe0000] Op2=[0xfffe0000] W[_,12= 0x00000000]   Mem[0: R:0x04c0006f W:0xfffe0000] PC= 0x8000060c    bne     t5, t4, pc + 140
Cyc=        465 Op1=[0x00000000] Op2=[0x00000000] W[W, 4= 0x00000000]   Mem[0: R:0x04c0006f W:0x00000000] PC= 0x80000610    li      tp, 0
Cyc=        466 Op1=[0x00000000] Op2=[0x0000001f] W[W, 2= 0x0000001f]   Mem[0: R:0x000f1703 W:0x00000000] PC= 0x80000614    li      sp, 31
Cyc=        467 Op1=[0x00000000] Op2=[0x00000000] W[W, 0= 0x00000000]   Mem[0: R:0x04c0006f W:0x00000000] PC= 0x80000618    nop
Cyc=        468 Op1=[0x00000000] Op2=[0x00000000] W[W, 0= 0x00000000]   Mem[0: R:0x04c0006f W:0x00000000] PC= 0x8000061c    nop
Cyc=        469 Op1=[0x80000000] Op2=[0x00000000] W[W, 1= 0x80000000]   Mem[0: R:0x04c0006f W:0x00000000] PC= 0x80000620    lui     ra, 0x80000
Cyc=        470 Op1=[0x80000000] Op2=[0x0000001f] W[W,30= 0xffffffff]   Mem[0: R:0xc0006f00 W:0x0000001f] PC= 0x80000624    sra     t5, ra, sp
Cyc=        471 Op1=[0x00000000] Op2=[0x00000001] W[W, 4= 0x00000001]   Mem[0: R:0x7304c000 W:0x80000000] PC= 0x80000628    addi    tp, tp, 1
Cyc=        472 Op1=[0x00000000] Op2=[0x00000002] W[W, 5= 0x00000002]   Mem[0: R:0x2f7304c0 W:0x0000001f] PC= 0x8000062c    li      t0, 2
Cyc=        473 Op1=[0x00000001] Op2=[0x00000002] W[_, 5= 0x00000000]   Mem[0: R:0x04c0006f W:0x00000002] PC= 0x80000630  B bne     tp, t0, pc - 28
Cyc=        474 Op1=[0x00000000] Op2=[0x0000001f] W[W, 2= 0x0000001f]   Mem[0: R:0x000f1703 W:0x00000000] PC= 0x80000614    li      sp, 31
Cyc=        475 Op1=[0x00000000] Op2=[0x00000000] W[W, 0= 0x00000000]   Mem[0: R:0x04c0006f W:0x00000000] PC= 0x80000618    nop
Cyc=        476 Op1=[0x00000000] Op2=[0x00000000] W[W, 0= 0x00000000]   Mem[0: R:0x04c0006f W:0x00000000] PC= 0x8000061c    nop
Cyc=        477 Op1=[0x80000000] Op2=[0x00000000] W[W, 1= 0x80000000]   Mem[0: R:0x04c0006f W:0x00000000] PC= 0x80000620    lui     ra, 0x80000
Cyc=        478 Op1=[0x80000000] Op2=[0x0000001f] W[W,30= 0xffffffff]   Mem[0: R:0xc0006f00 W:0x0000001f] PC= 0x80000624    sra     t5, ra, sp
Cyc=        479 Op1=[0x00000001] Op2=[0x00000001] W[W, 4= 0x00000002]   Mem[0: R:0x2f7304c0 W:0x80000000] PC= 0x80000628    addi    tp, tp, 1
Cyc=        480 Op1=[0x00000000] Op2=[0x00000002] W[W, 5= 0x00000002]   Mem[0: R:0x2f7304c0 W:0x0000001f] PC= 0x8000062c    li      t0, 2
Cyc=        481 Op1=[0x00000002] Op2=[0x00000002] W[_, 5= 0x00000000]   Mem[0: R:0x04c0006f W:0x00000002] PC= 0x80000630    bne     tp, t0, pc - 28
Cyc=        482 Op1=[0x00000000] Op2=[0xffffffff] W[W,29= 0xffffffff]   Mem[0: R:0xc0006f00 W:0x00000000] PC= 0x80000634    li      t4, -1
Cyc=        483 Op1=[0x00000000] Op2=[0x00000027] W[W, 3= 0x00000027]   Mem[0: R:0x0f0463fe W:0x00000000] PC= 0x80000638    li      gp, 39
Cyc=        484 Op1=[0xffffffff] Op2=[0xffffffff] W[_,28= 0x00000000]   Mem[0: R:0x04c0006f W:0xffffffff] PC= 0x8000063c    bne     t5, t4, pc + 92
Cyc=        485 Op1=[0x00000000] Op2=[0x0000000f] W[W, 1= 0x0000000f]   Mem[0: R:0x900f9303 W:0x00000000] PC= 0x80000640    li      ra, 15
Cyc=        486 Op1=[0x00000000] Op2=[0x0000000f] W[W, 2= 0x00000000]   Mem[0: R:0x04c0006f W:0x0000000f] PC= 0x80000644    sra     sp, zero, ra
Cyc=        487 Op1=[0x00000000] Op2=[0x00000000] W[W,29= 0x00000000]   Mem[0: R:0x04c0006f W:0x00000000] PC= 0x80000648    li      t4, 0
Cyc=        488 Op1=[0x00000000] Op2=[0x00000028] W[W, 3= 0x00000028]   Mem[0: R:0x000f0463 W:0x00000000] PC= 0x8000064c    li      gp, 40
Cyc=        489 Op1=[0x00000000] Op2=[0x00000000] W[_, 8= 0x00000000]   Mem[0: R:0x04c0006f W:0x00000000] PC= 0x80000650    bne     sp, t4, pc + 72
Cyc=        490 Op1=[0x00000000] Op2=[0x00000020] W[W, 1= 0x00000020]   Mem[0: R:0x80000f17 W:0x00000000] PC= 0x80000654    li      ra, 32
Cyc=        491 Op1=[0x00000020] Op2=[0x00000000] W[W, 2= 0x00000020]   Mem[0: R:0x80000f17 W:0x00000000] PC= 0x80000658    sra     sp, ra, zero
Cyc=        492 Op1=[0x00000000] Op2=[0x00000020] W[W,29= 0x00000020]   Mem[0: R:0x80000f17 W:0x00000000] PC= 0x8000065c    li      t4, 32
Cyc=        493 Op1=[0x00000000] Op2=[0x00000029] W[W, 3= 0x00000029]   Mem[0: R:0x67000f04 W:0x00000000] PC= 0x80000660    li      gp, 41
Cyc=        494 Op1=[0x00000020] Op2=[0x00000020] W[_,20= 0x00000000]   Mem[0: R:0x04c0006f W:0x00000020] PC= 0x80000664    bne     sp, t4, pc + 52
Cyc=        495 Op1=[0x00000000] Op2=[0x00000000] W[W, 1= 0x00000000]   Mem[0: R:0x04c0006f W:0x00000000] PC= 0x80000668    sra     ra, zero, zero
Cyc=        496 Op1=[0x00000000] Op2=[0x00000000] W[W,29= 0x00000000]   Mem[0: R:0x04c0006f W:0x00000000] PC= 0x8000066c    li      t4, 0
Cyc=        497 Op1=[0x00000000] Op2=[0x0000002a] W[W, 3= 0x0000002a]   Mem[0: R:0x0067000f W:0x00000000] PC= 0x80000670    li      gp, 42
Cyc=        498 Op1=[0x00000000] Op2=[0x00000000] W[_, 4= 0x00000000]   Mem[0: R:0x04c0006f W:0x00000000] PC= 0x80000674    bne     ra, t4, pc + 36
Cyc=        499 Op1=[0x00000000] Op2=[0x00000400] W[W, 1= 0x00000400]   Mem[0: R:0x00000013 W:0x00000000] PC= 0x80000678    li      ra, 1024
Cyc=        500 Op1=[0x00001000] Op2=[0x00000000] W[W, 2= 0x00001000]   Mem[0: R:0x00000000 W:0x00000000] PC= 0x8000067c    lui     sp, 0x1
Cyc=        501 Op1=[0x00001000] Op2=[0xfffff800] W[W, 2= 0x00000800]   Mem[0: R:0x00000000 W:0x00000000] PC= 0x80000680    addi    sp, sp, -2048
Cyc=        502 Op1=[0x00000400] Op2=[0x00000800] W[W, 0= 0x00000400]   Mem[0: R:0x00000013 W:0x00000800] PC= 0x80000684    sra     zero, ra, sp
Cyc=        503 Op1=[0x00000000] Op2=[0x00000000] W[W,29= 0x00000000]   Mem[0: R:0x04c0006f W:0x00000000] PC= 0x80000688    li      t4, 0
Cyc=        504 Op1=[0x00000000] Op2=[0x0000002b] W[W, 3= 0x0000002b]   Mem[0: R:0x0f006700 W:0x00000000] PC= 0x8000068c    li      gp, 43
Cyc=        505 Op1=[0x00000000] Op2=[0x00000000] W[_, 8= 0x00000000]   Mem[0: R:0x04c0006f W:0x00000000] PC= 0x80000690    bne     zero, t4, pc + 8
Cyc=        506 Op1=[0x00000000] Op2=[0x0000002b] W[_,24= 0x00000000]   Mem[0: R:0x04c0006f W:0x0000002b] PC= 0x80000694  B bne     zero, gp, pc + 24
Cyc=        507 Op1=[0x00000000] Op2=[0x00000000] W[_, 0= 0x00000000]   Mem[0: R:0x04c0006f W:0x00000000] PC= 0x800006ac    fence
Cyc=        508 Op1=[0x00000000] Op2=[0x00000001] W[W, 3= 0x00000001]   Mem[0: R:0x7304c000 W:0x00000400] PC= 0x800006b0    li      gp, 1
Cyc=        509 Op1=[0x00000000] Op2=[0x00000000] W[_, 0= 0x00000000]   Mem[0: R:0x04c0006f W:0x00000000] PC= 0x800006b4  X ecall
Cyc=        510 Op1=[0x00000000] Op2=[0x00000800] W[W,30= 0x0000000b]   Mem[3: R:0x04c0006f W:0x00000800] PC= 0x80000004    csrr    t5, mcause
Cyc=        511 Op1=[0x00000000] Op2=[0x00000008] W[W,31= 0x00000008]   Mem[0: R:0x00800f93 W:0x00000000] PC= 0x80000008    li      t6, 8
Cyc=        512 Op1=[0x0000000b] Op2=[0x00000008] W[_,20= 0x00000000]   Mem[0: R:0x04c0006f W:0x00000008] PC= 0x8000000c    beq     t5, t6, pc + 52
Cyc=        513 Op1=[0x00000000] Op2=[0x00000009] W[W,31= 0x00000009]   Mem[0: R:0x6300800f W:0x00000000] PC= 0x80000010    li      t6, 9
Cyc=        514 Op1=[0x0000000b] Op2=[0x00000009] W[_,12= 0x00000000]   Mem[0: R:0x04c0006f W:0x00000009] PC= 0x80000014    beq     t5, t6, pc + 44
Cyc=        515 Op1=[0x00000000] Op2=[0x0000000b] W[W,31= 0x0000000b]   Mem[0: R:0xff0a6300 W:0x00000000] PC= 0x80000018    li      t6, 11
Cyc=        516 Op1=[0x0000000b] Op2=[0x0000000b] W[_, 4= 0x00000000]   Mem[0: R:0x04c0006f W:0x0000000b] PC= 0x8000001c  B beq     t5, t6, pc + 36
Cyc=        517 Op1=[0x00001000] Op2=[0x80000040] W[W,30= 0x80001040]   Mem[0: R:0x00000000 W:0x00000000] PC= 0x80000040    auipc   t5, 0x1
Cyc=        518 Op1=[0x80001040] Op2=[0xffffffc0] W[_, 0= 0x80001000]   Mem[0: R:0x00000000 W:0x00000001] PC= 0x80000044    sw      gp, -64(t5)
Cyc=        519 Op1=[0x0000000b] Op2=[0x00000000] W[W, 0= 0x8000004c]   Mem[2: R:0x04c0006f W:0x00000000] PC= 0x80000048  J j       pc - 0x8
Cyc=        520 Op1=[0x00001000] Op2=[0x80000040] W[W,30= 0x80001040]   Mem[0: R:0x00000000 W:0x00000000] PC= 0x80000040    auipc   t5, 0x1
Cyc=        521 Op1=[0x80001040] Op2=[0xffffffc0] W[_, 0= 0x80001000]   Mem[0: R:0x00000001 W:0x00000001] PC= 0x80000044    sw      gp, -64(t5)
Cyc=        522 Op1=[0x0000000b] Op2=[0x00000000] W[W, 0= 0x8000004c]   Mem[2: R:0x04c0006f W:0x00000000] PC= 0x80000048  J j       pc - 0x8
Cyc=        523 Op1=[0x00001000] Op2=[0x80000040] W[W,30= 0x80001040]   Mem[0: R:0x00000000 W:0x00000000] PC= 0x80000040    auipc   t5, 0x1
Cyc=        524 Op1=[0x80001040] Op2=[0xffffffc0] W[_, 0= 0x80001000]   Mem[0: R:0x00000001 W:0x00000001] PC= 0x80000044    sw      gp, -64(t5)
Cyc=        525 Op1=[0x0000000b] Op2=[0x00000000] W[W, 0= 0x8000004c]   Mem[2: R:0x04c0006f W:0x00000000] PC= 0x80000048  J j       pc - 0x8
Cyc=        526 Op1=[0x00001000] Op2=[0x80000040] W[W,30= 0x80001040]   Mem[0: R:0x00000000 W:0x00000000] PC= 0x80000040    auipc   t5, 0x1
Cyc=        527 Op1=[0x80001040] Op2=[0xffffffc0] W[_, 0= 0x80001000]   Mem[0: R:0x00000001 W:0x00000001] PC= 0x80000044    sw      gp, -64(t5)
Cyc=        528 Op1=[0x0000000b] Op2=[0x00000000] W[W, 0= 0x8000004c]   Mem[2: R:0x04c0006f W:0x00000000] PC= 0x80000048  J j       pc - 0x8
Cyc=        529 Op1=[0x00001000] Op2=[0x80000040] W[W,30= 0x80001040]   Mem[0: R:0x00000000 W:0x00000000] PC= 0x80000040    auipc   t5, 0x1
Cyc=        530 Op1=[0x80001040] Op2=[0xffffffc0] W[_, 0= 0x80001000]   Mem[0: R:0x00000001 W:0x00000001] PC= 0x80000044    sw      gp, -64(t5)
Cyc=        531 Op1=[0x0000000b] Op2=[0x00000000] W[W, 0= 0x8000004c]   Mem[2: R:0x04c0006f W:0x00000000] PC= 0x80000048  J j       pc - 0x8
Cyc=        532 Op1=[0x00001000] Op2=[0x80000040] W[W,30= 0x80001040]   Mem[0: R:0x00000000 W:0x00000000] PC= 0x80000040    auipc   t5, 0x1
Cyc=        533 Op1=[0x80001040] Op2=[0xffffffc0] W[_, 0= 0x80001000]   Mem[0: R:0x00000001 W:0x00000001] PC= 0x80000044    sw      gp, -64(t5)
Cyc=        534 Op1=[0x0000000b] Op2=[0x00000000] W[W, 0= 0x8000004c]   Mem[2: R:0x04c0006f W:0x00000000] PC= 0x80000048  J j       pc - 0x8
Cyc=        535 Op1=[0x00001000] Op2=[0x80000040] W[W,30= 0x80001040]   Mem[0: R:0x00000000 W:0x00000000] PC= 0x80000040    auipc   t5, 0x1
Cyc=        536 Op1=[0x80001040] Op2=[0xffffffc0] W[_, 0= 0x80001000]   Mem[0: R:0x00000001 W:0x00000001] PC= 0x80000044    sw      gp, -64(t5)
Cyc=        537 Op1=[0x0000000b] Op2=[0x00000000] W[W, 0= 0x8000004c]   Mem[2: R:0x04c0006f W:0x00000000] PC= 0x80000048  J j       pc - 0x8
Cyc=        538 Op1=[0x00001000] Op2=[0x80000040] W[W,30= 0x80001040]   Mem[0: R:0x00000000 W:0x00000000] PC= 0x80000040    auipc   t5, 0x1
Cyc=        539 Op1=[0x80001040] Op2=[0xffffffc0] W[_, 0= 0x80001000]   Mem[0: R:0x00000001 W:0x00000001] PC= 0x80000044    sw      gp, -64(t5)
Cyc=        540 Op1=[0x0000000b] Op2=[0x00000000] W[W, 0= 0x8000004c]   Mem[2: R:0x04c0006f W:0x00000000] PC= 0x80000048  J j       pc - 0x8
Cyc=        541 Op1=[0x00001000] Op2=[0x80000040] W[W,30= 0x80001040]   Mem[0: R:0x00000000 W:0x00000000] PC= 0x80000040    auipc   t5, 0x1
Cyc=        542 Op1=[0x80001040] Op2=[0xffffffc0] W[_, 0= 0x80001000]   Mem[0: R:0x00000001 W:0x00000001] PC= 0x80000044    sw      gp, -64(t5)
Cyc=        543 Op1=[0x0000000b] Op2=[0x00000000] W[W, 0= 0x8000004c]   Mem[2: R:0x04c0006f W:0x00000000] PC= 0x80000048  J j       pc - 0x8
Cyc=        544 Op1=[0x00001000] Op2=[0x80000040] W[W,30= 0x80001040]   Mem[0: R:0x00000000 W:0x00000000] PC= 0x80000040    auipc   t5, 0x1
Cyc=        545 Op1=[0x80001040] Op2=[0xffffffc0] W[_, 0= 0x80001000]   Mem[0: R:0x00000000 W:0x00000001] PC= 0x80000044    sw      gp, -64(t5)
Cyc=        546 Op1=[0x0000000b] Op2=[0x00000000] W[W, 0= 0x8000004c]   Mem[2: R:0x04c0006f W:0x00000000] PC= 0x80000048  J j       pc - 0x8
Cyc=        547 Op1=[0x00001000] Op2=[0x80000040] W[W,30= 0x80001040]   Mem[0: R:0x00000000 W:0x00000000] PC= 0x80000040    auipc   t5, 0x1
*** PASSED ***
