Instantiated DTM.
Cyc=          0 Op1=[0x00000000] Op2=[0x00000000] W[W, 0= 0x80000004]   Mem[2: R:0x04c0006f W:0x00000000] PC= 0x80000000  J j       pc + 0x4c
Cyc=          1 Op1=[0x00000000] Op2=[0x00000000] W[W,10= 0x00000000]   Mem[3: R:0x04c0006f W:0x00000000] PC= 0x8000004c    csrr    a0, mhartid
Cyc=          2 Op1=[0x00000000] Op2=[0x00000000] W[_, 0= 0x00000000]   Mem[0: R:0x04c0006f W:0x00000000] PC= 0x80000050    bnez    a0, pc + 0
Cyc=          3 Op1=[0x00000000] Op2=[0x80000054] W[W, 5= 0x80000054]   Mem[0: R:0x00000297 W:0x00000000] PC= 0x80000054    auipc   t0, 0x0
Cyc=          4 Op1=[0x80000054] Op2=[0x00000010] W[W, 5= 0x80000064]   Mem[0: R:0x00000297 W:0x00000000] PC= 0x80000058    addi    t0, t0, 16
Cyc=          5 Op1=[0x80000064] Op2=[0x80000064] W[W, 0= 0x00000100]   Mem[3: R:0x00000297 W:0x80000064] PC= 0x8000005c    csrw    mtvec, t0
Cyc=          6 Op1=[0x00000000] Op2=[0x00000000] W[W, 0= 0x00000000]   Mem[3: R:0x04c0006f W:0x00000000] PC= 0x80000060    csrwi   satp, 0
Cyc=          7 Op1=[0x00000000] Op2=[0x80000064] W[W, 5= 0x80000064]   Mem[0: R:0x00000297 W:0x00000000] PC= 0x80000064    auipc   t0, 0x0
Cyc=          8 Op1=[0x80000064] Op2=[0x0000001c] W[W, 5= 0x80000080]   Mem[0: R:0x00000297 W:0x00000000] PC= 0x80000068    addi    t0, t0, 28
Cyc=          9 Op1=[0x80000080] Op2=[0x80000080] W[W, 0= 0x00000100]   Mem[3: R:0x00000297 W:0x80000080] PC= 0x8000006c    csrw    mtvec, t0
Cyc=         10 Op1=[0x00000000] Op2=[0xffffffff] W[W, 5= 0xffffffff]   Mem[0: R:0xc0006f00 W:0x00000000] PC= 0x80000070    li      t0, -1
Cyc=         11 Op1=[0xffffffff] Op2=[0x00000000] W[W, 0= 0x00000000]   Mem[3: R:0xc0006f00 W:0x00000000] PC= 0x80000074    csrw    pmpaddr0, t0
Cyc=         12 Op1=[0x00000000] Op2=[0x0000001f] W[W, 5= 0x0000001f]   Mem[0: R:0x000f1703 W:0x00000000] PC= 0x80000078    li      t0, 31
Cyc=         13 Op1=[0x0000001f] Op2=[0x00000000] W[W, 0= 0x00000000]   Mem[3: R:0x000f1703 W:0x00000000] PC= 0x8000007c    csrw    pmpcfg0, t0
Cyc=         14 Op1=[0x00000000] Op2=[0x80000080] W[W, 5= 0x80000080]   Mem[0: R:0x00000297 W:0x00000000] PC= 0x80000080    auipc   t0, 0x0
Cyc=         15 Op1=[0x80000080] Op2=[0x00000018] W[W, 5= 0x80000098]   Mem[0: R:0x00000193 W:0x00000000] PC= 0x80000084    addi    t0, t0, 24
Cyc=         16 Op1=[0x80000098] Op2=[0x80000098] W[W, 0= 0x00000100]   Mem[3: R:0x00000193 W:0x80000098] PC= 0x80000088    csrw    mtvec, t0
Cyc=         17 Op1=[0x00000000] Op2=[0x00000000] W[W, 0= 0x00000000]   Mem[3: R:0x04c0006f W:0x00000000] PC= 0x8000008c    csrwi   medeleg, 0
Cyc=         18 Op1=[0x00000000] Op2=[0x00000000] W[W, 0= 0x00000000]   Mem[3: R:0x04c0006f W:0x00000000] PC= 0x80000090    csrwi   mideleg, 0
Cyc=         19 Op1=[0x00000000] Op2=[0x00000000] W[W, 0= 0x00000000]   Mem[3: R:0x04c0006f W:0x00000000] PC= 0x80000094    csrwi   mie, 0
Cyc=         20 Op1=[0x00000000] Op2=[0x00000000] W[W, 3= 0x00000000]   Mem[0: R:0x04c0006f W:0x00000000] PC= 0x80000098    li      gp, 0
Cyc=         21 Op1=[0x00000000] Op2=[0x8000009c] W[W, 5= 0x8000009c]   Mem[0: R:0x00000297 W:0x00000000] PC= 0x8000009c    auipc   t0, 0x0
Cyc=         22 Op1=[0x8000009c] Op2=[0xffffff68] W[W, 5= 0x80000004]   Mem[0: R:0x34202f73 W:0x00000000] PC= 0x800000a0    addi    t0, t0, -152
Cyc=         23 Op1=[0x80000004] Op2=[0x80000004] W[W, 0= 0x00000100]   Mem[3: R:0x34202f73 W:0x80000004] PC= 0x800000a4    csrw    mtvec, t0
Cyc=         24 Op1=[0x00000000] Op2=[0x00000001] W[W,10= 0x00000001]   Mem[0: R:0x7304c000 W:0x00000000] PC= 0x800000a8    li      a0, 1
Cyc=         25 Op1=[0x00000001] Op2=[0x0000001f] W[W,10= 0x80000000]   Mem[0: R:0x04c0006f W:0x00000000] PC= 0x800000ac    slli    a0, a0, 31
Cyc=         26 Op1=[0x80000000] Op2=[0x00000000] W[_,16= 0x00000000]   Mem[0: R:0x04c0006f W:0x00000000] PC= 0x800000b0  B bltz    a0, pc + 16
Cyc=         27 Op1=[0x80000000] Op2=[0x800000c0] W[W, 5= 0x000000c0]   Mem[0: R:0x80000297 W:0x00000000] PC= 0x800000c0    auipc   t0, 0x80000
Cyc=         28 Op1=[0x000000c0] Op2=[0xffffff40] W[W, 5= 0x00000000]   Mem[0: R:0x04c0006f W:0x00000000] PC= 0x800000c4    addi    t0, t0, -192
Cyc=         29 Op1=[0x00000000] Op2=[0x00000000] W[_,28= 0x00000000]   Mem[0: R:0x04c0006f W:0x00000000] PC= 0x800000c8  B beqz    t0, pc + 28
Cyc=         30 Op1=[0x00000000] Op2=[0x00000000] W[W, 0= 0x00001800]   Mem[3: R:0x04c0006f W:0x00000000] PC= 0x800000e4    csrwi   mstatus, 0
Cyc=         31 Op1=[0x00000000] Op2=[0x800000e8] W[W, 5= 0x800000e8]   Mem[0: R:0x00000297 W:0x00000000] PC= 0x800000e8    auipc   t0, 0x0
Cyc=         32 Op1=[0x800000e8] Op2=[0x00000014] W[W, 5= 0x800000fc]   Mem[0: R:0x00200193 W:0x00000000] PC= 0x800000ec    addi    t0, t0, 20
Cyc=         33 Op1=[0x800000fc] Op2=[0x00000000] W[W, 0= 0x80000000]   Mem[3: R:0x00200193 W:0x00000000] PC= 0x800000f0    csrw    mepc, t0
Cyc=         34 Op1=[0x00000000] Op2=[0x00000000] W[W,10= 0x00000000]   Mem[3: R:0x04c0006f W:0x00000000] PC= 0x800000f4    csrr    a0, mhartid
Cyc=         35 Op1=[0x00000000] Op2=[0x00000000] W[_, 0= 0x00000000]   Mem[0: R:0x04c0006f W:0x00000000] PC= 0x800000f8  X mret
Cyc=         36 Op1=[0x00000000] Op2=[0x00000002] W[W, 3= 0x00000002]   Mem[0: R:0x2f7304c0 W:0x00000000] PC= 0x800000fc    li      gp, 2
Cyc=         37 Op1=[0x00000000] Op2=[0x00000000] W[W, 5= 0x00000000]   Mem[0: R:0x04c0006f W:0x00000000] PC= 0x80000100    li      t0, 0
Cyc=         38 Op1=[0x00000000] Op2=[0x80000104] W[W, 6= 0x80000104]   Mem[0: R:0x00000317 W:0x00000000] PC= 0x80000104    auipc   t1, 0x0
Cyc=         39 Op1=[0x80000104] Op2=[0x00000010] W[W, 6= 0x80000114]   Mem[0: R:0x00000317 W:0x00000000] PC= 0x80000108    addi    t1, t1, 16
Cyc=         40 Op1=[0x80000114] Op2=[0x00000000] W[W, 5= 0x80000110]   Mem[2: R:0x04c0006f W:0x00000000] PC= 0x8000010c  K jalr    t0, t1, 0
Cyc=         41 Op1=[0x00000000] Op2=[0x80000114] W[W, 6= 0x80000114]   Mem[0: R:0x00000317 W:0x00000000] PC= 0x80000114    auipc   t1, 0x0
Cyc=         42 Op1=[0x80000114] Op2=[0xfffffffc] W[W, 6= 0x80000110]   Mem[0: R:0x0c00006f W:0x00000000] PC= 0x80000118    addi    t1, t1, -4
Cyc=         43 Op1=[0x80000110] Op2=[0x80000110] W[_,20= 0x00000000]   Mem[0: R:0x04c0006f W:0x80000110] PC= 0x8000011c    bne     t0, t1, pc + 180
Cyc=         44 Op1=[0x00000000] Op2=[0x00000004] W[W, 3= 0x00000004]   Mem[0: R:0x34202f73 W:0x00000000] PC= 0x80000120    li      gp, 4
Cyc=         45 Op1=[0x00000000] Op2=[0x00000000] W[W, 4= 0x00000000]   Mem[0: R:0x04c0006f W:0x00000000] PC= 0x80000124    li      tp, 0
Cyc=         46 Op1=[0x00000000] Op2=[0x80000128] W[W, 6= 0x80000128]   Mem[0: R:0x00000317 W:0x00000000] PC= 0x80000128    auipc   t1, 0x0
Cyc=         47 Op1=[0x80000128] Op2=[0x00000010] W[W, 6= 0x80000138]   Mem[0: R:0x00120213 W:0x00000000] PC= 0x8000012c    addi    t1, t1, 16
Cyc=         48 Op1=[0x80000138] Op2=[0x00000000] W[W,19= 0x80000134]   Mem[2: R:0x04c0006f W:0x00000000] PC= 0x80000130  K jalr    s3, t1, 0
Cyc=         49 Op1=[0x00000000] Op2=[0x00000001] W[W, 4= 0x00000001]   Mem[0: R:0x7304c000 W:0x00000000] PC= 0x80000138    addi    tp, tp, 1
Cyc=         50 Op1=[0x00000000] Op2=[0x00000002] W[W, 5= 0x00000002]   Mem[0: R:0x2f7304c0 W:0x00000000] PC= 0x8000013c    li      t0, 2
Cyc=         51 Op1=[0x00000001] Op2=[0x00000002] W[_, 9= 0x00000000]   Mem[0: R:0x04c0006f W:0x00000002] PC= 0x80000140  B bne     tp, t0, pc - 24
Cyc=         52 Op1=[0x00000000] Op2=[0x80000128] W[W, 6= 0x80000128]   Mem[0: R:0x00000317 W:0x00000000] PC= 0x80000128    auipc   t1, 0x0
Cyc=         53 Op1=[0x80000128] Op2=[0x00000010] W[W, 6= 0x80000138]   Mem[0: R:0x00120213 W:0x00000000] PC= 0x8000012c    addi    t1, t1, 16
Cyc=         54 Op1=[0x80000138] Op2=[0x00000000] W[W,19= 0x80000134]   Mem[2: R:0x04c0006f W:0x00000000] PC= 0x80000130  K jalr    s3, t1, 0
Cyc=         55 Op1=[0x00000001] Op2=[0x00000001] W[W, 4= 0x00000002]   Mem[0: R:0x2f7304c0 W:0x00000000] PC= 0x80000138    addi    tp, tp, 1
Cyc=         56 Op1=[0x00000000] Op2=[0x00000002] W[W, 5= 0x00000002]   Mem[0: R:0x2f7304c0 W:0x00000000] PC= 0x8000013c    li      t0, 2
Cyc=         57 Op1=[0x00000002] Op2=[0x00000002] W[_, 9= 0x00000000]   Mem[0: R:0x04c0006f W:0x00000002] PC= 0x80000140    bne     tp, t0, pc - 24
Cyc=         58 Op1=[0x00000000] Op2=[0x00000005] W[W, 3= 0x00000005]   Mem[0: R:0x9334202f W:0x00000002] PC= 0x80000144    li      gp, 5
Cyc=         59 Op1=[0x00000000] Op2=[0x00000000] W[W, 4= 0x00000000]   Mem[0: R:0x04c0006f W:0x00000000] PC= 0x80000148    li      tp, 0
Cyc=         60 Op1=[0x00000000] Op2=[0x8000014c] W[W, 6= 0x8000014c]   Mem[0: R:0x00000317 W:0x00000000] PC= 0x8000014c    auipc   t1, 0x0
Cyc=         61 Op1=[0x8000014c] Op2=[0x00000014] W[W, 6= 0x80000160]   Mem[0: R:0x00120213 W:0x00000000] PC= 0x80000150    addi    t1, t1, 20
Cyc=         62 Op1=[0x00000000] Op2=[0x00000000] W[W, 0= 0x00000000]   Mem[0: R:0x04c0006f W:0x00000000] PC= 0x80000154    nop
Cyc=         63 Op1=[0x80000160] Op2=[0x00000000] W[W,19= 0x8000015c]   Mem[2: R:0x04c0006f W:0x00000000] PC= 0x80000158  K jalr    s3, t1, 0
Cyc=         64 Op1=[0x00000000] Op2=[0x00000001] W[W, 4= 0x00000001]   Mem[0: R:0x7304c000 W:0x00000000] PC= 0x80000160    addi    tp, tp, 1
Cyc=         65 Op1=[0x00000000] Op2=[0x00000002] W[W, 5= 0x00000002]   Mem[0: R:0x2f7304c0 W:0x00000000] PC= 0x80000164    li      t0, 2
Cyc=         66 Op1=[0x00000001] Op2=[0x00000002] W[_, 5= 0x00000000]   Mem[0: R:0x04c0006f W:0x00000002] PC= 0x80000168  B bne     tp, t0, pc - 28
Cyc=         67 Op1=[0x00000000] Op2=[0x8000014c] W[W, 6= 0x8000014c]   Mem[0: R:0x00000317 W:0x00000000] PC= 0x8000014c    auipc   t1, 0x0
Cyc=         68 Op1=[0x8000014c] Op2=[0x00000014] W[W, 6= 0x80000160]   Mem[0: R:0x00120213 W:0x00000000] PC= 0x80000150    addi    t1, t1, 20
Cyc=         69 Op1=[0x00000000] Op2=[0x00000000] W[W, 0= 0x00000000]   Mem[0: R:0x04c0006f W:0x00000000] PC= 0x80000154    nop
Cyc=         70 Op1=[0x80000160] Op2=[0x00000000] W[W,19= 0x8000015c]   Mem[2: R:0x04c0006f W:0x00000000] PC= 0x80000158  K jalr    s3, t1, 0
Cyc=         71 Op1=[0x00000001] Op2=[0x00000001] W[W, 4= 0x00000002]   Mem[0: R:0x2f7304c0 W:0x00000000] PC= 0x80000160    addi    tp, tp, 1
Cyc=         72 Op1=[0x00000000] Op2=[0x00000002] W[W, 5= 0x00000002]   Mem[0: R:0x2f7304c0 W:0x00000000] PC= 0x80000164    li      t0, 2
Cyc=         73 Op1=[0x00000002] Op2=[0x00000002] W[_, 5= 0x00000000]   Mem[0: R:0x04c0006f W:0x00000002] PC= 0x80000168    bne     tp, t0, pc - 28
Cyc=         74 Op1=[0x00000000] Op2=[0x00000006] W[W, 3= 0x00000006]   Mem[0: R:0x0f933420 W:0x80000160] PC= 0x8000016c    li      gp, 6
Cyc=         75 Op1=[0x00000000] Op2=[0x00000000] W[W, 4= 0x00000000]   Mem[0: R:0x04c0006f W:0x00000000] PC= 0x80000170    li      tp, 0
Cyc=         76 Op1=[0x00000000] Op2=[0x80000174] W[W, 6= 0x80000174]   Mem[0: R:0x00000317 W:0x00000000] PC= 0x80000174    auipc   t1, 0x0
Cyc=         77 Op1=[0x80000174] Op2=[0x00000018] W[W, 6= 0x8000018c]   Mem[0: R:0x00120213 W:0x00000000] PC= 0x80000178    addi    t1, t1, 24
Cyc=         78 Op1=[0x00000000] Op2=[0x00000000] W[W, 0= 0x00000000]   Mem[0: R:0x04c0006f W:0x00000000] PC= 0x8000017c    nop
Cyc=         79 Op1=[0x00000000] Op2=[0x00000000] W[W, 0= 0x00000000]   Mem[0: R:0x04c0006f W:0x00000000] PC= 0x80000180    nop
Cyc=         80 Op1=[0x8000018c] Op2=[0x00000000] W[W,19= 0x80000188]   Mem[2: R:0x04c0006f W:0x00000000] PC= 0x80000184  K jalr    s3, t1, 0
Cyc=         81 Op1=[0x00000000] Op2=[0x00000001] W[W, 4= 0x00000001]   Mem[0: R:0x7304c000 W:0x00000000] PC= 0x8000018c    addi    tp, tp, 1
Cyc=         82 Op1=[0x00000000] Op2=[0x00000002] W[W, 5= 0x00000002]   Mem[0: R:0x2f7304c0 W:0x00000000] PC= 0x80000190    li      t0, 2
Cyc=         83 Op1=[0x00000001] Op2=[0x00000002] W[_, 1= 0x00000000]   Mem[0: R:0x04c0006f W:0x00000002] PC= 0x80000194  B bne     tp, t0, pc - 32
Cyc=         84 Op1=[0x00000000] Op2=[0x80000174] W[W, 6= 0x80000174]   Mem[0: R:0x00000317 W:0x00000000] PC= 0x80000174    auipc   t1, 0x0
Cyc=         85 Op1=[0x80000174] Op2=[0x00000018] W[W, 6= 0x8000018c]   Mem[0: R:0x00120213 W:0x00000000] PC= 0x80000178    addi    t1, t1, 24
Cyc=         86 Op1=[0x00000000] Op2=[0x00000000] W[W, 0= 0x00000000]   Mem[0: R:0x04c0006f W:0x00000000] PC= 0x8000017c    nop
Cyc=         87 Op1=[0x00000000] Op2=[0x00000000] W[W, 0= 0x00000000]   Mem[0: R:0x04c0006f W:0x00000000] PC= 0x80000180    nop
Cyc=         88 Op1=[0x8000018c] Op2=[0x00000000] W[W,19= 0x80000188]   Mem[2: R:0x04c0006f W:0x00000000] PC= 0x80000184  K jalr    s3, t1, 0
Cyc=         89 Op1=[0x00000001] Op2=[0x00000001] W[W, 4= 0x00000002]   Mem[0: R:0x2f7304c0 W:0x00000000] PC= 0x8000018c    addi    tp, tp, 1
Cyc=         90 Op1=[0x00000000] Op2=[0x00000002] W[W, 5= 0x00000002]   Mem[0: R:0x2f7304c0 W:0x00000000] PC= 0x80000190    li      t0, 2
Cyc=         91 Op1=[0x00000002] Op2=[0x00000002] W[_, 1= 0x00000000]   Mem[0: R:0x04c0006f W:0x00000002] PC= 0x80000194    bne     tp, t0, pc - 32
Cyc=         92 Op1=[0x00000000] Op2=[0x00000001] W[W, 5= 0x00000001]   Mem[0: R:0x7304c000 W:0x00000000] PC= 0x80000198    li      t0, 1
Cyc=         93 Op1=[0x00000000] Op2=[0x8000019c] W[W, 6= 0x8000019c]   Mem[0: R:0x00000317 W:0x00000000] PC= 0x8000019c    auipc   t1, 0x0
Cyc=         94 Op1=[0x8000019c] Op2=[0x0000001c] W[W, 6= 0x800001b8]   Mem[0: R:0x00128293 W:0x00000000] PC= 0x800001a0    addi    t1, t1, 28
Cyc=         95 Op1=[0x800001b8] Op2=[0xfffffffc] W[W, 0= 0x800001a8]   Mem[2: R:0x04c0006f W:0x00000000] PC= 0x800001a4  K jalr    zero, t1, -4
Cyc=         96 Op1=[0x00000001] Op2=[0x00000001] W[W, 5= 0x00000002]   Mem[0: R:0x2f7304c0 W:0x00000000] PC= 0x800001b4    addi    t0, t0, 1
Cyc=         97 Op1=[0x00000002] Op2=[0x00000001] W[W, 5= 0x00000003]   Mem[0: R:0x202f7304 W:0x00000000] PC= 0x800001b8    addi    t0, t0, 1
Cyc=         98 Op1=[0x00000003] Op2=[0x00000001] W[W, 5= 0x00000004]   Mem[0: R:0x34202f73 W:0x00000000] PC= 0x800001bc    addi    t0, t0, 1
Cyc=         99 Op1=[0x00000000] Op2=[0x00000004] W[W,29= 0x00000004]   Mem[0: R:0x34202f73 W:0x00000002] PC= 0x800001c0    li      t4, 4
Cyc=        100 Op1=[0x00000000] Op2=[0x00000007] W[W, 3= 0x00000007]   Mem[0: R:0x800f9334 W:0x00000000] PC= 0x800001c4    li      gp, 7
Cyc=        101 Op1=[0x00000004] Op2=[0x00000004] W[_, 8= 0x00000000]   Mem[0: R:0x04c0006f W:0x00000004] PC= 0x800001c8    bne     t0, t4, pc + 8
Cyc=        102 Op1=[0x00000000] Op2=[0x00000007] W[_,24= 0x00000000]   Mem[0: R:0x04c0006f W:0x00000007] PC= 0x800001cc  B bne     zero, gp, pc + 24
Cyc=        103 Op1=[0x00000000] Op2=[0x00000000] W[_, 0= 0x00000000]   Mem[0: R:0x04c0006f W:0x00000000] PC= 0x800001e4    fence
Cyc=        104 Op1=[0x00000000] Op2=[0x00000001] W[W, 3= 0x00000001]   Mem[0: R:0x7304c000 W:0x00000000] PC= 0x800001e8    li      gp, 1
Cyc=        105 Op1=[0x00000000] Op2=[0x00000000] W[_, 0= 0x00000000]   Mem[0: R:0x04c0006f W:0x00000000] PC= 0x800001ec  X ecall
Cyc=        106 Op1=[0x00000000] Op2=[0x00000000] W[W,30= 0x0000000b]   Mem[3: R:0x04c0006f W:0x00000000] PC= 0x80000004    csrr    t5, mcause
Cyc=        107 Op1=[0x00000000] Op2=[0x00000008] W[W,31= 0x00000008]   Mem[0: R:0x00800f93 W:0x00000000] PC= 0x80000008    li      t6, 8
Cyc=        108 Op1=[0x0000000b] Op2=[0x00000008] W[_,20= 0x00000000]   Mem[0: R:0x04c0006f W:0x00000008] PC= 0x8000000c    beq     t5, t6, pc + 52
Cyc=        109 Op1=[0x00000000] Op2=[0x00000009] W[W,31= 0x00000009]   Mem[0: R:0x6300800f W:0x00000000] PC= 0x80000010    li      t6, 9
Cyc=        110 Op1=[0x0000000b] Op2=[0x00000009] W[_,12= 0x00000000]   Mem[0: R:0x04c0006f W:0x00000009] PC= 0x80000014    beq     t5, t6, pc + 44
Cyc=        111 Op1=[0x00000000] Op2=[0x0000000b] W[W,31= 0x0000000b]   Mem[0: R:0xff0a6300 W:0x00000000] PC= 0x80000018    li      t6, 11
Cyc=        112 Op1=[0x0000000b] Op2=[0x0000000b] W[_, 4= 0x00000000]   Mem[0: R:0x04c0006f W:0x0000000b] PC= 0x8000001c  B beq     t5, t6, pc + 36
Cyc=        113 Op1=[0x00001000] Op2=[0x80000040] W[W,30= 0x80001040]   Mem[0: R:0x00000000 W:0x00000000] PC= 0x80000040    auipc   t5, 0x1
Cyc=        114 Op1=[0x80001040] Op2=[0xffffffc0] W[_, 0= 0x80001000]   Mem[0: R:0x00000000 W:0x00000001] PC= 0x80000044    sw      gp, -64(t5)
Cyc=        115 Op1=[0x0000000b] Op2=[0x00000000] W[W, 0= 0x8000004c]   Mem[2: R:0x04c0006f W:0x00000000] PC= 0x80000048  J j       pc - 0x8
Cyc=        116 Op1=[0x00001000] Op2=[0x80000040] W[W,30= 0x80001040]   Mem[0: R:0x00000000 W:0x00000000] PC= 0x80000040    auipc   t5, 0x1
Cyc=        117 Op1=[0x80001040] Op2=[0xffffffc0] W[_, 0= 0x80001000]   Mem[0: R:0x00000001 W:0x00000001] PC= 0x80000044    sw      gp, -64(t5)
Cyc=        118 Op1=[0x0000000b] Op2=[0x00000000] W[W, 0= 0x8000004c]   Mem[2: R:0x04c0006f W:0x00000000] PC= 0x80000048  J j       pc - 0x8
Cyc=        119 Op1=[0x00001000] Op2=[0x80000040] W[W,30= 0x80001040]   Mem[0: R:0x00000000 W:0x00000000] PC= 0x80000040    auipc   t5, 0x1
Cyc=        120 Op1=[0x80001040] Op2=[0xffffffc0] W[_, 0= 0x80001000]   Mem[0: R:0x00000001 W:0x00000001] PC= 0x80000044    sw      gp, -64(t5)
Cyc=        121 Op1=[0x0000000b] Op2=[0x00000000] W[W, 0= 0x8000004c]   Mem[2: R:0x04c0006f W:0x00000000] PC= 0x80000048  J j       pc - 0x8
Cyc=        122 Op1=[0x00001000] Op2=[0x80000040] W[W,30= 0x80001040]   Mem[0: R:0x00000000 W:0x00000000] PC= 0x80000040    auipc   t5, 0x1
Cyc=        123 Op1=[0x80001040] Op2=[0xffffffc0] W[_, 0= 0x80001000]   Mem[0: R:0x00000001 W:0x00000001] PC= 0x80000044    sw      gp, -64(t5)
Cyc=        124 Op1=[0x0000000b] Op2=[0x00000000] W[W, 0= 0x8000004c]   Mem[2: R:0x04c0006f W:0x00000000] PC= 0x80000048  J j       pc - 0x8
Cyc=        125 Op1=[0x00001000] Op2=[0x80000040] W[W,30= 0x80001040]   Mem[0: R:0x00000000 W:0x00000000] PC= 0x80000040    auipc   t5, 0x1
Cyc=        126 Op1=[0x80001040] Op2=[0xffffffc0] W[_, 0= 0x80001000]   Mem[0: R:0x00000000 W:0x00000001] PC= 0x80000044    sw      gp, -64(t5)
Cyc=        127 Op1=[0x0000000b] Op2=[0x00000000] W[W, 0= 0x8000004c]   Mem[2: R:0x04c0006f W:0x00000000] PC= 0x80000048  J j       pc - 0x8
*** PASSED ***
