Instantiated DTM.
Cyc=          0 Op1=[0x00000000] Op2=[0x00000000] W[W, 0= 0x80000004]   Mem[2: R:0x04c0006f W:0x00000000] PC= 0x80000000  J j       pc + 0x4c
Cyc=          1 Op1=[0x00000000] Op2=[0x00000000] W[W,10= 0x00000000]   Mem[3: R:0x04c0006f W:0x00000000] PC= 0x8000004c    csrr    a0, mhartid
Cyc=          2 Op1=[0x00000000] Op2=[0x00000000] W[_, 0= 0x00000000]   Mem[0: R:0x04c0006f W:0x00000000] PC= 0x80000050    bnez    a0, pc + 0
Cyc=          3 Op1=[0x00000000] Op2=[0x80000054] W[W, 5= 0x80000054]   Mem[0: R:0x00000297 W:0x00000000] PC= 0x80000054    auipc   t0, 0x0
Cyc=          4 Op1=[0x80000054] Op2=[0x00000010] W[W, 5= 0x80000064]   Mem[0: R:0x00000297 W:0x00000000] PC= 0x80000058    addi    t0, t0, 16
Cyc=          5 Op1=[0x80000064] Op2=[0x80000064] W[W, 0= 0x00000100]   Mem[3: R:0x00000297 W:0x80000064] PC= 0x8000005c    csrw    mtvec, t0
Cyc=          6 Op1=[0x00000000] Op2=[0x00000000] W[W, 0= 0x00000000]   Mem[3: R:0x04c0006f W:0x00000000] PC= 0x80000060    csrwi   satp, 0
Cyc=          7 Op1=[0x00000000] Op2=[0x80000064] W[W, 5= 0x80000064]   Mem[0: R:0x00000297 W:0x00000000] PC= 0x80000064    auipc   t0, 0x0
Cyc=          8 Op1=[0x80000064] Op2=[0x0000001c] W[W, 5= 0x80000080]   Mem[0: R:0x00000297 W:0x00000000] PC= 0x80000068    addi    t0, t0, 28
Cyc=          9 Op1=[0x80000080] Op2=[0x80000080] W[W, 0= 0x00000100]   Mem[3: R:0x00000297 W:0x80000080] PC= 0x8000006c    csrw    mtvec, t0
Cyc=         10 Op1=[0x00000000] Op2=[0xffffffff] W[W, 5= 0xffffffff]   Mem[0: R:0xc0006f00 W:0x00000000] PC= 0x80000070    li      t0, -1
Cyc=         11 Op1=[0xffffffff] Op2=[0x00000000] W[W, 0= 0x00000000]   Mem[3: R:0xc0006f00 W:0x00000000] PC= 0x80000074    csrw    pmpaddr0, t0
Cyc=         12 Op1=[0x00000000] Op2=[0x0000001f] W[W, 5= 0x0000001f]   Mem[0: R:0x000f1703 W:0x00000000] PC= 0x80000078    li      t0, 31
Cyc=         13 Op1=[0x0000001f] Op2=[0x00000000] W[W, 0= 0x00000000]   Mem[3: R:0x000f1703 W:0x00000000] PC= 0x8000007c    csrw    pmpcfg0, t0
Cyc=         14 Op1=[0x00000000] Op2=[0x80000080] W[W, 5= 0x80000080]   Mem[0: R:0x00000297 W:0x00000000] PC= 0x80000080    auipc   t0, 0x0
Cyc=         15 Op1=[0x80000080] Op2=[0x00000018] W[W, 5= 0x80000098]   Mem[0: R:0x00000193 W:0x00000000] PC= 0x80000084    addi    t0, t0, 24
Cyc=         16 Op1=[0x80000098] Op2=[0x80000098] W[W, 0= 0x00000100]   Mem[3: R:0x00000193 W:0x80000098] PC= 0x80000088    csrw    mtvec, t0
Cyc=         17 Op1=[0x00000000] Op2=[0x00000000] W[W, 0= 0x00000000]   Mem[3: R:0x04c0006f W:0x00000000] PC= 0x8000008c    csrwi   medeleg, 0
Cyc=         18 Op1=[0x00000000] Op2=[0x00000000] W[W, 0= 0x00000000]   Mem[3: R:0x04c0006f W:0x00000000] PC= 0x80000090    csrwi   mideleg, 0
Cyc=         19 Op1=[0x00000000] Op2=[0x00000000] W[W, 0= 0x00000000]   Mem[3: R:0x04c0006f W:0x00000000] PC= 0x80000094    csrwi   mie, 0
Cyc=         20 Op1=[0x00000000] Op2=[0x00000000] W[W, 3= 0x00000000]   Mem[0: R:0x04c0006f W:0x00000000] PC= 0x80000098    li      gp, 0
Cyc=         21 Op1=[0x00000000] Op2=[0x8000009c] W[W, 5= 0x8000009c]   Mem[0: R:0x00000297 W:0x00000000] PC= 0x8000009c    auipc   t0, 0x0
Cyc=         22 Op1=[0x8000009c] Op2=[0xffffff68] W[W, 5= 0x80000004]   Mem[0: R:0x34202f73 W:0x00000000] PC= 0x800000a0    addi    t0, t0, -152
Cyc=         23 Op1=[0x80000004] Op2=[0x80000004] W[W, 0= 0x00000100]   Mem[3: R:0x34202f73 W:0x80000004] PC= 0x800000a4    csrw    mtvec, t0
Cyc=         24 Op1=[0x00000000] Op2=[0x00000001] W[W,10= 0x00000001]   Mem[0: R:0x7304c000 W:0x00000000] PC= 0x800000a8    li      a0, 1
Cyc=         25 Op1=[0x00000001] Op2=[0x0000001f] W[W,10= 0x80000000]   Mem[0: R:0x04c0006f W:0x00000000] PC= 0x800000ac    slli    a0, a0, 31
Cyc=         26 Op1=[0x80000000] Op2=[0x00000000] W[_,16= 0x00000000]   Mem[0: R:0x04c0006f W:0x00000000] PC= 0x800000b0  B bltz    a0, pc + 16
Cyc=         27 Op1=[0x80000000] Op2=[0x800000c0] W[W, 5= 0x000000c0]   Mem[0: R:0x80000297 W:0x00000000] PC= 0x800000c0    auipc   t0, 0x80000
Cyc=         28 Op1=[0x000000c0] Op2=[0xffffff40] W[W, 5= 0x00000000]   Mem[0: R:0x04c0006f W:0x00000000] PC= 0x800000c4    addi    t0, t0, -192
Cyc=         29 Op1=[0x00000000] Op2=[0x00000000] W[_,28= 0x00000000]   Mem[0: R:0x04c0006f W:0x00000000] PC= 0x800000c8  B beqz    t0, pc + 28
Cyc=         30 Op1=[0x00000000] Op2=[0x00000000] W[W, 0= 0x00001800]   Mem[3: R:0x04c0006f W:0x00000000] PC= 0x800000e4    csrwi   mstatus, 0
Cyc=         31 Op1=[0x00000000] Op2=[0x800000e8] W[W, 5= 0x800000e8]   Mem[0: R:0x00000297 W:0x00000000] PC= 0x800000e8    auipc   t0, 0x0
Cyc=         32 Op1=[0x800000e8] Op2=[0x00000014] W[W, 5= 0x800000fc]   Mem[0: R:0x00002097 W:0x00000000] PC= 0x800000ec    addi    t0, t0, 20
Cyc=         33 Op1=[0x800000fc] Op2=[0x00000000] W[W, 0= 0x80000000]   Mem[3: R:0x00002097 W:0x00000000] PC= 0x800000f0    csrw    mepc, t0
Cyc=         34 Op1=[0x00000000] Op2=[0x00000000] W[W,10= 0x00000000]   Mem[3: R:0x04c0006f W:0x00000000] PC= 0x800000f4    csrr    a0, mhartid
Cyc=         35 Op1=[0x00000000] Op2=[0x00000000] W[_, 0= 0x00000000]   Mem[0: R:0x04c0006f W:0x00000000] PC= 0x800000f8  X mret
Cyc=         36 Op1=[0x00002000] Op2=[0x800000fc] W[W, 1= 0x800020fc]   Mem[0: R:0x00000000 W:0x00000000] PC= 0x800000fc    auipc   ra, 0x2
Cyc=         37 Op1=[0x800020fc] Op2=[0xffffff04] W[W, 1= 0x80002000]   Mem[0: R:0xff0000ff W:0x00000000] PC= 0x80000100    addi    ra, ra, -252
Cyc=         38 Op1=[0x80002000] Op2=[0x00000000] W[W,30= 0x000000ff]   Mem[1: R:0x000000ff W:0x00000000] PC= 0x80000104    lh      t5, 0(ra)
Cyc=         39 Op1=[0x00000000] Op2=[0x000000ff] W[W,29= 0x000000ff]   Mem[0: R:0x40809300 W:0x00000000] PC= 0x80000108    li      t4, 255
Cyc=         40 Op1=[0x00000000] Op2=[0x00000002] W[W, 3= 0x00000002]   Mem[0: R:0x2f7304c0 W:0x00000000] PC= 0x8000010c    li      gp, 2
Cyc=         41 Op1=[0x000000ff] Op2=[0x000000ff] W[_,24= 0x00000000]   Mem[0: R:0x04c0006f W:0x000000ff] PC= 0x80000110    bne     t5, t4, pc + 600
Cyc=         42 Op1=[0x00002000] Op2=[0x80000114] W[W, 1= 0x80002114]   Mem[0: R:0x00000000 W:0x00000000] PC= 0x80000114    auipc   ra, 0x2
Cyc=         43 Op1=[0x80002114] Op2=[0xfffffeec] W[W, 1= 0x80002000]   Mem[0: R:0xff0000ff W:0x00000000] PC= 0x80000118    addi    ra, ra, -276
Cyc=         44 Op1=[0x80002000] Op2=[0x00000002] W[W,30= 0xffffff00]   Mem[1: R:0xffffff00 W:0x00000000] PC= 0x8000011c    lh      t5, 2(ra)
Cyc=         45 Op1=[0x00000000] Op2=[0xffffff00] W[W,29= 0xffffff00]   Mem[0: R:0x00000000 W:0x00000000] PC= 0x80000120    li      t4, -256
Cyc=         46 Op1=[0x00000000] Op2=[0x00000003] W[W, 3= 0x00000003]   Mem[0: R:0x202f7304 W:0x00000002] PC= 0x80000124    li      gp, 3
Cyc=         47 Op1=[0xffffff00] Op2=[0xffffff00] W[_, 0= 0x00000000]   Mem[0: R:0x04c0006f W:0xffffff00] PC= 0x80000128    bne     t5, t4, pc + 576
Cyc=         48 Op1=[0x00002000] Op2=[0x8000012c] W[W, 1= 0x8000212c]   Mem[0: R:0x00000000 W:0x00000000] PC= 0x8000012c    auipc   ra, 0x2
Cyc=         49 Op1=[0x8000212c] Op2=[0xfffffed4] W[W, 1= 0x80002000]   Mem[0: R:0xff0000ff W:0x00000000] PC= 0x80000130    addi    ra, ra, -300
Cyc=         50 Op1=[0x80002000] Op2=[0x00000004] W[W,30= 0x00000ff0]   Mem[1: R:0x00000ff0 W:0x00000000] PC= 0x80000134    lh      t5, 4(ra)
Cyc=         51 Op1=[0x00001000] Op2=[0x00000000] W[W,29= 0x00001000]   Mem[0: R:0x00000000 W:0x00000000] PC= 0x80000138    lui     t4, 0x1
Cyc=         52 Op1=[0x00001000] Op2=[0xfffffff0] W[W,29= 0x00000ff0]   Mem[0: R:0x00000000 W:0x00000000] PC= 0x8000013c    addi    t4, t4, -16
Cyc=         53 Op1=[0x00000000] Op2=[0x00000004] W[W, 3= 0x00000004]   Mem[0: R:0x34202f73 W:0x00000000] PC= 0x80000140    li      gp, 4
Cyc=         54 Op1=[0x00000ff0] Op2=[0x00000ff0] W[_, 4= 0x00000000]   Mem[0: R:0x04c0006f W:0x00000ff0] PC= 0x80000144    bne     t5, t4, pc + 548
Cyc=         55 Op1=[0x00002000] Op2=[0x80000148] W[W, 1= 0x80002148]   Mem[0: R:0x00000000 W:0x00000000] PC= 0x80000148    auipc   ra, 0x2
Cyc=         56 Op1=[0x80002148] Op2=[0xfffffeb8] W[W, 1= 0x80002000]   Mem[0: R:0xff0000ff W:0x00000000] PC= 0x8000014c    addi    ra, ra, -328
Cyc=         57 Op1=[0x80002000] Op2=[0x00000006] W[W,30= 0xfffff00f]   Mem[1: R:0xfffff00f W:0x00000000] PC= 0x80000150    lh      t5, 6(ra)
Cyc=         58 Op1=[0xfffff000] Op2=[0x00000000] W[W,29= 0xfffff000]   Mem[0: R:0x00000000 W:0x00000000] PC= 0x80000154    lui     t4, 0xfffff
Cyc=         59 Op1=[0xfffff000] Op2=[0x0000000f] W[W,29= 0xfffff00f]   Mem[0: R:0x00000000 W:0x00000000] PC= 0x80000158    addi    t4, t4, 15
Cyc=         60 Op1=[0x00000000] Op2=[0x00000005] W[W, 3= 0x00000005]   Mem[0: R:0x9334202f W:0x800000fc] PC= 0x8000015c    li      gp, 5
Cyc=         61 Op1=[0xfffff00f] Op2=[0xfffff00f] W[_, 8= 0x00000000]   Mem[0: R:0x04c0006f W:0xfffff00f] PC= 0x80000160    bne     t5, t4, pc + 520
Cyc=         62 Op1=[0x00002000] Op2=[0x80000164] W[W, 1= 0x80002164]   Mem[0: R:0x00000000 W:0x00000000] PC= 0x80000164    auipc   ra, 0x2
Cyc=         63 Op1=[0x80002164] Op2=[0xfffffea2] W[W, 1= 0x80002006]   Mem[0: R:0x0000f00f W:0x00000000] PC= 0x80000168    addi    ra, ra, -350
Cyc=         64 Op1=[0x80002006] Op2=[0xfffffffa] W[W,30= 0x000000ff]   Mem[1: R:0x000000ff W:0x00000000] PC= 0x8000016c    lh      t5, -6(ra)
Cyc=         65 Op1=[0x00000000] Op2=[0x000000ff] W[W,29= 0x000000ff]   Mem[0: R:0x40809300 W:0x00000000] PC= 0x80000170    li      t4, 255
Cyc=         66 Op1=[0x00000000] Op2=[0x00000006] W[W, 3= 0x00000006]   Mem[0: R:0x0f933420 W:0x00000000] PC= 0x80000174    li      gp, 6
Cyc=         67 Op1=[0x000000ff] Op2=[0x000000ff] W[_,16= 0x00000000]   Mem[0: R:0x04c0006f W:0x000000ff] PC= 0x80000178    bne     t5, t4, pc + 496
Cyc=         68 Op1=[0x00002000] Op2=[0x8000017c] W[W, 1= 0x8000217c]   Mem[0: R:0x00000000 W:0x00000000] PC= 0x8000017c    auipc   ra, 0x2
Cyc=         69 Op1=[0x8000217c] Op2=[0xfffffe8a] W[W, 1= 0x80002006]   Mem[0: R:0x0000f00f W:0x00000000] PC= 0x80000180    addi    ra, ra, -374
Cyc=         70 Op1=[0x80002006] Op2=[0xfffffffc] W[W,30= 0xffffff00]   Mem[1: R:0xffffff00 W:0x00000000] PC= 0x80000184    lh      t5, -4(ra)
Cyc=         71 Op1=[0x00000000] Op2=[0xffffff00] W[W,29= 0xffffff00]   Mem[0: R:0x00000000 W:0x00000000] PC= 0x80000188    li      t4, -256
Cyc=         72 Op1=[0x00000000] Op2=[0x00000007] W[W, 3= 0x00000007]   Mem[0: R:0x800f9334 W:0x00000000] PC= 0x8000018c    li      gp, 7
Cyc=         73 Op1=[0xffffff00] Op2=[0xffffff00] W[_,24= 0x00000000]   Mem[0: R:0x04c0006f W:0xffffff00] PC= 0x80000190    bne     t5, t4, pc + 472
Cyc=         74 Op1=[0x00002000] Op2=[0x80000194] W[W, 1= 0x80002194]   Mem[0: R:0x00000000 W:0x00000000] PC= 0x80000194    auipc   ra, 0x2
Cyc=         75 Op1=[0x80002194] Op2=[0xfffffe72] W[W, 1= 0x80002006]   Mem[0: R:0x0000f00f W:0x00000000] PC= 0x80000198    addi    ra, ra, -398
Cyc=         76 Op1=[0x80002006] Op2=[0xfffffffe] W[W,30= 0x00000ff0]   Mem[1: R:0x00000ff0 W:0xffffff00] PC= 0x8000019c    lh      t5, -2(ra)
Cyc=         77 Op1=[0x00001000] Op2=[0x00000000] W[W,29= 0x00001000]   Mem[0: R:0x00000000 W:0x00000000] PC= 0x800001a0    lui     t4, 0x1
Cyc=         78 Op1=[0x00001000] Op2=[0xfffffff0] W[W,29= 0x00000ff0]   Mem[0: R:0x00000000 W:0x00000000] PC= 0x800001a4    addi    t4, t4, -16
Cyc=         79 Op1=[0x00000000] Op2=[0x00000008] W[W, 3= 0x00000008]   Mem[0: R:0x00800f93 W:0x00000000] PC= 0x800001a8    li      gp, 8
Cyc=         80 Op1=[0x00000ff0] Op2=[0x00000ff0] W[_,28= 0x00000000]   Mem[0: R:0x04c0006f W:0x00000ff0] PC= 0x800001ac    bne     t5, t4, pc + 444
Cyc=         81 Op1=[0x00002000] Op2=[0x800001b0] W[W, 1= 0x800021b0]   Mem[0: R:0x00000000 W:0x00000000] PC= 0x800001b0    auipc   ra, 0x2
Cyc=         82 Op1=[0x800021b0] Op2=[0xfffffe56] W[W, 1= 0x80002006]   Mem[0: R:0x0000f00f W:0x00000000] PC= 0x800001b4    addi    ra, ra, -426
Cyc=         83 Op1=[0x80002006] Op2=[0x00000000] W[W,30= 0xfffff00f]   Mem[1: R:0xfffff00f W:0x00000000] PC= 0x800001b8    lh      t5, 0(ra)
Cyc=         84 Op1=[0xfffff000] Op2=[0x00000000] W[W,29= 0xfffff000]   Mem[0: R:0x00000000 W:0x00000000] PC= 0x800001bc    lui     t4, 0xfffff
Cyc=         85 Op1=[0xfffff000] Op2=[0x0000000f] W[W,29= 0xfffff00f]   Mem[0: R:0x00000000 W:0x00000000] PC= 0x800001c0    addi    t4, t4, 15
Cyc=         86 Op1=[0x00000000] Op2=[0x00000009] W[W, 3= 0x00000009]   Mem[0: R:0x6300800f W:0x00000000] PC= 0x800001c4    li      gp, 9
Cyc=         87 Op1=[0xfffff00f] Op2=[0xfffff00f] W[_, 0= 0x00000000]   Mem[0: R:0x04c0006f W:0xfffff00f] PC= 0x800001c8    bne     t5, t4, pc + 416
Cyc=         88 Op1=[0x00002000] Op2=[0x800001cc] W[W, 1= 0x800021cc]   Mem[0: R:0x00000000 W:0x00000000] PC= 0x800001cc    auipc   ra, 0x2
Cyc=         89 Op1=[0x800021cc] Op2=[0xfffffe34] W[W, 1= 0x80002000]   Mem[0: R:0xff0000ff W:0x00000000] PC= 0x800001d0    addi    ra, ra, -460
Cyc=         90 Op1=[0x80002000] Op2=[0xffffffe0] W[W, 1= 0x80001fe0]   Mem[0: R:0x00000000 W:0x00000000] PC= 0x800001d4    addi    ra, ra, -32
Cyc=         91 Op1=[0x80001fe0] Op2=[0x00000020] W[W, 5= 0x000000ff]   Mem[1: R:0x000000ff W:0x00000000] PC= 0x800001d8    lh      t0, 32(ra)
Cyc=         92 Op1=[0x00000000] Op2=[0x000000ff] W[W,29= 0x000000ff]   Mem[0: R:0x40809300 W:0x00000000] PC= 0x800001dc    li      t4, 255
Cyc=         93 Op1=[0x00000000] Op2=[0x0000000a] W[W, 3= 0x0000000a]   Mem[0: R:0x0a630080 W:0x00000000] PC= 0x800001e0    li      gp, 10
Cyc=         94 Op1=[0x000000ff] Op2=[0x000000ff] W[_, 4= 0x00000000]   Mem[0: R:0x04c0006f W:0x000000ff] PC= 0x800001e4    bne     t0, t4, pc + 388
Cyc=         95 Op1=[0x00002000] Op2=[0x800001e8] W[W, 1= 0x800021e8]   Mem[0: R:0x00000000 W:0x00000000] PC= 0x800001e8    auipc   ra, 0x2
Cyc=         96 Op1=[0x800021e8] Op2=[0xfffffe18] W[W, 1= 0x80002000]   Mem[0: R:0xff0000ff W:0x00000000] PC= 0x800001ec    addi    ra, ra, -488
Cyc=         97 Op1=[0x80002000] Op2=[0xfffffffb] W[W, 1= 0x80001ffb]   Mem[0: R:0x00000000 W:0x00000000] PC= 0x800001f0    addi    ra, ra, -5
Cyc=         98 Op1=[0x80001ffb] Op2=[0x00000007] W[W, 5= 0xffffff00]   Mem[1: R:0xffffff00 W:0x00000000] PC= 0x800001f4    lh      t0, 7(ra)
Cyc=         99 Op1=[0x00000000] Op2=[0xffffff00] W[W,29= 0xffffff00]   Mem[0: R:0x00000000 W:0x00000000] PC= 0x800001f8    li      t4, -256
Cyc=        100 Op1=[0x00000000] Op2=[0x0000000b] W[W, 3= 0x0000000b]   Mem[0: R:0xff0a6300 W:0x00000000] PC= 0x800001fc    li      gp, 11
Cyc=        101 Op1=[0xffffff00] Op2=[0xffffff00] W[_, 8= 0x00000000]   Mem[0: R:0x04c0006f W:0xffffff00] PC= 0x80000200    bne     t0, t4, pc + 360
Cyc=        102 Op1=[0x00000000] Op2=[0x0000000c] W[W, 3= 0x0000000c]   Mem[0: R:0x03ff0a63 W:0x00000000] PC= 0x80000204    li      gp, 12
Cyc=        103 Op1=[0x00000000] Op2=[0x00000000] W[W, 4= 0x00000000]   Mem[0: R:0x04c0006f W:0x00000000] PC= 0x80000208    li      tp, 0
Cyc=        104 Op1=[0x00002000] Op2=[0x8000020c] W[W, 1= 0x8000220c]   Mem[0: R:0x00000000 W:0x00000000] PC= 0x8000020c    auipc   ra, 0x2
Cyc=        105 Op1=[0x8000220c] Op2=[0xfffffdf6] W[W, 1= 0x80002002]   Mem[0: R:0x0ff0ff00 W:0x00000000] PC= 0x80000210    addi    ra, ra, -522
Cyc=        106 Op1=[0x80002002] Op2=[0x00000002] W[W,30= 0x00000ff0]   Mem[1: R:0x00000ff0 W:0x00000000] PC= 0x80000214    lh      t5, 2(ra)
Cyc=        107 Op1=[0x00000ff0] Op2=[0x00000000] W[W, 6= 0x00000ff0]   Mem[0: R:0x00000000 W:0x00000000] PC= 0x80000218    mv      t1, t5
Cyc=        108 Op1=[0x00001000] Op2=[0x00000000] W[W,29= 0x00001000]   Mem[0: R:0x00000000 W:0x00000000] PC= 0x8000021c    lui     t4, 0x1
Cyc=        109 Op1=[0x00001000] Op2=[0xfffffff0] W[W,29= 0x00000ff0]   Mem[0: R:0x00000000 W:0x00000000] PC= 0x80000220    addi    t4, t4, -16
Cyc=        110 Op1=[0x00000ff0] Op2=[0x00000ff0] W[_, 4= 0x00000000]   Mem[0: R:0x04c0006f W:0x00000ff0] PC= 0x80000224    bne     t1, t4, pc + 324
Cyc=        111 Op1=[0x00000000] Op2=[0x00000001] W[W, 4= 0x00000001]   Mem[0: R:0x7304c000 W:0x80002002] PC= 0x80000228    addi    tp, tp, 1
Cyc=        112 Op1=[0x00000000] Op2=[0x00000002] W[W, 5= 0x00000002]   Mem[0: R:0x2f7304c0 W:0x00000000] PC= 0x8000022c    li      t0, 2
Cyc=        113 Op1=[0x00000001] Op2=[0x00000002] W[_,29= 0x00000000]   Mem[0: R:0x04c0006f W:0x00000002] PC= 0x80000230  B bne     tp, t0, pc - 36
Cyc=        114 Op1=[0x00002000] Op2=[0x8000020c] W[W, 1= 0x8000220c]   Mem[0: R:0x00000000 W:0x00000000] PC= 0x8000020c    auipc   ra, 0x2
Cyc=        115 Op1=[0x8000220c] Op2=[0xfffffdf6] W[W, 1= 0x80002002]   Mem[0: R:0x0ff0ff00 W:0x00000000] PC= 0x80000210    addi    ra, ra, -522
Cyc=        116 Op1=[0x80002002] Op2=[0x00000002] W[W,30= 0x00000ff0]   Mem[1: R:0x00000ff0 W:0x00000000] PC= 0x80000214    lh      t5, 2(ra)
Cyc=        117 Op1=[0x00000ff0] Op2=[0x00000000] W[W, 6= 0x00000ff0]   Mem[0: R:0x00000000 W:0x00000000] PC= 0x80000218    mv      t1, t5
Cyc=        118 Op1=[0x00001000] Op2=[0x00000000] W[W,29= 0x00001000]   Mem[0: R:0x00000000 W:0x00000000] PC= 0x8000021c    lui     t4, 0x1
Cyc=        119 Op1=[0x00001000] Op2=[0xfffffff0] W[W,29= 0x00000ff0]   Mem[0: R:0x00000000 W:0x00000000] PC= 0x80000220    addi    t4, t4, -16
Cyc=        120 Op1=[0x00000ff0] Op2=[0x00000ff0] W[_, 4= 0x00000000]   Mem[0: R:0x04c0006f W:0x00000ff0] PC= 0x80000224    bne     t1, t4, pc + 324
Cyc=        121 Op1=[0x00000001] Op2=[0x00000001] W[W, 4= 0x00000002]   Mem[0: R:0x2f7304c0 W:0x80002002] PC= 0x80000228    addi    tp, tp, 1
Cyc=        122 Op1=[0x00000000] Op2=[0x00000002] W[W, 5= 0x00000002]   Mem[0: R:0x2f7304c0 W:0x00000000] PC= 0x8000022c    li      t0, 2
Cyc=        123 Op1=[0x00000002] Op2=[0x00000002] W[_,29= 0x00000000]   Mem[0: R:0x04c0006f W:0x00000002] PC= 0x80000230    bne     tp, t0, pc - 36
Cyc=        124 Op1=[0x00000000] Op2=[0x0000000d] W[W, 3= 0x0000000d]   Mem[0: R:0x9303ff0a W:0x00000000] PC= 0x80000234    li      gp, 13
Cyc=        125 Op1=[0x00000000] Op2=[0x00000000] W[W, 4= 0x00000000]   Mem[0: R:0x04c0006f W:0x00000000] PC= 0x80000238    li      tp, 0
Cyc=        126 Op1=[0x00002000] Op2=[0x8000023c] W[W, 1= 0x8000223c]   Mem[0: R:0x00000000 W:0x00000000] PC= 0x8000023c    auipc   ra, 0x2
Cyc=        127 Op1=[0x8000223c] Op2=[0xfffffdc8] W[W, 1= 0x80002004]   Mem[0: R:0xf00f0ff0 W:0x00000000] PC= 0x80000240    addi    ra, ra, -568
Cyc=        128 Op1=[0x80002004] Op2=[0x00000002] W[W,30= 0xfffff00f]   Mem[1: R:0xfffff00f W:0x00000000] PC= 0x80000244    lh      t5, 2(ra)
Cyc=        129 Op1=[0x00000000] Op2=[0x00000000] W[W, 0= 0x00000000]   Mem[0: R:0x04c0006f W:0x00000000] PC= 0x80000248    nop
Cyc=        130 Op1=[0xfffff00f] Op2=[0x00000000] W[W, 6= 0xfffff00f]   Mem[0: R:0x00000000 W:0x00000000] PC= 0x8000024c    mv      t1, t5
Cyc=        131 Op1=[0xfffff000] Op2=[0x00000000] W[W,29= 0xfffff000]   Mem[0: R:0x00000000 W:0x00000000] PC= 0x80000250    lui     t4, 0xfffff
Cyc=        132 Op1=[0xfffff000] Op2=[0x0000000f] W[W,29= 0xfffff00f]   Mem[0: R:0x00000000 W:0x00000000] PC= 0x80000254    addi    t4, t4, 15
Cyc=        133 Op1=[0xfffff00f] Op2=[0xfffff00f] W[_,16= 0x00000000]   Mem[0: R:0x04c0006f W:0xfffff00f] PC= 0x80000258    bne     t1, t4, pc + 272
Cyc=        134 Op1=[0x00000000] Op2=[0x00000001] W[W, 4= 0x00000001]   Mem[0: R:0x7304c000 W:0x80002004] PC= 0x8000025c    addi    tp, tp, 1
Cyc=        135 Op1=[0x00000000] Op2=[0x00000002] W[W, 5= 0x00000002]   Mem[0: R:0x2f7304c0 W:0x00000000] PC= 0x80000260    li      t0, 2
Cyc=        136 Op1=[0x00000001] Op2=[0x00000002] W[_,25= 0x00000000]   Mem[0: R:0x04c0006f W:0x00000002] PC= 0x80000264  B bne     tp, t0, pc - 40
Cyc=        137 Op1=[0x00002000] Op2=[0x8000023c] W[W, 1= 0x8000223c]   Mem[0: R:0x00000000 W:0x00000000] PC= 0x8000023c    auipc   ra, 0x2
Cyc=        138 Op1=[0x8000223c] Op2=[0xfffffdc8] W[W, 1= 0x80002004]   Mem[0: R:0xf00f0ff0 W:0x00000000] PC= 0x80000240    addi    ra, ra, -568
Cyc=        139 Op1=[0x80002004] Op2=[0x00000002] W[W,30= 0xfffff00f]   Mem[1: R:0xfffff00f W:0x00000000] PC= 0x80000244    lh      t5, 2(ra)
Cyc=        140 Op1=[0x00000000] Op2=[0x00000000] W[W, 0= 0x00000000]   Mem[0: R:0x04c0006f W:0x00000000] PC= 0x80000248    nop
Cyc=        141 Op1=[0xfffff00f] Op2=[0x00000000] W[W, 6= 0xfffff00f]   Mem[0: R:0x00000000 W:0x00000000] PC= 0x8000024c    mv      t1, t5
Cyc=        142 Op1=[0xfffff000] Op2=[0x00000000] W[W,29= 0xfffff000]   Mem[0: R:0x00000000 W:0x00000000] PC= 0x80000250    lui     t4, 0xfffff
Cyc=        143 Op1=[0xfffff000] Op2=[0x0000000f] W[W,29= 0xfffff00f]   Mem[0: R:0x00000000 W:0x00000000] PC= 0x80000254    addi    t4, t4, 15
Cyc=        144 Op1=[0xfffff00f] Op2=[0xfffff00f] W[_,16= 0x00000000]   Mem[0: R:0x04c0006f W:0xfffff00f] PC= 0x80000258    bne     t1, t4, pc + 272
Cyc=        145 Op1=[0x00000001] Op2=[0x00000001] W[W, 4= 0x00000002]   Mem[0: R:0x2f7304c0 W:0x80002004] PC= 0x8000025c    addi    tp, tp, 1
Cyc=        146 Op1=[0x00000000] Op2=[0x00000002] W[W, 5= 0x00000002]   Mem[0: R:0x2f7304c0 W:0x00000000] PC= 0x80000260    li      t0, 2
Cyc=        147 Op1=[0x00000002] Op2=[0x00000002] W[_,25= 0x00000000]   Mem[0: R:0x04c0006f W:0x00000002] PC= 0x80000264    bne     tp, t0, pc - 40
Cyc=        148 Op1=[0x00000000] Op2=[0x0000000e] W[W, 3= 0x0000000e]   Mem[0: R:0x0f9303ff W:0x00000000] PC= 0x80000268    li      gp, 14
Cyc=        149 Op1=[0x00000000] Op2=[0x00000000] W[W, 4= 0x00000000]   Mem[0: R:0x04c0006f W:0x00000000] PC= 0x8000026c    li      tp, 0
Cyc=        150 Op1=[0x00002000] Op2=[0x80000270] W[W, 1= 0x80002270]   Mem[0: R:0x00000000 W:0x00000000] PC= 0x80000270    auipc   ra, 0x2
Cyc=        151 Op1=[0x80002270] Op2=[0xfffffd90] W[W, 1= 0x80002000]   Mem[0: R:0xff0000ff W:0x00000000] PC= 0x80000274    addi    ra, ra, -624
Cyc=        152 Op1=[0x80002000] Op2=[0x00000002] W[W,30= 0xffffff00]   Mem[1: R:0xffffff00 W:0x00000000] PC= 0x80000278    lh      t5, 2(ra)
Cyc=        153 Op1=[0x00000000] Op2=[0x00000000] W[W, 0= 0x00000000]   Mem[0: R:0x04c0006f W:0x00000000] PC= 0x8000027c    nop
Cyc=        154 Op1=[0x00000000] Op2=[0x00000000] W[W, 0= 0x00000000]   Mem[0: R:0x04c0006f W:0x00000000] PC= 0x80000280    nop
Cyc=        155 Op1=[0xffffff00] Op2=[0x00000000] W[W, 6= 0xffffff00]   Mem[0: R:0x00000000 W:0x00000000] PC= 0x80000284    mv      t1, t5
Cyc=        156 Op1=[0x00000000] Op2=[0xffffff00] W[W,29= 0xffffff00]   Mem[0: R:0x00000000 W:0x00000000] PC= 0x80000288    li      t4, -256
Cyc=        157 Op1=[0xffffff00] Op2=[0xffffff00] W[_,28= 0x00000000]   Mem[0: R:0x04c0006f W:0xffffff00] PC= 0x8000028c    bne     t1, t4, pc + 220
Cyc=        158 Op1=[0x00000000] Op2=[0x00000001] W[W, 4= 0x00000001]   Mem[0: R:0x7304c000 W:0x80002000] PC= 0x80000290    addi    tp, tp, 1
Cyc=        159 Op1=[0x00000000] Op2=[0x00000002] W[W, 5= 0x00000002]   Mem[0: R:0x2f7304c0 W:0x00000000] PC= 0x80000294    li      t0, 2
Cyc=        160 Op1=[0x00000001] Op2=[0x00000002] W[_,25= 0x00000000]   Mem[0: R:0x04c0006f W:0x00000002] PC= 0x80000298  B bne     tp, t0, pc - 40
Cyc=        161 Op1=[0x00002000] Op2=[0x80000270] W[W, 1= 0x80002270]   Mem[0: R:0x00000000 W:0x00000000] PC= 0x80000270    auipc   ra, 0x2
Cyc=        162 Op1=[0x80002270] Op2=[0xfffffd90] W[W, 1= 0x80002000]   Mem[0: R:0xff0000ff W:0x00000000] PC= 0x80000274    addi    ra, ra, -624
Cyc=        163 Op1=[0x80002000] Op2=[0x00000002] W[W,30= 0xffffff00]   Mem[1: R:0xffffff00 W:0x00000000] PC= 0x80000278    lh      t5, 2(ra)
Cyc=        164 Op1=[0x00000000] Op2=[0x00000000] W[W, 0= 0x00000000]   Mem[0: R:0x04c0006f W:0x00000000] PC= 0x8000027c    nop
Cyc=        165 Op1=[0x00000000] Op2=[0x00000000] W[W, 0= 0x00000000]   Mem[0: R:0x04c0006f W:0x00000000] PC= 0x80000280    nop
Cyc=        166 Op1=[0xffffff00] Op2=[0x00000000] W[W, 6= 0xffffff00]   Mem[0: R:0x00000000 W:0x00000000] PC= 0x80000284    mv      t1, t5
Cyc=        167 Op1=[0x00000000] Op2=[0xffffff00] W[W,29= 0xffffff00]   Mem[0: R:0x00000000 W:0x00000000] PC= 0x80000288    li      t4, -256
Cyc=        168 Op1=[0xffffff00] Op2=[0xffffff00] W[_,28= 0x00000000]   Mem[0: R:0x04c0006f W:0xffffff00] PC= 0x8000028c    bne     t1, t4, pc + 220
Cyc=        169 Op1=[0x00000001] Op2=[0x00000001] W[W, 4= 0x00000002]   Mem[0: R:0x2f7304c0 W:0x80002000] PC= 0x80000290    addi    tp, tp, 1
Cyc=        170 Op1=[0x00000000] Op2=[0x00000002] W[W, 5= 0x00000002]   Mem[0: R:0x2f7304c0 W:0x00000000] PC= 0x80000294    li      t0, 2
Cyc=        171 Op1=[0x00000002] Op2=[0x00000002] W[_,25= 0x00000000]   Mem[0: R:0x04c0006f W:0x00000002] PC= 0x80000298    bne     tp, t0, pc - 40
Cyc=        172 Op1=[0x00000000] Op2=[0x0000000f] W[W, 3= 0x0000000f]   Mem[0: R:0x900f9303 W:0x00000000] PC= 0x8000029c    li      gp, 15
Cyc=        173 Op1=[0x00000000] Op2=[0x00000000] W[W, 4= 0x00000000]   Mem[0: R:0x04c0006f W:0x00000000] PC= 0x800002a0    li      tp, 0
Cyc=        174 Op1=[0x00002000] Op2=[0x800002a4] W[W, 1= 0x800022a4]   Mem[0: R:0x00000000 W:0x00000000] PC= 0x800002a4    auipc   ra, 0x2
Cyc=        175 Op1=[0x800022a4] Op2=[0xfffffd5e] W[W, 1= 0x80002002]   Mem[0: R:0x0ff0ff00 W:0xffffff00] PC= 0x800002a8    addi    ra, ra, -674
Cyc=        176 Op1=[0x80002002] Op2=[0x00000002] W[W,30= 0x00000ff0]   Mem[1: R:0x00000ff0 W:0x00000000] PC= 0x800002ac    lh      t5, 2(ra)
Cyc=        177 Op1=[0x00001000] Op2=[0x00000000] W[W,29= 0x00001000]   Mem[0: R:0x00000000 W:0x00000000] PC= 0x800002b0    lui     t4, 0x1
Cyc=        178 Op1=[0x00001000] Op2=[0xfffffff0] W[W,29= 0x00000ff0]   Mem[0: R:0x00000000 W:0x00000000] PC= 0x800002b4    addi    t4, t4, -16
Cyc=        179 Op1=[0x00000ff0] Op2=[0x00000ff0] W[_,16= 0x00000000]   Mem[0: R:0x04c0006f W:0x00000ff0] PC= 0x800002b8    bne     t5, t4, pc + 176
Cyc=        180 Op1=[0x00000000] Op2=[0x00000001] W[W, 4= 0x00000001]   Mem[0: R:0x7304c000 W:0x80002002] PC= 0x800002bc    addi    tp, tp, 1
Cyc=        181 Op1=[0x00000000] Op2=[0x00000002] W[W, 5= 0x00000002]   Mem[0: R:0x2f7304c0 W:0x00000000] PC= 0x800002c0    li      t0, 2
Cyc=        182 Op1=[0x00000001] Op2=[0x00000002] W[_, 1= 0x00000000]   Mem[0: R:0x04c0006f W:0x00000002] PC= 0x800002c4  B bne     tp, t0, pc - 32
Cyc=        183 Op1=[0x00002000] Op2=[0x800002a4] W[W, 1= 0x800022a4]   Mem[0: R:0x00000000 W:0x00000000] PC= 0x800002a4    auipc   ra, 0x2
Cyc=        184 Op1=[0x800022a4] Op2=[0xfffffd5e] W[W, 1= 0x80002002]   Mem[0: R:0x0ff0ff00 W:0x00000ff0] PC= 0x800002a8    addi    ra, ra, -674
Cyc=        185 Op1=[0x80002002] Op2=[0x00000002] W[W,30= 0x00000ff0]   Mem[1: R:0x00000ff0 W:0x00000000] PC= 0x800002ac    lh      t5, 2(ra)
Cyc=        186 Op1=[0x00001000] Op2=[0x00000000] W[W,29= 0x00001000]   Mem[0: R:0x00000000 W:0x00000000] PC= 0x800002b0    lui     t4, 0x1
Cyc=        187 Op1=[0x00001000] Op2=[0xfffffff0] W[W,29= 0x00000ff0]   Mem[0: R:0x00000000 W:0x00000000] PC= 0x800002b4    addi    t4, t4, -16
Cyc=        188 Op1=[0x00000ff0] Op2=[0x00000ff0] W[_,16= 0x00000000]   Mem[0: R:0x04c0006f W:0x00000ff0] PC= 0x800002b8    bne     t5, t4, pc + 176
Cyc=        189 Op1=[0x00000001] Op2=[0x00000001] W[W, 4= 0x00000002]   Mem[0: R:0x2f7304c0 W:0x80002002] PC= 0x800002bc    addi    tp, tp, 1
Cyc=        190 Op1=[0x00000000] Op2=[0x00000002] W[W, 5= 0x00000002]   Mem[0: R:0x2f7304c0 W:0x00000000] PC= 0x800002c0    li      t0, 2
Cyc=        191 Op1=[0x00000002] Op2=[0x00000002] W[_, 1= 0x00000000]   Mem[0: R:0x04c0006f W:0x00000002] PC= 0x800002c4    bne     tp, t0, pc - 32
Cyc=        192 Op1=[0x00000000] Op2=[0x00000010] W[W, 3= 0x00000010]   Mem[0: R:0x00900f93 W:0x00000000] PC= 0x800002c8    li      gp, 16
Cyc=        193 Op1=[0x00000000] Op2=[0x00000000] W[W, 4= 0x00000000]   Mem[0: R:0x04c0006f W:0x00000000] PC= 0x800002cc    li      tp, 0
Cyc=        194 Op1=[0x00002000] Op2=[0x800002d0] W[W, 1= 0x800022d0]   Mem[0: R:0x00000000 W:0x00000000] PC= 0x800002d0    auipc   ra, 0x2
Cyc=        195 Op1=[0x800022d0] Op2=[0xfffffd34] W[W, 1= 0x80002004]   Mem[0: R:0xf00f0ff0 W:0x00000000] PC= 0x800002d4    addi    ra, ra, -716
Cyc=        196 Op1=[0x00000000] Op2=[0x00000000] W[W, 0= 0x00000000]   Mem[0: R:0x04c0006f W:0x00000000] PC= 0x800002d8    nop
Cyc=        197 Op1=[0x80002004] Op2=[0x00000002] W[W,30= 0xfffff00f]   Mem[1: R:0xfffff00f W:0x00000000] PC= 0x800002dc    lh      t5, 2(ra)
Cyc=        198 Op1=[0xfffff000] Op2=[0x00000000] W[W,29= 0xfffff000]   Mem[0: R:0x00000000 W:0x00000000] PC= 0x800002e0    lui     t4, 0xfffff
Cyc=        199 Op1=[0xfffff000] Op2=[0x0000000f] W[W,29= 0xfffff00f]   Mem[0: R:0x00000000 W:0x00000000] PC= 0x800002e4    addi    t4, t4, 15
Cyc=        200 Op1=[0xfffff00f] Op2=[0xfffff00f] W[_, 0= 0x00000000]   Mem[0: R:0x04c0006f W:0xfffff00f] PC= 0x800002e8    bne     t5, t4, pc + 128
Cyc=        201 Op1=[0x00000000] Op2=[0x00000001] W[W, 4= 0x00000001]   Mem[0: R:0x7304c000 W:0x80002004] PC= 0x800002ec    addi    tp, tp, 1
Cyc=        202 Op1=[0x00000000] Op2=[0x00000002] W[W, 5= 0x00000002]   Mem[0: R:0x2f7304c0 W:0x00000000] PC= 0x800002f0    li      t0, 2
Cyc=        203 Op1=[0x00000001] Op2=[0x00000002] W[_,29= 0x00000000]   Mem[0: R:0x04c0006f W:0x00000002] PC= 0x800002f4  B bne     tp, t0, pc - 36
Cyc=        204 Op1=[0x00002000] Op2=[0x800002d0] W[W, 1= 0x800022d0]   Mem[0: R:0x00000000 W:0x00000000] PC= 0x800002d0    auipc   ra, 0x2
Cyc=        205 Op1=[0x800022d0] Op2=[0xfffffd34] W[W, 1= 0x80002004]   Mem[0: R:0xf00f0ff0 W:0x00000000] PC= 0x800002d4    addi    ra, ra, -716
Cyc=        206 Op1=[0x00000000] Op2=[0x00000000] W[W, 0= 0x00000000]   Mem[0: R:0x04c0006f W:0x00000000] PC= 0x800002d8    nop
Cyc=        207 Op1=[0x80002004] Op2=[0x00000002] W[W,30= 0xfffff00f]   Mem[1: R:0xfffff00f W:0x00000000] PC= 0x800002dc    lh      t5, 2(ra)
Cyc=        208 Op1=[0xfffff000] Op2=[0x00000000] W[W,29= 0xfffff000]   Mem[0: R:0x00000000 W:0x00000000] PC= 0x800002e0    lui     t4, 0xfffff
Cyc=        209 Op1=[0xfffff000] Op2=[0x0000000f] W[W,29= 0xfffff00f]   Mem[0: R:0x00000000 W:0x00000000] PC= 0x800002e4    addi    t4, t4, 15
Cyc=        210 Op1=[0xfffff00f] Op2=[0xfffff00f] W[_, 0= 0x00000000]   Mem[0: R:0x04c0006f W:0xfffff00f] PC= 0x800002e8    bne     t5, t4, pc + 128
Cyc=        211 Op1=[0x00000001] Op2=[0x00000001] W[W, 4= 0x00000002]   Mem[0: R:0x2f7304c0 W:0x80002004] PC= 0x800002ec    addi    tp, tp, 1
Cyc=        212 Op1=[0x00000000] Op2=[0x00000002] W[W, 5= 0x00000002]   Mem[0: R:0x2f7304c0 W:0x00000000] PC= 0x800002f0    li      t0, 2
Cyc=        213 Op1=[0x00000002] Op2=[0x00000002] W[_,29= 0x00000000]   Mem[0: R:0x04c0006f W:0x00000002] PC= 0x800002f4    bne     tp, t0, pc - 36
Cyc=        214 Op1=[0x00000000] Op2=[0x00000011] W[W, 3= 0x00000011]   Mem[0: R:0x6300900f W:0x00000000] PC= 0x800002f8    li      gp, 17
Cyc=        215 Op1=[0x00000000] Op2=[0x00000000] W[W, 4= 0x00000000]   Mem[0: R:0x04c0006f W:0x00000000] PC= 0x800002fc    li      tp, 0
Cyc=        216 Op1=[0x00002000] Op2=[0x80000300] W[W, 1= 0x80002300]   Mem[0: R:0x00000000 W:0x00000000] PC= 0x80000300    auipc   ra, 0x2
Cyc=        217 Op1=[0x80002300] Op2=[0xfffffd00] W[W, 1= 0x80002000]   Mem[0: R:0xff0000ff W:0x00000000] PC= 0x80000304    addi    ra, ra, -768
Cyc=        218 Op1=[0x00000000] Op2=[0x00000000] W[W, 0= 0x00000000]   Mem[0: R:0x04c0006f W:0x00000000] PC= 0x80000308    nop
Cyc=        219 Op1=[0x00000000] Op2=[0x00000000] W[W, 0= 0x00000000]   Mem[0: R:0x04c0006f W:0x00000000] PC= 0x8000030c    nop
Cyc=        220 Op1=[0x80002000] Op2=[0x00000002] W[W,30= 0xffffff00]   Mem[1: R:0xffffff00 W:0x00000000] PC= 0x80000310    lh      t5, 2(ra)
Cyc=        221 Op1=[0x00000000] Op2=[0xffffff00] W[W,29= 0xffffff00]   Mem[0: R:0x00000000 W:0x00000000] PC= 0x80000314    li      t4, -256
Cyc=        222 Op1=[0xffffff00] Op2=[0xffffff00] W[_,16= 0x00000000]   Mem[0: R:0x04c0006f W:0xffffff00] PC= 0x80000318    bne     t5, t4, pc + 80
Cyc=        223 Op1=[0x00000000] Op2=[0x00000001] W[W, 4= 0x00000001]   Mem[0: R:0x7304c000 W:0x80002000] PC= 0x8000031c    addi    tp, tp, 1
Cyc=        224 Op1=[0x00000000] Op2=[0x00000002] W[W, 5= 0x00000002]   Mem[0: R:0x2f7304c0 W:0x00000000] PC= 0x80000320    li      t0, 2
Cyc=        225 Op1=[0x00000001] Op2=[0x00000002] W[_,29= 0x00000000]   Mem[0: R:0x04c0006f W:0x00000002] PC= 0x80000324  B bne     tp, t0, pc - 36
Cyc=        226 Op1=[0x00002000] Op2=[0x80000300] W[W, 1= 0x80002300]   Mem[0: R:0x00000000 W:0x00000000] PC= 0x80000300    auipc   ra, 0x2
Cyc=        227 Op1=[0x80002300] Op2=[0xfffffd00] W[W, 1= 0x80002000]   Mem[0: R:0xff0000ff W:0x00000000] PC= 0x80000304    addi    ra, ra, -768
Cyc=        228 Op1=[0x00000000] Op2=[0x00000000] W[W, 0= 0x00000000]   Mem[0: R:0x04c0006f W:0x00000000] PC= 0x80000308    nop
Cyc=        229 Op1=[0x00000000] Op2=[0x00000000] W[W, 0= 0x00000000]   Mem[0: R:0x04c0006f W:0x00000000] PC= 0x8000030c    nop
Cyc=        230 Op1=[0x80002000] Op2=[0x00000002] W[W,30= 0xffffff00]   Mem[1: R:0xffffff00 W:0x00000000] PC= 0x80000310    lh      t5, 2(ra)
Cyc=        231 Op1=[0x00000000] Op2=[0xffffff00] W[W,29= 0xffffff00]   Mem[0: R:0x00000000 W:0x00000000] PC= 0x80000314    li      t4, -256
Cyc=        232 Op1=[0xffffff00] Op2=[0xffffff00] W[_,16= 0x00000000]   Mem[0: R:0x04c0006f W:0xffffff00] PC= 0x80000318    bne     t5, t4, pc + 80
Cyc=        233 Op1=[0x00000001] Op2=[0x00000001] W[W, 4= 0x00000002]   Mem[0: R:0x2f7304c0 W:0x80002000] PC= 0x8000031c    addi    tp, tp, 1
Cyc=        234 Op1=[0x00000000] Op2=[0x00000002] W[W, 5= 0x00000002]   Mem[0: R:0x2f7304c0 W:0x00000000] PC= 0x80000320    li      t0, 2
Cyc=        235 Op1=[0x00000002] Op2=[0x00000002] W[_,29= 0x00000000]   Mem[0: R:0x04c0006f W:0x00000002] PC= 0x80000324    bne     tp, t0, pc - 36
Cyc=        236 Op1=[0x00002000] Op2=[0x80000328] W[W, 5= 0x80002328]   Mem[0: R:0x00000000 W:0x00000000] PC= 0x80000328    auipc   t0, 0x2
Cyc=        237 Op1=[0x80002328] Op2=[0xfffffcd8] W[W, 5= 0x80002000]   Mem[0: R:0xff0000ff W:0x00000000] PC= 0x8000032c    addi    t0, t0, -808
Cyc=        238 Op1=[0x80002000] Op2=[0x00000000] W[W, 2= 0x000000ff]   Mem[1: R:0x000000ff W:0x00000000] PC= 0x80000330    lh      sp, 0(t0)
Cyc=        239 Op1=[0x00000000] Op2=[0x00000002] W[W, 2= 0x00000002]   Mem[0: R:0x2f7304c0 W:0x000000ff] PC= 0x80000334    li      sp, 2
Cyc=        240 Op1=[0x00000000] Op2=[0x00000002] W[W,29= 0x00000002]   Mem[0: R:0x2f7304c0 W:0x00000002] PC= 0x80000338    li      t4, 2
Cyc=        241 Op1=[0x00000000] Op2=[0x00000012] W[W, 3= 0x00000012]   Mem[0: R:0x06630090 W:0x00000000] PC= 0x8000033c    li      gp, 18
Cyc=        242 Op1=[0x00000002] Op2=[0x00000002] W[_, 8= 0x00000000]   Mem[0: R:0x04c0006f W:0x00000002] PC= 0x80000340    bne     sp, t4, pc + 40
Cyc=        243 Op1=[0x00002000] Op2=[0x80000344] W[W, 5= 0x80002344]   Mem[0: R:0x00000000 W:0x00000000] PC= 0x80000344    auipc   t0, 0x2
Cyc=        244 Op1=[0x80002344] Op2=[0xfffffcbc] W[W, 5= 0x80002000]   Mem[0: R:0xff0000ff W:0x00000000] PC= 0x80000348    addi    t0, t0, -836
Cyc=        245 Op1=[0x80002000] Op2=[0x00000000] W[W, 2= 0x000000ff]   Mem[1: R:0x000000ff W:0x00000000] PC= 0x8000034c    lh      sp, 0(t0)
Cyc=        246 Op1=[0x00000000] Op2=[0x00000000] W[W, 0= 0x00000000]   Mem[0: R:0x04c0006f W:0x00000000] PC= 0x80000350    nop
Cyc=        247 Op1=[0x00000000] Op2=[0x00000002] W[W, 2= 0x00000002]   Mem[0: R:0x2f7304c0 W:0x000000ff] PC= 0x80000354    li      sp, 2
Cyc=        248 Op1=[0x00000000] Op2=[0x00000002] W[W,29= 0x00000002]   Mem[0: R:0x2f7304c0 W:0x00000002] PC= 0x80000358    li      t4, 2
Cyc=        249 Op1=[0x00000000] Op2=[0x00000013] W[W, 3= 0x00000013]   Mem[0: R:0xff066300 W:0x00000000] PC= 0x8000035c    li      gp, 19
Cyc=        250 Op1=[0x00000002] Op2=[0x00000002] W[_, 8= 0x00000000]   Mem[0: R:0x04c0006f W:0x00000002] PC= 0x80000360    bne     sp, t4, pc + 8
Cyc=        251 Op1=[0x00000000] Op2=[0x00000013] W[_,24= 0x00000000]   Mem[0: R:0x04c0006f W:0x00000013] PC= 0x80000364  B bne     zero, gp, pc + 24
Cyc=        252 Op1=[0x00000000] Op2=[0x00000000] W[_, 0= 0x00000000]   Mem[0: R:0x04c0006f W:0x00000000] PC= 0x8000037c    fence
Cyc=        253 Op1=[0x00000000] Op2=[0x00000001] W[W, 3= 0x00000001]   Mem[0: R:0x7304c000 W:0x80002000] PC= 0x80000380    li      gp, 1
Cyc=        254 Op1=[0x00000000] Op2=[0x00000000] W[_, 0= 0x00000000]   Mem[0: R:0x04c0006f W:0x00000000] PC= 0x80000384  X ecall
Cyc=        255 Op1=[0x00000000] Op2=[0x00000002] W[W,30= 0x0000000b]   Mem[3: R:0x04c0006f W:0x00000002] PC= 0x80000004    csrr    t5, mcause
Cyc=        256 Op1=[0x00000000] Op2=[0x00000008] W[W,31= 0x00000008]   Mem[0: R:0x00800f93 W:0x00000000] PC= 0x80000008    li      t6, 8
Cyc=        257 Op1=[0x0000000b] Op2=[0x00000008] W[_,20= 0x00000000]   Mem[0: R:0x04c0006f W:0x00000008] PC= 0x8000000c    beq     t5, t6, pc + 52
Cyc=        258 Op1=[0x00000000] Op2=[0x00000009] W[W,31= 0x00000009]   Mem[0: R:0x6300800f W:0x00000000] PC= 0x80000010    li      t6, 9
Cyc=        259 Op1=[0x0000000b] Op2=[0x00000009] W[_,12= 0x00000000]   Mem[0: R:0x04c0006f W:0x00000009] PC= 0x80000014    beq     t5, t6, pc + 44
Cyc=        260 Op1=[0x00000000] Op2=[0x0000000b] W[W,31= 0x0000000b]   Mem[0: R:0xff0a6300 W:0x00000000] PC= 0x80000018    li      t6, 11
Cyc=        261 Op1=[0x0000000b] Op2=[0x0000000b] W[_, 4= 0x00000000]   Mem[0: R:0x04c0006f W:0x0000000b] PC= 0x8000001c  B beq     t5, t6, pc + 36
Cyc=        262 Op1=[0x00001000] Op2=[0x80000040] W[W,30= 0x80001040]   Mem[0: R:0x00000000 W:0x00000000] PC= 0x80000040    auipc   t5, 0x1
Cyc=        263 Op1=[0x80001040] Op2=[0xffffffc0] W[_, 0= 0x80001000]   Mem[0: R:0x00000000 W:0x00000001] PC= 0x80000044    sw      gp, -64(t5)
Cyc=        264 Op1=[0x0000000b] Op2=[0x00000000] W[W, 0= 0x8000004c]   Mem[2: R:0x04c0006f W:0x00000000] PC= 0x80000048  J j       pc - 0x8
Cyc=        265 Op1=[0x00001000] Op2=[0x80000040] W[W,30= 0x80001040]   Mem[0: R:0x00000000 W:0x00000000] PC= 0x80000040    auipc   t5, 0x1
Cyc=        266 Op1=[0x80001040] Op2=[0xffffffc0] W[_, 0= 0x80001000]   Mem[0: R:0x00000001 W:0x00000001] PC= 0x80000044    sw      gp, -64(t5)
Cyc=        267 Op1=[0x0000000b] Op2=[0x00000000] W[W, 0= 0x8000004c]   Mem[2: R:0x04c0006f W:0x00000000] PC= 0x80000048  J j       pc - 0x8
Cyc=        268 Op1=[0x00001000] Op2=[0x80000040] W[W,30= 0x80001040]   Mem[0: R:0x00000000 W:0x00000000] PC= 0x80000040    auipc   t5, 0x1
Cyc=        269 Op1=[0x80001040] Op2=[0xffffffc0] W[_, 0= 0x80001000]   Mem[0: R:0x00000001 W:0x00000001] PC= 0x80000044    sw      gp, -64(t5)
Cyc=        270 Op1=[0x0000000b] Op2=[0x00000000] W[W, 0= 0x8000004c]   Mem[2: R:0x04c0006f W:0x00000000] PC= 0x80000048  J j       pc - 0x8
Cyc=        271 Op1=[0x00001000] Op2=[0x80000040] W[W,30= 0x80001040]   Mem[0: R:0x00000000 W:0x00000000] PC= 0x80000040    auipc   t5, 0x1
Cyc=        272 Op1=[0x80001040] Op2=[0xffffffc0] W[_, 0= 0x80001000]   Mem[0: R:0x00000001 W:0x00000001] PC= 0x80000044    sw      gp, -64(t5)
Cyc=        273 Op1=[0x0000000b] Op2=[0x00000000] W[W, 0= 0x8000004c]   Mem[2: R:0x04c0006f W:0x00000000] PC= 0x80000048  J j       pc - 0x8
Cyc=        274 Op1=[0x00001000] Op2=[0x80000040] W[W,30= 0x80001040]   Mem[0: R:0x00000000 W:0x00000000] PC= 0x80000040    auipc   t5, 0x1
Cyc=        275 Op1=[0x80001040] Op2=[0xffffffc0] W[_, 0= 0x80001000]   Mem[0: R:0x00000001 W:0x00000001] PC= 0x80000044    sw      gp, -64(t5)
Cyc=        276 Op1=[0x0000000b] Op2=[0x00000000] W[W, 0= 0x8000004c]   Mem[2: R:0x04c0006f W:0x00000000] PC= 0x80000048  J j       pc - 0x8
Cyc=        277 Op1=[0x00001000] Op2=[0x80000040] W[W,30= 0x80001040]   Mem[0: R:0x00000000 W:0x00000000] PC= 0x80000040    auipc   t5, 0x1
Cyc=        278 Op1=[0x80001040] Op2=[0xffffffc0] W[_, 0= 0x80001000]   Mem[0: R:0x00000001 W:0x00000001] PC= 0x80000044    sw      gp, -64(t5)
Cyc=        279 Op1=[0x0000000b] Op2=[0x00000000] W[W, 0= 0x8000004c]   Mem[2: R:0x04c0006f W:0x00000000] PC= 0x80000048  J j       pc - 0x8
Cyc=        280 Op1=[0x00001000] Op2=[0x80000040] W[W,30= 0x80001040]   Mem[0: R:0x00000000 W:0x00000000] PC= 0x80000040    auipc   t5, 0x1
Cyc=        281 Op1=[0x80001040] Op2=[0xffffffc0] W[_, 0= 0x80001000]   Mem[0: R:0x00000001 W:0x00000001] PC= 0x80000044    sw      gp, -64(t5)
Cyc=        282 Op1=[0x0000000b] Op2=[0x00000000] W[W, 0= 0x8000004c]   Mem[2: R:0x04c0006f W:0x00000000] PC= 0x80000048  J j       pc - 0x8
Cyc=        283 Op1=[0x00001000] Op2=[0x80000040] W[W,30= 0x80001040]   Mem[0: R:0x00000000 W:0x00000000] PC= 0x80000040    auipc   t5, 0x1
Cyc=        284 Op1=[0x80001040] Op2=[0xffffffc0] W[_, 0= 0x80001000]   Mem[0: R:0x00000001 W:0x00000001] PC= 0x80000044    sw      gp, -64(t5)
Cyc=        285 Op1=[0x0000000b] Op2=[0x00000000] W[W, 0= 0x8000004c]   Mem[2: R:0x04c0006f W:0x00000000] PC= 0x80000048  J j       pc - 0x8
Cyc=        286 Op1=[0x00001000] Op2=[0x80000040] W[W,30= 0x80001040]   Mem[0: R:0x00000000 W:0x00000000] PC= 0x80000040    auipc   t5, 0x1
Cyc=        287 Op1=[0x80001040] Op2=[0xffffffc0] W[_, 0= 0x80001000]   Mem[0: R:0x00000001 W:0x00000001] PC= 0x80000044    sw      gp, -64(t5)
Cyc=        288 Op1=[0x0000000b] Op2=[0x00000000] W[W, 0= 0x8000004c]   Mem[2: R:0x04c0006f W:0x00000000] PC= 0x80000048  J j       pc - 0x8
Cyc=        289 Op1=[0x00001000] Op2=[0x80000040] W[W,30= 0x80001040]   Mem[0: R:0x00000000 W:0x00000000] PC= 0x80000040    auipc   t5, 0x1
Cyc=        290 Op1=[0x80001040] Op2=[0xffffffc0] W[_, 0= 0x80001000]   Mem[0: R:0x00000001 W:0x00000001] PC= 0x80000044    sw      gp, -64(t5)
Cyc=        291 Op1=[0x0000000b] Op2=[0x00000000] W[W, 0= 0x8000004c]   Mem[2: R:0x04c0006f W:0x00000000] PC= 0x80000048  J j       pc - 0x8
Cyc=        292 Op1=[0x00001000] Op2=[0x80000040] W[W,30= 0x80001040]   Mem[0: R:0x00000000 W:0x00000000] PC= 0x80000040    auipc   t5, 0x1
Cyc=        293 Op1=[0x80001040] Op2=[0xffffffc0] W[_, 0= 0x80001000]   Mem[0: R:0x00000000 W:0x00000001] PC= 0x80000044    sw      gp, -64(t5)
Cyc=        294 Op1=[0x0000000b] Op2=[0x00000000] W[W, 0= 0x8000004c]   Mem[2: R:0x04c0006f W:0x00000000] PC= 0x80000048  J j       pc - 0x8
Cyc=        295 Op1=[0x00001000] Op2=[0x80000040] W[W,30= 0x80001040]   Mem[0: R:0x00000000 W:0x00000000] PC= 0x80000040    auipc   t5, 0x1
*** PASSED ***
