Instantiated DTM.
Cyc=          0 Op1=[0x00000000] Op2=[0x00000000] W[W, 0= 0x80000004]   Mem[2: R:0x04c0006f W:0x00000000] PC= 0x80000000  J j       pc + 0x4c
Cyc=          1 Op1=[0x00000000] Op2=[0x00000000] W[W,10= 0x00000000]   Mem[3: R:0x04c0006f W:0x00000000] PC= 0x8000004c    csrr    a0, mhartid
Cyc=          2 Op1=[0x00000000] Op2=[0x00000000] W[_, 0= 0x00000000]   Mem[0: R:0x04c0006f W:0x00000000] PC= 0x80000050    bnez    a0, pc + 0
Cyc=          3 Op1=[0x00000000] Op2=[0x80000054] W[W, 5= 0x80000054]   Mem[0: R:0x00000297 W:0x00000000] PC= 0x80000054    auipc   t0, 0x0
Cyc=          4 Op1=[0x80000054] Op2=[0x00000010] W[W, 5= 0x80000064]   Mem[0: R:0x00000297 W:0x00000000] PC= 0x80000058    addi    t0, t0, 16
Cyc=          5 Op1=[0x80000064] Op2=[0x80000064] W[W, 0= 0x00000100]   Mem[3: R:0x00000297 W:0x80000064] PC= 0x8000005c    csrw    mtvec, t0
Cyc=          6 Op1=[0x00000000] Op2=[0x00000000] W[W, 0= 0x00000000]   Mem[3: R:0x04c0006f W:0x00000000] PC= 0x80000060    csrwi   satp, 0
Cyc=          7 Op1=[0x00000000] Op2=[0x80000064] W[W, 5= 0x80000064]   Mem[0: R:0x00000297 W:0x00000000] PC= 0x80000064    auipc   t0, 0x0
Cyc=          8 Op1=[0x80000064] Op2=[0x0000001c] W[W, 5= 0x80000080]   Mem[0: R:0x00000297 W:0x00000000] PC= 0x80000068    addi    t0, t0, 28
Cyc=          9 Op1=[0x80000080] Op2=[0x80000080] W[W, 0= 0x00000100]   Mem[3: R:0x00000297 W:0x80000080] PC= 0x8000006c    csrw    mtvec, t0
Cyc=         10 Op1=[0x00000000] Op2=[0xffffffff] W[W, 5= 0xffffffff]   Mem[0: R:0xc0006f00 W:0x00000000] PC= 0x80000070    li      t0, -1
Cyc=         11 Op1=[0xffffffff] Op2=[0x00000000] W[W, 0= 0x00000000]   Mem[3: R:0xc0006f00 W:0x00000000] PC= 0x80000074    csrw    pmpaddr0, t0
Cyc=         12 Op1=[0x00000000] Op2=[0x0000001f] W[W, 5= 0x0000001f]   Mem[0: R:0x000f1703 W:0x00000000] PC= 0x80000078    li      t0, 31
Cyc=         13 Op1=[0x0000001f] Op2=[0x00000000] W[W, 0= 0x00000000]   Mem[3: R:0x000f1703 W:0x00000000] PC= 0x8000007c    csrw    pmpcfg0, t0
Cyc=         14 Op1=[0x00000000] Op2=[0x80000080] W[W, 5= 0x80000080]   Mem[0: R:0x00000297 W:0x00000000] PC= 0x80000080    auipc   t0, 0x0
Cyc=         15 Op1=[0x80000080] Op2=[0x00000018] W[W, 5= 0x80000098]   Mem[0: R:0x00000193 W:0x00000000] PC= 0x80000084    addi    t0, t0, 24
Cyc=         16 Op1=[0x80000098] Op2=[0x80000098] W[W, 0= 0x00000100]   Mem[3: R:0x00000193 W:0x80000098] PC= 0x80000088    csrw    mtvec, t0
Cyc=         17 Op1=[0x00000000] Op2=[0x00000000] W[W, 0= 0x00000000]   Mem[3: R:0x04c0006f W:0x00000000] PC= 0x8000008c    csrwi   medeleg, 0
Cyc=         18 Op1=[0x00000000] Op2=[0x00000000] W[W, 0= 0x00000000]   Mem[3: R:0x04c0006f W:0x00000000] PC= 0x80000090    csrwi   mideleg, 0
Cyc=         19 Op1=[0x00000000] Op2=[0x00000000] W[W, 0= 0x00000000]   Mem[3: R:0x04c0006f W:0x00000000] PC= 0x80000094    csrwi   mie, 0
Cyc=         20 Op1=[0x00000000] Op2=[0x00000000] W[W, 3= 0x00000000]   Mem[0: R:0x04c0006f W:0x00000000] PC= 0x80000098    li      gp, 0
Cyc=         21 Op1=[0x00000000] Op2=[0x8000009c] W[W, 5= 0x8000009c]   Mem[0: R:0x00000297 W:0x00000000] PC= 0x8000009c    auipc   t0, 0x0
Cyc=         22 Op1=[0x8000009c] Op2=[0xffffff68] W[W, 5= 0x80000004]   Mem[0: R:0x34202f73 W:0x00000000] PC= 0x800000a0    addi    t0, t0, -152
Cyc=         23 Op1=[0x80000004] Op2=[0x80000004] W[W, 0= 0x00000100]   Mem[3: R:0x34202f73 W:0x80000004] PC= 0x800000a4    csrw    mtvec, t0
Cyc=         24 Op1=[0x00000000] Op2=[0x00000001] W[W,10= 0x00000001]   Mem[0: R:0x7304c000 W:0x00000000] PC= 0x800000a8    li      a0, 1
Cyc=         25 Op1=[0x00000001] Op2=[0x0000001f] W[W,10= 0x80000000]   Mem[0: R:0x04c0006f W:0x00000000] PC= 0x800000ac    slli    a0, a0, 31
Cyc=         26 Op1=[0x80000000] Op2=[0x00000000] W[_,16= 0x00000000]   Mem[0: R:0x04c0006f W:0x00000000] PC= 0x800000b0  B bltz    a0, pc + 16
Cyc=         27 Op1=[0x80000000] Op2=[0x800000c0] W[W, 5= 0x000000c0]   Mem[0: R:0x80000297 W:0x00000000] PC= 0x800000c0    auipc   t0, 0x80000
Cyc=         28 Op1=[0x000000c0] Op2=[0xffffff40] W[W, 5= 0x00000000]   Mem[0: R:0x04c0006f W:0x00000000] PC= 0x800000c4    addi    t0, t0, -192
Cyc=         29 Op1=[0x00000000] Op2=[0x00000000] W[_,28= 0x00000000]   Mem[0: R:0x04c0006f W:0x00000000] PC= 0x800000c8  B beqz    t0, pc + 28
Cyc=         30 Op1=[0x00000000] Op2=[0x00000000] W[W, 0= 0x00001800]   Mem[3: R:0x04c0006f W:0x00000000] PC= 0x800000e4    csrwi   mstatus, 0
Cyc=         31 Op1=[0x00000000] Op2=[0x800000e8] W[W, 5= 0x800000e8]   Mem[0: R:0x00000297 W:0x00000000] PC= 0x800000e8    auipc   t0, 0x0
Cyc=         32 Op1=[0x800000e8] Op2=[0x00000014] W[W, 5= 0x800000fc]   Mem[0: R:0x00000093 W:0x00000000] PC= 0x800000ec    addi    t0, t0, 20
Cyc=         33 Op1=[0x800000fc] Op2=[0x00000000] W[W, 0= 0x80000000]   Mem[3: R:0x00000093 W:0x00000000] PC= 0x800000f0    csrw    mepc, t0
Cyc=         34 Op1=[0x00000000] Op2=[0x00000000] W[W,10= 0x00000000]   Mem[3: R:0x04c0006f W:0x00000000] PC= 0x800000f4    csrr    a0, mhartid
Cyc=         35 Op1=[0x00000000] Op2=[0x00000000] W[_, 0= 0x00000000]   Mem[0: R:0x04c0006f W:0x00000000] PC= 0x800000f8  X mret
Cyc=         36 Op1=[0x00000000] Op2=[0x00000000] W[W, 1= 0x00000000]   Mem[0: R:0x04c0006f W:0x00000000] PC= 0x800000fc    li      ra, 0
Cyc=         37 Op1=[0x00000000] Op2=[0x00000400] W[W,30= 0x00000000]   Mem[0: R:0x04c0006f W:0x00000000] PC= 0x80000100    srai    t5, ra, 0
Cyc=         38 Op1=[0x00000000] Op2=[0x00000000] W[W,29= 0x00000000]   Mem[0: R:0x04c0006f W:0x00000000] PC= 0x80000104    li      t4, 0
Cyc=         39 Op1=[0x00000000] Op2=[0x00000002] W[W, 3= 0x00000002]   Mem[0: R:0x2f7304c0 W:0x00000000] PC= 0x80000108    li      gp, 2
Cyc=         40 Op1=[0x00000000] Op2=[0x00000000] W[_, 8= 0x00000000]   Mem[0: R:0x04c0006f W:0x00000000] PC= 0x8000010c    bne     t5, t4, pc + 680
Cyc=         41 Op1=[0x80000000] Op2=[0x00000000] W[W, 1= 0x80000000]   Mem[0: R:0x04c0006f W:0x00000000] PC= 0x80000110    lui     ra, 0x80000
Cyc=         42 Op1=[0x80000000] Op2=[0x00000401] W[W,30= 0xc0000000]   Mem[0: R:0x04c0006f W:0x80000000] PC= 0x80000114    srai    t5, ra, 1
Cyc=         43 Op1=[0xc0000000] Op2=[0x00000000] W[W,29= 0xc0000000]   Mem[0: R:0x04c0006f W:0x00000000] PC= 0x80000118    lui     t4, 0xc0000
Cyc=         44 Op1=[0x00000000] Op2=[0x00000003] W[W, 3= 0x00000003]   Mem[0: R:0x202f7304 W:0x00000002] PC= 0x8000011c    li      gp, 3
Cyc=         45 Op1=[0xc0000000] Op2=[0xc0000000] W[_,20= 0x00000000]   Mem[0: R:0x04c0006f W:0xc0000000] PC= 0x80000120    bne     t5, t4, pc + 660
Cyc=         46 Op1=[0x80000000] Op2=[0x00000000] W[W, 1= 0x80000000]   Mem[0: R:0x04c0006f W:0x00000000] PC= 0x80000124    lui     ra, 0x80000
Cyc=         47 Op1=[0x80000000] Op2=[0x00000407] W[W,30= 0xff000000]   Mem[0: R:0x04c0006f W:0x00000000] PC= 0x80000128    srai    t5, ra, 7
Cyc=         48 Op1=[0xff000000] Op2=[0x00000000] W[W,29= 0xff000000]   Mem[0: R:0x04c0006f W:0x00000000] PC= 0x8000012c    lui     t4, 0xff000
Cyc=         49 Op1=[0x00000000] Op2=[0x00000004] W[W, 3= 0x00000004]   Mem[0: R:0x34202f73 W:0x00000000] PC= 0x80000130    li      gp, 4
Cyc=         50 Op1=[0xff000000] Op2=[0xff000000] W[_, 0= 0x00000000]   Mem[0: R:0x04c0006f W:0xff000000] PC= 0x80000134    bne     t5, t4, pc + 640
Cyc=         51 Op1=[0x80000000] Op2=[0x00000000] W[W, 1= 0x80000000]   Mem[0: R:0x04c0006f W:0x00000000] PC= 0x80000138    lui     ra, 0x80000
Cyc=         52 Op1=[0x80000000] Op2=[0x0000040e] W[W,30= 0xfffe0000]   Mem[0: R:0x00000000 W:0x00000000] PC= 0x8000013c    srai    t5, ra, 14
Cyc=         53 Op1=[0xfffe0000] Op2=[0x00000000] W[W,29= 0xfffe0000]   Mem[0: R:0x00000000 W:0x00000000] PC= 0x80000140    lui     t4, 0xfffe0
Cyc=         54 Op1=[0x00000000] Op2=[0x00000005] W[W, 3= 0x00000005]   Mem[0: R:0x9334202f W:0x800000fc] PC= 0x80000144    li      gp, 5
Cyc=         55 Op1=[0xfffe0000] Op2=[0xfffe0000] W[_,12= 0x00000000]   Mem[0: R:0x04c0006f W:0xfffe0000] PC= 0x80000148    bne     t5, t4, pc + 620
Cyc=         56 Op1=[0x80000000] Op2=[0x00000000] W[W, 1= 0x80000000]   Mem[0: R:0x04c0006f W:0x00000000] PC= 0x8000014c    lui     ra, 0x80000
Cyc=         57 Op1=[0x80000000] Op2=[0x00000001] W[W, 1= 0x80000001]   Mem[0: R:0x7304c000 W:0x80000000] PC= 0x80000150    addi    ra, ra, 1
Cyc=         58 Op1=[0x80000001] Op2=[0x0000041f] W[W,30= 0xffffffff]   Mem[0: R:0xc0006f00 W:0x00000000] PC= 0x80000154    srai    t5, ra, 31
Cyc=         59 Op1=[0x00000000] Op2=[0xffffffff] W[W,29= 0xffffffff]   Mem[0: R:0xc0006f00 W:0x00000000] PC= 0x80000158    li      t4, -1
Cyc=         60 Op1=[0x00000000] Op2=[0x00000006] W[W, 3= 0x00000006]   Mem[0: R:0x0f933420 W:0x00000000] PC= 0x8000015c    li      gp, 6
Cyc=         61 Op1=[0xffffffff] Op2=[0xffffffff] W[_,20= 0x00000000]   Mem[0: R:0x04c0006f W:0xffffffff] PC= 0x80000160    bne     t5, t4, pc + 596
Cyc=         62 Op1=[0x80000000] Op2=[0x00000000] W[W, 1= 0x80000000]   Mem[0: R:0x04c0006f W:0x00000000] PC= 0x80000164    lui     ra, 0x80000
Cyc=         63 Op1=[0x80000000] Op2=[0xffffffff] W[W, 1= 0x7fffffff]   Mem[0: R:0xc0006f00 W:0x00000000] PC= 0x80000168    addi    ra, ra, -1
Cyc=         64 Op1=[0x7fffffff] Op2=[0x00000400] W[W,30= 0x7fffffff]   Mem[0: R:0xc0006f00 W:0x00000000] PC= 0x8000016c    srai    t5, ra, 0
Cyc=         65 Op1=[0x80000000] Op2=[0x00000000] W[W,29= 0x80000000]   Mem[0: R:0x04c0006f W:0x00000000] PC= 0x80000170    lui     t4, 0x80000
Cyc=         66 Op1=[0x80000000] Op2=[0xffffffff] W[W,29= 0x7fffffff]   Mem[0: R:0xc0006f00 W:0x00000000] PC= 0x80000174    addi    t4, t4, -1
Cyc=         67 Op1=[0x00000000] Op2=[0x00000007] W[W, 3= 0x00000007]   Mem[0: R:0x800f9334 W:0x00000000] PC= 0x80000178    li      gp, 7
Cyc=         68 Op1=[0x7fffffff] Op2=[0x7fffffff] W[_,24= 0x00000000]   Mem[0: R:0x04c0006f W:0x7fffffff] PC= 0x8000017c    bne     t5, t4, pc + 568
Cyc=         69 Op1=[0x80000000] Op2=[0x00000000] W[W, 1= 0x80000000]   Mem[0: R:0x04c0006f W:0x00000000] PC= 0x80000180    lui     ra, 0x80000
Cyc=         70 Op1=[0x80000000] Op2=[0xffffffff] W[W, 1= 0x7fffffff]   Mem[0: R:0xc0006f00 W:0x00000000] PC= 0x80000184    addi    ra, ra, -1
Cyc=         71 Op1=[0x7fffffff] Op2=[0x00000401] W[W,30= 0x3fffffff]   Mem[0: R:0xc0006f00 W:0x7fffffff] PC= 0x80000188    srai    t5, ra, 1
Cyc=         72 Op1=[0x40000000] Op2=[0x00000000] W[W,29= 0x40000000]   Mem[0: R:0x04c0006f W:0x00000000] PC= 0x8000018c    lui     t4, 0x40000
Cyc=         73 Op1=[0x40000000] Op2=[0xffffffff] W[W,29= 0x3fffffff]   Mem[0: R:0xc0006f00 W:0x00000000] PC= 0x80000190    addi    t4, t4, -1
Cyc=         74 Op1=[0x00000000] Op2=[0x00000008] W[W, 3= 0x00000008]   Mem[0: R:0x00800f93 W:0x00000000] PC= 0x80000194    li      gp, 8
Cyc=         75 Op1=[0x3fffffff] Op2=[0x3fffffff] W[_,28= 0x00000000]   Mem[0: R:0x04c0006f W:0x3fffffff] PC= 0x80000198    bne     t5, t4, pc + 540
Cyc=         76 Op1=[0x80000000] Op2=[0x00000000] W[W, 1= 0x80000000]   Mem[0: R:0x04c0006f W:0x00000000] PC= 0x8000019c    lui     ra, 0x80000
Cyc=         77 Op1=[0x80000000] Op2=[0xffffffff] W[W, 1= 0x7fffffff]   Mem[0: R:0xc0006f00 W:0x00000000] PC= 0x800001a0    addi    ra, ra, -1
Cyc=         78 Op1=[0x7fffffff] Op2=[0x00000407] W[W,30= 0x00ffffff]   Mem[0: R:0xc0006f00 W:0x00000000] PC= 0x800001a4    srai    t5, ra, 7
Cyc=         79 Op1=[0x01000000] Op2=[0x00000000] W[W,29= 0x01000000]   Mem[0: R:0x04c0006f W:0x00000000] PC= 0x800001a8    lui     t4, 0x1000
Cyc=         80 Op1=[0x01000000] Op2=[0xffffffff] W[W,29= 0x00ffffff]   Mem[0: R:0xc0006f00 W:0x00000000] PC= 0x800001ac    addi    t4, t4, -1
Cyc=         81 Op1=[0x00000000] Op2=[0x00000009] W[W, 3= 0x00000009]   Mem[0: R:0x6300800f W:0x00000000] PC= 0x800001b0    li      gp, 9
Cyc=         82 Op1=[0x00ffffff] Op2=[0x00ffffff] W[_, 0= 0x00000000]   Mem[0: R:0x04c0006f W:0x00ffffff] PC= 0x800001b4    bne     t5, t4, pc + 512
Cyc=         83 Op1=[0x80000000] Op2=[0x00000000] W[W, 1= 0x80000000]   Mem[0: R:0x04c0006f W:0x00000000] PC= 0x800001b8    lui     ra, 0x80000
Cyc=         84 Op1=[0x80000000] Op2=[0xffffffff] W[W, 1= 0x7fffffff]   Mem[0: R:0xc0006f00 W:0x00000000] PC= 0x800001bc    addi    ra, ra, -1
Cyc=         85 Op1=[0x7fffffff] Op2=[0x0000040e] W[W,30= 0x0001ffff]   Mem[0: R:0x00000000 W:0x00000000] PC= 0x800001c0    srai    t5, ra, 14
Cyc=         86 Op1=[0x00020000] Op2=[0x00000000] W[W,29= 0x00020000]   Mem[0: R:0x00000000 W:0x00000000] PC= 0x800001c4    lui     t4, 0x20
Cyc=         87 Op1=[0x00020000] Op2=[0xffffffff] W[W,29= 0x0001ffff]   Mem[0: R:0x00000000 W:0x00000000] PC= 0x800001c8    addi    t4, t4, -1
Cyc=         88 Op1=[0x00000000] Op2=[0x0000000a] W[W, 3= 0x0000000a]   Mem[0: R:0x0a630080 W:0x00000000] PC= 0x800001cc    li      gp, 10
Cyc=         89 Op1=[0x0001ffff] Op2=[0x0001ffff] W[_, 4= 0x00000000]   Mem[0: R:0x04c0006f W:0x0001ffff] PC= 0x800001d0    bne     t5, t4, pc + 484
Cyc=         90 Op1=[0x80000000] Op2=[0x00000000] W[W, 1= 0x80000000]   Mem[0: R:0x04c0006f W:0x00000000] PC= 0x800001d4    lui     ra, 0x80000
Cyc=         91 Op1=[0x80000000] Op2=[0xffffffff] W[W, 1= 0x7fffffff]   Mem[0: R:0xc0006f00 W:0x00000000] PC= 0x800001d8    addi    ra, ra, -1
Cyc=         92 Op1=[0x7fffffff] Op2=[0x0000041f] W[W,30= 0x00000000]   Mem[0: R:0x04c0006f W:0x00000000] PC= 0x800001dc    srai    t5, ra, 31
Cyc=         93 Op1=[0x00000000] Op2=[0x00000000] W[W,29= 0x00000000]   Mem[0: R:0x04c0006f W:0x00000000] PC= 0x800001e0    li      t4, 0
Cyc=         94 Op1=[0x00000000] Op2=[0x0000000b] W[W, 3= 0x0000000b]   Mem[0: R:0xff0a6300 W:0x00000000] PC= 0x800001e4    li      gp, 11
Cyc=         95 Op1=[0x00000000] Op2=[0x00000000] W[_,12= 0x00000000]   Mem[0: R:0x04c0006f W:0x00000000] PC= 0x800001e8    bne     t5, t4, pc + 460
Cyc=         96 Op1=[0x81818000] Op2=[0x00000000] W[W, 1= 0x81818000]   Mem[0: R:0x00000000 W:0x00000000] PC= 0x800001ec    lui     ra, 0x81818
Cyc=         97 Op1=[0x81818000] Op2=[0x00000181] W[W, 1= 0x81818181]   Mem[0: R:0x00000000 W:0x81818000] PC= 0x800001f0    addi    ra, ra, 385
Cyc=         98 Op1=[0x81818181] Op2=[0x00000400] W[W,30= 0x81818181]   Mem[0: R:0x00000000 W:0x00000000] PC= 0x800001f4    srai    t5, ra, 0
Cyc=         99 Op1=[0x81818000] Op2=[0x00000000] W[W,29= 0x81818000]   Mem[0: R:0x00000000 W:0x00000000] PC= 0x800001f8    lui     t4, 0x81818
Cyc=        100 Op1=[0x81818000] Op2=[0x00000181] W[W,29= 0x81818181]   Mem[0: R:0x00000000 W:0x81818181] PC= 0x800001fc    addi    t4, t4, 385
Cyc=        101 Op1=[0x00000000] Op2=[0x0000000c] W[W, 3= 0x0000000c]   Mem[0: R:0x03ff0a63 W:0x00000000] PC= 0x80000200    li      gp, 12
Cyc=        102 Op1=[0x81818181] Op2=[0x81818181] W[_,16= 0x00000000]   Mem[0: R:0x04c0006f W:0x81818181] PC= 0x80000204    bne     t5, t4, pc + 432
Cyc=        103 Op1=[0x81818000] Op2=[0x00000000] W[W, 1= 0x81818000]   Mem[0: R:0x00000000 W:0x00000000] PC= 0x80000208    lui     ra, 0x81818
Cyc=        104 Op1=[0x81818000] Op2=[0x00000181] W[W, 1= 0x81818181]   Mem[0: R:0x00000000 W:0x81818000] PC= 0x8000020c    addi    ra, ra, 385
Cyc=        105 Op1=[0x81818181] Op2=[0x00000401] W[W,30= 0xc0c0c0c0]   Mem[0: R:0x00000000 W:0x81818181] PC= 0x80000210    srai    t5, ra, 1
Cyc=        106 Op1=[0xc0c0c000] Op2=[0x00000000] W[W,29= 0xc0c0c000]   Mem[0: R:0x00000000 W:0x00000000] PC= 0x80000214    lui     t4, 0xc0c0c
Cyc=        107 Op1=[0xc0c0c000] Op2=[0x000000c0] W[W,29= 0xc0c0c0c0]   Mem[0: R:0x00000000 W:0x00000000] PC= 0x80000218    addi    t4, t4, 192
Cyc=        108 Op1=[0x00000000] Op2=[0x0000000d] W[W, 3= 0x0000000d]   Mem[0: R:0x9303ff0a W:0x00000000] PC= 0x8000021c    li      gp, 13
Cyc=        109 Op1=[0xc0c0c0c0] Op2=[0xc0c0c0c0] W[_,20= 0x00000000]   Mem[0: R:0x04c0006f W:0xc0c0c0c0] PC= 0x80000220    bne     t5, t4, pc + 404
Cyc=        110 Op1=[0x81818000] Op2=[0x00000000] W[W, 1= 0x81818000]   Mem[0: R:0x00000000 W:0x00000000] PC= 0x80000224    lui     ra, 0x81818
Cyc=        111 Op1=[0x81818000] Op2=[0x00000181] W[W, 1= 0x81818181]   Mem[0: R:0x00000000 W:0x81818000] PC= 0x80000228    addi    ra, ra, 385
Cyc=        112 Op1=[0x81818181] Op2=[0x00000407] W[W,30= 0xff030303]   Mem[0: R:0x00000000 W:0x00000000] PC= 0x8000022c    srai    t5, ra, 7
Cyc=        113 Op1=[0xff030000] Op2=[0x00000000] W[W,29= 0xff030000]   Mem[0: R:0x00000000 W:0x00000000] PC= 0x80000230    lui     t4, 0xff030
Cyc=        114 Op1=[0xff030000] Op2=[0x00000303] W[W,29= 0xff030303]   Mem[0: R:0x00000000 W:0x0000000d] PC= 0x80000234    addi    t4, t4, 771
Cyc=        115 Op1=[0x00000000] Op2=[0x0000000e] W[W, 3= 0x0000000e]   Mem[0: R:0x0f9303ff W:0x00000000] PC= 0x80000238    li      gp, 14
Cyc=        116 Op1=[0xff030303] Op2=[0xff030303] W[_,24= 0x00000000]   Mem[0: R:0x04c0006f W:0xff030303] PC= 0x8000023c    bne     t5, t4, pc + 376
Cyc=        117 Op1=[0x81818000] Op2=[0x00000000] W[W, 1= 0x81818000]   Mem[0: R:0x00000000 W:0x00000000] PC= 0x80000240    lui     ra, 0x81818
Cyc=        118 Op1=[0x81818000] Op2=[0x00000181] W[W, 1= 0x81818181]   Mem[0: R:0x00000000 W:0x81818000] PC= 0x80000244    addi    ra, ra, 385
Cyc=        119 Op1=[0x81818181] Op2=[0x0000040e] W[W,30= 0xfffe0606]   Mem[0: R:0x00000000 W:0x00000000] PC= 0x80000248    srai    t5, ra, 14
Cyc=        120 Op1=[0xfffe0000] Op2=[0x00000000] W[W,29= 0xfffe0000]   Mem[0: R:0x00000000 W:0x00000000] PC= 0x8000024c    lui     t4, 0xfffe0
Cyc=        121 Op1=[0xfffe0000] Op2=[0x00000606] W[W,29= 0xfffe0606]   Mem[0: R:0x00000000 W:0x00000000] PC= 0x80000250    addi    t4, t4, 1542
Cyc=        122 Op1=[0x00000000] Op2=[0x0000000f] W[W, 3= 0x0000000f]   Mem[0: R:0x900f9303 W:0x00000000] PC= 0x80000254    li      gp, 15
Cyc=        123 Op1=[0xfffe0606] Op2=[0xfffe0606] W[_,28= 0x00000000]   Mem[0: R:0x04c0006f W:0xfffe0606] PC= 0x80000258    bne     t5, t4, pc + 348
Cyc=        124 Op1=[0x81818000] Op2=[0x00000000] W[W, 1= 0x81818000]   Mem[0: R:0x00000000 W:0x00000000] PC= 0x8000025c    lui     ra, 0x81818
Cyc=        125 Op1=[0x81818000] Op2=[0x00000181] W[W, 1= 0x81818181]   Mem[0: R:0x00000000 W:0x81818000] PC= 0x80000260    addi    ra, ra, 385
Cyc=        126 Op1=[0x81818181] Op2=[0x0000041f] W[W,30= 0xffffffff]   Mem[0: R:0xc0006f00 W:0x00000000] PC= 0x80000264    srai    t5, ra, 31
Cyc=        127 Op1=[0x00000000] Op2=[0xffffffff] W[W,29= 0xffffffff]   Mem[0: R:0xc0006f00 W:0x00000000] PC= 0x80000268    li      t4, -1
Cyc=        128 Op1=[0x00000000] Op2=[0x00000010] W[W, 3= 0x00000010]   Mem[0: R:0x00900f93 W:0x00000000] PC= 0x8000026c    li      gp, 16
Cyc=        129 Op1=[0xffffffff] Op2=[0xffffffff] W[_, 4= 0x00000000]   Mem[0: R:0x04c0006f W:0xffffffff] PC= 0x80000270    bne     t5, t4, pc + 324
Cyc=        130 Op1=[0x80000000] Op2=[0x00000000] W[W, 1= 0x80000000]   Mem[0: R:0x04c0006f W:0x00000000] PC= 0x80000274    lui     ra, 0x80000
Cyc=        131 Op1=[0x80000000] Op2=[0x00000407] W[W, 1= 0xff000000]   Mem[0: R:0x04c0006f W:0x00000000] PC= 0x80000278    srai    ra, ra, 7
Cyc=        132 Op1=[0xff000000] Op2=[0x00000000] W[W,29= 0xff000000]   Mem[0: R:0x04c0006f W:0x00000000] PC= 0x8000027c    lui     t4, 0xff000
Cyc=        133 Op1=[0x00000000] Op2=[0x00000011] W[W, 3= 0x00000011]   Mem[0: R:0x6300900f W:0x00000000] PC= 0x80000280    li      gp, 17
Cyc=        134 Op1=[0xff000000] Op2=[0xff000000] W[_,16= 0x00000000]   Mem[0: R:0x04c0006f W:0xff000000] PC= 0x80000284    bne     ra, t4, pc + 304
Cyc=        135 Op1=[0x00000000] Op2=[0x00000000] W[W, 4= 0x00000000]   Mem[0: R:0x04c0006f W:0x00000000] PC= 0x80000288    li      tp, 0
Cyc=        136 Op1=[0x80000000] Op2=[0x00000000] W[W, 1= 0x80000000]   Mem[0: R:0x04c0006f W:0x00000000] PC= 0x8000028c    lui     ra, 0x80000
Cyc=        137 Op1=[0x80000000] Op2=[0x00000407] W[W,30= 0xff000000]   Mem[0: R:0x04c0006f W:0x00000000] PC= 0x80000290    srai    t5, ra, 7
Cyc=        138 Op1=[0xff000000] Op2=[0x00000000] W[W, 6= 0xff000000]   Mem[0: R:0x04c0006f W:0x00000000] PC= 0x80000294    mv      t1, t5
Cyc=        139 Op1=[0x00000000] Op2=[0x00000001] W[W, 4= 0x00000001]   Mem[0: R:0x7304c000 W:0x80000000] PC= 0x80000298    addi    tp, tp, 1
Cyc=        140 Op1=[0x00000000] Op2=[0x00000002] W[W, 5= 0x00000002]   Mem[0: R:0x2f7304c0 W:0x00000000] PC= 0x8000029c    li      t0, 2
Cyc=        141 Op1=[0x00000001] Op2=[0x00000002] W[_,13= 0x00000000]   Mem[0: R:0x04c0006f W:0x00000002] PC= 0x800002a0  B bne     tp, t0, pc - 20
Cyc=        142 Op1=[0x80000000] Op2=[0x00000000] W[W, 1= 0x80000000]   Mem[0: R:0x04c0006f W:0x00000000] PC= 0x8000028c    lui     ra, 0x80000
Cyc=        143 Op1=[0x80000000] Op2=[0x00000407] W[W,30= 0xff000000]   Mem[0: R:0x04c0006f W:0x00000000] PC= 0x80000290    srai    t5, ra, 7
Cyc=        144 Op1=[0xff000000] Op2=[0x00000000] W[W, 6= 0xff000000]   Mem[0: R:0x04c0006f W:0x00000000] PC= 0x80000294    mv      t1, t5
Cyc=        145 Op1=[0x00000001] Op2=[0x00000001] W[W, 4= 0x00000002]   Mem[0: R:0x2f7304c0 W:0x80000000] PC= 0x80000298    addi    tp, tp, 1
Cyc=        146 Op1=[0x00000000] Op2=[0x00000002] W[W, 5= 0x00000002]   Mem[0: R:0x2f7304c0 W:0x00000000] PC= 0x8000029c    li      t0, 2
Cyc=        147 Op1=[0x00000002] Op2=[0x00000002] W[_,13= 0x00000000]   Mem[0: R:0x04c0006f W:0x00000002] PC= 0x800002a0    bne     tp, t0, pc - 20
Cyc=        148 Op1=[0xff000000] Op2=[0x00000000] W[W,29= 0xff000000]   Mem[0: R:0x04c0006f W:0x00000000] PC= 0x800002a4    lui     t4, 0xff000
Cyc=        149 Op1=[0x00000000] Op2=[0x00000012] W[W, 3= 0x00000012]   Mem[0: R:0x06630090 W:0x00000000] PC= 0x800002a8    li      gp, 18
Cyc=        150 Op1=[0xff000000] Op2=[0xff000000] W[_, 8= 0x00000000]   Mem[0: R:0x04c0006f W:0xff000000] PC= 0x800002ac    bne     t1, t4, pc + 264
Cyc=        151 Op1=[0x00000000] Op2=[0x00000000] W[W, 4= 0x00000000]   Mem[0: R:0x04c0006f W:0x00000000] PC= 0x800002b0    li      tp, 0
Cyc=        152 Op1=[0x80000000] Op2=[0x00000000] W[W, 1= 0x80000000]   Mem[0: R:0x04c0006f W:0x00000000] PC= 0x800002b4    lui     ra, 0x80000
Cyc=        153 Op1=[0x80000000] Op2=[0x0000040e] W[W,30= 0xfffe0000]   Mem[0: R:0x00000000 W:0x00000000] PC= 0x800002b8    srai    t5, ra, 14
Cyc=        154 Op1=[0x00000000] Op2=[0x00000000] W[W, 0= 0x00000000]   Mem[0: R:0x04c0006f W:0x00000000] PC= 0x800002bc    nop
Cyc=        155 Op1=[0xfffe0000] Op2=[0x00000000] W[W, 6= 0xfffe0000]   Mem[0: R:0x00000000 W:0x00000000] PC= 0x800002c0    mv      t1, t5
Cyc=        156 Op1=[0x00000000] Op2=[0x00000001] W[W, 4= 0x00000001]   Mem[0: R:0x7304c000 W:0x80000000] PC= 0x800002c4    addi    tp, tp, 1
Cyc=        157 Op1=[0x00000000] Op2=[0x00000002] W[W, 5= 0x00000002]   Mem[0: R:0x2f7304c0 W:0x00000000] PC= 0x800002c8    li      t0, 2
Cyc=        158 Op1=[0x00000001] Op2=[0x00000002] W[_, 9= 0x00000000]   Mem[0: R:0x04c0006f W:0x00000002] PC= 0x800002cc  B bne     tp, t0, pc - 24
Cyc=        159 Op1=[0x80000000] Op2=[0x00000000] W[W, 1= 0x80000000]   Mem[0: R:0x04c0006f W:0x00000000] PC= 0x800002b4    lui     ra, 0x80000
Cyc=        160 Op1=[0x80000000] Op2=[0x0000040e] W[W,30= 0xfffe0000]   Mem[0: R:0x00000000 W:0x00000000] PC= 0x800002b8    srai    t5, ra, 14
Cyc=        161 Op1=[0x00000000] Op2=[0x00000000] W[W, 0= 0x00000000]   Mem[0: R:0x04c0006f W:0x00000000] PC= 0x800002bc    nop
Cyc=        162 Op1=[0xfffe0000] Op2=[0x00000000] W[W, 6= 0xfffe0000]   Mem[0: R:0x00000000 W:0x00000000] PC= 0x800002c0    mv      t1, t5
Cyc=        163 Op1=[0x00000001] Op2=[0x00000001] W[W, 4= 0x00000002]   Mem[0: R:0x2f7304c0 W:0x80000000] PC= 0x800002c4    addi    tp, tp, 1
Cyc=        164 Op1=[0x00000000] Op2=[0x00000002] W[W, 5= 0x00000002]   Mem[0: R:0x2f7304c0 W:0x00000000] PC= 0x800002c8    li      t0, 2
Cyc=        165 Op1=[0x00000002] Op2=[0x00000002] W[_, 9= 0x00000000]   Mem[0: R:0x04c0006f W:0x00000002] PC= 0x800002cc    bne     tp, t0, pc - 24
Cyc=        166 Op1=[0xfffe0000] Op2=[0x00000000] W[W,29= 0xfffe0000]   Mem[0: R:0x00000000 W:0x00000000] PC= 0x800002d0    lui     t4, 0xfffe0
Cyc=        167 Op1=[0x00000000] Op2=[0x00000013] W[W, 3= 0x00000013]   Mem[0: R:0xff066300 W:0x00000000] PC= 0x800002d4    li      gp, 19
Cyc=        168 Op1=[0xfffe0000] Op2=[0xfffe0000] W[_,28= 0x00000000]   Mem[0: R:0x04c0006f W:0xfffe0000] PC= 0x800002d8    bne     t1, t4, pc + 220
Cyc=        169 Op1=[0x00000000] Op2=[0x00000000] W[W, 4= 0x00000000]   Mem[0: R:0x04c0006f W:0x00000000] PC= 0x800002dc    li      tp, 0
Cyc=        170 Op1=[0x80000000] Op2=[0x00000000] W[W, 1= 0x80000000]   Mem[0: R:0x04c0006f W:0x00000000] PC= 0x800002e0    lui     ra, 0x80000
Cyc=        171 Op1=[0x80000000] Op2=[0x00000001] W[W, 1= 0x80000001]   Mem[0: R:0x7304c000 W:0x80000000] PC= 0x800002e4    addi    ra, ra, 1
Cyc=        172 Op1=[0x80000001] Op2=[0x0000041f] W[W,30= 0xffffffff]   Mem[0: R:0xc0006f00 W:0x00000000] PC= 0x800002e8    srai    t5, ra, 31
Cyc=        173 Op1=[0x00000000] Op2=[0x00000000] W[W, 0= 0x00000000]   Mem[0: R:0x04c0006f W:0x00000000] PC= 0x800002ec    nop
Cyc=        174 Op1=[0x00000000] Op2=[0x00000000] W[W, 0= 0x00000000]   Mem[0: R:0x04c0006f W:0x00000000] PC= 0x800002f0    nop
Cyc=        175 Op1=[0xffffffff] Op2=[0x00000000] W[W, 6= 0xffffffff]   Mem[0: R:0xc0006f00 W:0x00000000] PC= 0x800002f4    mv      t1, t5
Cyc=        176 Op1=[0x00000000] Op2=[0x00000001] W[W, 4= 0x00000001]   Mem[0: R:0x7304c000 W:0x80000001] PC= 0x800002f8    addi    tp, tp, 1
Cyc=        177 Op1=[0x00000000] Op2=[0x00000002] W[W, 5= 0x00000002]   Mem[0: R:0x2f7304c0 W:0x00000000] PC= 0x800002fc    li      t0, 2
Cyc=        178 Op1=[0x00000001] Op2=[0x00000002] W[_, 1= 0x00000000]   Mem[0: R:0x04c0006f W:0x00000002] PC= 0x80000300  B bne     tp, t0, pc - 32
Cyc=        179 Op1=[0x80000000] Op2=[0x00000000] W[W, 1= 0x80000000]   Mem[0: R:0x04c0006f W:0x00000000] PC= 0x800002e0    lui     ra, 0x80000
Cyc=        180 Op1=[0x80000000] Op2=[0x00000001] W[W, 1= 0x80000001]   Mem[0: R:0x7304c000 W:0x80000000] PC= 0x800002e4    addi    ra, ra, 1
Cyc=        181 Op1=[0x80000001] Op2=[0x0000041f] W[W,30= 0xffffffff]   Mem[0: R:0xc0006f00 W:0x00000000] PC= 0x800002e8    srai    t5, ra, 31
Cyc=        182 Op1=[0x00000000] Op2=[0x00000000] W[W, 0= 0x00000000]   Mem[0: R:0x04c0006f W:0x00000000] PC= 0x800002ec    nop
Cyc=        183 Op1=[0x00000000] Op2=[0x00000000] W[W, 0= 0x00000000]   Mem[0: R:0x04c0006f W:0x00000000] PC= 0x800002f0    nop
Cyc=        184 Op1=[0xffffffff] Op2=[0x00000000] W[W, 6= 0xffffffff]   Mem[0: R:0xc0006f00 W:0x00000000] PC= 0x800002f4    mv      t1, t5
Cyc=        185 Op1=[0x00000001] Op2=[0x00000001] W[W, 4= 0x00000002]   Mem[0: R:0x2f7304c0 W:0x80000001] PC= 0x800002f8    addi    tp, tp, 1
Cyc=        186 Op1=[0x00000000] Op2=[0x00000002] W[W, 5= 0x00000002]   Mem[0: R:0x2f7304c0 W:0x00000000] PC= 0x800002fc    li      t0, 2
Cyc=        187 Op1=[0x00000002] Op2=[0x00000002] W[_, 1= 0x00000000]   Mem[0: R:0x04c0006f W:0x00000002] PC= 0x80000300    bne     tp, t0, pc - 32
Cyc=        188 Op1=[0x00000000] Op2=[0xffffffff] W[W,29= 0xffffffff]   Mem[0: R:0xc0006f00 W:0x00000000] PC= 0x80000304    li      t4, -1
Cyc=        189 Op1=[0x00000000] Op2=[0x00000014] W[W, 3= 0x00000014]   Mem[0: R:0x03ff0663 W:0x00000000] PC= 0x80000308    li      gp, 20
Cyc=        190 Op1=[0xffffffff] Op2=[0xffffffff] W[_, 8= 0x00000000]   Mem[0: R:0x04c0006f W:0xffffffff] PC= 0x8000030c    bne     t1, t4, pc + 168
Cyc=        191 Op1=[0x00000000] Op2=[0x00000000] W[W, 4= 0x00000000]   Mem[0: R:0x04c0006f W:0x00000000] PC= 0x80000310    li      tp, 0
Cyc=        192 Op1=[0x80000000] Op2=[0x00000000] W[W, 1= 0x80000000]   Mem[0: R:0x04c0006f W:0x00000000] PC= 0x80000314    lui     ra, 0x80000
Cyc=        193 Op1=[0x80000000] Op2=[0x00000407] W[W,30= 0xff000000]   Mem[0: R:0x04c0006f W:0x00000000] PC= 0x80000318    srai    t5, ra, 7
Cyc=        194 Op1=[0x00000000] Op2=[0x00000001] W[W, 4= 0x00000001]   Mem[0: R:0x7304c000 W:0x80000000] PC= 0x8000031c    addi    tp, tp, 1
Cyc=        195 Op1=[0x00000000] Op2=[0x00000002] W[W, 5= 0x00000002]   Mem[0: R:0x2f7304c0 W:0x00000000] PC= 0x80000320    li      t0, 2
Cyc=        196 Op1=[0x00000001] Op2=[0x00000002] W[_,17= 0x00000000]   Mem[0: R:0x04c0006f W:0x00000002] PC= 0x80000324  B bne     tp, t0, pc - 16
Cyc=        197 Op1=[0x80000000] Op2=[0x00000000] W[W, 1= 0x80000000]   Mem[0: R:0x04c0006f W:0x00000000] PC= 0x80000314    lui     ra, 0x80000
Cyc=        198 Op1=[0x80000000] Op2=[0x00000407] W[W,30= 0xff000000]   Mem[0: R:0x04c0006f W:0x00000000] PC= 0x80000318    srai    t5, ra, 7
Cyc=        199 Op1=[0x00000001] Op2=[0x00000001] W[W, 4= 0x00000002]   Mem[0: R:0x2f7304c0 W:0x80000000] PC= 0x8000031c    addi    tp, tp, 1
Cyc=        200 Op1=[0x00000000] Op2=[0x00000002] W[W, 5= 0x00000002]   Mem[0: R:0x2f7304c0 W:0x00000000] PC= 0x80000320    li      t0, 2
Cyc=        201 Op1=[0x00000002] Op2=[0x00000002] W[_,17= 0x00000000]   Mem[0: R:0x04c0006f W:0x00000002] PC= 0x80000324    bne     tp, t0, pc - 16
Cyc=        202 Op1=[0xff000000] Op2=[0x00000000] W[W,29= 0xff000000]   Mem[0: R:0x04c0006f W:0x00000000] PC= 0x80000328    lui     t4, 0xff000
Cyc=        203 Op1=[0x00000000] Op2=[0x00000015] W[W, 3= 0x00000015]   Mem[0: R:0x9303ff06 W:0x00000000] PC= 0x8000032c    li      gp, 21
Cyc=        204 Op1=[0xff000000] Op2=[0xff000000] W[_, 4= 0x00000000]   Mem[0: R:0x04c0006f W:0xff000000] PC= 0x80000330    bne     t5, t4, pc + 132
Cyc=        205 Op1=[0x00000000] Op2=[0x00000000] W[W, 4= 0x00000000]   Mem[0: R:0x04c0006f W:0x00000000] PC= 0x80000334    li      tp, 0
Cyc=        206 Op1=[0x80000000] Op2=[0x00000000] W[W, 1= 0x80000000]   Mem[0: R:0x04c0006f W:0x00000000] PC= 0x80000338    lui     ra, 0x80000
Cyc=        207 Op1=[0x00000000] Op2=[0x00000000] W[W, 0= 0x00000000]   Mem[0: R:0x04c0006f W:0x00000000] PC= 0x8000033c    nop
Cyc=        208 Op1=[0x80000000] Op2=[0x0000040e] W[W,30= 0xfffe0000]   Mem[0: R:0x00000000 W:0x00000000] PC= 0x80000340    srai    t5, ra, 14
Cyc=        209 Op1=[0x00000000] Op2=[0x00000001] W[W, 4= 0x00000001]   Mem[0: R:0x7304c000 W:0x80000000] PC= 0x80000344    addi    tp, tp, 1
Cyc=        210 Op1=[0x00000000] Op2=[0x00000002] W[W, 5= 0x00000002]   Mem[0: R:0x2f7304c0 W:0x00000000] PC= 0x80000348    li      t0, 2
Cyc=        211 Op1=[0x00000001] Op2=[0x00000002] W[_,13= 0x00000000]   Mem[0: R:0x04c0006f W:0x00000002] PC= 0x8000034c  B bne     tp, t0, pc - 20
Cyc=        212 Op1=[0x80000000] Op2=[0x00000000] W[W, 1= 0x80000000]   Mem[0: R:0x04c0006f W:0x00000000] PC= 0x80000338    lui     ra, 0x80000
Cyc=        213 Op1=[0x00000000] Op2=[0x00000000] W[W, 0= 0x00000000]   Mem[0: R:0x04c0006f W:0x00000000] PC= 0x8000033c    nop
Cyc=        214 Op1=[0x80000000] Op2=[0x0000040e] W[W,30= 0xfffe0000]   Mem[0: R:0x00000000 W:0x00000000] PC= 0x80000340    srai    t5, ra, 14
Cyc=        215 Op1=[0x00000001] Op2=[0x00000001] W[W, 4= 0x00000002]   Mem[0: R:0x2f7304c0 W:0x80000000] PC= 0x80000344    addi    tp, tp, 1
Cyc=        216 Op1=[0x00000000] Op2=[0x00000002] W[W, 5= 0x00000002]   Mem[0: R:0x2f7304c0 W:0x00000000] PC= 0x80000348    li      t0, 2
Cyc=        217 Op1=[0x00000002] Op2=[0x00000002] W[_,13= 0x00000000]   Mem[0: R:0x04c0006f W:0x00000002] PC= 0x8000034c    bne     tp, t0, pc - 20
Cyc=        218 Op1=[0xfffe0000] Op2=[0x00000000] W[W,29= 0xfffe0000]   Mem[0: R:0x00000000 W:0x00000000] PC= 0x80000350    lui     t4, 0xfffe0
Cyc=        219 Op1=[0x00000000] Op2=[0x00000016] W[W, 3= 0x00000016]   Mem[0: R:0x0f9303ff W:0x00000000] PC= 0x80000354    li      gp, 22
Cyc=        220 Op1=[0xfffe0000] Op2=[0xfffe0000] W[_,28= 0x00000000]   Mem[0: R:0x04c0006f W:0xfffe0000] PC= 0x80000358    bne     t5, t4, pc + 92
Cyc=        221 Op1=[0x00000000] Op2=[0x00000000] W[W, 4= 0x00000000]   Mem[0: R:0x04c0006f W:0x00000000] PC= 0x8000035c    li      tp, 0
Cyc=        222 Op1=[0x80000000] Op2=[0x00000000] W[W, 1= 0x80000000]   Mem[0: R:0x04c0006f W:0x00000000] PC= 0x80000360    lui     ra, 0x80000
Cyc=        223 Op1=[0x80000000] Op2=[0x00000001] W[W, 1= 0x80000001]   Mem[0: R:0x7304c000 W:0x80000000] PC= 0x80000364    addi    ra, ra, 1
Cyc=        224 Op1=[0x00000000] Op2=[0x00000000] W[W, 0= 0x00000000]   Mem[0: R:0x04c0006f W:0x00000000] PC= 0x80000368    nop
Cyc=        225 Op1=[0x00000000] Op2=[0x00000000] W[W, 0= 0x00000000]   Mem[0: R:0x04c0006f W:0x00000000] PC= 0x8000036c    nop
Cyc=        226 Op1=[0x80000001] Op2=[0x0000041f] W[W,30= 0xffffffff]   Mem[0: R:0xc0006f00 W:0x00000000] PC= 0x80000370    srai    t5, ra, 31
Cyc=        227 Op1=[0x00000000] Op2=[0x00000001] W[W, 4= 0x00000001]   Mem[0: R:0x7304c000 W:0x80000001] PC= 0x80000374    addi    tp, tp, 1
Cyc=        228 Op1=[0x00000000] Op2=[0x00000002] W[W, 5= 0x00000002]   Mem[0: R:0x2f7304c0 W:0x00000000] PC= 0x80000378    li      t0, 2
Cyc=        229 Op1=[0x00000001] Op2=[0x00000002] W[_, 5= 0x00000000]   Mem[0: R:0x04c0006f W:0x00000002] PC= 0x8000037c  B bne     tp, t0, pc - 28
Cyc=        230 Op1=[0x80000000] Op2=[0x00000000] W[W, 1= 0x80000000]   Mem[0: R:0x04c0006f W:0x00000000] PC= 0x80000360    lui     ra, 0x80000
Cyc=        231 Op1=[0x80000000] Op2=[0x00000001] W[W, 1= 0x80000001]   Mem[0: R:0x7304c000 W:0x80000000] PC= 0x80000364    addi    ra, ra, 1
Cyc=        232 Op1=[0x00000000] Op2=[0x00000000] W[W, 0= 0x00000000]   Mem[0: R:0x04c0006f W:0x00000000] PC= 0x80000368    nop
Cyc=        233 Op1=[0x00000000] Op2=[0x00000000] W[W, 0= 0x00000000]   Mem[0: R:0x04c0006f W:0x00000000] PC= 0x8000036c    nop
Cyc=        234 Op1=[0x80000001] Op2=[0x0000041f] W[W,30= 0xffffffff]   Mem[0: R:0xc0006f00 W:0x00000000] PC= 0x80000370    srai    t5, ra, 31
Cyc=        235 Op1=[0x00000001] Op2=[0x00000001] W[W, 4= 0x00000002]   Mem[0: R:0x2f7304c0 W:0x80000001] PC= 0x80000374    addi    tp, tp, 1
Cyc=        236 Op1=[0x00000000] Op2=[0x00000002] W[W, 5= 0x00000002]   Mem[0: R:0x2f7304c0 W:0x00000000] PC= 0x80000378    li      t0, 2
Cyc=        237 Op1=[0x00000002] Op2=[0x00000002] W[_, 5= 0x00000000]   Mem[0: R:0x04c0006f W:0x00000002] PC= 0x8000037c    bne     tp, t0, pc - 28
Cyc=        238 Op1=[0x00000000] Op2=[0xffffffff] W[W,29= 0xffffffff]   Mem[0: R:0xc0006f00 W:0x00000000] PC= 0x80000380    li      t4, -1
Cyc=        239 Op1=[0x00000000] Op2=[0x00000017] W[W, 3= 0x00000017]   Mem[0: R:0xb00f9303 W:0x00000000] PC= 0x80000384    li      gp, 23
Cyc=        240 Op1=[0xffffffff] Op2=[0xffffffff] W[_,12= 0x00000000]   Mem[0: R:0x04c0006f W:0xffffffff] PC= 0x80000388    bne     t5, t4, pc + 44
Cyc=        241 Op1=[0x00000000] Op2=[0x00000404] W[W, 1= 0x00000000]   Mem[0: R:0x04c0006f W:0x00000002] PC= 0x8000038c    srai    ra, zero, 4
Cyc=        242 Op1=[0x00000000] Op2=[0x00000000] W[W,29= 0x00000000]   Mem[0: R:0x04c0006f W:0x00000000] PC= 0x80000390    li      t4, 0
Cyc=        243 Op1=[0x00000000] Op2=[0x00000018] W[W, 3= 0x00000018]   Mem[0: R:0x00b00f93 W:0x00000000] PC= 0x80000394    li      gp, 24
Cyc=        244 Op1=[0x00000000] Op2=[0x00000000] W[_,28= 0x00000000]   Mem[0: R:0x04c0006f W:0x00000000] PC= 0x80000398    bne     ra, t4, pc + 28
Cyc=        245 Op1=[0x00000000] Op2=[0x00000021] W[W, 1= 0x00000021]   Mem[0: R:0x1380000f W:0x00000000] PC= 0x8000039c    li      ra, 33
Cyc=        246 Op1=[0x00000021] Op2=[0x0000040a] W[W, 0= 0x00000000]   Mem[0: R:0x04c0006f W:0x00000000] PC= 0x800003a0    srai    zero, ra, 10
Cyc=        247 Op1=[0x00000000] Op2=[0x00000000] W[W,29= 0x00000000]   Mem[0: R:0x04c0006f W:0x00000000] PC= 0x800003a4    li      t4, 0
Cyc=        248 Op1=[0x00000000] Op2=[0x00000019] W[W, 3= 0x00000019]   Mem[0: R:0x6300b00f W:0x00000000] PC= 0x800003a8    li      gp, 25
Cyc=        249 Op1=[0x00000000] Op2=[0x00000000] W[_, 8= 0x00000000]   Mem[0: R:0x04c0006f W:0x00000000] PC= 0x800003ac    bne     zero, t4, pc + 8
Cyc=        250 Op1=[0x00000000] Op2=[0x00000019] W[_,24= 0x00000000]   Mem[0: R:0x04c0006f W:0x00000019] PC= 0x800003b0  B bne     zero, gp, pc + 24
Cyc=        251 Op1=[0x00000000] Op2=[0x00000000] W[_, 0= 0x00000000]   Mem[0: R:0x04c0006f W:0x00000000] PC= 0x800003c8    fence
Cyc=        252 Op1=[0x00000000] Op2=[0x00000001] W[W, 3= 0x00000001]   Mem[0: R:0x7304c000 W:0x00000021] PC= 0x800003cc    li      gp, 1
Cyc=        253 Op1=[0x00000000] Op2=[0x00000000] W[_, 0= 0x00000000]   Mem[0: R:0x04c0006f W:0x00000000] PC= 0x800003d0  X ecall
Cyc=        254 Op1=[0x00000000] Op2=[0x00000000] W[W,30= 0x0000000b]   Mem[3: R:0x04c0006f W:0x00000000] PC= 0x80000004    csrr    t5, mcause
Cyc=        255 Op1=[0x00000000] Op2=[0x00000008] W[W,31= 0x00000008]   Mem[0: R:0x00800f93 W:0x00000000] PC= 0x80000008    li      t6, 8
Cyc=        256 Op1=[0x0000000b] Op2=[0x00000008] W[_,20= 0x00000000]   Mem[0: R:0x04c0006f W:0x00000008] PC= 0x8000000c    beq     t5, t6, pc + 52
Cyc=        257 Op1=[0x00000000] Op2=[0x00000009] W[W,31= 0x00000009]   Mem[0: R:0x6300800f W:0x00000000] PC= 0x80000010    li      t6, 9
Cyc=        258 Op1=[0x0000000b] Op2=[0x00000009] W[_,12= 0x00000000]   Mem[0: R:0x04c0006f W:0x00000009] PC= 0x80000014    beq     t5, t6, pc + 44
Cyc=        259 Op1=[0x00000000] Op2=[0x0000000b] W[W,31= 0x0000000b]   Mem[0: R:0xff0a6300 W:0x00000000] PC= 0x80000018    li      t6, 11
Cyc=        260 Op1=[0x0000000b] Op2=[0x0000000b] W[_, 4= 0x00000000]   Mem[0: R:0x04c0006f W:0x0000000b] PC= 0x8000001c  B beq     t5, t6, pc + 36
Cyc=        261 Op1=[0x00001000] Op2=[0x80000040] W[W,30= 0x80001040]   Mem[0: R:0x00000000 W:0x00000000] PC= 0x80000040    auipc   t5, 0x1
Cyc=        262 Op1=[0x80001040] Op2=[0xffffffc0] W[_, 0= 0x80001000]   Mem[0: R:0x00000000 W:0x00000001] PC= 0x80000044    sw      gp, -64(t5)
Cyc=        263 Op1=[0x0000000b] Op2=[0x00000000] W[W, 0= 0x8000004c]   Mem[2: R:0x04c0006f W:0x00000000] PC= 0x80000048  J j       pc - 0x8
Cyc=        264 Op1=[0x00001000] Op2=[0x80000040] W[W,30= 0x80001040]   Mem[0: R:0x00000000 W:0x00000000] PC= 0x80000040    auipc   t5, 0x1
Cyc=        265 Op1=[0x80001040] Op2=[0xffffffc0] W[_, 0= 0x80001000]   Mem[0: R:0x00000001 W:0x00000001] PC= 0x80000044    sw      gp, -64(t5)
Cyc=        266 Op1=[0x0000000b] Op2=[0x00000000] W[W, 0= 0x8000004c]   Mem[2: R:0x04c0006f W:0x00000000] PC= 0x80000048  J j       pc - 0x8
Cyc=        267 Op1=[0x00001000] Op2=[0x80000040] W[W,30= 0x80001040]   Mem[0: R:0x00000000 W:0x00000000] PC= 0x80000040    auipc   t5, 0x1
Cyc=        268 Op1=[0x80001040] Op2=[0xffffffc0] W[_, 0= 0x80001000]   Mem[0: R:0x00000001 W:0x00000001] PC= 0x80000044    sw      gp, -64(t5)
Cyc=        269 Op1=[0x0000000b] Op2=[0x00000000] W[W, 0= 0x8000004c]   Mem[2: R:0x04c0006f W:0x00000000] PC= 0x80000048  J j       pc - 0x8
Cyc=        270 Op1=[0x00001000] Op2=[0x80000040] W[W,30= 0x80001040]   Mem[0: R:0x00000000 W:0x00000000] PC= 0x80000040    auipc   t5, 0x1
Cyc=        271 Op1=[0x80001040] Op2=[0xffffffc0] W[_, 0= 0x80001000]   Mem[0: R:0x00000001 W:0x00000001] PC= 0x80000044    sw      gp, -64(t5)
Cyc=        272 Op1=[0x0000000b] Op2=[0x00000000] W[W, 0= 0x8000004c]   Mem[2: R:0x04c0006f W:0x00000000] PC= 0x80000048  J j       pc - 0x8
Cyc=        273 Op1=[0x00001000] Op2=[0x80000040] W[W,30= 0x80001040]   Mem[0: R:0x00000000 W:0x00000000] PC= 0x80000040    auipc   t5, 0x1
Cyc=        274 Op1=[0x80001040] Op2=[0xffffffc0] W[_, 0= 0x80001000]   Mem[0: R:0x00000001 W:0x00000001] PC= 0x80000044    sw      gp, -64(t5)
Cyc=        275 Op1=[0x0000000b] Op2=[0x00000000] W[W, 0= 0x8000004c]   Mem[2: R:0x04c0006f W:0x00000000] PC= 0x80000048  J j       pc - 0x8
Cyc=        276 Op1=[0x00001000] Op2=[0x80000040] W[W,30= 0x80001040]   Mem[0: R:0x00000000 W:0x00000000] PC= 0x80000040    auipc   t5, 0x1
Cyc=        277 Op1=[0x80001040] Op2=[0xffffffc0] W[_, 0= 0x80001000]   Mem[0: R:0x00000001 W:0x00000001] PC= 0x80000044    sw      gp, -64(t5)
Cyc=        278 Op1=[0x0000000b] Op2=[0x00000000] W[W, 0= 0x8000004c]   Mem[2: R:0x04c0006f W:0x00000000] PC= 0x80000048  J j       pc - 0x8
Cyc=        279 Op1=[0x00001000] Op2=[0x80000040] W[W,30= 0x80001040]   Mem[0: R:0x00000000 W:0x00000000] PC= 0x80000040    auipc   t5, 0x1
Cyc=        280 Op1=[0x80001040] Op2=[0xffffffc0] W[_, 0= 0x80001000]   Mem[0: R:0x00000001 W:0x00000001] PC= 0x80000044    sw      gp, -64(t5)
Cyc=        281 Op1=[0x0000000b] Op2=[0x00000000] W[W, 0= 0x8000004c]   Mem[2: R:0x04c0006f W:0x00000000] PC= 0x80000048  J j       pc - 0x8
Cyc=        282 Op1=[0x00001000] Op2=[0x80000040] W[W,30= 0x80001040]   Mem[0: R:0x00000000 W:0x00000000] PC= 0x80000040    auipc   t5, 0x1
Cyc=        283 Op1=[0x80001040] Op2=[0xffffffc0] W[_, 0= 0x80001000]   Mem[0: R:0x00000001 W:0x00000001] PC= 0x80000044    sw      gp, -64(t5)
Cyc=        284 Op1=[0x0000000b] Op2=[0x00000000] W[W, 0= 0x8000004c]   Mem[2: R:0x04c0006f W:0x00000000] PC= 0x80000048  J j       pc - 0x8
Cyc=        285 Op1=[0x00001000] Op2=[0x80000040] W[W,30= 0x80001040]   Mem[0: R:0x00000000 W:0x00000000] PC= 0x80000040    auipc   t5, 0x1
Cyc=        286 Op1=[0x80001040] Op2=[0xffffffc0] W[_, 0= 0x80001000]   Mem[0: R:0x00000001 W:0x00000001] PC= 0x80000044    sw      gp, -64(t5)
Cyc=        287 Op1=[0x0000000b] Op2=[0x00000000] W[W, 0= 0x8000004c]   Mem[2: R:0x04c0006f W:0x00000000] PC= 0x80000048  J j       pc - 0x8
Cyc=        288 Op1=[0x00001000] Op2=[0x80000040] W[W,30= 0x80001040]   Mem[0: R:0x00000000 W:0x00000000] PC= 0x80000040    auipc   t5, 0x1
Cyc=        289 Op1=[0x80001040] Op2=[0xffffffc0] W[_, 0= 0x80001000]   Mem[0: R:0x00000001 W:0x00000001] PC= 0x80000044    sw      gp, -64(t5)
Cyc=        290 Op1=[0x0000000b] Op2=[0x00000000] W[W, 0= 0x8000004c]   Mem[2: R:0x04c0006f W:0x00000000] PC= 0x80000048  J j       pc - 0x8
Cyc=        291 Op1=[0x00001000] Op2=[0x80000040] W[W,30= 0x80001040]   Mem[0: R:0x00000000 W:0x00000000] PC= 0x80000040    auipc   t5, 0x1
Cyc=        292 Op1=[0x80001040] Op2=[0xffffffc0] W[_, 0= 0x80001000]   Mem[0: R:0x00000001 W:0x00000001] PC= 0x80000044    sw      gp, -64(t5)
Cyc=        293 Op1=[0x0000000b] Op2=[0x00000000] W[W, 0= 0x8000004c]   Mem[2: R:0x04c0006f W:0x00000000] PC= 0x80000048  J j       pc - 0x8
Cyc=        294 Op1=[0x00001000] Op2=[0x80000040] W[W,30= 0x80001040]   Mem[0: R:0x00000000 W:0x00000000] PC= 0x80000040    auipc   t5, 0x1
Cyc=        295 Op1=[0x80001040] Op2=[0xffffffc0] W[_, 0= 0x80001000]   Mem[0: R:0x00000000 W:0x00000001] PC= 0x80000044    sw      gp, -64(t5)
*** PASSED ***
