Instantiated DTM.
Cyc=          0 Op1=[0x00000000] Op2=[0x00000000] W[W, 0= 0x80000004]   Mem[2: R:0x04c0006f W:0x00000000] PC= 0x80000000  J j       pc + 0x4c
Cyc=          1 Op1=[0x00000000] Op2=[0x00000000] W[W,10= 0x00000000]   Mem[3: R:0x04c0006f W:0x00000000] PC= 0x8000004c    csrr    a0, mhartid
Cyc=          2 Op1=[0x00000000] Op2=[0x00000000] W[_, 0= 0x00000000]   Mem[0: R:0x04c0006f W:0x00000000] PC= 0x80000050    bnez    a0, pc + 0
Cyc=          3 Op1=[0x00000000] Op2=[0x80000054] W[W, 5= 0x80000054]   Mem[0: R:0x00000297 W:0x00000000] PC= 0x80000054    auipc   t0, 0x0
Cyc=          4 Op1=[0x80000054] Op2=[0x00000010] W[W, 5= 0x80000064]   Mem[0: R:0x00000297 W:0x00000000] PC= 0x80000058    addi    t0, t0, 16
Cyc=          5 Op1=[0x80000064] Op2=[0x80000064] W[W, 0= 0x00000100]   Mem[3: R:0x00000297 W:0x80000064] PC= 0x8000005c    csrw    mtvec, t0
Cyc=          6 Op1=[0x00000000] Op2=[0x00000000] W[W, 0= 0x00000000]   Mem[3: R:0x04c0006f W:0x00000000] PC= 0x80000060    csrwi   satp, 0
Cyc=          7 Op1=[0x00000000] Op2=[0x80000064] W[W, 5= 0x80000064]   Mem[0: R:0x00000297 W:0x00000000] PC= 0x80000064    auipc   t0, 0x0
Cyc=          8 Op1=[0x80000064] Op2=[0x0000001c] W[W, 5= 0x80000080]   Mem[0: R:0x00000297 W:0x00000000] PC= 0x80000068    addi    t0, t0, 28
Cyc=          9 Op1=[0x80000080] Op2=[0x80000080] W[W, 0= 0x00000100]   Mem[3: R:0x00000297 W:0x80000080] PC= 0x8000006c    csrw    mtvec, t0
Cyc=         10 Op1=[0x00000000] Op2=[0xffffffff] W[W, 5= 0xffffffff]   Mem[0: R:0xc0006f00 W:0x00000000] PC= 0x80000070    li      t0, -1
Cyc=         11 Op1=[0xffffffff] Op2=[0x00000000] W[W, 0= 0x00000000]   Mem[3: R:0xc0006f00 W:0x00000000] PC= 0x80000074    csrw    pmpaddr0, t0
Cyc=         12 Op1=[0x00000000] Op2=[0x0000001f] W[W, 5= 0x0000001f]   Mem[0: R:0x000f1703 W:0x00000000] PC= 0x80000078    li      t0, 31
Cyc=         13 Op1=[0x0000001f] Op2=[0x00000000] W[W, 0= 0x00000000]   Mem[3: R:0x000f1703 W:0x00000000] PC= 0x8000007c    csrw    pmpcfg0, t0
Cyc=         14 Op1=[0x00000000] Op2=[0x80000080] W[W, 5= 0x80000080]   Mem[0: R:0x00000297 W:0x00000000] PC= 0x80000080    auipc   t0, 0x0
Cyc=         15 Op1=[0x80000080] Op2=[0x00000018] W[W, 5= 0x80000098]   Mem[0: R:0x00000193 W:0x00000000] PC= 0x80000084    addi    t0, t0, 24
Cyc=         16 Op1=[0x80000098] Op2=[0x80000098] W[W, 0= 0x00000100]   Mem[3: R:0x00000193 W:0x80000098] PC= 0x80000088    csrw    mtvec, t0
Cyc=         17 Op1=[0x00000000] Op2=[0x00000000] W[W, 0= 0x00000000]   Mem[3: R:0x04c0006f W:0x00000000] PC= 0x8000008c    csrwi   medeleg, 0
Cyc=         18 Op1=[0x00000000] Op2=[0x00000000] W[W, 0= 0x00000000]   Mem[3: R:0x04c0006f W:0x00000000] PC= 0x80000090    csrwi   mideleg, 0
Cyc=         19 Op1=[0x00000000] Op2=[0x00000000] W[W, 0= 0x00000000]   Mem[3: R:0x04c0006f W:0x00000000] PC= 0x80000094    csrwi   mie, 0
Cyc=         20 Op1=[0x00000000] Op2=[0x00000000] W[W, 3= 0x00000000]   Mem[0: R:0x04c0006f W:0x00000000] PC= 0x80000098    li      gp, 0
Cyc=         21 Op1=[0x00000000] Op2=[0x8000009c] W[W, 5= 0x8000009c]   Mem[0: R:0x00000297 W:0x00000000] PC= 0x8000009c    auipc   t0, 0x0
Cyc=         22 Op1=[0x8000009c] Op2=[0xffffff68] W[W, 5= 0x80000004]   Mem[0: R:0x34202f73 W:0x00000000] PC= 0x800000a0    addi    t0, t0, -152
Cyc=         23 Op1=[0x80000004] Op2=[0x80000004] W[W, 0= 0x00000100]   Mem[3: R:0x34202f73 W:0x80000004] PC= 0x800000a4    csrw    mtvec, t0
Cyc=         24 Op1=[0x00000000] Op2=[0x00000001] W[W,10= 0x00000001]   Mem[0: R:0x7304c000 W:0x00000000] PC= 0x800000a8    li      a0, 1
Cyc=         25 Op1=[0x00000001] Op2=[0x0000001f] W[W,10= 0x80000000]   Mem[0: R:0x04c0006f W:0x00000000] PC= 0x800000ac    slli    a0, a0, 31
Cyc=         26 Op1=[0x80000000] Op2=[0x00000000] W[_,16= 0x00000000]   Mem[0: R:0x04c0006f W:0x00000000] PC= 0x800000b0  B bltz    a0, pc + 16
Cyc=         27 Op1=[0x80000000] Op2=[0x800000c0] W[W, 5= 0x000000c0]   Mem[0: R:0x80000297 W:0x00000000] PC= 0x800000c0    auipc   t0, 0x80000
Cyc=         28 Op1=[0x000000c0] Op2=[0xffffff40] W[W, 5= 0x00000000]   Mem[0: R:0x04c0006f W:0x00000000] PC= 0x800000c4    addi    t0, t0, -192
Cyc=         29 Op1=[0x00000000] Op2=[0x00000000] W[_,28= 0x00000000]   Mem[0: R:0x04c0006f W:0x00000000] PC= 0x800000c8  B beqz    t0, pc + 28
Cyc=         30 Op1=[0x00000000] Op2=[0x00000000] W[W, 0= 0x00001800]   Mem[3: R:0x04c0006f W:0x00000000] PC= 0x800000e4    csrwi   mstatus, 0
Cyc=         31 Op1=[0x00002000] Op2=[0x00000000] W[W,10= 0x00002000]   Mem[0: R:0x00000001 W:0x00000000] PC= 0x800000e8    lui     a0, 0x2
Cyc=         32 Op1=[0x00002000] Op2=[0xfffff800] W[W,10= 0x00001800]   Mem[0: R:0x00000000 W:0x00000000] PC= 0x800000ec    addi    a0, a0, -2048
Cyc=         33 Op1=[0x00001800] Op2=[0x00000000] W[W, 0= 0x00001800]   Mem[3: R:0x00000000 W:0x00000000] PC= 0x800000f0    csrs    mstatus, a0
Cyc=         34 Op1=[0x00000000] Op2=[0x800000f4] W[W, 5= 0x800000f4]   Mem[0: R:0x00000297 W:0x00000000] PC= 0x800000f4    auipc   t0, 0x0
Cyc=         35 Op1=[0x800000f4] Op2=[0x00000014] W[W, 5= 0x80000108]   Mem[0: R:0x3401d073 W:0x00000000] PC= 0x800000f8    addi    t0, t0, 20
Cyc=         36 Op1=[0x80000108] Op2=[0x00000000] W[W, 0= 0x80000000]   Mem[3: R:0x3401d073 W:0x00000000] PC= 0x800000fc    csrw    mepc, t0
Cyc=         37 Op1=[0x00000000] Op2=[0x00000000] W[W,10= 0x00000000]   Mem[3: R:0x04c0006f W:0x00000000] PC= 0x80000100    csrr    a0, mhartid
Cyc=         38 Op1=[0x00000000] Op2=[0x00000000] W[_, 0= 0x00000000]   Mem[0: R:0x04c0006f W:0x00000000] PC= 0x80000104  X mret
Cyc=         39 Op1=[0x00000003] Op2=[0x00000000] W[W, 0= 0x00000000]   Mem[3: R:0x202f7304 W:0x00000000] PC= 0x80000108    csrwi   mscratch, 3
Cyc=         40 Op1=[0x00000000] Op2=[0x00000000] W[W,10= 0x00000003]   Mem[3: R:0x04c0006f W:0x00000000] PC= 0x8000010c    csrr    a0, mscratch
Cyc=         41 Op1=[0x00000000] Op2=[0x00000003] W[W,29= 0x00000003]   Mem[0: R:0x202f7304 W:0x00000000] PC= 0x80000110    li      t4, 3
Cyc=         42 Op1=[0x00000000] Op2=[0x00000002] W[W, 3= 0x00000002]   Mem[0: R:0x2f7304c0 W:0x00000000] PC= 0x80000114    li      gp, 2
Cyc=         43 Op1=[0x00000003] Op2=[0x00000003] W[_,16= 0x00000000]   Mem[0: R:0x04c0006f W:0x00000003] PC= 0x80000118    bne     a0, t4, pc + 304
Cyc=         44 Op1=[0x00000001] Op2=[0x00000000] W[W,11= 0x00000003]   Mem[3: R:0x7304c000 W:0x00000000] PC= 0x8000011c    csrrci  a1, mscratch, 1
Cyc=         45 Op1=[0x00000000] Op2=[0x00000003] W[W,29= 0x00000003]   Mem[0: R:0x202f7304 W:0x00000002] PC= 0x80000120    li      t4, 3
Cyc=         46 Op1=[0x00000000] Op2=[0x00000003] W[W, 3= 0x00000003]   Mem[0: R:0x202f7304 W:0x00000002] PC= 0x80000124    li      gp, 3
Cyc=         47 Op1=[0x00000003] Op2=[0x00000003] W[_, 0= 0x00000000]   Mem[0: R:0x04c0006f W:0x00000003] PC= 0x80000128    bne     a1, t4, pc + 288
Cyc=         48 Op1=[0x00000004] Op2=[0x00000000] W[W,12= 0x00000002]   Mem[3: R:0x34202f73 W:0x00000000] PC= 0x8000012c    csrrsi  a2, mscratch, 4
Cyc=         49 Op1=[0x00000000] Op2=[0x00000002] W[W,29= 0x00000002]   Mem[0: R:0x2f7304c0 W:0x00000000] PC= 0x80000130    li      t4, 2
Cyc=         50 Op1=[0x00000000] Op2=[0x00000004] W[W, 3= 0x00000004]   Mem[0: R:0x34202f73 W:0x00000000] PC= 0x80000134    li      gp, 4
Cyc=         51 Op1=[0x00000002] Op2=[0x00000002] W[_,16= 0x00000000]   Mem[0: R:0x04c0006f W:0x00000002] PC= 0x80000138    bne     a2, t4, pc + 272
Cyc=         52 Op1=[0x00000002] Op2=[0x00000000] W[W,13= 0x00000006]   Mem[3: R:0x2f7304c0 W:0x00000000] PC= 0x8000013c    csrrwi  a3, mscratch, 2
Cyc=         53 Op1=[0x00000000] Op2=[0x00000006] W[W,29= 0x00000006]   Mem[0: R:0x0f933420 W:0x00000000] PC= 0x80000140    li      t4, 6
Cyc=         54 Op1=[0x00000000] Op2=[0x00000005] W[W, 3= 0x00000005]   Mem[0: R:0x9334202f W:0x80000108] PC= 0x80000144    li      gp, 5
Cyc=         55 Op1=[0x00000006] Op2=[0x00000006] W[_, 0= 0x00000000]   Mem[0: R:0x04c0006f W:0x00000006] PC= 0x80000148    bne     a3, t4, pc + 256
Cyc=         56 Op1=[0x0bad2000] Op2=[0x00000000] W[W,10= 0x0bad2000]   Mem[0: R:0x00000000 W:0x00000000] PC= 0x8000014c    lui     a0, 0xbad2
Cyc=         57 Op1=[0x0bad2000] Op2=[0xfffffdea] W[W,10= 0x0bad1dea]   Mem[0: R:0x00000000 W:0x0bad2000] PC= 0x80000150    addi    a0, a0, -534
Cyc=         58 Op1=[0x0bad1dea] Op2=[0x00000000] W[W,11= 0x00000002]   Mem[3: R:0x00000000 W:0x00000000] PC= 0x80000154    csrrw   a1, mscratch, a0
Cyc=         59 Op1=[0x00000000] Op2=[0x00000002] W[W,29= 0x00000002]   Mem[0: R:0x2f7304c0 W:0x00000000] PC= 0x80000158    li      t4, 2
Cyc=         60 Op1=[0x00000000] Op2=[0x00000006] W[W, 3= 0x00000006]   Mem[0: R:0x0f933420 W:0x00000000] PC= 0x8000015c    li      gp, 6
Cyc=         61 Op1=[0x00000002] Op2=[0x00000002] W[_, 8= 0x00000000]   Mem[0: R:0x04c0006f W:0x00000002] PC= 0x80000160    bne     a1, t4, pc + 232
Cyc=         62 Op1=[0x00002000] Op2=[0x00000000] W[W,10= 0x00002000]   Mem[0: R:0x00000001 W:0x00000000] PC= 0x80000164    lui     a0, 0x2
Cyc=         63 Op1=[0x00002000] Op2=[0xfffffdea] W[W,10= 0x00001dea]   Mem[0: R:0x00000000 W:0x00002000] PC= 0x80000168    addi    a0, a0, -534
Cyc=         64 Op1=[0x00001dea] Op2=[0x00000000] W[W,10= 0x0bad1dea]   Mem[3: R:0x00000000 W:0x00000000] PC= 0x8000016c    csrrc   a0, mscratch, a0
Cyc=         65 Op1=[0x0bad2000] Op2=[0x00000000] W[W,29= 0x0bad2000]   Mem[0: R:0x00000000 W:0x00000000] PC= 0x80000170    lui     t4, 0xbad2
Cyc=         66 Op1=[0x0bad2000] Op2=[0xfffffdea] W[W,29= 0x0bad1dea]   Mem[0: R:0x00000000 W:0x0bad1dea] PC= 0x80000174    addi    t4, t4, -534
Cyc=         67 Op1=[0x00000000] Op2=[0x00000007] W[W, 3= 0x00000007]   Mem[0: R:0x800f9334 W:0x00000000] PC= 0x80000178    li      gp, 7
Cyc=         68 Op1=[0x0bad1dea] Op2=[0x0bad1dea] W[_,12= 0x00000000]   Mem[0: R:0x04c0006f W:0x0bad1dea] PC= 0x8000017c    bne     a0, t4, pc + 204
Cyc=         69 Op1=[0x0000c000] Op2=[0x00000000] W[W,10= 0x0000c000]   Mem[0: R:0x00000000 W:0x00000000] PC= 0x80000180    lui     a0, 0xc
Cyc=         70 Op1=[0x0000c000] Op2=[0xfffffeef] W[W,10= 0x0000beef]   Mem[0: R:0x00000000 W:0x00000000] PC= 0x80000184    addi    a0, a0, -273
Cyc=         71 Op1=[0x0000beef] Op2=[0x00000000] W[W,10= 0x0bad0000]   Mem[3: R:0x00000000 W:0x00000000] PC= 0x80000188    csrrs   a0, mscratch, a0
Cyc=         72 Op1=[0x0bad0000] Op2=[0x00000000] W[W,29= 0x0bad0000]   Mem[0: R:0x00000000 W:0x00000000] PC= 0x8000018c    lui     t4, 0xbad0
Cyc=         73 Op1=[0x00000000] Op2=[0x00000008] W[W, 3= 0x00000008]   Mem[0: R:0x00800f93 W:0x00000000] PC= 0x80000190    li      gp, 8
Cyc=         74 Op1=[0x0bad0000] Op2=[0x0bad0000] W[_,20= 0x00000000]   Mem[0: R:0x04c0006f W:0x0bad0000] PC= 0x80000194    bne     a0, t4, pc + 180
Cyc=         75 Op1=[0x00000000] Op2=[0x00000000] W[W,10= 0x0badbeef]   Mem[3: R:0x04c0006f W:0x00000000] PC= 0x80000198    csrr    a0, mscratch
Cyc=         76 Op1=[0x0badc000] Op2=[0x00000000] W[W,29= 0x0badc000]   Mem[0: R:0x00000000 W:0x00000000] PC= 0x8000019c    lui     t4, 0xbadc
Cyc=         77 Op1=[0x0badc000] Op2=[0xfffffeef] W[W,29= 0x0badbeef]   Mem[0: R:0x00000000 W:0x00000000] PC= 0x800001a0    addi    t4, t4, -273
Cyc=         78 Op1=[0x00000000] Op2=[0x00000009] W[W, 3= 0x00000009]   Mem[0: R:0x6300800f W:0x00000000] PC= 0x800001a4    li      gp, 9
Cyc=         79 Op1=[0x0badbeef] Op2=[0x0badbeef] W[_, 0= 0x00000000]   Mem[0: R:0x04c0006f W:0x0badbeef] PC= 0x800001a8    bne     a0, t4, pc + 160
Cyc=         80 Op1=[0x00000000] Op2=[0x00000000] W[W,10= 0x00000100]   Mem[3: R:0x04c0006f W:0x00000000] PC= 0x800001ac    csrr    a0, misa
Cyc=         81 Op1=[0x00000100] Op2=[0x00000020] W[W,10= 0x00000000]   Mem[0: R:0x04c0006f W:0x00000000] PC= 0x800001b0    andi    a0, a0, 32
Cyc=         82 Op1=[0x00000000] Op2=[0x00000000] W[_,16= 0x00000000]   Mem[0: R:0x04c0006f W:0x00000000] PC= 0x800001b4  B beqz    a0, pc + 48
Cyc=         83 Op1=[0x00000000] Op2=[0x00000000] W[W,10= 0x00000100]   Mem[3: R:0x04c0006f W:0x00000000] PC= 0x800001e4    csrr    a0, misa
Cyc=         84 Op1=[0x00000100] Op2=[0x00000014] W[W,10= 0x00000000]   Mem[0: R:0x04c0006f W:0x00000000] PC= 0x800001e8    srli    a0, a0, 20
Cyc=         85 Op1=[0x00000000] Op2=[0x00000001] W[W,10= 0x00000000]   Mem[0: R:0x04c0006f W:0x00000000] PC= 0x800001ec    andi    a0, a0, 1
Cyc=         86 Op1=[0x00000000] Op2=[0x00000000] W[_, 8= 0x00000000]   Mem[0: R:0x04c0006f W:0x00000000] PC= 0x800001f0  B beqz    a0, pc + 72
Cyc=         87 Op1=[0x00000000] Op2=[0x00000000] W[_, 0= 0x00000000]   Mem[0: R:0x04c0006f W:0x00000000] PC= 0x80000238    fence
Cyc=         88 Op1=[0x00000000] Op2=[0x00000001] W[W, 3= 0x00000001]   Mem[0: R:0x7304c000 W:0x00000000] PC= 0x8000023c    li      gp, 1
Cyc=         89 Op1=[0x00000000] Op2=[0x00000000] W[_, 0= 0x00000000]   Mem[0: R:0x04c0006f W:0x00000000] PC= 0x80000240  X ecall
Cyc=         90 Op1=[0x00000000] Op2=[0x00000000] W[W,30= 0x0000000b]   Mem[3: R:0x04c0006f W:0x00000000] PC= 0x80000004    csrr    t5, mcause
Cyc=         91 Op1=[0x00000000] Op2=[0x00000008] W[W,31= 0x00000008]   Mem[0: R:0x00800f93 W:0x00000000] PC= 0x80000008    li      t6, 8
Cyc=         92 Op1=[0x0000000b] Op2=[0x00000008] W[_,20= 0x00000000]   Mem[0: R:0x04c0006f W:0x00000008] PC= 0x8000000c    beq     t5, t6, pc + 52
Cyc=         93 Op1=[0x00000000] Op2=[0x00000009] W[W,31= 0x00000009]   Mem[0: R:0x6300800f W:0x00000000] PC= 0x80000010    li      t6, 9
Cyc=         94 Op1=[0x0000000b] Op2=[0x00000009] W[_,12= 0x00000000]   Mem[0: R:0x04c0006f W:0x00000009] PC= 0x80000014    beq     t5, t6, pc + 44
Cyc=         95 Op1=[0x00000000] Op2=[0x0000000b] W[W,31= 0x0000000b]   Mem[0: R:0xff0a6300 W:0x00000002] PC= 0x80000018    li      t6, 11
Cyc=         96 Op1=[0x0000000b] Op2=[0x0000000b] W[_, 4= 0x00000000]   Mem[0: R:0x04c0006f W:0x0000000b] PC= 0x8000001c  B beq     t5, t6, pc + 36
Cyc=         97 Op1=[0x00001000] Op2=[0x80000040] W[W,30= 0x80001040]   Mem[0: R:0x00000000 W:0x00000000] PC= 0x80000040    auipc   t5, 0x1
Cyc=         98 Op1=[0x80001040] Op2=[0xffffffc0] W[_, 0= 0x80001000]   Mem[0: R:0x00000000 W:0x00000001] PC= 0x80000044    sw      gp, -64(t5)
Cyc=         99 Op1=[0x0000000b] Op2=[0x00000000] W[W, 0= 0x8000004c]   Mem[2: R:0x04c0006f W:0x00000000] PC= 0x80000048  J j       pc - 0x8
Cyc=        100 Op1=[0x00001000] Op2=[0x80000040] W[W,30= 0x80001040]   Mem[0: R:0x00000000 W:0x00000000] PC= 0x80000040    auipc   t5, 0x1
Cyc=        101 Op1=[0x80001040] Op2=[0xffffffc0] W[_, 0= 0x80001000]   Mem[0: R:0x00000001 W:0x00000001] PC= 0x80000044    sw      gp, -64(t5)
Cyc=        102 Op1=[0x0000000b] Op2=[0x00000000] W[W, 0= 0x8000004c]   Mem[2: R:0x04c0006f W:0x00000000] PC= 0x80000048  J j       pc - 0x8
Cyc=        103 Op1=[0x00001000] Op2=[0x80000040] W[W,30= 0x80001040]   Mem[0: R:0x00000000 W:0x00000000] PC= 0x80000040    auipc   t5, 0x1
Cyc=        104 Op1=[0x80001040] Op2=[0xffffffc0] W[_, 0= 0x80001000]   Mem[0: R:0x00000001 W:0x00000001] PC= 0x80000044    sw      gp, -64(t5)
Cyc=        105 Op1=[0x0000000b] Op2=[0x00000000] W[W, 0= 0x8000004c]   Mem[2: R:0x04c0006f W:0x00000000] PC= 0x80000048  J j       pc - 0x8
Cyc=        106 Op1=[0x00001000] Op2=[0x80000040] W[W,30= 0x80001040]   Mem[0: R:0x00000000 W:0x00000000] PC= 0x80000040    auipc   t5, 0x1
Cyc=        107 Op1=[0x80001040] Op2=[0xffffffc0] W[_, 0= 0x80001000]   Mem[0: R:0x00000001 W:0x00000001] PC= 0x80000044    sw      gp, -64(t5)
Cyc=        108 Op1=[0x0000000b] Op2=[0x00000000] W[W, 0= 0x8000004c]   Mem[2: R:0x04c0006f W:0x00000000] PC= 0x80000048  J j       pc - 0x8
Cyc=        109 Op1=[0x00001000] Op2=[0x80000040] W[W,30= 0x80001040]   Mem[0: R:0x00000000 W:0x00000000] PC= 0x80000040    auipc   t5, 0x1
Cyc=        110 Op1=[0x80001040] Op2=[0xffffffc0] W[_, 0= 0x80001000]   Mem[0: R:0x00000001 W:0x00000001] PC= 0x80000044    sw      gp, -64(t5)
Cyc=        111 Op1=[0x0000000b] Op2=[0x00000000] W[W, 0= 0x8000004c]   Mem[2: R:0x04c0006f W:0x00000000] PC= 0x80000048  J j       pc - 0x8
Cyc=        112 Op1=[0x00001000] Op2=[0x80000040] W[W,30= 0x80001040]   Mem[0: R:0x00000000 W:0x00000000] PC= 0x80000040    auipc   t5, 0x1
Cyc=        113 Op1=[0x80001040] Op2=[0xffffffc0] W[_, 0= 0x80001000]   Mem[0: R:0x00000001 W:0x00000001] PC= 0x80000044    sw      gp, -64(t5)
Cyc=        114 Op1=[0x0000000b] Op2=[0x00000000] W[W, 0= 0x8000004c]   Mem[2: R:0x04c0006f W:0x00000000] PC= 0x80000048  J j       pc - 0x8
Cyc=        115 Op1=[0x00001000] Op2=[0x80000040] W[W,30= 0x80001040]   Mem[0: R:0x00000000 W:0x00000000] PC= 0x80000040    auipc   t5, 0x1
Cyc=        116 Op1=[0x80001040] Op2=[0xffffffc0] W[_, 0= 0x80001000]   Mem[0: R:0x00000001 W:0x00000001] PC= 0x80000044    sw      gp, -64(t5)
Cyc=        117 Op1=[0x0000000b] Op2=[0x00000000] W[W, 0= 0x8000004c]   Mem[2: R:0x04c0006f W:0x00000000] PC= 0x80000048  J j       pc - 0x8
Cyc=        118 Op1=[0x00001000] Op2=[0x80000040] W[W,30= 0x80001040]   Mem[0: R:0x00000000 W:0x00000000] PC= 0x80000040    auipc   t5, 0x1
Cyc=        119 Op1=[0x80001040] Op2=[0xffffffc0] W[_, 0= 0x80001000]   Mem[0: R:0x00000001 W:0x00000001] PC= 0x80000044    sw      gp, -64(t5)
Cyc=        120 Op1=[0x0000000b] Op2=[0x00000000] W[W, 0= 0x8000004c]   Mem[2: R:0x04c0006f W:0x00000000] PC= 0x80000048  J j       pc - 0x8
Cyc=        121 Op1=[0x00001000] Op2=[0x80000040] W[W,30= 0x80001040]   Mem[0: R:0x00000000 W:0x00000000] PC= 0x80000040    auipc   t5, 0x1
Cyc=        122 Op1=[0x80001040] Op2=[0xffffffc0] W[_, 0= 0x80001000]   Mem[0: R:0x00000001 W:0x00000001] PC= 0x80000044    sw      gp, -64(t5)
Cyc=        123 Op1=[0x0000000b] Op2=[0x00000000] W[W, 0= 0x8000004c]   Mem[2: R:0x04c0006f W:0x00000000] PC= 0x80000048  J j       pc - 0x8
Cyc=        124 Op1=[0x00001000] Op2=[0x80000040] W[W,30= 0x80001040]   Mem[0: R:0x00000000 W:0x00000000] PC= 0x80000040    auipc   t5, 0x1
Cyc=        125 Op1=[0x80001040] Op2=[0xffffffc0] W[_, 0= 0x80001000]   Mem[0: R:0x00000000 W:0x00000001] PC= 0x80000044    sw      gp, -64(t5)
Cyc=        126 Op1=[0x0000000b] Op2=[0x00000000] W[W, 0= 0x8000004c]   Mem[2: R:0x04c0006f W:0x00000000] PC= 0x80000048  J j       pc - 0x8
Cyc=        127 Op1=[0x00001000] Op2=[0x80000040] W[W,30= 0x80001040]   Mem[0: R:0x00000000 W:0x00000000] PC= 0x80000040    auipc   t5, 0x1
*** PASSED ***
