Instantiated DTM.
Cyc=          0 Op1=[0x00000000] Op2=[0x00000000] W[W, 0= 0x80000004]   Mem[2: R:0x04c0006f W:0x00000000] PC= 0x80000000  J j       pc + 0x4c
Cyc=          1 Op1=[0x00000000] Op2=[0x00000000] W[W,10= 0x00000000]   Mem[3: R:0x04c0006f W:0x00000000] PC= 0x8000004c    csrr    a0, mhartid
Cyc=          2 Op1=[0x00000000] Op2=[0x00000000] W[_, 0= 0x00000000]   Mem[0: R:0x04c0006f W:0x00000000] PC= 0x80000050    bnez    a0, pc + 0
Cyc=          3 Op1=[0x00000000] Op2=[0x80000054] W[W, 5= 0x80000054]   Mem[0: R:0x00000297 W:0x00000000] PC= 0x80000054    auipc   t0, 0x0
Cyc=          4 Op1=[0x80000054] Op2=[0x00000010] W[W, 5= 0x80000064]   Mem[0: R:0x00000297 W:0x00000000] PC= 0x80000058    addi    t0, t0, 16
Cyc=          5 Op1=[0x80000064] Op2=[0x80000064] W[W, 0= 0x00000100]   Mem[3: R:0x00000297 W:0x80000064] PC= 0x8000005c    csrw    mtvec, t0
Cyc=          6 Op1=[0x00000000] Op2=[0x00000000] W[W, 0= 0x00000000]   Mem[3: R:0x04c0006f W:0x00000000] PC= 0x80000060    csrwi   satp, 0
Cyc=          7 Op1=[0x00000000] Op2=[0x80000064] W[W, 5= 0x80000064]   Mem[0: R:0x00000297 W:0x00000000] PC= 0x80000064    auipc   t0, 0x0
Cyc=          8 Op1=[0x80000064] Op2=[0x0000001c] W[W, 5= 0x80000080]   Mem[0: R:0x00000297 W:0x00000000] PC= 0x80000068    addi    t0, t0, 28
Cyc=          9 Op1=[0x80000080] Op2=[0x80000080] W[W, 0= 0x00000100]   Mem[3: R:0x00000297 W:0x80000080] PC= 0x8000006c    csrw    mtvec, t0
Cyc=         10 Op1=[0x00000000] Op2=[0xffffffff] W[W, 5= 0xffffffff]   Mem[0: R:0xc0006f00 W:0x00000000] PC= 0x80000070    li      t0, -1
Cyc=         11 Op1=[0xffffffff] Op2=[0x00000000] W[W, 0= 0x00000000]   Mem[3: R:0xc0006f00 W:0x00000000] PC= 0x80000074    csrw    pmpaddr0, t0
Cyc=         12 Op1=[0x00000000] Op2=[0x0000001f] W[W, 5= 0x0000001f]   Mem[0: R:0x000f1703 W:0x00000000] PC= 0x80000078    li      t0, 31
Cyc=         13 Op1=[0x0000001f] Op2=[0x00000000] W[W, 0= 0x00000000]   Mem[3: R:0x000f1703 W:0x00000000] PC= 0x8000007c    csrw    pmpcfg0, t0
Cyc=         14 Op1=[0x00000000] Op2=[0x80000080] W[W, 5= 0x80000080]   Mem[0: R:0x00000297 W:0x00000000] PC= 0x80000080    auipc   t0, 0x0
Cyc=         15 Op1=[0x80000080] Op2=[0x00000018] W[W, 5= 0x80000098]   Mem[0: R:0x00000193 W:0x00000000] PC= 0x80000084    addi    t0, t0, 24
Cyc=         16 Op1=[0x80000098] Op2=[0x80000098] W[W, 0= 0x00000100]   Mem[3: R:0x00000193 W:0x80000098] PC= 0x80000088    csrw    mtvec, t0
Cyc=         17 Op1=[0x00000000] Op2=[0x00000000] W[W, 0= 0x00000000]   Mem[3: R:0x04c0006f W:0x00000000] PC= 0x8000008c    csrwi   medeleg, 0
Cyc=         18 Op1=[0x00000000] Op2=[0x00000000] W[W, 0= 0x00000000]   Mem[3: R:0x04c0006f W:0x00000000] PC= 0x80000090    csrwi   mideleg, 0
Cyc=         19 Op1=[0x00000000] Op2=[0x00000000] W[W, 0= 0x00000000]   Mem[3: R:0x04c0006f W:0x00000000] PC= 0x80000094    csrwi   mie, 0
Cyc=         20 Op1=[0x00000000] Op2=[0x00000000] W[W, 3= 0x00000000]   Mem[0: R:0x04c0006f W:0x00000000] PC= 0x80000098    li      gp, 0
Cyc=         21 Op1=[0x00000000] Op2=[0x8000009c] W[W, 5= 0x8000009c]   Mem[0: R:0x00000297 W:0x00000000] PC= 0x8000009c    auipc   t0, 0x0
Cyc=         22 Op1=[0x8000009c] Op2=[0xffffff68] W[W, 5= 0x80000004]   Mem[0: R:0x34202f73 W:0x00000000] PC= 0x800000a0    addi    t0, t0, -152
Cyc=         23 Op1=[0x80000004] Op2=[0x80000004] W[W, 0= 0x00000100]   Mem[3: R:0x34202f73 W:0x80000004] PC= 0x800000a4    csrw    mtvec, t0
Cyc=         24 Op1=[0x00000000] Op2=[0x00000001] W[W,10= 0x00000001]   Mem[0: R:0x7304c000 W:0x00000000] PC= 0x800000a8    li      a0, 1
Cyc=         25 Op1=[0x00000001] Op2=[0x0000001f] W[W,10= 0x80000000]   Mem[0: R:0x04c0006f W:0x00000000] PC= 0x800000ac    slli    a0, a0, 31
Cyc=         26 Op1=[0x80000000] Op2=[0x00000000] W[_,16= 0x00000000]   Mem[0: R:0x04c0006f W:0x00000000] PC= 0x800000b0  B bltz    a0, pc + 16
Cyc=         27 Op1=[0x80000000] Op2=[0x800000c0] W[W, 5= 0x000000c0]   Mem[0: R:0x80000297 W:0x00000000] PC= 0x800000c0    auipc   t0, 0x80000
Cyc=         28 Op1=[0x000000c0] Op2=[0xffffff40] W[W, 5= 0x00000000]   Mem[0: R:0x04c0006f W:0x00000000] PC= 0x800000c4    addi    t0, t0, -192
Cyc=         29 Op1=[0x00000000] Op2=[0x00000000] W[_,28= 0x00000000]   Mem[0: R:0x04c0006f W:0x00000000] PC= 0x800000c8  B beqz    t0, pc + 28
Cyc=         30 Op1=[0x00000000] Op2=[0x00000000] W[W, 0= 0x00001800]   Mem[3: R:0x04c0006f W:0x00000000] PC= 0x800000e4    csrwi   mstatus, 0
Cyc=         31 Op1=[0x00000000] Op2=[0x800000e8] W[W, 5= 0x800000e8]   Mem[0: R:0x00000297 W:0x00000000] PC= 0x800000e8    auipc   t0, 0x0
Cyc=         32 Op1=[0x800000e8] Op2=[0x00000014] W[W, 5= 0x800000fc]   Mem[0: R:0x00002097 W:0x00000000] PC= 0x800000ec    addi    t0, t0, 20
Cyc=         33 Op1=[0x800000fc] Op2=[0x00000000] W[W, 0= 0x80000000]   Mem[3: R:0x00002097 W:0x00000000] PC= 0x800000f0    csrw    mepc, t0
Cyc=         34 Op1=[0x00000000] Op2=[0x00000000] W[W,10= 0x00000000]   Mem[3: R:0x04c0006f W:0x00000000] PC= 0x800000f4    csrr    a0, mhartid
Cyc=         35 Op1=[0x00000000] Op2=[0x00000000] W[_, 0= 0x00000000]   Mem[0: R:0x04c0006f W:0x00000000] PC= 0x800000f8  X mret
Cyc=         36 Op1=[0x00002000] Op2=[0x800000fc] W[W, 1= 0x800020fc]   Mem[0: R:0x00000000 W:0x00000000] PC= 0x800000fc    auipc   ra, 0x2
Cyc=         37 Op1=[0x800020fc] Op2=[0xffffff04] W[W, 1= 0x80002000]   Mem[0: R:0xefefefef W:0x00000000] PC= 0x80000100    addi    ra, ra, -252
Cyc=         38 Op1=[0x00000000] Op2=[0xffffffaa] W[W, 2= 0xffffffaa]   Mem[0: R:0x00000000 W:0x00000000] PC= 0x80000104    li      sp, -86
Cyc=         39 Op1=[0x80002000] Op2=[0x00000000] W[_, 0= 0x80002000]   Mem[0: R:0xffffffef W:0xffffffaa] PC= 0x80000108    sb      sp, 0(ra)
Cyc=         40 Op1=[0x80002000] Op2=[0x00000000] W[W,30= 0xffffffaa]   Mem[1: R:0xffffffaa W:0x00000000] PC= 0x8000010c    lb      t5, 0(ra)
Cyc=         41 Op1=[0x00000000] Op2=[0xffffffaa] W[W,29= 0xffffffaa]   Mem[0: R:0x00000000 W:0x00000000] PC= 0x80000110    li      t4, -86
Cyc=         42 Op1=[0x00000000] Op2=[0x00000002] W[W, 3= 0x00000002]   Mem[0: R:0x2f7304c0 W:0xffffffaa] PC= 0x80000114    li      gp, 2
Cyc=         43 Op1=[0xffffffaa] Op2=[0xffffffaa] W[_,24= 0x00000000]   Mem[0: R:0x04c0006f W:0xffffffaa] PC= 0x80000118    bne     t5, t4, pc + 984
Cyc=         44 Op1=[0x00002000] Op2=[0x8000011c] W[W, 1= 0x8000211c]   Mem[0: R:0x00000000 W:0x00000000] PC= 0x8000011c    auipc   ra, 0x2
Cyc=         45 Op1=[0x8000211c] Op2=[0xfffffee4] W[W, 1= 0x80002000]   Mem[0: R:0xefefefaa W:0x00000000] PC= 0x80000120    addi    ra, ra, -284
Cyc=         46 Op1=[0x00000000] Op2=[0x00000000] W[W, 2= 0x00000000]   Mem[0: R:0x04c0006f W:0x00000000] PC= 0x80000124    li      sp, 0
Cyc=         47 Op1=[0x80002000] Op2=[0x00000001] W[_, 1= 0x80002001]   Mem[0: R:0xffffffef W:0x00000000] PC= 0x80000128    sb      sp, 1(ra)
Cyc=         48 Op1=[0x80002000] Op2=[0x00000001] W[W,30= 0x00000000]   Mem[1: R:0x00000000 W:0x80002000] PC= 0x8000012c    lb      t5, 1(ra)
Cyc=         49 Op1=[0x00000000] Op2=[0x00000000] W[W,29= 0x00000000]   Mem[0: R:0x04c0006f W:0x00000000] PC= 0x80000130    li      t4, 0
Cyc=         50 Op1=[0x00000000] Op2=[0x00000003] W[W, 3= 0x00000003]   Mem[0: R:0x202f7304 W:0x00000002] PC= 0x80000134    li      gp, 3
Cyc=         51 Op1=[0x00000000] Op2=[0x00000000] W[_,24= 0x00000000]   Mem[0: R:0x04c0006f W:0x00000000] PC= 0x80000138    bne     t5, t4, pc + 952
Cyc=         52 Op1=[0x00002000] Op2=[0x8000013c] W[W, 1= 0x8000213c]   Mem[0: R:0x00000000 W:0x00000000] PC= 0x8000013c    auipc   ra, 0x2
Cyc=         53 Op1=[0x8000213c] Op2=[0xfffffec4] W[W, 1= 0x80002000]   Mem[0: R:0xefef00aa W:0x00000000] PC= 0x80000140    addi    ra, ra, -316
Cyc=         54 Op1=[0xfffff000] Op2=[0x00000000] W[W, 2= 0xfffff000]   Mem[0: R:0x00000000 W:0x00000000] PC= 0x80000144    lui     sp, 0xfffff
Cyc=         55 Op1=[0xfffff000] Op2=[0xffffffa0] W[W, 2= 0xffffefa0]   Mem[0: R:0x00000000 W:0x00000000] PC= 0x80000148    addi    sp, sp, -96
Cyc=         56 Op1=[0x80002000] Op2=[0x00000002] W[_, 2= 0x80002002]   Mem[0: R:0xffffffef W:0xffffefa0] PC= 0x8000014c    sb      sp, 2(ra)
Cyc=         57 Op1=[0x80002000] Op2=[0x00000002] W[W,30= 0xffffefa0]   Mem[1: R:0xffffefa0 W:0xffffefa0] PC= 0x80000150    lh      t5, 2(ra)
Cyc=         58 Op1=[0xfffff000] Op2=[0x00000000] W[W,29= 0xfffff000]   Mem[0: R:0x00000000 W:0x00000000] PC= 0x80000154    lui     t4, 0xfffff
Cyc=         59 Op1=[0xfffff000] Op2=[0xffffffa0] W[W,29= 0xffffefa0]   Mem[0: R:0x00000000 W:0x00000000] PC= 0x80000158    addi    t4, t4, -96
Cyc=         60 Op1=[0x00000000] Op2=[0x00000004] W[W, 3= 0x00000004]   Mem[0: R:0x34202f73 W:0x00000000] PC= 0x8000015c    li      gp, 4
Cyc=         61 Op1=[0xffffefa0] Op2=[0xffffefa0] W[_,16= 0x00000000]   Mem[0: R:0x04c0006f W:0xffffefa0] PC= 0x80000160    bne     t5, t4, pc + 912
Cyc=         62 Op1=[0x00002000] Op2=[0x80000164] W[W, 1= 0x80002164]   Mem[0: R:0x00000000 W:0x00000000] PC= 0x80000164    auipc   ra, 0x2
Cyc=         63 Op1=[0x80002164] Op2=[0xfffffe9c] W[W, 1= 0x80002000]   Mem[0: R:0xefa000aa W:0x00000000] PC= 0x80000168    addi    ra, ra, -356
Cyc=         64 Op1=[0x00000000] Op2=[0x0000000a] W[W, 2= 0x0000000a]   Mem[0: R:0x0a630080 W:0x00000000] PC= 0x8000016c    li      sp, 10
Cyc=         65 Op1=[0x80002000] Op2=[0x00000003] W[_, 3= 0x80002003]   Mem[0: R:0xffffffef W:0x0000000a] PC= 0x80000170    sb      sp, 3(ra)
Cyc=         66 Op1=[0x80002000] Op2=[0x00000003] W[W,30= 0x0000000a]   Mem[1: R:0x0000000a W:0x00000004] PC= 0x80000174    lb      t5, 3(ra)
Cyc=         67 Op1=[0x00000000] Op2=[0x0000000a] W[W,29= 0x0000000a]   Mem[0: R:0x0a630080 W:0x00000000] PC= 0x80000178    li      t4, 10
Cyc=         68 Op1=[0x00000000] Op2=[0x00000005] W[W, 3= 0x00000005]   Mem[0: R:0x9334202f W:0x800000fc] PC= 0x8000017c    li      gp, 5
Cyc=         69 Op1=[0x0000000a] Op2=[0x0000000a] W[_,16= 0x00000000]   Mem[0: R:0x04c0006f W:0x0000000a] PC= 0x80000180    bne     t5, t4, pc + 880
Cyc=         70 Op1=[0x00002000] Op2=[0x80000184] W[W, 1= 0x80002184]   Mem[0: R:0x00000000 W:0x00000000] PC= 0x80000184    auipc   ra, 0x2
Cyc=         71 Op1=[0x80002184] Op2=[0xfffffe83] W[W, 1= 0x80002007]   Mem[0: R:0x00efefef W:0x00000005] PC= 0x80000188    addi    ra, ra, -381
Cyc=         72 Op1=[0x00000000] Op2=[0xffffffaa] W[W, 2= 0xffffffaa]   Mem[0: R:0x00000000 W:0x00000000] PC= 0x8000018c    li      sp, -86
Cyc=         73 Op1=[0x80002007] Op2=[0xfffffffd] W[_,29= 0x80002004]   Mem[0: R:0xffffffef W:0xffffffaa] PC= 0x80000190    sb      sp, -3(ra)
Cyc=         74 Op1=[0x80002007] Op2=[0xfffffffd] W[W,30= 0xffffffaa]   Mem[1: R:0xffffffaa W:0x0000000a] PC= 0x80000194    lb      t5, -3(ra)
Cyc=         75 Op1=[0x00000000] Op2=[0xffffffaa] W[W,29= 0xffffffaa]   Mem[0: R:0x00000000 W:0x00000000] PC= 0x80000198    li      t4, -86
Cyc=         76 Op1=[0x00000000] Op2=[0x00000006] W[W, 3= 0x00000006]   Mem[0: R:0x0f933420 W:0x00000000] PC= 0x8000019c    li      gp, 6
Cyc=         77 Op1=[0xffffffaa] Op2=[0xffffffaa] W[_,16= 0x00000000]   Mem[0: R:0x04c0006f W:0xffffffaa] PC= 0x800001a0    bne     t5, t4, pc + 848
Cyc=         78 Op1=[0x00002000] Op2=[0x800001a4] W[W, 1= 0x800021a4]   Mem[0: R:0x00000000 W:0x00000000] PC= 0x800001a4    auipc   ra, 0x2
Cyc=         79 Op1=[0x800021a4] Op2=[0xfffffe63] W[W, 1= 0x80002007]   Mem[0: R:0x00efefef W:0x00000006] PC= 0x800001a8    addi    ra, ra, -413
Cyc=         80 Op1=[0x00000000] Op2=[0x00000000] W[W, 2= 0x00000000]   Mem[0: R:0x04c0006f W:0x00000000] PC= 0x800001ac    li      sp, 0
Cyc=         81 Op1=[0x80002007] Op2=[0xfffffffe] W[_,30= 0x80002005]   Mem[0: R:0xffffffef W:0x00000000] PC= 0x800001b0    sb      sp, -2(ra)
Cyc=         82 Op1=[0x80002007] Op2=[0xfffffffe] W[W,30= 0x00000000]   Mem[1: R:0x00000000 W:0xffffffaa] PC= 0x800001b4    lb      t5, -2(ra)
Cyc=         83 Op1=[0x00000000] Op2=[0x00000000] W[W,29= 0x00000000]   Mem[0: R:0x04c0006f W:0x00000000] PC= 0x800001b8    li      t4, 0
Cyc=         84 Op1=[0x00000000] Op2=[0x00000007] W[W, 3= 0x00000007]   Mem[0: R:0x800f9334 W:0x00000000] PC= 0x800001bc    li      gp, 7
Cyc=         85 Op1=[0x00000000] Op2=[0x00000000] W[_,16= 0x00000000]   Mem[0: R:0x04c0006f W:0x00000000] PC= 0x800001c0    bne     t5, t4, pc + 816
Cyc=         86 Op1=[0x00002000] Op2=[0x800001c4] W[W, 1= 0x800021c4]   Mem[0: R:0x00000000 W:0x00000000] PC= 0x800001c4    auipc   ra, 0x2
Cyc=         87 Op1=[0x800021c4] Op2=[0xfffffe43] W[W, 1= 0x80002007]   Mem[0: R:0x00efefef W:0x00000007] PC= 0x800001c8    addi    ra, ra, -445
Cyc=         88 Op1=[0x00000000] Op2=[0xffffffa0] W[W, 2= 0xffffffa0]   Mem[0: R:0x00000000 W:0x00000000] PC= 0x800001cc    li      sp, -96
Cyc=         89 Op1=[0x80002007] Op2=[0xffffffff] W[_,31= 0x80002006]   Mem[0: R:0xffffffef W:0xffffffa0] PC= 0x800001d0    sb      sp, -1(ra)
Cyc=         90 Op1=[0x80002007] Op2=[0xffffffff] W[W,30= 0xffffffa0]   Mem[1: R:0xffffffa0 W:0x00000000] PC= 0x800001d4    lb      t5, -1(ra)
Cyc=         91 Op1=[0x00000000] Op2=[0xffffffa0] W[W,29= 0xffffffa0]   Mem[0: R:0x00000000 W:0x00000000] PC= 0x800001d8    li      t4, -96
Cyc=         92 Op1=[0x00000000] Op2=[0x00000008] W[W, 3= 0x00000008]   Mem[0: R:0x00800f93 W:0x00000000] PC= 0x800001dc    li      gp, 8
Cyc=         93 Op1=[0xffffffa0] Op2=[0xffffffa0] W[_,16= 0x00000000]   Mem[0: R:0x04c0006f W:0xffffffa0] PC= 0x800001e0    bne     t5, t4, pc + 784
Cyc=         94 Op1=[0x00002000] Op2=[0x800001e4] W[W, 1= 0x800021e4]   Mem[0: R:0x00000000 W:0x00000000] PC= 0x800001e4    auipc   ra, 0x2
Cyc=         95 Op1=[0x800021e4] Op2=[0xfffffe23] W[W, 1= 0x80002007]   Mem[0: R:0x00efefef W:0x00000008] PC= 0x800001e8    addi    ra, ra, -477
Cyc=         96 Op1=[0x00000000] Op2=[0x0000000a] W[W, 2= 0x0000000a]   Mem[0: R:0x0a630080 W:0x00000000] PC= 0x800001ec    li      sp, 10
Cyc=         97 Op1=[0x80002007] Op2=[0x00000000] W[_, 0= 0x80002007]   Mem[0: R:0xffffffef W:0x0000000a] PC= 0x800001f0    sb      sp, 0(ra)
Cyc=         98 Op1=[0x80002007] Op2=[0x00000000] W[W,30= 0x0000000a]   Mem[1: R:0x0000000a W:0x00000000] PC= 0x800001f4    lb      t5, 0(ra)
Cyc=         99 Op1=[0x00000000] Op2=[0x0000000a] W[W,29= 0x0000000a]   Mem[0: R:0x0a630080 W:0x00000000] PC= 0x800001f8    li      t4, 10
Cyc=        100 Op1=[0x00000000] Op2=[0x00000009] W[W, 3= 0x00000009]   Mem[0: R:0x6300800f W:0x00000000] PC= 0x800001fc    li      gp, 9
Cyc=        101 Op1=[0x0000000a] Op2=[0x0000000a] W[_,16= 0x00000000]   Mem[0: R:0x04c0006f W:0x0000000a] PC= 0x80000200    bne     t5, t4, pc + 752
Cyc=        102 Op1=[0x00002000] Op2=[0x80000204] W[W, 1= 0x80002204]   Mem[0: R:0x00000000 W:0x00000000] PC= 0x80000204    auipc   ra, 0x2
Cyc=        103 Op1=[0x80002204] Op2=[0xfffffe04] W[W, 1= 0x80002008]   Mem[0: R:0x0000efef W:0x00000000] PC= 0x80000208    addi    ra, ra, -508
Cyc=        104 Op1=[0x12345000] Op2=[0x00000009] W[W, 2= 0x12345000]   Mem[0: R:0x00000000 W:0x00000009] PC= 0x8000020c    lui     sp, 0x12345
Cyc=        105 Op1=[0x12345000] Op2=[0x00000678] W[W, 2= 0x12345678]   Mem[0: R:0x00000000 W:0x00000000] PC= 0x80000210    addi    sp, sp, 1656
Cyc=        106 Op1=[0x80002008] Op2=[0xffffffe0] W[W, 4= 0x80001fe8]   Mem[0: R:0x00000000 W:0x00000000] PC= 0x80000214    addi    tp, ra, -32
Cyc=        107 Op1=[0x80001fe8] Op2=[0x00000020] W[_, 0= 0x80002008]   Mem[0: R:0xffffffef W:0x12345678] PC= 0x80000218    sb      sp, 32(tp)
Cyc=        108 Op1=[0x80002008] Op2=[0x00000000] W[W, 5= 0x00000078]   Mem[1: R:0x00000078 W:0x00000000] PC= 0x8000021c    lb      t0, 0(ra)
Cyc=        109 Op1=[0x00000000] Op2=[0x00000078] W[W,29= 0x00000078]   Mem[0: R:0x01f00293 W:0x00000000] PC= 0x80000220    li      t4, 120
Cyc=        110 Op1=[0x00000000] Op2=[0x0000000a] W[W, 3= 0x0000000a]   Mem[0: R:0x0a630080 W:0x00000000] PC= 0x80000224    li      gp, 10
Cyc=        111 Op1=[0x00000078] Op2=[0x00000078] W[_, 8= 0x00000000]   Mem[0: R:0x04c0006f W:0x00000078] PC= 0x80000228    bne     t0, t4, pc + 712
Cyc=        112 Op1=[0x00002000] Op2=[0x8000022c] W[W, 1= 0x8000222c]   Mem[0: R:0x00000000 W:0x00000000] PC= 0x8000022c    auipc   ra, 0x2
Cyc=        113 Op1=[0x8000222c] Op2=[0xfffffddc] W[W, 1= 0x80002008]   Mem[0: R:0x0000ef78 W:0x00000000] PC= 0x80000230    addi    ra, ra, -548
Cyc=        114 Op1=[0x00003000] Op2=[0x00000000] W[W, 2= 0x00003000]   Mem[0: R:0x00000000 W:0x00000000] PC= 0x80000234    lui     sp, 0x3
Cyc=        115 Op1=[0x00003000] Op2=[0x00000098] W[W, 2= 0x00003098]   Mem[0: R:0x00000000 W:0x00000000] PC= 0x80000238    addi    sp, sp, 152
Cyc=        116 Op1=[0x80002008] Op2=[0xfffffffa] W[W, 1= 0x80002002]   Mem[0: R:0x00aa0aa0 W:0x00000000] PC= 0x8000023c    addi    ra, ra, -6
Cyc=        117 Op1=[0x80002002] Op2=[0x00000007] W[_, 7= 0x80002009]   Mem[0: R:0xffffffef W:0x00003098] PC= 0x80000240    sb      sp, 7(ra)
Cyc=        118 Op1=[0x00002000] Op2=[0x80000244] W[W, 4= 0x80002244]   Mem[0: R:0x00000000 W:0x00000000] PC= 0x80000244    auipc   tp, 0x2
Cyc=        119 Op1=[0x80002244] Op2=[0xfffffdc5] W[W, 4= 0x80002009]   Mem[0: R:0x00000098 W:0x00000078] PC= 0x80000248    addi    tp, tp, -571
Cyc=        120 Op1=[0x80002009] Op2=[0x00000000] W[W, 5= 0xffffff98]   Mem[1: R:0xffffff98 W:0x00000000] PC= 0x8000024c    lb      t0, 0(tp)
Cyc=        121 Op1=[0x00000000] Op2=[0xffffff98] W[W,29= 0xffffff98]   Mem[0: R:0x00000000 W:0x00000000] PC= 0x80000250    li      t4, -104
Cyc=        122 Op1=[0x00000000] Op2=[0x0000000b] W[W, 3= 0x0000000b]   Mem[0: R:0xff0a6300 W:0x00000000] PC= 0x80000254    li      gp, 11
Cyc=        123 Op1=[0xffffff98] Op2=[0xffffff98] W[_,24= 0x00000000]   Mem[0: R:0x04c0006f W:0xffffff98] PC= 0x80000258    bne     t0, t4, pc + 664
Cyc=        124 Op1=[0x00000000] Op2=[0x0000000c] W[W, 3= 0x0000000c]   Mem[0: R:0x03ff0a63 W:0x00000000] PC= 0x8000025c    li      gp, 12
Cyc=        125 Op1=[0x00000000] Op2=[0x00000000] W[W, 4= 0x00000000]   Mem[0: R:0x04c0006f W:0x00000000] PC= 0x80000260    li      tp, 0
Cyc=        126 Op1=[0x00000000] Op2=[0xffffffdd] W[W, 1= 0xffffffdd]   Mem[0: R:0x00000000 W:0xffffff98] PC= 0x80000264    li      ra, -35
Cyc=        127 Op1=[0x00002000] Op2=[0x80000268] W[W, 2= 0x80002268]   Mem[0: R:0x00000000 W:0x00000000] PC= 0x80000268    auipc   sp, 0x2
Cyc=        128 Op1=[0x80002268] Op2=[0xfffffd98] W[W, 2= 0x80002000]   Mem[0: R:0x0aa000aa W:0x00000000] PC= 0x8000026c    addi    sp, sp, -616
Cyc=        129 Op1=[0x80002000] Op2=[0x00000000] W[_, 0= 0x80002000]   Mem[0: R:0xffffffaa W:0xffffffdd] PC= 0x80000270    sb      ra, 0(sp)
Cyc=        130 Op1=[0x80002000] Op2=[0x00000000] W[W,30= 0xffffffdd]   Mem[1: R:0xffffffdd W:0x00000000] PC= 0x80000274    lb      t5, 0(sp)
Cyc=        131 Op1=[0x00000000] Op2=[0xffffffdd] W[W,29= 0xffffffdd]   Mem[0: R:0x00000000 W:0xffffff98] PC= 0x80000278    li      t4, -35
Cyc=        132 Op1=[0xffffffdd] Op2=[0xffffffdd] W[_,20= 0x00000000]   Mem[0: R:0x04c0006f W:0xffffffdd] PC= 0x8000027c    bne     t5, t4, pc + 628
Cyc=        133 Op1=[0x00000000] Op2=[0x00000001] W[W, 4= 0x00000001]   Mem[0: R:0x7304c000 W:0xffffffdd] PC= 0x80000280    addi    tp, tp, 1
Cyc=        134 Op1=[0x00000000] Op2=[0x00000002] W[W, 5= 0x00000002]   Mem[0: R:0x2f7304c0 W:0x80002000] PC= 0x80000284    li      t0, 2
Cyc=        135 Op1=[0x00000001] Op2=[0x00000002] W[_,29= 0x00000000]   Mem[0: R:0x04c0006f W:0x00000002] PC= 0x80000288  B bne     tp, t0, pc - 36
Cyc=        136 Op1=[0x00000000] Op2=[0xffffffdd] W[W, 1= 0xffffffdd]   Mem[0: R:0x00000000 W:0xffffffdd] PC= 0x80000264    li      ra, -35
Cyc=        137 Op1=[0x00002000] Op2=[0x80000268] W[W, 2= 0x80002268]   Mem[0: R:0x00000000 W:0x00000000] PC= 0x80000268    auipc   sp, 0x2
Cyc=        138 Op1=[0x80002268] Op2=[0xfffffd98] W[W, 2= 0x80002000]   Mem[0: R:0x0aa000dd W:0x00000000] PC= 0x8000026c    addi    sp, sp, -616
Cyc=        139 Op1=[0x80002000] Op2=[0x00000000] W[_, 0= 0x80002000]   Mem[0: R:0xffffffdd W:0xffffffdd] PC= 0x80000270    sb      ra, 0(sp)
Cyc=        140 Op1=[0x80002000] Op2=[0x00000000] W[W,30= 0xffffffdd]   Mem[1: R:0xffffffdd W:0x00000000] PC= 0x80000274    lb      t5, 0(sp)
Cyc=        141 Op1=[0x00000000] Op2=[0xffffffdd] W[W,29= 0xffffffdd]   Mem[0: R:0x00000000 W:0xffffffdd] PC= 0x80000278    li      t4, -35
Cyc=        142 Op1=[0xffffffdd] Op2=[0xffffffdd] W[_,20= 0x00000000]   Mem[0: R:0x04c0006f W:0xffffffdd] PC= 0x8000027c    bne     t5, t4, pc + 628
Cyc=        143 Op1=[0x00000001] Op2=[0x00000001] W[W, 4= 0x00000002]   Mem[0: R:0x2f7304c0 W:0xffffffdd] PC= 0x80000280    addi    tp, tp, 1
Cyc=        144 Op1=[0x00000000] Op2=[0x00000002] W[W, 5= 0x00000002]   Mem[0: R:0x2f7304c0 W:0x80002000] PC= 0x80000284    li      t0, 2
Cyc=        145 Op1=[0x00000002] Op2=[0x00000002] W[_,29= 0x00000000]   Mem[0: R:0x04c0006f W:0x00000002] PC= 0x80000288    bne     tp, t0, pc - 36
Cyc=        146 Op1=[0x00000000] Op2=[0x0000000d] W[W, 3= 0x0000000d]   Mem[0: R:0x9303ff0a W:0x00000000] PC= 0x8000028c    li      gp, 13
Cyc=        147 Op1=[0x00000000] Op2=[0x00000000] W[W, 4= 0x00000000]   Mem[0: R:0x04c0006f W:0x00000000] PC= 0x80000290    li      tp, 0
Cyc=        148 Op1=[0x00000000] Op2=[0xffffffcd] W[W, 1= 0xffffffcd]   Mem[0: R:0x00000000 W:0x00000000] PC= 0x80000294    li      ra, -51
Cyc=        149 Op1=[0x00002000] Op2=[0x80000298] W[W, 2= 0x80002298]   Mem[0: R:0x00000000 W:0x00000000] PC= 0x80000298    auipc   sp, 0x2
Cyc=        150 Op1=[0x80002298] Op2=[0xfffffd68] W[W, 2= 0x80002000]   Mem[0: R:0x0aa000dd W:0x00000000] PC= 0x8000029c    addi    sp, sp, -664
Cyc=        151 Op1=[0x00000000] Op2=[0x00000000] W[W, 0= 0x00000000]   Mem[0: R:0x04c0006f W:0x00000000] PC= 0x800002a0    nop
Cyc=        152 Op1=[0x80002000] Op2=[0x00000001] W[_, 1= 0x80002001]   Mem[0: R:0x00000000 W:0xffffffcd] PC= 0x800002a4    sb      ra, 1(sp)
Cyc=        153 Op1=[0x80002000] Op2=[0x00000001] W[W,30= 0xffffffcd]   Mem[1: R:0xffffffcd W:0xffffffcd] PC= 0x800002a8    lb      t5, 1(sp)
Cyc=        154 Op1=[0x00000000] Op2=[0xffffffcd] W[W,29= 0xffffffcd]   Mem[0: R:0x00000000 W:0x00000000] PC= 0x800002ac    li      t4, -51
Cyc=        155 Op1=[0xffffffcd] Op2=[0xffffffcd] W[_, 0= 0x00000000]   Mem[0: R:0x04c0006f W:0xffffffcd] PC= 0x800002b0    bne     t5, t4, pc + 576
Cyc=        156 Op1=[0x00000000] Op2=[0x00000001] W[W, 4= 0x00000001]   Mem[0: R:0x7304c000 W:0xffffffcd] PC= 0x800002b4    addi    tp, tp, 1
Cyc=        157 Op1=[0x00000000] Op2=[0x00000002] W[W, 5= 0x00000002]   Mem[0: R:0x2f7304c0 W:0x80002000] PC= 0x800002b8    li      t0, 2
Cyc=        158 Op1=[0x00000001] Op2=[0x00000002] W[_,25= 0x00000000]   Mem[0: R:0x04c0006f W:0x00000002] PC= 0x800002bc  B bne     tp, t0, pc - 40
Cyc=        159 Op1=[0x00000000] Op2=[0xffffffcd] W[W, 1= 0xffffffcd]   Mem[0: R:0x00000000 W:0x00000000] PC= 0x80000294    li      ra, -51
Cyc=        160 Op1=[0x00002000] Op2=[0x80000298] W[W, 2= 0x80002298]   Mem[0: R:0x00000000 W:0x00000000] PC= 0x80000298    auipc   sp, 0x2
Cyc=        161 Op1=[0x80002298] Op2=[0xfffffd68] W[W, 2= 0x80002000]   Mem[0: R:0x0aa0cddd W:0x00000000] PC= 0x8000029c    addi    sp, sp, -664
Cyc=        162 Op1=[0x00000000] Op2=[0x00000000] W[W, 0= 0x00000000]   Mem[0: R:0x04c0006f W:0x00000000] PC= 0x800002a0    nop
Cyc=        163 Op1=[0x80002000] Op2=[0x00000001] W[_, 1= 0x80002001]   Mem[0: R:0xffffffcd W:0xffffffcd] PC= 0x800002a4    sb      ra, 1(sp)
Cyc=        164 Op1=[0x80002000] Op2=[0x00000001] W[W,30= 0xffffffcd]   Mem[1: R:0xffffffcd W:0xffffffcd] PC= 0x800002a8    lb      t5, 1(sp)
Cyc=        165 Op1=[0x00000000] Op2=[0xffffffcd] W[W,29= 0xffffffcd]   Mem[0: R:0x00000000 W:0x00000000] PC= 0x800002ac    li      t4, -51
Cyc=        166 Op1=[0xffffffcd] Op2=[0xffffffcd] W[_, 0= 0x00000000]   Mem[0: R:0x04c0006f W:0xffffffcd] PC= 0x800002b0    bne     t5, t4, pc + 576
Cyc=        167 Op1=[0x00000001] Op2=[0x00000001] W[W, 4= 0x00000002]   Mem[0: R:0x2f7304c0 W:0xffffffcd] PC= 0x800002b4    addi    tp, tp, 1
Cyc=        168 Op1=[0x00000000] Op2=[0x00000002] W[W, 5= 0x00000002]   Mem[0: R:0x2f7304c0 W:0x80002000] PC= 0x800002b8    li      t0, 2
Cyc=        169 Op1=[0x00000002] Op2=[0x00000002] W[_,25= 0x00000000]   Mem[0: R:0x04c0006f W:0x00000002] PC= 0x800002bc    bne     tp, t0, pc - 40
Cyc=        170 Op1=[0x00000000] Op2=[0x0000000e] W[W, 3= 0x0000000e]   Mem[0: R:0x0f9303ff W:0x00000000] PC= 0x800002c0    li      gp, 14
Cyc=        171 Op1=[0x00000000] Op2=[0x00000000] W[W, 4= 0x00000000]   Mem[0: R:0x04c0006f W:0x00000000] PC= 0x800002c4    li      tp, 0
Cyc=        172 Op1=[0x00000000] Op2=[0xffffffcc] W[W, 1= 0xffffffcc]   Mem[0: R:0x00000000 W:0x00000000] PC= 0x800002c8    li      ra, -52
Cyc=        173 Op1=[0x00002000] Op2=[0x800002cc] W[W, 2= 0x800022cc]   Mem[0: R:0x00000000 W:0x00000000] PC= 0x800002cc    auipc   sp, 0x2
Cyc=        174 Op1=[0x800022cc] Op2=[0xfffffd34] W[W, 2= 0x80002000]   Mem[0: R:0x0aa0cddd W:0x00000000] PC= 0x800002d0    addi    sp, sp, -716
Cyc=        175 Op1=[0x00000000] Op2=[0x00000000] W[W, 0= 0x00000000]   Mem[0: R:0x04c0006f W:0x00000000] PC= 0x800002d4    nop
Cyc=        176 Op1=[0x00000000] Op2=[0x00000000] W[W, 0= 0x00000000]   Mem[0: R:0x04c0006f W:0x00000000] PC= 0x800002d8    nop
Cyc=        177 Op1=[0x80002000] Op2=[0x00000002] W[_, 2= 0x80002002]   Mem[0: R:0xffffffa0 W:0xffffffcc] PC= 0x800002dc    sb      ra, 2(sp)
Cyc=        178 Op1=[0x80002000] Op2=[0x00000002] W[W,30= 0xffffffcc]   Mem[1: R:0xffffffcc W:0x80002000] PC= 0x800002e0    lb      t5, 2(sp)
Cyc=        179 Op1=[0x00000000] Op2=[0xffffffcc] W[W,29= 0xffffffcc]   Mem[0: R:0x00000000 W:0x00000000] PC= 0x800002e4    li      t4, -52
Cyc=        180 Op1=[0xffffffcc] Op2=[0xffffffcc] W[_, 8= 0x00000000]   Mem[0: R:0x04c0006f W:0xffffffcc] PC= 0x800002e8    bne     t5, t4, pc + 520
Cyc=        181 Op1=[0x00000000] Op2=[0x00000001] W[W, 4= 0x00000001]   Mem[0: R:0x7304c000 W:0xffffffcc] PC= 0x800002ec    addi    tp, tp, 1
Cyc=        182 Op1=[0x00000000] Op2=[0x00000002] W[W, 5= 0x00000002]   Mem[0: R:0x2f7304c0 W:0x80002000] PC= 0x800002f0    li      t0, 2
Cyc=        183 Op1=[0x00000001] Op2=[0x00000002] W[_,21= 0x00000000]   Mem[0: R:0x04c0006f W:0x00000002] PC= 0x800002f4  B bne     tp, t0, pc - 44
Cyc=        184 Op1=[0x00000000] Op2=[0xffffffcc] W[W, 1= 0xffffffcc]   Mem[0: R:0x00000000 W:0x00000000] PC= 0x800002c8    li      ra, -52
Cyc=        185 Op1=[0x00002000] Op2=[0x800002cc] W[W, 2= 0x800022cc]   Mem[0: R:0x00000000 W:0x00000000] PC= 0x800002cc    auipc   sp, 0x2
Cyc=        186 Op1=[0x800022cc] Op2=[0xfffffd34] W[W, 2= 0x80002000]   Mem[0: R:0x0acccddd W:0x00000000] PC= 0x800002d0    addi    sp, sp, -716
Cyc=        187 Op1=[0x00000000] Op2=[0x00000000] W[W, 0= 0x00000000]   Mem[0: R:0x04c0006f W:0x00000000] PC= 0x800002d4    nop
Cyc=        188 Op1=[0x00000000] Op2=[0x00000000] W[W, 0= 0x00000000]   Mem[0: R:0x04c0006f W:0x00000000] PC= 0x800002d8    nop
Cyc=        189 Op1=[0x80002000] Op2=[0x00000002] W[_, 2= 0x80002002]   Mem[0: R:0xffffffcc W:0xffffffcc] PC= 0x800002dc    sb      ra, 2(sp)
Cyc=        190 Op1=[0x80002000] Op2=[0x00000002] W[W,30= 0xffffffcc]   Mem[1: R:0xffffffcc W:0x80002000] PC= 0x800002e0    lb      t5, 2(sp)
Cyc=        191 Op1=[0x00000000] Op2=[0xffffffcc] W[W,29= 0xffffffcc]   Mem[0: R:0x00000000 W:0x00000000] PC= 0x800002e4    li      t4, -52
Cyc=        192 Op1=[0xffffffcc] Op2=[0xffffffcc] W[_, 8= 0x00000000]   Mem[0: R:0x04c0006f W:0xffffffcc] PC= 0x800002e8    bne     t5, t4, pc + 520
Cyc=        193 Op1=[0x00000001] Op2=[0x00000001] W[W, 4= 0x00000002]   Mem[0: R:0x2f7304c0 W:0xffffffcc] PC= 0x800002ec    addi    tp, tp, 1
Cyc=        194 Op1=[0x00000000] Op2=[0x00000002] W[W, 5= 0x00000002]   Mem[0: R:0x2f7304c0 W:0x80002000] PC= 0x800002f0    li      t0, 2
Cyc=        195 Op1=[0x00000002] Op2=[0x00000002] W[_,21= 0x00000000]   Mem[0: R:0x04c0006f W:0x00000002] PC= 0x800002f4    bne     tp, t0, pc - 44
Cyc=        196 Op1=[0x00000000] Op2=[0x0000000f] W[W, 3= 0x0000000f]   Mem[0: R:0x900f9303 W:0x00000000] PC= 0x800002f8    li      gp, 15
Cyc=        197 Op1=[0x00000000] Op2=[0x00000000] W[W, 4= 0x00000000]   Mem[0: R:0x04c0006f W:0x00000000] PC= 0x800002fc    li      tp, 0
Cyc=        198 Op1=[0x00000000] Op2=[0xffffffbc] W[W, 1= 0xffffffbc]   Mem[0: R:0x00000000 W:0x00000000] PC= 0x80000300    li      ra, -68
Cyc=        199 Op1=[0x00000000] Op2=[0x00000000] W[W, 0= 0x00000000]   Mem[0: R:0x04c0006f W:0x00000000] PC= 0x80000304    nop
Cyc=        200 Op1=[0x00002000] Op2=[0x80000308] W[W, 2= 0x80002308]   Mem[0: R:0x00000000 W:0x00000000] PC= 0x80000308    auipc   sp, 0x2
Cyc=        201 Op1=[0x80002308] Op2=[0xfffffcf8] W[W, 2= 0x80002000]   Mem[0: R:0x0acccddd W:0x00000000] PC= 0x8000030c    addi    sp, sp, -776
Cyc=        202 Op1=[0x80002000] Op2=[0x00000003] W[_, 3= 0x80002003]   Mem[0: R:0x0000000a W:0xffffffbc] PC= 0x80000310    sb      ra, 3(sp)
Cyc=        203 Op1=[0x80002000] Op2=[0x00000003] W[W,30= 0xffffffbc]   Mem[1: R:0xffffffbc W:0x0000000f] PC= 0x80000314    lb      t5, 3(sp)
Cyc=        204 Op1=[0x00000000] Op2=[0xffffffbc] W[W,29= 0xffffffbc]   Mem[0: R:0x00000000 W:0x00000000] PC= 0x80000318    li      t4, -68
Cyc=        205 Op1=[0xffffffbc] Op2=[0xffffffbc] W[_,20= 0x00000000]   Mem[0: R:0x04c0006f W:0xffffffbc] PC= 0x8000031c    bne     t5, t4, pc + 468
Cyc=        206 Op1=[0x00000000] Op2=[0x00000001] W[W, 4= 0x00000001]   Mem[0: R:0x7304c000 W:0xffffffbc] PC= 0x80000320    addi    tp, tp, 1
Cyc=        207 Op1=[0x00000000] Op2=[0x00000002] W[W, 5= 0x00000002]   Mem[0: R:0x2f7304c0 W:0x80002000] PC= 0x80000324    li      t0, 2
Cyc=        208 Op1=[0x00000001] Op2=[0x00000002] W[_,25= 0x00000000]   Mem[0: R:0x04c0006f W:0x00000002] PC= 0x80000328  B bne     tp, t0, pc - 40
Cyc=        209 Op1=[0x00000000] Op2=[0xffffffbc] W[W, 1= 0xffffffbc]   Mem[0: R:0x00000000 W:0x00000000] PC= 0x80000300    li      ra, -68
Cyc=        210 Op1=[0x00000000] Op2=[0x00000000] W[W, 0= 0x00000000]   Mem[0: R:0x04c0006f W:0x00000000] PC= 0x80000304    nop
Cyc=        211 Op1=[0x00002000] Op2=[0x80000308] W[W, 2= 0x80002308]   Mem[0: R:0x00000000 W:0x00000000] PC= 0x80000308    auipc   sp, 0x2
Cyc=        212 Op1=[0x80002308] Op2=[0xfffffcf8] W[W, 2= 0x80002000]   Mem[0: R:0xbccccddd W:0x00000000] PC= 0x8000030c    addi    sp, sp, -776
Cyc=        213 Op1=[0x80002000] Op2=[0x00000003] W[_, 3= 0x80002003]   Mem[0: R:0xffffffbc W:0xffffffbc] PC= 0x80000310    sb      ra, 3(sp)
Cyc=        214 Op1=[0x80002000] Op2=[0x00000003] W[W,30= 0xffffffbc]   Mem[1: R:0xffffffbc W:0x0000000f] PC= 0x80000314    lb      t5, 3(sp)
Cyc=        215 Op1=[0x00000000] Op2=[0xffffffbc] W[W,29= 0xffffffbc]   Mem[0: R:0x00000000 W:0x00000000] PC= 0x80000318    li      t4, -68
Cyc=        216 Op1=[0xffffffbc] Op2=[0xffffffbc] W[_,20= 0x00000000]   Mem[0: R:0x04c0006f W:0xffffffbc] PC= 0x8000031c    bne     t5, t4, pc + 468
Cyc=        217 Op1=[0x00000001] Op2=[0x00000001] W[W, 4= 0x00000002]   Mem[0: R:0x2f7304c0 W:0xffffffbc] PC= 0x80000320    addi    tp, tp, 1
Cyc=        218 Op1=[0x00000000] Op2=[0x00000002] W[W, 5= 0x00000002]   Mem[0: R:0x2f7304c0 W:0x80002000] PC= 0x80000324    li      t0, 2
Cyc=        219 Op1=[0x00000002] Op2=[0x00000002] W[_,25= 0x00000000]   Mem[0: R:0x04c0006f W:0x00000002] PC= 0x80000328    bne     tp, t0, pc - 40
Cyc=        220 Op1=[0x00000000] Op2=[0x00000010] W[W, 3= 0x00000010]   Mem[0: R:0x00900f93 W:0x00000000] PC= 0x8000032c    li      gp, 16
Cyc=        221 Op1=[0x00000000] Op2=[0x00000000] W[W, 4= 0x00000000]   Mem[0: R:0x04c0006f W:0x00000000] PC= 0x80000330    li      tp, 0
Cyc=        222 Op1=[0x00000000] Op2=[0xffffffbb] W[W, 1= 0xffffffbb]   Mem[0: R:0x00000000 W:0x00000000] PC= 0x80000334    li      ra, -69
Cyc=        223 Op1=[0x00000000] Op2=[0x00000000] W[W, 0= 0x00000000]   Mem[0: R:0x04c0006f W:0x00000000] PC= 0x80000338    nop
Cyc=        224 Op1=[0x00002000] Op2=[0x8000033c] W[W, 2= 0x8000233c]   Mem[0: R:0x00000000 W:0x00000000] PC= 0x8000033c    auipc   sp, 0x2
Cyc=        225 Op1=[0x8000233c] Op2=[0xfffffcc4] W[W, 2= 0x80002000]   Mem[0: R:0xbccccddd W:0x00000000] PC= 0x80000340    addi    sp, sp, -828
Cyc=        226 Op1=[0x00000000] Op2=[0x00000000] W[W, 0= 0x00000000]   Mem[0: R:0x04c0006f W:0x00000000] PC= 0x80000344    nop
Cyc=        227 Op1=[0x80002000] Op2=[0x00000004] W[_, 4= 0x80002004]   Mem[0: R:0xffffffaa W:0xffffffbb] PC= 0x80000348    sb      ra, 4(sp)
Cyc=        228 Op1=[0x80002000] Op2=[0x00000004] W[W,30= 0xffffffbb]   Mem[1: R:0xffffffbb W:0x00000000] PC= 0x8000034c    lb      t5, 4(sp)
Cyc=        229 Op1=[0x00000000] Op2=[0xffffffbb] W[W,29= 0xffffffbb]   Mem[0: R:0x00000000 W:0x00000000] PC= 0x80000350    li      t4, -69
Cyc=        230 Op1=[0xffffffbb] Op2=[0xffffffbb] W[_,28= 0x00000000]   Mem[0: R:0x04c0006f W:0xffffffbb] PC= 0x80000354    bne     t5, t4, pc + 412
Cyc=        231 Op1=[0x00000000] Op2=[0x00000001] W[W, 4= 0x00000001]   Mem[0: R:0x7304c000 W:0xffffffbb] PC= 0x80000358    addi    tp, tp, 1
Cyc=        232 Op1=[0x00000000] Op2=[0x00000002] W[W, 5= 0x00000002]   Mem[0: R:0x2f7304c0 W:0x80002000] PC= 0x8000035c    li      t0, 2
Cyc=        233 Op1=[0x00000001] Op2=[0x00000002] W[_,21= 0x00000000]   Mem[0: R:0x04c0006f W:0x00000002] PC= 0x80000360  B bne     tp, t0, pc - 44
Cyc=        234 Op1=[0x00000000] Op2=[0xffffffbb] W[W, 1= 0xffffffbb]   Mem[0: R:0x00000000 W:0x00000000] PC= 0x80000334    li      ra, -69
Cyc=        235 Op1=[0x00000000] Op2=[0x00000000] W[W, 0= 0x00000000]   Mem[0: R:0x04c0006f W:0x00000000] PC= 0x80000338    nop
Cyc=        236 Op1=[0x00002000] Op2=[0x8000033c] W[W, 2= 0x8000233c]   Mem[0: R:0x00000000 W:0x00000000] PC= 0x8000033c    auipc   sp, 0x2
Cyc=        237 Op1=[0x8000233c] Op2=[0xfffffcc4] W[W, 2= 0x80002000]   Mem[0: R:0xbccccddd W:0x00000001] PC= 0x80000340    addi    sp, sp, -828
Cyc=        238 Op1=[0x00000000] Op2=[0x00000000] W[W, 0= 0x00000000]   Mem[0: R:0x04c0006f W:0x00000000] PC= 0x80000344    nop
Cyc=        239 Op1=[0x80002000] Op2=[0x00000004] W[_, 4= 0x80002004]   Mem[0: R:0xffffffbb W:0xffffffbb] PC= 0x80000348    sb      ra, 4(sp)
Cyc=        240 Op1=[0x80002000] Op2=[0x00000004] W[W,30= 0xffffffbb]   Mem[1: R:0xffffffbb W:0x00000001] PC= 0x8000034c    lb      t5, 4(sp)
Cyc=        241 Op1=[0x00000000] Op2=[0xffffffbb] W[W,29= 0xffffffbb]   Mem[0: R:0x00000000 W:0x00000000] PC= 0x80000350    li      t4, -69
Cyc=        242 Op1=[0xffffffbb] Op2=[0xffffffbb] W[_,28= 0x00000000]   Mem[0: R:0x04c0006f W:0xffffffbb] PC= 0x80000354    bne     t5, t4, pc + 412
Cyc=        243 Op1=[0x00000001] Op2=[0x00000001] W[W, 4= 0x00000002]   Mem[0: R:0x2f7304c0 W:0xffffffbb] PC= 0x80000358    addi    tp, tp, 1
Cyc=        244 Op1=[0x00000000] Op2=[0x00000002] W[W, 5= 0x00000002]   Mem[0: R:0x2f7304c0 W:0x80002000] PC= 0x8000035c    li      t0, 2
Cyc=        245 Op1=[0x00000002] Op2=[0x00000002] W[_,21= 0x00000000]   Mem[0: R:0x04c0006f W:0x00000002] PC= 0x80000360    bne     tp, t0, pc - 44
Cyc=        246 Op1=[0x00000000] Op2=[0x00000011] W[W, 3= 0x00000011]   Mem[0: R:0x6300900f W:0x00000000] PC= 0x80000364    li      gp, 17
Cyc=        247 Op1=[0x00000000] Op2=[0x00000000] W[W, 4= 0x00000000]   Mem[0: R:0x04c0006f W:0x00000000] PC= 0x80000368    li      tp, 0
Cyc=        248 Op1=[0x00000000] Op2=[0xffffffab] W[W, 1= 0xffffffab]   Mem[0: R:0x00000000 W:0x00000000] PC= 0x8000036c    li      ra, -85
Cyc=        249 Op1=[0x00000000] Op2=[0x00000000] W[W, 0= 0x00000000]   Mem[0: R:0x04c0006f W:0x00000000] PC= 0x80000370    nop
Cyc=        250 Op1=[0x00000000] Op2=[0x00000000] W[W, 0= 0x00000000]   Mem[0: R:0x04c0006f W:0x00000000] PC= 0x80000374    nop
Cyc=        251 Op1=[0x00002000] Op2=[0x80000378] W[W, 2= 0x80002378]   Mem[0: R:0x00000000 W:0x00000000] PC= 0x80000378    auipc   sp, 0x2
Cyc=        252 Op1=[0x80002378] Op2=[0xfffffc88] W[W, 2= 0x80002000]   Mem[0: R:0xbccccddd W:0x00000000] PC= 0x8000037c    addi    sp, sp, -888
Cyc=        253 Op1=[0x80002000] Op2=[0x00000005] W[_, 5= 0x80002005]   Mem[0: R:0x00000000 W:0xffffffab] PC= 0x80000380    sb      ra, 5(sp)
Cyc=        254 Op1=[0x80002000] Op2=[0x00000005] W[W,30= 0xffffffab]   Mem[1: R:0xffffffab W:0x00000002] PC= 0x80000384    lb      t5, 5(sp)
Cyc=        255 Op1=[0x00000000] Op2=[0xffffffab] W[W,29= 0xffffffab]   Mem[0: R:0x00000000 W:0x00000000] PC= 0x80000388    li      t4, -85
Cyc=        256 Op1=[0xffffffab] Op2=[0xffffffab] W[_, 4= 0x00000000]   Mem[0: R:0x04c0006f W:0xffffffab] PC= 0x8000038c    bne     t5, t4, pc + 356
Cyc=        257 Op1=[0x00000000] Op2=[0x00000001] W[W, 4= 0x00000001]   Mem[0: R:0x7304c000 W:0xffffffab] PC= 0x80000390    addi    tp, tp, 1
Cyc=        258 Op1=[0x00000000] Op2=[0x00000002] W[W, 5= 0x00000002]   Mem[0: R:0x2f7304c0 W:0x80002000] PC= 0x80000394    li      t0, 2
Cyc=        259 Op1=[0x00000001] Op2=[0x00000002] W[_,21= 0x00000000]   Mem[0: R:0x04c0006f W:0x00000002] PC= 0x80000398  B bne     tp, t0, pc - 44
Cyc=        260 Op1=[0x00000000] Op2=[0xffffffab] W[W, 1= 0xffffffab]   Mem[0: R:0x00000000 W:0x00000000] PC= 0x8000036c    li      ra, -85
Cyc=        261 Op1=[0x00000000] Op2=[0x00000000] W[W, 0= 0x00000000]   Mem[0: R:0x04c0006f W:0x00000000] PC= 0x80000370    nop
Cyc=        262 Op1=[0x00000000] Op2=[0x00000000] W[W, 0= 0x00000000]   Mem[0: R:0x04c0006f W:0x00000000] PC= 0x80000374    nop
Cyc=        263 Op1=[0x00002000] Op2=[0x80000378] W[W, 2= 0x80002378]   Mem[0: R:0x00000000 W:0x00000000] PC= 0x80000378    auipc   sp, 0x2
Cyc=        264 Op1=[0x80002378] Op2=[0xfffffc88] W[W, 2= 0x80002000]   Mem[0: R:0xbccccddd W:0x00000000] PC= 0x8000037c    addi    sp, sp, -888
Cyc=        265 Op1=[0x80002000] Op2=[0x00000005] W[_, 5= 0x80002005]   Mem[0: R:0xffffffab W:0xffffffab] PC= 0x80000380    sb      ra, 5(sp)
Cyc=        266 Op1=[0x80002000] Op2=[0x00000005] W[W,30= 0xffffffab]   Mem[1: R:0xffffffab W:0x00000002] PC= 0x80000384    lb      t5, 5(sp)
Cyc=        267 Op1=[0x00000000] Op2=[0xffffffab] W[W,29= 0xffffffab]   Mem[0: R:0x00000000 W:0x00000000] PC= 0x80000388    li      t4, -85
Cyc=        268 Op1=[0xffffffab] Op2=[0xffffffab] W[_, 4= 0x00000000]   Mem[0: R:0x04c0006f W:0xffffffab] PC= 0x8000038c    bne     t5, t4, pc + 356
Cyc=        269 Op1=[0x00000001] Op2=[0x00000001] W[W, 4= 0x00000002]   Mem[0: R:0x2f7304c0 W:0xffffffab] PC= 0x80000390    addi    tp, tp, 1
Cyc=        270 Op1=[0x00000000] Op2=[0x00000002] W[W, 5= 0x00000002]   Mem[0: R:0x2f7304c0 W:0x80002000] PC= 0x80000394    li      t0, 2
Cyc=        271 Op1=[0x00000002] Op2=[0x00000002] W[_,21= 0x00000000]   Mem[0: R:0x04c0006f W:0x00000002] PC= 0x80000398    bne     tp, t0, pc - 44
Cyc=        272 Op1=[0x00000000] Op2=[0x00000012] W[W, 3= 0x00000012]   Mem[0: R:0x06630090 W:0x00000000] PC= 0x8000039c    li      gp, 18
Cyc=        273 Op1=[0x00000000] Op2=[0x00000000] W[W, 4= 0x00000000]   Mem[0: R:0x04c0006f W:0x00000000] PC= 0x800003a0    li      tp, 0
Cyc=        274 Op1=[0x00002000] Op2=[0x800003a4] W[W, 2= 0x800023a4]   Mem[0: R:0x00000000 W:0x00000000] PC= 0x800003a4    auipc   sp, 0x2
Cyc=        275 Op1=[0x800023a4] Op2=[0xfffffc5c] W[W, 2= 0x80002000]   Mem[0: R:0xbccccddd W:0x00000000] PC= 0x800003a8    addi    sp, sp, -932
Cyc=        276 Op1=[0x00000000] Op2=[0x00000033] W[W, 1= 0x00000033]   Mem[0: R:0x0f546334 W:0x00000000] PC= 0x800003ac    li      ra, 51
Cyc=        277 Op1=[0x80002000] Op2=[0x00000000] W[_, 0= 0x80002000]   Mem[0: R:0xffffffdd W:0x00000033] PC= 0x800003b0    sb      ra, 0(sp)
Cyc=        278 Op1=[0x80002000] Op2=[0x00000000] W[W,30= 0x00000033]   Mem[1: R:0x00000033 W:0x00000000] PC= 0x800003b4    lb      t5, 0(sp)
Cyc=        279 Op1=[0x00000000] Op2=[0x00000033] W[W,29= 0x00000033]   Mem[0: R:0x0f546334 W:0x00000000] PC= 0x800003b8    li      t4, 51
Cyc=        280 Op1=[0x00000033] Op2=[0x00000033] W[_,20= 0x00000000]   Mem[0: R:0x04c0006f W:0x00000033] PC= 0x800003bc    bne     t5, t4, pc + 308
Cyc=        281 Op1=[0x00000000] Op2=[0x00000001] W[W, 4= 0x00000001]   Mem[0: R:0x7304c000 W:0x00000033] PC= 0x800003c0    addi    tp, tp, 1
Cyc=        282 Op1=[0x00000000] Op2=[0x00000002] W[W, 5= 0x00000002]   Mem[0: R:0x2f7304c0 W:0x80002000] PC= 0x800003c4    li      t0, 2
Cyc=        283 Op1=[0x00000001] Op2=[0x00000002] W[_,29= 0x00000000]   Mem[0: R:0x04c0006f W:0x00000002] PC= 0x800003c8  B bne     tp, t0, pc - 36
Cyc=        284 Op1=[0x00002000] Op2=[0x800003a4] W[W, 2= 0x800023a4]   Mem[0: R:0x00000000 W:0x00000000] PC= 0x800003a4    auipc   sp, 0x2
Cyc=        285 Op1=[0x800023a4] Op2=[0xfffffc5c] W[W, 2= 0x80002000]   Mem[0: R:0xbccccd33 W:0x00000000] PC= 0x800003a8    addi    sp, sp, -932
Cyc=        286 Op1=[0x00000000] Op2=[0x00000033] W[W, 1= 0x00000033]   Mem[0: R:0x0f546334 W:0x00000000] PC= 0x800003ac    li      ra, 51
Cyc=        287 Op1=[0x80002000] Op2=[0x00000000] W[_, 0= 0x80002000]   Mem[0: R:0x00000033 W:0x00000033] PC= 0x800003b0    sb      ra, 0(sp)
Cyc=        288 Op1=[0x80002000] Op2=[0x00000000] W[W,30= 0x00000033]   Mem[1: R:0x00000033 W:0x00000000] PC= 0x800003b4    lb      t5, 0(sp)
Cyc=        289 Op1=[0x00000000] Op2=[0x00000033] W[W,29= 0x00000033]   Mem[0: R:0x0f546334 W:0x00000000] PC= 0x800003b8    li      t4, 51
Cyc=        290 Op1=[0x00000033] Op2=[0x00000033] W[_,20= 0x00000000]   Mem[0: R:0x04c0006f W:0x00000033] PC= 0x800003bc    bne     t5, t4, pc + 308
Cyc=        291 Op1=[0x00000001] Op2=[0x00000001] W[W, 4= 0x00000002]   Mem[0: R:0x2f7304c0 W:0x00000033] PC= 0x800003c0    addi    tp, tp, 1
Cyc=        292 Op1=[0x00000000] Op2=[0x00000002] W[W, 5= 0x00000002]   Mem[0: R:0x2f7304c0 W:0x80002000] PC= 0x800003c4    li      t0, 2
Cyc=        293 Op1=[0x00000002] Op2=[0x00000002] W[_,29= 0x00000000]   Mem[0: R:0x04c0006f W:0x00000002] PC= 0x800003c8    bne     tp, t0, pc - 36
Cyc=        294 Op1=[0x00000000] Op2=[0x00000013] W[W, 3= 0x00000013]   Mem[0: R:0xff066300 W:0x00000000] PC= 0x800003cc    li      gp, 19
Cyc=        295 Op1=[0x00000000] Op2=[0x00000000] W[W, 4= 0x00000000]   Mem[0: R:0x04c0006f W:0x00000000] PC= 0x800003d0    li      tp, 0
Cyc=        296 Op1=[0x00002000] Op2=[0x800003d4] W[W, 2= 0x800023d4]   Mem[0: R:0x00000000 W:0x00000000] PC= 0x800003d4    auipc   sp, 0x2
Cyc=        297 Op1=[0x800023d4] Op2=[0xfffffc2c] W[W, 2= 0x80002000]   Mem[0: R:0xbccccd33 W:0x00000000] PC= 0x800003d8    addi    sp, sp, -980
Cyc=        298 Op1=[0x00000000] Op2=[0x00000023] W[W, 1= 0x00000023]   Mem[0: R:0x0f0f1380 W:0x00000013] PC= 0x800003dc    li      ra, 35
Cyc=        299 Op1=[0x00000000] Op2=[0x00000000] W[W, 0= 0x00000000]   Mem[0: R:0x04c0006f W:0x00000000] PC= 0x800003e0    nop
Cyc=        300 Op1=[0x80002000] Op2=[0x00000001] W[_, 1= 0x80002001]   Mem[0: R:0xffffffcd W:0x00000023] PC= 0x800003e4    sb      ra, 1(sp)
Cyc=        301 Op1=[0x80002000] Op2=[0x00000001] W[W,30= 0x00000023]   Mem[1: R:0x00000023 W:0x00000023] PC= 0x800003e8    lb      t5, 1(sp)
Cyc=        302 Op1=[0x00000000] Op2=[0x00000023] W[W,29= 0x00000023]   Mem[0: R:0x0f0f1380 W:0x00000013] PC= 0x800003ec    li      t4, 35
Cyc=        303 Op1=[0x00000023] Op2=[0x00000023] W[_, 0= 0x00000000]   Mem[0: R:0x04c0006f W:0x00000023] PC= 0x800003f0    bne     t5, t4, pc + 256
Cyc=        304 Op1=[0x00000000] Op2=[0x00000001] W[W, 4= 0x00000001]   Mem[0: R:0x7304c000 W:0x00000023] PC= 0x800003f4    addi    tp, tp, 1
Cyc=        305 Op1=[0x00000000] Op2=[0x00000002] W[W, 5= 0x00000002]   Mem[0: R:0x2f7304c0 W:0x80002000] PC= 0x800003f8    li      t0, 2
Cyc=        306 Op1=[0x00000001] Op2=[0x00000002] W[_,25= 0x00000000]   Mem[0: R:0x04c0006f W:0x00000002] PC= 0x800003fc  B bne     tp, t0, pc - 40
Cyc=        307 Op1=[0x00002000] Op2=[0x800003d4] W[W, 2= 0x800023d4]   Mem[0: R:0x00000000 W:0x00000000] PC= 0x800003d4    auipc   sp, 0x2
Cyc=        308 Op1=[0x800023d4] Op2=[0xfffffc2c] W[W, 2= 0x80002000]   Mem[0: R:0xbccc2333 W:0x00000000] PC= 0x800003d8    addi    sp, sp, -980
Cyc=        309 Op1=[0x00000000] Op2=[0x00000023] W[W, 1= 0x00000023]   Mem[0: R:0x0f0f1380 W:0x00000013] PC= 0x800003dc    li      ra, 35
Cyc=        310 Op1=[0x00000000] Op2=[0x00000000] W[W, 0= 0x00000000]   Mem[0: R:0x04c0006f W:0x00000000] PC= 0x800003e0    nop
Cyc=        311 Op1=[0x80002000] Op2=[0x00000001] W[_, 1= 0x80002001]   Mem[0: R:0x00000023 W:0x00000023] PC= 0x800003e4    sb      ra, 1(sp)
Cyc=        312 Op1=[0x80002000] Op2=[0x00000001] W[W,30= 0x00000023]   Mem[1: R:0x00000023 W:0x00000023] PC= 0x800003e8    lb      t5, 1(sp)
Cyc=        313 Op1=[0x00000000] Op2=[0x00000023] W[W,29= 0x00000023]   Mem[0: R:0x0f0f1380 W:0x00000013] PC= 0x800003ec    li      t4, 35
Cyc=        314 Op1=[0x00000023] Op2=[0x00000023] W[_, 0= 0x00000000]   Mem[0: R:0x04c0006f W:0x00000023] PC= 0x800003f0    bne     t5, t4, pc + 256
Cyc=        315 Op1=[0x00000001] Op2=[0x00000001] W[W, 4= 0x00000002]   Mem[0: R:0x2f7304c0 W:0x00000023] PC= 0x800003f4    addi    tp, tp, 1
Cyc=        316 Op1=[0x00000000] Op2=[0x00000002] W[W, 5= 0x00000002]   Mem[0: R:0x2f7304c0 W:0x80002000] PC= 0x800003f8    li      t0, 2
Cyc=        317 Op1=[0x00000002] Op2=[0x00000002] W[_,25= 0x00000000]   Mem[0: R:0x04c0006f W:0x00000002] PC= 0x800003fc    bne     tp, t0, pc - 40
Cyc=        318 Op1=[0x00000000] Op2=[0x00000014] W[W, 3= 0x00000014]   Mem[0: R:0x03ff0663 W:0x00000000] PC= 0x80000400    li      gp, 20
Cyc=        319 Op1=[0x00000000] Op2=[0x00000000] W[W, 4= 0x00000000]   Mem[0: R:0x04c0006f W:0x00000000] PC= 0x80000404    li      tp, 0
Cyc=        320 Op1=[0x00002000] Op2=[0x80000408] W[W, 2= 0x80002408]   Mem[0: R:0x00000000 W:0x00000000] PC= 0x80000408    auipc   sp, 0x2
Cyc=        321 Op1=[0x80002408] Op2=[0xfffffbf8] W[W, 2= 0x80002000]   Mem[0: R:0xbccc2333 W:0x00000000] PC= 0x8000040c    addi    sp, sp, -1032
Cyc=        322 Op1=[0x00000000] Op2=[0x00000022] W[W, 1= 0x00000022]   Mem[0: R:0x0f138000 W:0x80002000] PC= 0x80000410    li      ra, 34
Cyc=        323 Op1=[0x00000000] Op2=[0x00000000] W[W, 0= 0x00000000]   Mem[0: R:0x04c0006f W:0x00000000] PC= 0x80000414    nop
Cyc=        324 Op1=[0x00000000] Op2=[0x00000000] W[W, 0= 0x00000000]   Mem[0: R:0x04c0006f W:0x00000000] PC= 0x80000418    nop
Cyc=        325 Op1=[0x80002000] Op2=[0x00000002] W[_, 2= 0x80002002]   Mem[0: R:0xffffffcc W:0x00000022] PC= 0x8000041c    sb      ra, 2(sp)
Cyc=        326 Op1=[0x80002000] Op2=[0x00000002] W[W,30= 0x00000022]   Mem[1: R:0x00000022 W:0x80002000] PC= 0x80000420    lb      t5, 2(sp)
Cyc=        327 Op1=[0x00000000] Op2=[0x00000022] W[W,29= 0x00000022]   Mem[0: R:0x0f138000 W:0x80002000] PC= 0x80000424    li      t4, 34
Cyc=        328 Op1=[0x00000022] Op2=[0x00000022] W[_, 8= 0x00000000]   Mem[0: R:0x04c0006f W:0x00000022] PC= 0x80000428    bne     t5, t4, pc + 200
Cyc=        329 Op1=[0x00000000] Op2=[0x00000001] W[W, 4= 0x00000001]   Mem[0: R:0x7304c000 W:0x00000022] PC= 0x8000042c    addi    tp, tp, 1
Cyc=        330 Op1=[0x00000000] Op2=[0x00000002] W[W, 5= 0x00000002]   Mem[0: R:0x2f7304c0 W:0x80002000] PC= 0x80000430    li      t0, 2
Cyc=        331 Op1=[0x00000001] Op2=[0x00000002] W[_,21= 0x00000000]   Mem[0: R:0x04c0006f W:0x00000002] PC= 0x80000434  B bne     tp, t0, pc - 44
Cyc=        332 Op1=[0x00002000] Op2=[0x80000408] W[W, 2= 0x80002408]   Mem[0: R:0x00000000 W:0x00000000] PC= 0x80000408    auipc   sp, 0x2
Cyc=        333 Op1=[0x80002408] Op2=[0xfffffbf8] W[W, 2= 0x80002000]   Mem[0: R:0xbc222333 W:0x00000000] PC= 0x8000040c    addi    sp, sp, -1032
Cyc=        334 Op1=[0x00000000] Op2=[0x00000022] W[W, 1= 0x00000022]   Mem[0: R:0x0f138000 W:0x80002000] PC= 0x80000410    li      ra, 34
Cyc=        335 Op1=[0x00000000] Op2=[0x00000000] W[W, 0= 0x00000000]   Mem[0: R:0x04c0006f W:0x00000000] PC= 0x80000414    nop
Cyc=        336 Op1=[0x00000000] Op2=[0x00000000] W[W, 0= 0x00000000]   Mem[0: R:0x04c0006f W:0x00000000] PC= 0x80000418    nop
Cyc=        337 Op1=[0x80002000] Op2=[0x00000002] W[_, 2= 0x80002002]   Mem[0: R:0x00000022 W:0x00000022] PC= 0x8000041c    sb      ra, 2(sp)
Cyc=        338 Op1=[0x80002000] Op2=[0x00000002] W[W,30= 0x00000022]   Mem[1: R:0x00000022 W:0x80002000] PC= 0x80000420    lb      t5, 2(sp)
Cyc=        339 Op1=[0x00000000] Op2=[0x00000022] W[W,29= 0x00000022]   Mem[0: R:0x0f138000 W:0x80002000] PC= 0x80000424    li      t4, 34
Cyc=        340 Op1=[0x00000022] Op2=[0x00000022] W[_, 8= 0x00000000]   Mem[0: R:0x04c0006f W:0x00000022] PC= 0x80000428    bne     t5, t4, pc + 200
Cyc=        341 Op1=[0x00000001] Op2=[0x00000001] W[W, 4= 0x00000002]   Mem[0: R:0x2f7304c0 W:0x00000022] PC= 0x8000042c    addi    tp, tp, 1
Cyc=        342 Op1=[0x00000000] Op2=[0x00000002] W[W, 5= 0x00000002]   Mem[0: R:0x2f7304c0 W:0x80002000] PC= 0x80000430    li      t0, 2
Cyc=        343 Op1=[0x00000002] Op2=[0x00000002] W[_,21= 0x00000000]   Mem[0: R:0x04c0006f W:0x00000002] PC= 0x80000434    bne     tp, t0, pc - 44
Cyc=        344 Op1=[0x00000000] Op2=[0x00000015] W[W, 3= 0x00000015]   Mem[0: R:0x9303ff06 W:0x00000000] PC= 0x80000438    li      gp, 21
Cyc=        345 Op1=[0x00000000] Op2=[0x00000000] W[W, 4= 0x00000000]   Mem[0: R:0x04c0006f W:0x00000000] PC= 0x8000043c    li      tp, 0
Cyc=        346 Op1=[0x00002000] Op2=[0x80000440] W[W, 2= 0x80002440]   Mem[0: R:0x00000000 W:0x00000000] PC= 0x80000440    auipc   sp, 0x2
Cyc=        347 Op1=[0x80002440] Op2=[0xfffffbc0] W[W, 2= 0x80002000]   Mem[0: R:0xbc222333 W:0x00000000] PC= 0x80000444    addi    sp, sp, -1088
Cyc=        348 Op1=[0x00000000] Op2=[0x00000000] W[W, 0= 0x00000000]   Mem[0: R:0x04c0006f W:0x00000000] PC= 0x80000448    nop
Cyc=        349 Op1=[0x00000000] Op2=[0x00000012] W[W, 1= 0x00000012]   Mem[0: R:0x06630090 W:0x00000000] PC= 0x8000044c    li      ra, 18
Cyc=        350 Op1=[0x80002000] Op2=[0x00000003] W[_, 3= 0x80002003]   Mem[0: R:0xffffffbc W:0x00000012] PC= 0x80000450    sb      ra, 3(sp)
Cyc=        351 Op1=[0x80002000] Op2=[0x00000003] W[W,30= 0x00000012]   Mem[1: R:0x00000012 W:0x00000015] PC= 0x80000454    lb      t5, 3(sp)
Cyc=        352 Op1=[0x00000000] Op2=[0x00000012] W[W,29= 0x00000012]   Mem[0: R:0x06630090 W:0x00000000] PC= 0x80000458    li      t4, 18
Cyc=        353 Op1=[0x00000012] Op2=[0x00000012] W[_,20= 0x00000000]   Mem[0: R:0x04c0006f W:0x00000012] PC= 0x8000045c    bne     t5, t4, pc + 148
Cyc=        354 Op1=[0x00000000] Op2=[0x00000001] W[W, 4= 0x00000001]   Mem[0: R:0x7304c000 W:0x00000012] PC= 0x80000460    addi    tp, tp, 1
Cyc=        355 Op1=[0x00000000] Op2=[0x00000002] W[W, 5= 0x00000002]   Mem[0: R:0x2f7304c0 W:0x80002000] PC= 0x80000464    li      t0, 2
Cyc=        356 Op1=[0x00000001] Op2=[0x00000002] W[_,25= 0x00000000]   Mem[0: R:0x04c0006f W:0x00000002] PC= 0x80000468  B bne     tp, t0, pc - 40
Cyc=        357 Op1=[0x00002000] Op2=[0x80000440] W[W, 2= 0x80002440]   Mem[0: R:0x00000000 W:0x00000000] PC= 0x80000440    auipc   sp, 0x2
Cyc=        358 Op1=[0x80002440] Op2=[0xfffffbc0] W[W, 2= 0x80002000]   Mem[0: R:0x12222333 W:0x00000000] PC= 0x80000444    addi    sp, sp, -1088
Cyc=        359 Op1=[0x00000000] Op2=[0x00000000] W[W, 0= 0x00000000]   Mem[0: R:0x04c0006f W:0x00000000] PC= 0x80000448    nop
Cyc=        360 Op1=[0x00000000] Op2=[0x00000012] W[W, 1= 0x00000012]   Mem[0: R:0x06630090 W:0x00000000] PC= 0x8000044c    li      ra, 18
Cyc=        361 Op1=[0x80002000] Op2=[0x00000003] W[_, 3= 0x80002003]   Mem[0: R:0x00000012 W:0x00000012] PC= 0x80000450    sb      ra, 3(sp)
Cyc=        362 Op1=[0x80002000] Op2=[0x00000003] W[W,30= 0x00000012]   Mem[1: R:0x00000012 W:0x00000015] PC= 0x80000454    lb      t5, 3(sp)
Cyc=        363 Op1=[0x00000000] Op2=[0x00000012] W[W,29= 0x00000012]   Mem[0: R:0x06630090 W:0x00000000] PC= 0x80000458    li      t4, 18
Cyc=        364 Op1=[0x00000012] Op2=[0x00000012] W[_,20= 0x00000000]   Mem[0: R:0x04c0006f W:0x00000012] PC= 0x8000045c    bne     t5, t4, pc + 148
Cyc=        365 Op1=[0x00000001] Op2=[0x00000001] W[W, 4= 0x00000002]   Mem[0: R:0x2f7304c0 W:0x00000012] PC= 0x80000460    addi    tp, tp, 1
Cyc=        366 Op1=[0x00000000] Op2=[0x00000002] W[W, 5= 0x00000002]   Mem[0: R:0x2f7304c0 W:0x80002000] PC= 0x80000464    li      t0, 2
Cyc=        367 Op1=[0x00000002] Op2=[0x00000002] W[_,25= 0x00000000]   Mem[0: R:0x04c0006f W:0x00000002] PC= 0x80000468    bne     tp, t0, pc - 40
Cyc=        368 Op1=[0x00000000] Op2=[0x00000016] W[W, 3= 0x00000016]   Mem[0: R:0x0f9303ff W:0x00000000] PC= 0x8000046c    li      gp, 22
Cyc=        369 Op1=[0x00000000] Op2=[0x00000000] W[W, 4= 0x00000000]   Mem[0: R:0x04c0006f W:0x00000000] PC= 0x80000470    li      tp, 0
Cyc=        370 Op1=[0x00002000] Op2=[0x80000474] W[W, 2= 0x80002474]   Mem[0: R:0x00000000 W:0x00000000] PC= 0x80000474    auipc   sp, 0x2
Cyc=        371 Op1=[0x80002474] Op2=[0xfffffb8c] W[W, 2= 0x80002000]   Mem[0: R:0x12222333 W:0x00000000] PC= 0x80000478    addi    sp, sp, -1140
Cyc=        372 Op1=[0x00000000] Op2=[0x00000000] W[W, 0= 0x00000000]   Mem[0: R:0x04c0006f W:0x00000000] PC= 0x8000047c    nop
Cyc=        373 Op1=[0x00000000] Op2=[0x00000011] W[W, 1= 0x00000011]   Mem[0: R:0x6300900f W:0x00000000] PC= 0x80000480    li      ra, 17
Cyc=        374 Op1=[0x00000000] Op2=[0x00000000] W[W, 0= 0x00000000]   Mem[0: R:0x04c0006f W:0x00000000] PC= 0x80000484    nop
Cyc=        375 Op1=[0x80002000] Op2=[0x00000004] W[_, 4= 0x80002004]   Mem[0: R:0xffffffbb W:0x00000011] PC= 0x80000488    sb      ra, 4(sp)
Cyc=        376 Op1=[0x80002000] Op2=[0x00000004] W[W,30= 0x00000011]   Mem[1: R:0x00000011 W:0x00000000] PC= 0x8000048c    lb      t5, 4(sp)
Cyc=        377 Op1=[0x00000000] Op2=[0x00000011] W[W,29= 0x00000011]   Mem[0: R:0x6300900f W:0x00000000] PC= 0x80000490    li      t4, 17
Cyc=        378 Op1=[0x00000011] Op2=[0x00000011] W[_,28= 0x00000000]   Mem[0: R:0x04c0006f W:0x00000011] PC= 0x80000494    bne     t5, t4, pc + 92
Cyc=        379 Op1=[0x00000000] Op2=[0x00000001] W[W, 4= 0x00000001]   Mem[0: R:0x7304c000 W:0x00000011] PC= 0x80000498    addi    tp, tp, 1
Cyc=        380 Op1=[0x00000000] Op2=[0x00000002] W[W, 5= 0x00000002]   Mem[0: R:0x2f7304c0 W:0x80002000] PC= 0x8000049c    li      t0, 2
Cyc=        381 Op1=[0x00000001] Op2=[0x00000002] W[_,21= 0x00000000]   Mem[0: R:0x04c0006f W:0x00000002] PC= 0x800004a0  B bne     tp, t0, pc - 44
Cyc=        382 Op1=[0x00002000] Op2=[0x80000474] W[W, 2= 0x80002474]   Mem[0: R:0x00000000 W:0x00000000] PC= 0x80000474    auipc   sp, 0x2
Cyc=        383 Op1=[0x80002474] Op2=[0xfffffb8c] W[W, 2= 0x80002000]   Mem[0: R:0x12222333 W:0x00000000] PC= 0x80000478    addi    sp, sp, -1140
Cyc=        384 Op1=[0x00000000] Op2=[0x00000000] W[W, 0= 0x00000000]   Mem[0: R:0x04c0006f W:0x00000000] PC= 0x8000047c    nop
Cyc=        385 Op1=[0x00000000] Op2=[0x00000011] W[W, 1= 0x00000011]   Mem[0: R:0x6300900f W:0x00000000] PC= 0x80000480    li      ra, 17
Cyc=        386 Op1=[0x00000000] Op2=[0x00000000] W[W, 0= 0x00000000]   Mem[0: R:0x04c0006f W:0x00000000] PC= 0x80000484    nop
Cyc=        387 Op1=[0x80002000] Op2=[0x00000004] W[_, 4= 0x80002004]   Mem[0: R:0x00000011 W:0x00000011] PC= 0x80000488    sb      ra, 4(sp)
Cyc=        388 Op1=[0x80002000] Op2=[0x00000004] W[W,30= 0x00000011]   Mem[1: R:0x00000011 W:0x00000001] PC= 0x8000048c    lb      t5, 4(sp)
Cyc=        389 Op1=[0x00000000] Op2=[0x00000011] W[W,29= 0x00000011]   Mem[0: R:0x6300900f W:0x00000000] PC= 0x80000490    li      t4, 17
Cyc=        390 Op1=[0x00000011] Op2=[0x00000011] W[_,28= 0x00000000]   Mem[0: R:0x04c0006f W:0x00000011] PC= 0x80000494    bne     t5, t4, pc + 92
Cyc=        391 Op1=[0x00000001] Op2=[0x00000001] W[W, 4= 0x00000002]   Mem[0: R:0x2f7304c0 W:0x00000011] PC= 0x80000498    addi    tp, tp, 1
Cyc=        392 Op1=[0x00000000] Op2=[0x00000002] W[W, 5= 0x00000002]   Mem[0: R:0x2f7304c0 W:0x80002000] PC= 0x8000049c    li      t0, 2
Cyc=        393 Op1=[0x00000002] Op2=[0x00000002] W[_,21= 0x00000000]   Mem[0: R:0x04c0006f W:0x00000002] PC= 0x800004a0    bne     tp, t0, pc - 44
Cyc=        394 Op1=[0x00000000] Op2=[0x00000017] W[W, 3= 0x00000017]   Mem[0: R:0xb00f9303 W:0x00000000] PC= 0x800004a4    li      gp, 23
Cyc=        395 Op1=[0x00000000] Op2=[0x00000000] W[W, 4= 0x00000000]   Mem[0: R:0x04c0006f W:0x00000000] PC= 0x800004a8    li      tp, 0
Cyc=        396 Op1=[0x00002000] Op2=[0x800004ac] W[W, 2= 0x800024ac]   Mem[0: R:0x00000000 W:0x00000000] PC= 0x800004ac    auipc   sp, 0x2
Cyc=        397 Op1=[0x800024ac] Op2=[0xfffffb54] W[W, 2= 0x80002000]   Mem[0: R:0x12222333 W:0x00000000] PC= 0x800004b0    addi    sp, sp, -1196
Cyc=        398 Op1=[0x00000000] Op2=[0x00000000] W[W, 0= 0x00000000]   Mem[0: R:0x04c0006f W:0x00000000] PC= 0x800004b4    nop
Cyc=        399 Op1=[0x00000000] Op2=[0x00000000] W[W, 0= 0x00000000]   Mem[0: R:0x04c0006f W:0x00000000] PC= 0x800004b8    nop
Cyc=        400 Op1=[0x00000000] Op2=[0x00000001] W[W, 1= 0x00000001]   Mem[0: R:0x7304c000 W:0x00000011] PC= 0x800004bc    li      ra, 1
Cyc=        401 Op1=[0x80002000] Op2=[0x00000005] W[_, 5= 0x80002005]   Mem[0: R:0xffffffab W:0x00000001] PC= 0x800004c0    sb      ra, 5(sp)
Cyc=        402 Op1=[0x80002000] Op2=[0x00000005] W[W,30= 0x00000001]   Mem[1: R:0x00000001 W:0x00000002] PC= 0x800004c4    lb      t5, 5(sp)
Cyc=        403 Op1=[0x00000000] Op2=[0x00000001] W[W,29= 0x00000001]   Mem[0: R:0x7304c000 W:0x00000001] PC= 0x800004c8    li      t4, 1
Cyc=        404 Op1=[0x00000001] Op2=[0x00000001] W[_, 4= 0x00000000]   Mem[0: R:0x04c0006f W:0x00000001] PC= 0x800004cc    bne     t5, t4, pc + 36
Cyc=        405 Op1=[0x00000000] Op2=[0x00000001] W[W, 4= 0x00000001]   Mem[0: R:0x7304c000 W:0x00000001] PC= 0x800004d0    addi    tp, tp, 1
Cyc=        406 Op1=[0x00000000] Op2=[0x00000002] W[W, 5= 0x00000002]   Mem[0: R:0x2f7304c0 W:0x80002000] PC= 0x800004d4    li      t0, 2
Cyc=        407 Op1=[0x00000001] Op2=[0x00000002] W[_,21= 0x00000000]   Mem[0: R:0x04c0006f W:0x00000002] PC= 0x800004d8  B bne     tp, t0, pc - 44
Cyc=        408 Op1=[0x00002000] Op2=[0x800004ac] W[W, 2= 0x800024ac]   Mem[0: R:0x00000000 W:0x00000000] PC= 0x800004ac    auipc   sp, 0x2
Cyc=        409 Op1=[0x800024ac] Op2=[0xfffffb54] W[W, 2= 0x80002000]   Mem[0: R:0x12222333 W:0x00000000] PC= 0x800004b0    addi    sp, sp, -1196
Cyc=        410 Op1=[0x00000000] Op2=[0x00000000] W[W, 0= 0x00000000]   Mem[0: R:0x04c0006f W:0x00000000] PC= 0x800004b4    nop
Cyc=        411 Op1=[0x00000000] Op2=[0x00000000] W[W, 0= 0x00000000]   Mem[0: R:0x04c0006f W:0x00000000] PC= 0x800004b8    nop
Cyc=        412 Op1=[0x00000000] Op2=[0x00000001] W[W, 1= 0x00000001]   Mem[0: R:0x7304c000 W:0x00000001] PC= 0x800004bc    li      ra, 1
Cyc=        413 Op1=[0x80002000] Op2=[0x00000005] W[_, 5= 0x80002005]   Mem[0: R:0x00000001 W:0x00000001] PC= 0x800004c0    sb      ra, 5(sp)
Cyc=        414 Op1=[0x80002000] Op2=[0x00000005] W[W,30= 0x00000001]   Mem[1: R:0x00000001 W:0x00000002] PC= 0x800004c4    lb      t5, 5(sp)
Cyc=        415 Op1=[0x00000000] Op2=[0x00000001] W[W,29= 0x00000001]   Mem[0: R:0x7304c000 W:0x00000001] PC= 0x800004c8    li      t4, 1
Cyc=        416 Op1=[0x00000001] Op2=[0x00000001] W[_, 4= 0x00000000]   Mem[0: R:0x04c0006f W:0x00000001] PC= 0x800004cc    bne     t5, t4, pc + 36
Cyc=        417 Op1=[0x00000001] Op2=[0x00000001] W[W, 4= 0x00000002]   Mem[0: R:0x2f7304c0 W:0x00000001] PC= 0x800004d0    addi    tp, tp, 1
Cyc=        418 Op1=[0x00000000] Op2=[0x00000002] W[W, 5= 0x00000002]   Mem[0: R:0x2f7304c0 W:0x80002000] PC= 0x800004d4    li      t0, 2
Cyc=        419 Op1=[0x00000002] Op2=[0x00000002] W[_,21= 0x00000000]   Mem[0: R:0x04c0006f W:0x00000002] PC= 0x800004d8    bne     tp, t0, pc - 44
Cyc=        420 Op1=[0x00000000] Op2=[0x000000ef] W[W,10= 0x000000ef]   Mem[0: R:0x12907301 W:0x00000000] PC= 0x800004dc    li      a0, 239
Cyc=        421 Op1=[0x00002000] Op2=[0x800004e0] W[W,11= 0x800024e0]   Mem[0: R:0x00000000 W:0x00000000] PC= 0x800004e0    auipc   a1, 0x2
Cyc=        422 Op1=[0x800024e0] Op2=[0xfffffb20] W[W,11= 0x80002000]   Mem[0: R:0x12222333 W:0x00000000] PC= 0x800004e4    addi    a1, a1, -1248
Cyc=        423 Op1=[0x80002000] Op2=[0x00000003] W[_, 3= 0x80002003]   Mem[0: R:0x00000012 W:0x000000ef] PC= 0x800004e8    sb      a0, 3(a1)
Cyc=        424 Op1=[0x00000000] Op2=[0x00000017] W[_,24= 0x00000000]   Mem[0: R:0x04c0006f W:0x00000017] PC= 0x800004ec  B bne     zero, gp, pc + 24
Cyc=        425 Op1=[0x00000000] Op2=[0x00000000] W[_, 0= 0x00000000]   Mem[0: R:0x04c0006f W:0x00000000] PC= 0x80000504    fence
Cyc=        426 Op1=[0x00000000] Op2=[0x00000001] W[W, 3= 0x00000001]   Mem[0: R:0x7304c000 W:0x00000001] PC= 0x80000508    li      gp, 1
Cyc=        427 Op1=[0x00000000] Op2=[0x00000000] W[_, 0= 0x00000000]   Mem[0: R:0x04c0006f W:0x00000000] PC= 0x8000050c  X ecall
Cyc=        428 Op1=[0x00000000] Op2=[0x80002000] W[W,30= 0x0000000b]   Mem[3: R:0x04c0006f W:0x80002000] PC= 0x80000004    csrr    t5, mcause
Cyc=        429 Op1=[0x00000000] Op2=[0x00000008] W[W,31= 0x00000008]   Mem[0: R:0x00800f93 W:0x00000000] PC= 0x80000008    li      t6, 8
Cyc=        430 Op1=[0x0000000b] Op2=[0x00000008] W[_,20= 0x00000000]   Mem[0: R:0x04c0006f W:0x00000008] PC= 0x8000000c    beq     t5, t6, pc + 52
Cyc=        431 Op1=[0x00000000] Op2=[0x00000009] W[W,31= 0x00000009]   Mem[0: R:0x6300800f W:0x00000000] PC= 0x80000010    li      t6, 9
Cyc=        432 Op1=[0x0000000b] Op2=[0x00000009] W[_,12= 0x00000000]   Mem[0: R:0x04c0006f W:0x00000009] PC= 0x80000014    beq     t5, t6, pc + 44
Cyc=        433 Op1=[0x00000000] Op2=[0x0000000b] W[W,31= 0x0000000b]   Mem[0: R:0xff0a6300 W:0x80002000] PC= 0x80000018    li      t6, 11
Cyc=        434 Op1=[0x0000000b] Op2=[0x0000000b] W[_, 4= 0x00000000]   Mem[0: R:0x04c0006f W:0x0000000b] PC= 0x8000001c  B beq     t5, t6, pc + 36
Cyc=        435 Op1=[0x00001000] Op2=[0x80000040] W[W,30= 0x80001040]   Mem[0: R:0x00000000 W:0x00000000] PC= 0x80000040    auipc   t5, 0x1
Cyc=        436 Op1=[0x80001040] Op2=[0xffffffc0] W[_, 0= 0x80001000]   Mem[0: R:0x00000000 W:0x00000001] PC= 0x80000044    sw      gp, -64(t5)
Cyc=        437 Op1=[0x0000000b] Op2=[0x00000000] W[W, 0= 0x8000004c]   Mem[2: R:0x04c0006f W:0x00000000] PC= 0x80000048  J j       pc - 0x8
Cyc=        438 Op1=[0x00001000] Op2=[0x80000040] W[W,30= 0x80001040]   Mem[0: R:0x00000000 W:0x00000000] PC= 0x80000040    auipc   t5, 0x1
Cyc=        439 Op1=[0x80001040] Op2=[0xffffffc0] W[_, 0= 0x80001000]   Mem[0: R:0x00000001 W:0x00000001] PC= 0x80000044    sw      gp, -64(t5)
Cyc=        440 Op1=[0x0000000b] Op2=[0x00000000] W[W, 0= 0x8000004c]   Mem[2: R:0x04c0006f W:0x00000000] PC= 0x80000048  J j       pc - 0x8
Cyc=        441 Op1=[0x00001000] Op2=[0x80000040] W[W,30= 0x80001040]   Mem[0: R:0x00000000 W:0x00000000] PC= 0x80000040    auipc   t5, 0x1
Cyc=        442 Op1=[0x80001040] Op2=[0xffffffc0] W[_, 0= 0x80001000]   Mem[0: R:0x00000001 W:0x00000001] PC= 0x80000044    sw      gp, -64(t5)
Cyc=        443 Op1=[0x0000000b] Op2=[0x00000000] W[W, 0= 0x8000004c]   Mem[2: R:0x04c0006f W:0x00000000] PC= 0x80000048  J j       pc - 0x8
Cyc=        444 Op1=[0x00001000] Op2=[0x80000040] W[W,30= 0x80001040]   Mem[0: R:0x00000000 W:0x00000000] PC= 0x80000040    auipc   t5, 0x1
Cyc=        445 Op1=[0x80001040] Op2=[0xffffffc0] W[_, 0= 0x80001000]   Mem[0: R:0x00000001 W:0x00000001] PC= 0x80000044    sw      gp, -64(t5)
Cyc=        446 Op1=[0x0000000b] Op2=[0x00000000] W[W, 0= 0x8000004c]   Mem[2: R:0x04c0006f W:0x00000000] PC= 0x80000048  J j       pc - 0x8
Cyc=        447 Op1=[0x00001000] Op2=[0x80000040] W[W,30= 0x80001040]   Mem[0: R:0x00000000 W:0x00000000] PC= 0x80000040    auipc   t5, 0x1
Cyc=        448 Op1=[0x80001040] Op2=[0xffffffc0] W[_, 0= 0x80001000]   Mem[0: R:0x00000001 W:0x00000001] PC= 0x80000044    sw      gp, -64(t5)
Cyc=        449 Op1=[0x0000000b] Op2=[0x00000000] W[W, 0= 0x8000004c]   Mem[2: R:0x04c0006f W:0x00000000] PC= 0x80000048  J j       pc - 0x8
Cyc=        450 Op1=[0x00001000] Op2=[0x80000040] W[W,30= 0x80001040]   Mem[0: R:0x00000000 W:0x00000000] PC= 0x80000040    auipc   t5, 0x1
Cyc=        451 Op1=[0x80001040] Op2=[0xffffffc0] W[_, 0= 0x80001000]   Mem[0: R:0x00000001 W:0x00000001] PC= 0x80000044    sw      gp, -64(t5)
Cyc=        452 Op1=[0x0000000b] Op2=[0x00000000] W[W, 0= 0x8000004c]   Mem[2: R:0x04c0006f W:0x00000000] PC= 0x80000048  J j       pc - 0x8
Cyc=        453 Op1=[0x00001000] Op2=[0x80000040] W[W,30= 0x80001040]   Mem[0: R:0x00000000 W:0x00000000] PC= 0x80000040    auipc   t5, 0x1
Cyc=        454 Op1=[0x80001040] Op2=[0xffffffc0] W[_, 0= 0x80001000]   Mem[0: R:0x00000001 W:0x00000001] PC= 0x80000044    sw      gp, -64(t5)
Cyc=        455 Op1=[0x0000000b] Op2=[0x00000000] W[W, 0= 0x8000004c]   Mem[2: R:0x04c0006f W:0x00000000] PC= 0x80000048  J j       pc - 0x8
Cyc=        456 Op1=[0x00001000] Op2=[0x80000040] W[W,30= 0x80001040]   Mem[0: R:0x00000000 W:0x00000000] PC= 0x80000040    auipc   t5, 0x1
Cyc=        457 Op1=[0x80001040] Op2=[0xffffffc0] W[_, 0= 0x80001000]   Mem[0: R:0x00000001 W:0x00000001] PC= 0x80000044    sw      gp, -64(t5)
Cyc=        458 Op1=[0x0000000b] Op2=[0x00000000] W[W, 0= 0x8000004c]   Mem[2: R:0x04c0006f W:0x00000000] PC= 0x80000048  J j       pc - 0x8
Cyc=        459 Op1=[0x00001000] Op2=[0x80000040] W[W,30= 0x80001040]   Mem[0: R:0x00000000 W:0x00000000] PC= 0x80000040    auipc   t5, 0x1
Cyc=        460 Op1=[0x80001040] Op2=[0xffffffc0] W[_, 0= 0x80001000]   Mem[0: R:0x00000001 W:0x00000001] PC= 0x80000044    sw      gp, -64(t5)
Cyc=        461 Op1=[0x0000000b] Op2=[0x00000000] W[W, 0= 0x8000004c]   Mem[2: R:0x04c0006f W:0x00000000] PC= 0x80000048  J j       pc - 0x8
Cyc=        462 Op1=[0x00001000] Op2=[0x80000040] W[W,30= 0x80001040]   Mem[0: R:0x00000000 W:0x00000000] PC= 0x80000040    auipc   t5, 0x1
Cyc=        463 Op1=[0x80001040] Op2=[0xffffffc0] W[_, 0= 0x80001000]   Mem[0: R:0x00000000 W:0x00000001] PC= 0x80000044    sw      gp, -64(t5)
*** PASSED ***
