Instantiated DTM.
Cyc=          0 Op1=[0x00000000] Op2=[0x00000000] W[W, 0= 0x80000004]   Mem[2: R:0x04c0006f W:0x00000000] PC= 0x80000000  J j       pc + 0x4c
Cyc=          1 Op1=[0x00000000] Op2=[0x00000000] W[W,10= 0x00000000]   Mem[3: R:0x04c0006f W:0x00000000] PC= 0x8000004c    csrr    a0, mhartid
Cyc=          2 Op1=[0x00000000] Op2=[0x00000000] W[_, 0= 0x00000000]   Mem[0: R:0x04c0006f W:0x00000000] PC= 0x80000050    bnez    a0, pc + 0
Cyc=          3 Op1=[0x00000000] Op2=[0x80000054] W[W, 5= 0x80000054]   Mem[0: R:0x00000297 W:0x00000000] PC= 0x80000054    auipc   t0, 0x0
Cyc=          4 Op1=[0x80000054] Op2=[0x00000010] W[W, 5= 0x80000064]   Mem[0: R:0x00000297 W:0x00000000] PC= 0x80000058    addi    t0, t0, 16
Cyc=          5 Op1=[0x80000064] Op2=[0x80000064] W[W, 0= 0x00000100]   Mem[3: R:0x00000297 W:0x80000064] PC= 0x8000005c    csrw    mtvec, t0
Cyc=          6 Op1=[0x00000000] Op2=[0x00000000] W[W, 0= 0x00000000]   Mem[3: R:0x04c0006f W:0x00000000] PC= 0x80000060    csrwi   satp, 0
Cyc=          7 Op1=[0x00000000] Op2=[0x80000064] W[W, 5= 0x80000064]   Mem[0: R:0x00000297 W:0x00000000] PC= 0x80000064    auipc   t0, 0x0
Cyc=          8 Op1=[0x80000064] Op2=[0x0000001c] W[W, 5= 0x80000080]   Mem[0: R:0x00000297 W:0x00000000] PC= 0x80000068    addi    t0, t0, 28
Cyc=          9 Op1=[0x80000080] Op2=[0x80000080] W[W, 0= 0x00000100]   Mem[3: R:0x00000297 W:0x80000080] PC= 0x8000006c    csrw    mtvec, t0
Cyc=         10 Op1=[0x00000000] Op2=[0xffffffff] W[W, 5= 0xffffffff]   Mem[0: R:0xc0006f00 W:0x00000000] PC= 0x80000070    li      t0, -1
Cyc=         11 Op1=[0xffffffff] Op2=[0x00000000] W[W, 0= 0x00000000]   Mem[3: R:0xc0006f00 W:0x00000000] PC= 0x80000074    csrw    pmpaddr0, t0
Cyc=         12 Op1=[0x00000000] Op2=[0x0000001f] W[W, 5= 0x0000001f]   Mem[0: R:0x000f1703 W:0x00000000] PC= 0x80000078    li      t0, 31
Cyc=         13 Op1=[0x0000001f] Op2=[0x00000000] W[W, 0= 0x00000000]   Mem[3: R:0x000f1703 W:0x00000000] PC= 0x8000007c    csrw    pmpcfg0, t0
Cyc=         14 Op1=[0x00000000] Op2=[0x80000080] W[W, 5= 0x80000080]   Mem[0: R:0x00000297 W:0x00000000] PC= 0x80000080    auipc   t0, 0x0
Cyc=         15 Op1=[0x80000080] Op2=[0x00000018] W[W, 5= 0x80000098]   Mem[0: R:0x00000193 W:0x00000000] PC= 0x80000084    addi    t0, t0, 24
Cyc=         16 Op1=[0x80000098] Op2=[0x80000098] W[W, 0= 0x00000100]   Mem[3: R:0x00000193 W:0x80000098] PC= 0x80000088    csrw    mtvec, t0
Cyc=         17 Op1=[0x00000000] Op2=[0x00000000] W[W, 0= 0x00000000]   Mem[3: R:0x04c0006f W:0x00000000] PC= 0x8000008c    csrwi   medeleg, 0
Cyc=         18 Op1=[0x00000000] Op2=[0x00000000] W[W, 0= 0x00000000]   Mem[3: R:0x04c0006f W:0x00000000] PC= 0x80000090    csrwi   mideleg, 0
Cyc=         19 Op1=[0x00000000] Op2=[0x00000000] W[W, 0= 0x00000000]   Mem[3: R:0x04c0006f W:0x00000000] PC= 0x80000094    csrwi   mie, 0
Cyc=         20 Op1=[0x00000000] Op2=[0x00000000] W[W, 3= 0x00000000]   Mem[0: R:0x04c0006f W:0x00000000] PC= 0x80000098    li      gp, 0
Cyc=         21 Op1=[0x00000000] Op2=[0x8000009c] W[W, 5= 0x8000009c]   Mem[0: R:0x00000297 W:0x00000000] PC= 0x8000009c    auipc   t0, 0x0
Cyc=         22 Op1=[0x8000009c] Op2=[0xffffff68] W[W, 5= 0x80000004]   Mem[0: R:0x34202f73 W:0x00000000] PC= 0x800000a0    addi    t0, t0, -152
Cyc=         23 Op1=[0x80000004] Op2=[0x80000004] W[W, 0= 0x00000100]   Mem[3: R:0x34202f73 W:0x80000004] PC= 0x800000a4    csrw    mtvec, t0
Cyc=         24 Op1=[0x00000000] Op2=[0x00000001] W[W,10= 0x00000001]   Mem[0: R:0x7304c000 W:0x00000000] PC= 0x800000a8    li      a0, 1
Cyc=         25 Op1=[0x00000001] Op2=[0x0000001f] W[W,10= 0x80000000]   Mem[0: R:0x04c0006f W:0x00000000] PC= 0x800000ac    slli    a0, a0, 31
Cyc=         26 Op1=[0x80000000] Op2=[0x00000000] W[_,16= 0x00000000]   Mem[0: R:0x04c0006f W:0x00000000] PC= 0x800000b0  B bltz    a0, pc + 16
Cyc=         27 Op1=[0x80000000] Op2=[0x800000c0] W[W, 5= 0x000000c0]   Mem[0: R:0x80000297 W:0x00000000] PC= 0x800000c0    auipc   t0, 0x80000
Cyc=         28 Op1=[0x000000c0] Op2=[0xffffff40] W[W, 5= 0x00000000]   Mem[0: R:0x04c0006f W:0x00000000] PC= 0x800000c4    addi    t0, t0, -192
Cyc=         29 Op1=[0x00000000] Op2=[0x00000000] W[_,28= 0x00000000]   Mem[0: R:0x04c0006f W:0x00000000] PC= 0x800000c8  B beqz    t0, pc + 28
Cyc=         30 Op1=[0x00000000] Op2=[0x00000000] W[W, 0= 0x00001800]   Mem[3: R:0x04c0006f W:0x00000000] PC= 0x800000e4    csrwi   mstatus, 0
Cyc=         31 Op1=[0x00000000] Op2=[0x800000e8] W[W, 5= 0x800000e8]   Mem[0: R:0x00000297 W:0x00000000] PC= 0x800000e8    auipc   t0, 0x0
Cyc=         32 Op1=[0x800000e8] Op2=[0x00000014] W[W, 5= 0x800000fc]   Mem[0: R:0x00200193 W:0x00000000] PC= 0x800000ec    addi    t0, t0, 20
Cyc=         33 Op1=[0x800000fc] Op2=[0x00000000] W[W, 0= 0x80000000]   Mem[3: R:0x00200193 W:0x00000000] PC= 0x800000f0    csrw    mepc, t0
Cyc=         34 Op1=[0x00000000] Op2=[0x00000000] W[W,10= 0x00000000]   Mem[3: R:0x04c0006f W:0x00000000] PC= 0x800000f4    csrr    a0, mhartid
Cyc=         35 Op1=[0x00000000] Op2=[0x00000000] W[_, 0= 0x00000000]   Mem[0: R:0x04c0006f W:0x00000000] PC= 0x800000f8  X mret
Cyc=         36 Op1=[0x00000000] Op2=[0x00000002] W[W, 3= 0x00000002]   Mem[0: R:0x2f7304c0 W:0x00000000] PC= 0x800000fc    li      gp, 2
Cyc=         37 Op1=[0x00000000] Op2=[0x00000000] W[W, 1= 0x00000000]   Mem[0: R:0x04c0006f W:0x00000000] PC= 0x80000100    li      ra, 0
Cyc=         38 Op1=[0x00000000] Op2=[0x00000000] W[W, 2= 0x00000000]   Mem[0: R:0x04c0006f W:0x00000000] PC= 0x80000104    li      sp, 0
Cyc=         39 Op1=[0x00000000] Op2=[0x00000000] W[_,12= 0x00000000]   Mem[0: R:0x04c0006f W:0x00000000] PC= 0x80000108  B beq     ra, sp, pc + 12
Cyc=         40 Op1=[0x00000000] Op2=[0x00000000] W[_,29= 0x00000000]   Mem[0: R:0x04c0006f W:0x00000000] PC= 0x80000114  B beq     ra, sp, pc - 4
Cyc=         41 Op1=[0x00000000] Op2=[0x00000002] W[_,12= 0x00000000]   Mem[0: R:0x04c0006f W:0x00000002] PC= 0x80000110  B bne     zero, gp, pc + 12
Cyc=         42 Op1=[0x00000000] Op2=[0x00000003] W[W, 3= 0x00000003]   Mem[0: R:0x202f7304 W:0x00000002] PC= 0x8000011c    li      gp, 3
Cyc=         43 Op1=[0x00000000] Op2=[0x00000001] W[W, 1= 0x00000001]   Mem[0: R:0x7304c000 W:0x00000000] PC= 0x80000120    li      ra, 1
Cyc=         44 Op1=[0x00000000] Op2=[0x00000001] W[W, 2= 0x00000001]   Mem[0: R:0x7304c000 W:0x00000001] PC= 0x80000124    li      sp, 1
Cyc=         45 Op1=[0x00000001] Op2=[0x00000001] W[_,12= 0x00000000]   Mem[0: R:0x04c0006f W:0x00000001] PC= 0x80000128  B beq     ra, sp, pc + 12
Cyc=         46 Op1=[0x00000001] Op2=[0x00000001] W[_,29= 0x00000000]   Mem[0: R:0x04c0006f W:0x00000001] PC= 0x80000134  B beq     ra, sp, pc - 4
Cyc=         47 Op1=[0x00000000] Op2=[0x00000003] W[_,12= 0x00000000]   Mem[0: R:0x04c0006f W:0x00000003] PC= 0x80000130  B bne     zero, gp, pc + 12
Cyc=         48 Op1=[0x00000000] Op2=[0x00000004] W[W, 3= 0x00000004]   Mem[0: R:0x34202f73 W:0x00000000] PC= 0x8000013c    li      gp, 4
Cyc=         49 Op1=[0x00000000] Op2=[0xffffffff] W[W, 1= 0xffffffff]   Mem[0: R:0xc0006f00 W:0x00000000] PC= 0x80000140    li      ra, -1
Cyc=         50 Op1=[0x00000000] Op2=[0xffffffff] W[W, 2= 0xffffffff]   Mem[0: R:0xc0006f00 W:0x00000000] PC= 0x80000144    li      sp, -1
Cyc=         51 Op1=[0xffffffff] Op2=[0xffffffff] W[_,12= 0x00000000]   Mem[0: R:0x04c0006f W:0xffffffff] PC= 0x80000148  B beq     ra, sp, pc + 12
Cyc=         52 Op1=[0xffffffff] Op2=[0xffffffff] W[_,29= 0x00000000]   Mem[0: R:0x04c0006f W:0xffffffff] PC= 0x80000154  B beq     ra, sp, pc - 4
Cyc=         53 Op1=[0x00000000] Op2=[0x00000004] W[_,12= 0x00000000]   Mem[0: R:0x04c0006f W:0x00000004] PC= 0x80000150  B bne     zero, gp, pc + 12
Cyc=         54 Op1=[0x00000000] Op2=[0x00000005] W[W, 3= 0x00000005]   Mem[0: R:0x9334202f W:0x800000fc] PC= 0x8000015c    li      gp, 5
Cyc=         55 Op1=[0x00000000] Op2=[0x00000000] W[W, 1= 0x00000000]   Mem[0: R:0x04c0006f W:0x00000000] PC= 0x80000160    li      ra, 0
Cyc=         56 Op1=[0x00000000] Op2=[0x00000001] W[W, 2= 0x00000001]   Mem[0: R:0x7304c000 W:0x00000000] PC= 0x80000164    li      sp, 1
Cyc=         57 Op1=[0x00000000] Op2=[0x00000001] W[_, 8= 0x00000000]   Mem[0: R:0x04c0006f W:0x00000001] PC= 0x80000168    beq     ra, sp, pc + 8
Cyc=         58 Op1=[0x00000000] Op2=[0x00000005] W[_, 8= 0x00000000]   Mem[0: R:0x04c0006f W:0x00000005] PC= 0x8000016c  B bne     zero, gp, pc + 8
Cyc=         59 Op1=[0x00000000] Op2=[0x00000001] W[_,29= 0x00000000]   Mem[0: R:0x04c0006f W:0x00000001] PC= 0x80000174    beq     ra, sp, pc - 4
Cyc=         60 Op1=[0x00000000] Op2=[0x00000006] W[W, 3= 0x00000006]   Mem[0: R:0x0f933420 W:0x00000000] PC= 0x80000178    li      gp, 6
Cyc=         61 Op1=[0x00000000] Op2=[0x00000001] W[W, 1= 0x00000001]   Mem[0: R:0x7304c000 W:0x00000000] PC= 0x8000017c    li      ra, 1
Cyc=         62 Op1=[0x00000000] Op2=[0x00000000] W[W, 2= 0x00000000]   Mem[0: R:0x04c0006f W:0x00000000] PC= 0x80000180    li      sp, 0
Cyc=         63 Op1=[0x00000001] Op2=[0x00000000] W[_, 8= 0x00000000]   Mem[0: R:0x04c0006f W:0x00000000] PC= 0x80000184    beq     ra, sp, pc + 8
Cyc=         64 Op1=[0x00000000] Op2=[0x00000006] W[_, 8= 0x00000000]   Mem[0: R:0x04c0006f W:0x00000006] PC= 0x80000188  B bne     zero, gp, pc + 8
Cyc=         65 Op1=[0x00000001] Op2=[0x00000000] W[_,29= 0x00000000]   Mem[0: R:0x04c0006f W:0x00000000] PC= 0x80000190    beq     ra, sp, pc - 4
Cyc=         66 Op1=[0x00000000] Op2=[0x00000007] W[W, 3= 0x00000007]   Mem[0: R:0x800f9334 W:0x00000000] PC= 0x80000194    li      gp, 7
Cyc=         67 Op1=[0x00000000] Op2=[0xffffffff] W[W, 1= 0xffffffff]   Mem[0: R:0xc0006f00 W:0x00000000] PC= 0x80000198    li      ra, -1
Cyc=         68 Op1=[0x00000000] Op2=[0x00000001] W[W, 2= 0x00000001]   Mem[0: R:0x7304c000 W:0xffffffff] PC= 0x8000019c    li      sp, 1
Cyc=         69 Op1=[0xffffffff] Op2=[0x00000001] W[_, 8= 0x00000000]   Mem[0: R:0x04c0006f W:0x00000001] PC= 0x800001a0    beq     ra, sp, pc + 8
Cyc=         70 Op1=[0x00000000] Op2=[0x00000007] W[_, 8= 0x00000000]   Mem[0: R:0x04c0006f W:0x00000007] PC= 0x800001a4  B bne     zero, gp, pc + 8
Cyc=         71 Op1=[0xffffffff] Op2=[0x00000001] W[_,29= 0x00000000]   Mem[0: R:0x04c0006f W:0x00000001] PC= 0x800001ac    beq     ra, sp, pc - 4
Cyc=         72 Op1=[0x00000000] Op2=[0x00000008] W[W, 3= 0x00000008]   Mem[0: R:0x00800f93 W:0x00000000] PC= 0x800001b0    li      gp, 8
Cyc=         73 Op1=[0x00000000] Op2=[0x00000001] W[W, 1= 0x00000001]   Mem[0: R:0x7304c000 W:0xffffffff] PC= 0x800001b4    li      ra, 1
Cyc=         74 Op1=[0x00000000] Op2=[0xffffffff] W[W, 2= 0xffffffff]   Mem[0: R:0xc0006f00 W:0x00000000] PC= 0x800001b8    li      sp, -1
Cyc=         75 Op1=[0x00000001] Op2=[0xffffffff] W[_, 8= 0x00000000]   Mem[0: R:0x04c0006f W:0xffffffff] PC= 0x800001bc    beq     ra, sp, pc + 8
Cyc=         76 Op1=[0x00000000] Op2=[0x00000008] W[_, 8= 0x00000000]   Mem[0: R:0x04c0006f W:0x00000008] PC= 0x800001c0  B bne     zero, gp, pc + 8
Cyc=         77 Op1=[0x00000001] Op2=[0xffffffff] W[_,29= 0x00000000]   Mem[0: R:0x04c0006f W:0xffffffff] PC= 0x800001c8    beq     ra, sp, pc - 4
Cyc=         78 Op1=[0x00000000] Op2=[0x00000009] W[W, 3= 0x00000009]   Mem[0: R:0x6300800f W:0x00000000] PC= 0x800001cc    li      gp, 9
Cyc=         79 Op1=[0x00000000] Op2=[0x00000000] W[W, 4= 0x00000000]   Mem[0: R:0x04c0006f W:0x00000000] PC= 0x800001d0    li      tp, 0
Cyc=         80 Op1=[0x00000000] Op2=[0x00000000] W[W, 1= 0x00000000]   Mem[0: R:0x04c0006f W:0x00000000] PC= 0x800001d4    li      ra, 0
Cyc=         81 Op1=[0x00000000] Op2=[0xffffffff] W[W, 2= 0xffffffff]   Mem[0: R:0xc0006f00 W:0x00000000] PC= 0x800001d8    li      sp, -1
Cyc=         82 Op1=[0x00000000] Op2=[0xffffffff] W[_, 0= 0x00000000]   Mem[0: R:0x04c0006f W:0xffffffff] PC= 0x800001dc    beq     ra, sp, pc + 480
Cyc=         83 Op1=[0x00000000] Op2=[0x00000001] W[W, 4= 0x00000001]   Mem[0: R:0x7304c000 W:0x00000000] PC= 0x800001e0    addi    tp, tp, 1
Cyc=         84 Op1=[0x00000000] Op2=[0x00000002] W[W, 5= 0x00000002]   Mem[0: R:0x2f7304c0 W:0xffffffff] PC= 0x800001e4    li      t0, 2
Cyc=         85 Op1=[0x00000001] Op2=[0x00000002] W[_,13= 0x00000000]   Mem[0: R:0x04c0006f W:0x00000002] PC= 0x800001e8  B bne     tp, t0, pc - 20
Cyc=         86 Op1=[0x00000000] Op2=[0x00000000] W[W, 1= 0x00000000]   Mem[0: R:0x04c0006f W:0x00000000] PC= 0x800001d4    li      ra, 0
Cyc=         87 Op1=[0x00000000] Op2=[0xffffffff] W[W, 2= 0xffffffff]   Mem[0: R:0xc0006f00 W:0x00000000] PC= 0x800001d8    li      sp, -1
Cyc=         88 Op1=[0x00000000] Op2=[0xffffffff] W[_, 0= 0x00000000]   Mem[0: R:0x04c0006f W:0xffffffff] PC= 0x800001dc    beq     ra, sp, pc + 480
Cyc=         89 Op1=[0x00000001] Op2=[0x00000001] W[W, 4= 0x00000002]   Mem[0: R:0x2f7304c0 W:0x00000000] PC= 0x800001e0    addi    tp, tp, 1
Cyc=         90 Op1=[0x00000000] Op2=[0x00000002] W[W, 5= 0x00000002]   Mem[0: R:0x2f7304c0 W:0xffffffff] PC= 0x800001e4    li      t0, 2
Cyc=         91 Op1=[0x00000002] Op2=[0x00000002] W[_,13= 0x00000000]   Mem[0: R:0x04c0006f W:0x00000002] PC= 0x800001e8    bne     tp, t0, pc - 20
Cyc=         92 Op1=[0x00000000] Op2=[0x0000000a] W[W, 3= 0x0000000a]   Mem[0: R:0x0a630080 W:0x00000000] PC= 0x800001ec    li      gp, 10
Cyc=         93 Op1=[0x00000000] Op2=[0x00000000] W[W, 4= 0x00000000]   Mem[0: R:0x04c0006f W:0x00000000] PC= 0x800001f0    li      tp, 0
Cyc=         94 Op1=[0x00000000] Op2=[0x00000000] W[W, 1= 0x00000000]   Mem[0: R:0x04c0006f W:0x00000000] PC= 0x800001f4    li      ra, 0
Cyc=         95 Op1=[0x00000000] Op2=[0xffffffff] W[W, 2= 0xffffffff]   Mem[0: R:0xc0006f00 W:0x00000000] PC= 0x800001f8    li      sp, -1
Cyc=         96 Op1=[0x00000000] Op2=[0x00000000] W[W, 0= 0x00000000]   Mem[0: R:0x04c0006f W:0x00000000] PC= 0x800001fc    nop
Cyc=         97 Op1=[0x00000000] Op2=[0xffffffff] W[_,28= 0x00000000]   Mem[0: R:0x04c0006f W:0xffffffff] PC= 0x80000200    beq     ra, sp, pc + 444
Cyc=         98 Op1=[0x00000000] Op2=[0x00000001] W[W, 4= 0x00000001]   Mem[0: R:0x7304c000 W:0x00000000] PC= 0x80000204    addi    tp, tp, 1
Cyc=         99 Op1=[0x00000000] Op2=[0x00000002] W[W, 5= 0x00000002]   Mem[0: R:0x2f7304c0 W:0xffffffff] PC= 0x80000208    li      t0, 2
Cyc=        100 Op1=[0x00000001] Op2=[0x00000002] W[_, 9= 0x00000000]   Mem[0: R:0x04c0006f W:0x00000002] PC= 0x8000020c  B bne     tp, t0, pc - 24
Cyc=        101 Op1=[0x00000000] Op2=[0x00000000] W[W, 1= 0x00000000]   Mem[0: R:0x04c0006f W:0x00000000] PC= 0x800001f4    li      ra, 0
Cyc=        102 Op1=[0x00000000] Op2=[0xffffffff] W[W, 2= 0xffffffff]   Mem[0: R:0xc0006f00 W:0x00000000] PC= 0x800001f8    li      sp, -1
Cyc=        103 Op1=[0x00000000] Op2=[0x00000000] W[W, 0= 0x00000000]   Mem[0: R:0x04c0006f W:0x00000000] PC= 0x800001fc    nop
Cyc=        104 Op1=[0x00000000] Op2=[0xffffffff] W[_,28= 0x00000000]   Mem[0: R:0x04c0006f W:0xffffffff] PC= 0x80000200    beq     ra, sp, pc + 444
Cyc=        105 Op1=[0x00000001] Op2=[0x00000001] W[W, 4= 0x00000002]   Mem[0: R:0x2f7304c0 W:0x00000000] PC= 0x80000204    addi    tp, tp, 1
Cyc=        106 Op1=[0x00000000] Op2=[0x00000002] W[W, 5= 0x00000002]   Mem[0: R:0x2f7304c0 W:0xffffffff] PC= 0x80000208    li      t0, 2
Cyc=        107 Op1=[0x00000002] Op2=[0x00000002] W[_, 9= 0x00000000]   Mem[0: R:0x04c0006f W:0x00000002] PC= 0x8000020c    bne     tp, t0, pc - 24
Cyc=        108 Op1=[0x00000000] Op2=[0x0000000b] W[W, 3= 0x0000000b]   Mem[0: R:0xff0a6300 W:0x00000000] PC= 0x80000210    li      gp, 11
Cyc=        109 Op1=[0x00000000] Op2=[0x00000000] W[W, 4= 0x00000000]   Mem[0: R:0x04c0006f W:0x00000000] PC= 0x80000214    li      tp, 0
Cyc=        110 Op1=[0x00000000] Op2=[0x00000000] W[W, 1= 0x00000000]   Mem[0: R:0x04c0006f W:0x00000000] PC= 0x80000218    li      ra, 0
Cyc=        111 Op1=[0x00000000] Op2=[0xffffffff] W[W, 2= 0xffffffff]   Mem[0: R:0xc0006f00 W:0x00000000] PC= 0x8000021c    li      sp, -1
Cyc=        112 Op1=[0x00000000] Op2=[0x00000000] W[W, 0= 0x00000000]   Mem[0: R:0x04c0006f W:0x00000000] PC= 0x80000220    nop
Cyc=        113 Op1=[0x00000000] Op2=[0x00000000] W[W, 0= 0x00000000]   Mem[0: R:0x04c0006f W:0x00000000] PC= 0x80000224    nop
Cyc=        114 Op1=[0x00000000] Op2=[0xffffffff] W[_,20= 0x00000000]   Mem[0: R:0x04c0006f W:0xffffffff] PC= 0x80000228    beq     ra, sp, pc + 404
Cyc=        115 Op1=[0x00000000] Op2=[0x00000001] W[W, 4= 0x00000001]   Mem[0: R:0x7304c000 W:0x00000000] PC= 0x8000022c    addi    tp, tp, 1
Cyc=        116 Op1=[0x00000000] Op2=[0x00000002] W[W, 5= 0x00000002]   Mem[0: R:0x2f7304c0 W:0xffffffff] PC= 0x80000230    li      t0, 2
Cyc=        117 Op1=[0x00000001] Op2=[0x00000002] W[_, 5= 0x00000000]   Mem[0: R:0x04c0006f W:0x00000002] PC= 0x80000234  B bne     tp, t0, pc - 28
Cyc=        118 Op1=[0x00000000] Op2=[0x00000000] W[W, 1= 0x00000000]   Mem[0: R:0x04c0006f W:0x00000000] PC= 0x80000218    li      ra, 0
Cyc=        119 Op1=[0x00000000] Op2=[0xffffffff] W[W, 2= 0xffffffff]   Mem[0: R:0xc0006f00 W:0x00000000] PC= 0x8000021c    li      sp, -1
Cyc=        120 Op1=[0x00000000] Op2=[0x00000000] W[W, 0= 0x00000000]   Mem[0: R:0x04c0006f W:0x00000000] PC= 0x80000220    nop
Cyc=        121 Op1=[0x00000000] Op2=[0x00000000] W[W, 0= 0x00000000]   Mem[0: R:0x04c0006f W:0x00000000] PC= 0x80000224    nop
Cyc=        122 Op1=[0x00000000] Op2=[0xffffffff] W[_,20= 0x00000000]   Mem[0: R:0x04c0006f W:0xffffffff] PC= 0x80000228    beq     ra, sp, pc + 404
Cyc=        123 Op1=[0x00000001] Op2=[0x00000001] W[W, 4= 0x00000002]   Mem[0: R:0x2f7304c0 W:0x00000000] PC= 0x8000022c    addi    tp, tp, 1
Cyc=        124 Op1=[0x00000000] Op2=[0x00000002] W[W, 5= 0x00000002]   Mem[0: R:0x2f7304c0 W:0xffffffff] PC= 0x80000230    li      t0, 2
Cyc=        125 Op1=[0x00000002] Op2=[0x00000002] W[_, 5= 0x00000000]   Mem[0: R:0x04c0006f W:0x00000002] PC= 0x80000234    bne     tp, t0, pc - 28
Cyc=        126 Op1=[0x00000000] Op2=[0x0000000c] W[W, 3= 0x0000000c]   Mem[0: R:0x03ff0a63 W:0x00000000] PC= 0x80000238    li      gp, 12
Cyc=        127 Op1=[0x00000000] Op2=[0x00000000] W[W, 4= 0x00000000]   Mem[0: R:0x04c0006f W:0x00000000] PC= 0x8000023c    li      tp, 0
Cyc=        128 Op1=[0x00000000] Op2=[0x00000000] W[W, 1= 0x00000000]   Mem[0: R:0x04c0006f W:0x00000000] PC= 0x80000240    li      ra, 0
Cyc=        129 Op1=[0x00000000] Op2=[0x00000000] W[W, 0= 0x00000000]   Mem[0: R:0x04c0006f W:0x00000000] PC= 0x80000244    nop
Cyc=        130 Op1=[0x00000000] Op2=[0xffffffff] W[W, 2= 0xffffffff]   Mem[0: R:0xc0006f00 W:0x00000000] PC= 0x80000248    li      sp, -1
Cyc=        131 Op1=[0x00000000] Op2=[0xffffffff] W[_,16= 0x00000000]   Mem[0: R:0x04c0006f W:0xffffffff] PC= 0x8000024c    beq     ra, sp, pc + 368
Cyc=        132 Op1=[0x00000000] Op2=[0x00000001] W[W, 4= 0x00000001]   Mem[0: R:0x7304c000 W:0x00000000] PC= 0x80000250    addi    tp, tp, 1
Cyc=        133 Op1=[0x00000000] Op2=[0x00000002] W[W, 5= 0x00000002]   Mem[0: R:0x2f7304c0 W:0xffffffff] PC= 0x80000254    li      t0, 2
Cyc=        134 Op1=[0x00000001] Op2=[0x00000002] W[_, 9= 0x00000000]   Mem[0: R:0x04c0006f W:0x00000002] PC= 0x80000258  B bne     tp, t0, pc - 24
Cyc=        135 Op1=[0x00000000] Op2=[0x00000000] W[W, 1= 0x00000000]   Mem[0: R:0x04c0006f W:0x00000000] PC= 0x80000240    li      ra, 0
Cyc=        136 Op1=[0x00000000] Op2=[0x00000000] W[W, 0= 0x00000000]   Mem[0: R:0x04c0006f W:0x00000000] PC= 0x80000244    nop
Cyc=        137 Op1=[0x00000000] Op2=[0xffffffff] W[W, 2= 0xffffffff]   Mem[0: R:0xc0006f00 W:0x00000000] PC= 0x80000248    li      sp, -1
Cyc=        138 Op1=[0x00000000] Op2=[0xffffffff] W[_,16= 0x00000000]   Mem[0: R:0x04c0006f W:0xffffffff] PC= 0x8000024c    beq     ra, sp, pc + 368
Cyc=        139 Op1=[0x00000001] Op2=[0x00000001] W[W, 4= 0x00000002]   Mem[0: R:0x2f7304c0 W:0x00000000] PC= 0x80000250    addi    tp, tp, 1
Cyc=        140 Op1=[0x00000000] Op2=[0x00000002] W[W, 5= 0x00000002]   Mem[0: R:0x2f7304c0 W:0xffffffff] PC= 0x80000254    li      t0, 2
Cyc=        141 Op1=[0x00000002] Op2=[0x00000002] W[_, 9= 0x00000000]   Mem[0: R:0x04c0006f W:0x00000002] PC= 0x80000258    bne     tp, t0, pc - 24
Cyc=        142 Op1=[0x00000000] Op2=[0x0000000d] W[W, 3= 0x0000000d]   Mem[0: R:0x9303ff0a W:0x00000000] PC= 0x8000025c    li      gp, 13
Cyc=        143 Op1=[0x00000000] Op2=[0x00000000] W[W, 4= 0x00000000]   Mem[0: R:0x04c0006f W:0x00000000] PC= 0x80000260    li      tp, 0
Cyc=        144 Op1=[0x00000000] Op2=[0x00000000] W[W, 1= 0x00000000]   Mem[0: R:0x04c0006f W:0x00000000] PC= 0x80000264    li      ra, 0
Cyc=        145 Op1=[0x00000000] Op2=[0x00000000] W[W, 0= 0x00000000]   Mem[0: R:0x04c0006f W:0x00000000] PC= 0x80000268    nop
Cyc=        146 Op1=[0x00000000] Op2=[0xffffffff] W[W, 2= 0xffffffff]   Mem[0: R:0xc0006f00 W:0x00000000] PC= 0x8000026c    li      sp, -1
Cyc=        147 Op1=[0x00000000] Op2=[0x00000000] W[W, 0= 0x00000000]   Mem[0: R:0x04c0006f W:0x00000000] PC= 0x80000270    nop
Cyc=        148 Op1=[0x00000000] Op2=[0xffffffff] W[_, 8= 0x00000000]   Mem[0: R:0x04c0006f W:0xffffffff] PC= 0x80000274    beq     ra, sp, pc + 328
Cyc=        149 Op1=[0x00000000] Op2=[0x00000001] W[W, 4= 0x00000001]   Mem[0: R:0x7304c000 W:0x00000000] PC= 0x80000278    addi    tp, tp, 1
Cyc=        150 Op1=[0x00000000] Op2=[0x00000002] W[W, 5= 0x00000002]   Mem[0: R:0x2f7304c0 W:0xffffffff] PC= 0x8000027c    li      t0, 2
Cyc=        151 Op1=[0x00000001] Op2=[0x00000002] W[_, 5= 0x00000000]   Mem[0: R:0x04c0006f W:0x00000002] PC= 0x80000280  B bne     tp, t0, pc - 28
Cyc=        152 Op1=[0x00000000] Op2=[0x00000000] W[W, 1= 0x00000000]   Mem[0: R:0x04c0006f W:0x00000000] PC= 0x80000264    li      ra, 0
Cyc=        153 Op1=[0x00000000] Op2=[0x00000000] W[W, 0= 0x00000000]   Mem[0: R:0x04c0006f W:0x00000000] PC= 0x80000268    nop
Cyc=        154 Op1=[0x00000000] Op2=[0xffffffff] W[W, 2= 0xffffffff]   Mem[0: R:0xc0006f00 W:0x00000000] PC= 0x8000026c    li      sp, -1
Cyc=        155 Op1=[0x00000000] Op2=[0x00000000] W[W, 0= 0x00000000]   Mem[0: R:0x04c0006f W:0x00000000] PC= 0x80000270    nop
Cyc=        156 Op1=[0x00000000] Op2=[0xffffffff] W[_, 8= 0x00000000]   Mem[0: R:0x04c0006f W:0xffffffff] PC= 0x80000274    beq     ra, sp, pc + 328
Cyc=        157 Op1=[0x00000001] Op2=[0x00000001] W[W, 4= 0x00000002]   Mem[0: R:0x2f7304c0 W:0x00000000] PC= 0x80000278    addi    tp, tp, 1
Cyc=        158 Op1=[0x00000000] Op2=[0x00000002] W[W, 5= 0x00000002]   Mem[0: R:0x2f7304c0 W:0xffffffff] PC= 0x8000027c    li      t0, 2
Cyc=        159 Op1=[0x00000002] Op2=[0x00000002] W[_, 5= 0x00000000]   Mem[0: R:0x04c0006f W:0x00000002] PC= 0x80000280    bne     tp, t0, pc - 28
Cyc=        160 Op1=[0x00000000] Op2=[0x0000000e] W[W, 3= 0x0000000e]   Mem[0: R:0x0f9303ff W:0x00000000] PC= 0x80000284    li      gp, 14
Cyc=        161 Op1=[0x00000000] Op2=[0x00000000] W[W, 4= 0x00000000]   Mem[0: R:0x04c0006f W:0x00000000] PC= 0x80000288    li      tp, 0
Cyc=        162 Op1=[0x00000000] Op2=[0x00000000] W[W, 1= 0x00000000]   Mem[0: R:0x04c0006f W:0x00000000] PC= 0x8000028c    li      ra, 0
Cyc=        163 Op1=[0x00000000] Op2=[0x00000000] W[W, 0= 0x00000000]   Mem[0: R:0x04c0006f W:0x00000000] PC= 0x80000290    nop
Cyc=        164 Op1=[0x00000000] Op2=[0x00000000] W[W, 0= 0x00000000]   Mem[0: R:0x04c0006f W:0x00000000] PC= 0x80000294    nop
Cyc=        165 Op1=[0x00000000] Op2=[0xffffffff] W[W, 2= 0xffffffff]   Mem[0: R:0xc0006f00 W:0x00000000] PC= 0x80000298    li      sp, -1
Cyc=        166 Op1=[0x00000000] Op2=[0xffffffff] W[_, 0= 0x00000000]   Mem[0: R:0x04c0006f W:0xffffffff] PC= 0x8000029c    beq     ra, sp, pc + 288
Cyc=        167 Op1=[0x00000000] Op2=[0x00000001] W[W, 4= 0x00000001]   Mem[0: R:0x7304c000 W:0x00000000] PC= 0x800002a0    addi    tp, tp, 1
Cyc=        168 Op1=[0x00000000] Op2=[0x00000002] W[W, 5= 0x00000002]   Mem[0: R:0x2f7304c0 W:0xffffffff] PC= 0x800002a4    li      t0, 2
Cyc=        169 Op1=[0x00000001] Op2=[0x00000002] W[_, 5= 0x00000000]   Mem[0: R:0x04c0006f W:0x00000002] PC= 0x800002a8  B bne     tp, t0, pc - 28
Cyc=        170 Op1=[0x00000000] Op2=[0x00000000] W[W, 1= 0x00000000]   Mem[0: R:0x04c0006f W:0x00000000] PC= 0x8000028c    li      ra, 0
Cyc=        171 Op1=[0x00000000] Op2=[0x00000000] W[W, 0= 0x00000000]   Mem[0: R:0x04c0006f W:0x00000000] PC= 0x80000290    nop
Cyc=        172 Op1=[0x00000000] Op2=[0x00000000] W[W, 0= 0x00000000]   Mem[0: R:0x04c0006f W:0x00000000] PC= 0x80000294    nop
Cyc=        173 Op1=[0x00000000] Op2=[0xffffffff] W[W, 2= 0xffffffff]   Mem[0: R:0xc0006f00 W:0x00000000] PC= 0x80000298    li      sp, -1
Cyc=        174 Op1=[0x00000000] Op2=[0xffffffff] W[_, 0= 0x00000000]   Mem[0: R:0x04c0006f W:0xffffffff] PC= 0x8000029c    beq     ra, sp, pc + 288
Cyc=        175 Op1=[0x00000001] Op2=[0x00000001] W[W, 4= 0x00000002]   Mem[0: R:0x2f7304c0 W:0x00000000] PC= 0x800002a0    addi    tp, tp, 1
Cyc=        176 Op1=[0x00000000] Op2=[0x00000002] W[W, 5= 0x00000002]   Mem[0: R:0x2f7304c0 W:0xffffffff] PC= 0x800002a4    li      t0, 2
Cyc=        177 Op1=[0x00000002] Op2=[0x00000002] W[_, 5= 0x00000000]   Mem[0: R:0x04c0006f W:0x00000002] PC= 0x800002a8    bne     tp, t0, pc - 28
Cyc=        178 Op1=[0x00000000] Op2=[0x0000000f] W[W, 3= 0x0000000f]   Mem[0: R:0x900f9303 W:0x00000000] PC= 0x800002ac    li      gp, 15
Cyc=        179 Op1=[0x00000000] Op2=[0x00000000] W[W, 4= 0x00000000]   Mem[0: R:0x04c0006f W:0x00000000] PC= 0x800002b0    li      tp, 0
Cyc=        180 Op1=[0x00000000] Op2=[0x00000000] W[W, 1= 0x00000000]   Mem[0: R:0x04c0006f W:0x00000000] PC= 0x800002b4    li      ra, 0
Cyc=        181 Op1=[0x00000000] Op2=[0xffffffff] W[W, 2= 0xffffffff]   Mem[0: R:0xc0006f00 W:0x00000000] PC= 0x800002b8    li      sp, -1
Cyc=        182 Op1=[0x00000000] Op2=[0xffffffff] W[_, 0= 0x00000000]   Mem[0: R:0x04c0006f W:0xffffffff] PC= 0x800002bc    beq     ra, sp, pc + 256
Cyc=        183 Op1=[0x00000000] Op2=[0x00000001] W[W, 4= 0x00000001]   Mem[0: R:0x7304c000 W:0x00000000] PC= 0x800002c0    addi    tp, tp, 1
Cyc=        184 Op1=[0x00000000] Op2=[0x00000002] W[W, 5= 0x00000002]   Mem[0: R:0x2f7304c0 W:0xffffffff] PC= 0x800002c4    li      t0, 2
Cyc=        185 Op1=[0x00000001] Op2=[0x00000002] W[_,13= 0x00000000]   Mem[0: R:0x04c0006f W:0x00000002] PC= 0x800002c8  B bne     tp, t0, pc - 20
Cyc=        186 Op1=[0x00000000] Op2=[0x00000000] W[W, 1= 0x00000000]   Mem[0: R:0x04c0006f W:0x00000000] PC= 0x800002b4    li      ra, 0
Cyc=        187 Op1=[0x00000000] Op2=[0xffffffff] W[W, 2= 0xffffffff]   Mem[0: R:0xc0006f00 W:0x00000000] PC= 0x800002b8    li      sp, -1
Cyc=        188 Op1=[0x00000000] Op2=[0xffffffff] W[_, 0= 0x00000000]   Mem[0: R:0x04c0006f W:0xffffffff] PC= 0x800002bc    beq     ra, sp, pc + 256
Cyc=        189 Op1=[0x00000001] Op2=[0x00000001] W[W, 4= 0x00000002]   Mem[0: R:0x2f7304c0 W:0x00000000] PC= 0x800002c0    addi    tp, tp, 1
Cyc=        190 Op1=[0x00000000] Op2=[0x00000002] W[W, 5= 0x00000002]   Mem[0: R:0x2f7304c0 W:0xffffffff] PC= 0x800002c4    li      t0, 2
Cyc=        191 Op1=[0x00000002] Op2=[0x00000002] W[_,13= 0x00000000]   Mem[0: R:0x04c0006f W:0x00000002] PC= 0x800002c8    bne     tp, t0, pc - 20
Cyc=        192 Op1=[0x00000000] Op2=[0x00000010] W[W, 3= 0x00000010]   Mem[0: R:0x00900f93 W:0x00000000] PC= 0x800002cc    li      gp, 16
Cyc=        193 Op1=[0x00000000] Op2=[0x00000000] W[W, 4= 0x00000000]   Mem[0: R:0x04c0006f W:0x00000000] PC= 0x800002d0    li      tp, 0
Cyc=        194 Op1=[0x00000000] Op2=[0x00000000] W[W, 1= 0x00000000]   Mem[0: R:0x04c0006f W:0x00000000] PC= 0x800002d4    li      ra, 0
Cyc=        195 Op1=[0x00000000] Op2=[0xffffffff] W[W, 2= 0xffffffff]   Mem[0: R:0xc0006f00 W:0x00000000] PC= 0x800002d8    li      sp, -1
Cyc=        196 Op1=[0x00000000] Op2=[0x00000000] W[W, 0= 0x00000000]   Mem[0: R:0x04c0006f W:0x00000000] PC= 0x800002dc    nop
Cyc=        197 Op1=[0x00000000] Op2=[0xffffffff] W[_,28= 0x00000000]   Mem[0: R:0x04c0006f W:0xffffffff] PC= 0x800002e0    beq     ra, sp, pc + 220
Cyc=        198 Op1=[0x00000000] Op2=[0x00000001] W[W, 4= 0x00000001]   Mem[0: R:0x7304c000 W:0x00000000] PC= 0x800002e4    addi    tp, tp, 1
Cyc=        199 Op1=[0x00000000] Op2=[0x00000002] W[W, 5= 0x00000002]   Mem[0: R:0x2f7304c0 W:0xffffffff] PC= 0x800002e8    li      t0, 2
Cyc=        200 Op1=[0x00000001] Op2=[0x00000002] W[_, 9= 0x00000000]   Mem[0: R:0x04c0006f W:0x00000002] PC= 0x800002ec  B bne     tp, t0, pc - 24
Cyc=        201 Op1=[0x00000000] Op2=[0x00000000] W[W, 1= 0x00000000]   Mem[0: R:0x04c0006f W:0x00000000] PC= 0x800002d4    li      ra, 0
Cyc=        202 Op1=[0x00000000] Op2=[0xffffffff] W[W, 2= 0xffffffff]   Mem[0: R:0xc0006f00 W:0x00000000] PC= 0x800002d8    li      sp, -1
Cyc=        203 Op1=[0x00000000] Op2=[0x00000000] W[W, 0= 0x00000000]   Mem[0: R:0x04c0006f W:0x00000000] PC= 0x800002dc    nop
Cyc=        204 Op1=[0x00000000] Op2=[0xffffffff] W[_,28= 0x00000000]   Mem[0: R:0x04c0006f W:0xffffffff] PC= 0x800002e0    beq     ra, sp, pc + 220
Cyc=        205 Op1=[0x00000001] Op2=[0x00000001] W[W, 4= 0x00000002]   Mem[0: R:0x2f7304c0 W:0x00000000] PC= 0x800002e4    addi    tp, tp, 1
Cyc=        206 Op1=[0x00000000] Op2=[0x00000002] W[W, 5= 0x00000002]   Mem[0: R:0x2f7304c0 W:0xffffffff] PC= 0x800002e8    li      t0, 2
Cyc=        207 Op1=[0x00000002] Op2=[0x00000002] W[_, 9= 0x00000000]   Mem[0: R:0x04c0006f W:0x00000002] PC= 0x800002ec    bne     tp, t0, pc - 24
Cyc=        208 Op1=[0x00000000] Op2=[0x00000011] W[W, 3= 0x00000011]   Mem[0: R:0x6300900f W:0x00000000] PC= 0x800002f0    li      gp, 17
Cyc=        209 Op1=[0x00000000] Op2=[0x00000000] W[W, 4= 0x00000000]   Mem[0: R:0x04c0006f W:0x00000000] PC= 0x800002f4    li      tp, 0
Cyc=        210 Op1=[0x00000000] Op2=[0x00000000] W[W, 1= 0x00000000]   Mem[0: R:0x04c0006f W:0x00000000] PC= 0x800002f8    li      ra, 0
Cyc=        211 Op1=[0x00000000] Op2=[0xffffffff] W[W, 2= 0xffffffff]   Mem[0: R:0xc0006f00 W:0x00000000] PC= 0x800002fc    li      sp, -1
Cyc=        212 Op1=[0x00000000] Op2=[0x00000000] W[W, 0= 0x00000000]   Mem[0: R:0x04c0006f W:0x00000000] PC= 0x80000300    nop
Cyc=        213 Op1=[0x00000000] Op2=[0x00000000] W[W, 0= 0x00000000]   Mem[0: R:0x04c0006f W:0x00000000] PC= 0x80000304    nop
Cyc=        214 Op1=[0x00000000] Op2=[0xffffffff] W[_,20= 0x00000000]   Mem[0: R:0x04c0006f W:0xffffffff] PC= 0x80000308    beq     ra, sp, pc + 180
Cyc=        215 Op1=[0x00000000] Op2=[0x00000001] W[W, 4= 0x00000001]   Mem[0: R:0x7304c000 W:0x00000000] PC= 0x8000030c    addi    tp, tp, 1
Cyc=        216 Op1=[0x00000000] Op2=[0x00000002] W[W, 5= 0x00000002]   Mem[0: R:0x2f7304c0 W:0xffffffff] PC= 0x80000310    li      t0, 2
Cyc=        217 Op1=[0x00000001] Op2=[0x00000002] W[_, 5= 0x00000000]   Mem[0: R:0x04c0006f W:0x00000002] PC= 0x80000314  B bne     tp, t0, pc - 28
Cyc=        218 Op1=[0x00000000] Op2=[0x00000000] W[W, 1= 0x00000000]   Mem[0: R:0x04c0006f W:0x00000000] PC= 0x800002f8    li      ra, 0
Cyc=        219 Op1=[0x00000000] Op2=[0xffffffff] W[W, 2= 0xffffffff]   Mem[0: R:0xc0006f00 W:0x00000000] PC= 0x800002fc    li      sp, -1
Cyc=        220 Op1=[0x00000000] Op2=[0x00000000] W[W, 0= 0x00000000]   Mem[0: R:0x04c0006f W:0x00000000] PC= 0x80000300    nop
Cyc=        221 Op1=[0x00000000] Op2=[0x00000000] W[W, 0= 0x00000000]   Mem[0: R:0x04c0006f W:0x00000000] PC= 0x80000304    nop
Cyc=        222 Op1=[0x00000000] Op2=[0xffffffff] W[_,20= 0x00000000]   Mem[0: R:0x04c0006f W:0xffffffff] PC= 0x80000308    beq     ra, sp, pc + 180
Cyc=        223 Op1=[0x00000001] Op2=[0x00000001] W[W, 4= 0x00000002]   Mem[0: R:0x2f7304c0 W:0x00000000] PC= 0x8000030c    addi    tp, tp, 1
Cyc=        224 Op1=[0x00000000] Op2=[0x00000002] W[W, 5= 0x00000002]   Mem[0: R:0x2f7304c0 W:0xffffffff] PC= 0x80000310    li      t0, 2
Cyc=        225 Op1=[0x00000002] Op2=[0x00000002] W[_, 5= 0x00000000]   Mem[0: R:0x04c0006f W:0x00000002] PC= 0x80000314    bne     tp, t0, pc - 28
Cyc=        226 Op1=[0x00000000] Op2=[0x00000012] W[W, 3= 0x00000012]   Mem[0: R:0x06630090 W:0x00000000] PC= 0x80000318    li      gp, 18
Cyc=        227 Op1=[0x00000000] Op2=[0x00000000] W[W, 4= 0x00000000]   Mem[0: R:0x04c0006f W:0x00000000] PC= 0x8000031c    li      tp, 0
Cyc=        228 Op1=[0x00000000] Op2=[0x00000000] W[W, 1= 0x00000000]   Mem[0: R:0x04c0006f W:0x00000000] PC= 0x80000320    li      ra, 0
Cyc=        229 Op1=[0x00000000] Op2=[0x00000000] W[W, 0= 0x00000000]   Mem[0: R:0x04c0006f W:0x00000000] PC= 0x80000324    nop
Cyc=        230 Op1=[0x00000000] Op2=[0xffffffff] W[W, 2= 0xffffffff]   Mem[0: R:0xc0006f00 W:0x00000000] PC= 0x80000328    li      sp, -1
Cyc=        231 Op1=[0x00000000] Op2=[0xffffffff] W[_,16= 0x00000000]   Mem[0: R:0x04c0006f W:0xffffffff] PC= 0x8000032c    beq     ra, sp, pc + 144
Cyc=        232 Op1=[0x00000000] Op2=[0x00000001] W[W, 4= 0x00000001]   Mem[0: R:0x7304c000 W:0x00000000] PC= 0x80000330    addi    tp, tp, 1
Cyc=        233 Op1=[0x00000000] Op2=[0x00000002] W[W, 5= 0x00000002]   Mem[0: R:0x2f7304c0 W:0xffffffff] PC= 0x80000334    li      t0, 2
Cyc=        234 Op1=[0x00000001] Op2=[0x00000002] W[_, 9= 0x00000000]   Mem[0: R:0x04c0006f W:0x00000002] PC= 0x80000338  B bne     tp, t0, pc - 24
Cyc=        235 Op1=[0x00000000] Op2=[0x00000000] W[W, 1= 0x00000000]   Mem[0: R:0x04c0006f W:0x00000000] PC= 0x80000320    li      ra, 0
Cyc=        236 Op1=[0x00000000] Op2=[0x00000000] W[W, 0= 0x00000000]   Mem[0: R:0x04c0006f W:0x00000000] PC= 0x80000324    nop
Cyc=        237 Op1=[0x00000000] Op2=[0xffffffff] W[W, 2= 0xffffffff]   Mem[0: R:0xc0006f00 W:0x00000000] PC= 0x80000328    li      sp, -1
Cyc=        238 Op1=[0x00000000] Op2=[0xffffffff] W[_,16= 0x00000000]   Mem[0: R:0x04c0006f W:0xffffffff] PC= 0x8000032c    beq     ra, sp, pc + 144
Cyc=        239 Op1=[0x00000001] Op2=[0x00000001] W[W, 4= 0x00000002]   Mem[0: R:0x2f7304c0 W:0x00000000] PC= 0x80000330    addi    tp, tp, 1
Cyc=        240 Op1=[0x00000000] Op2=[0x00000002] W[W, 5= 0x00000002]   Mem[0: R:0x2f7304c0 W:0xffffffff] PC= 0x80000334    li      t0, 2
Cyc=        241 Op1=[0x00000002] Op2=[0x00000002] W[_, 9= 0x00000000]   Mem[0: R:0x04c0006f W:0x00000002] PC= 0x80000338    bne     tp, t0, pc - 24
Cyc=        242 Op1=[0x00000000] Op2=[0x00000013] W[W, 3= 0x00000013]   Mem[0: R:0xff066300 W:0x00000000] PC= 0x8000033c    li      gp, 19
Cyc=        243 Op1=[0x00000000] Op2=[0x00000000] W[W, 4= 0x00000000]   Mem[0: R:0x04c0006f W:0x00000000] PC= 0x80000340    li      tp, 0
Cyc=        244 Op1=[0x00000000] Op2=[0x00000000] W[W, 1= 0x00000000]   Mem[0: R:0x04c0006f W:0x00000000] PC= 0x80000344    li      ra, 0
Cyc=        245 Op1=[0x00000000] Op2=[0x00000000] W[W, 0= 0x00000000]   Mem[0: R:0x04c0006f W:0x00000000] PC= 0x80000348    nop
Cyc=        246 Op1=[0x00000000] Op2=[0xffffffff] W[W, 2= 0xffffffff]   Mem[0: R:0xc0006f00 W:0x00000000] PC= 0x8000034c    li      sp, -1
Cyc=        247 Op1=[0x00000000] Op2=[0x00000000] W[W, 0= 0x00000000]   Mem[0: R:0x04c0006f W:0x00000000] PC= 0x80000350    nop
Cyc=        248 Op1=[0x00000000] Op2=[0xffffffff] W[_, 8= 0x00000000]   Mem[0: R:0x04c0006f W:0xffffffff] PC= 0x80000354    beq     ra, sp, pc + 104
Cyc=        249 Op1=[0x00000000] Op2=[0x00000001] W[W, 4= 0x00000001]   Mem[0: R:0x7304c000 W:0x00000000] PC= 0x80000358    addi    tp, tp, 1
Cyc=        250 Op1=[0x00000000] Op2=[0x00000002] W[W, 5= 0x00000002]   Mem[0: R:0x2f7304c0 W:0xffffffff] PC= 0x8000035c    li      t0, 2
Cyc=        251 Op1=[0x00000001] Op2=[0x00000002] W[_, 5= 0x00000000]   Mem[0: R:0x04c0006f W:0x00000002] PC= 0x80000360  B bne     tp, t0, pc - 28
Cyc=        252 Op1=[0x00000000] Op2=[0x00000000] W[W, 1= 0x00000000]   Mem[0: R:0x04c0006f W:0x00000000] PC= 0x80000344    li      ra, 0
Cyc=        253 Op1=[0x00000000] Op2=[0x00000000] W[W, 0= 0x00000000]   Mem[0: R:0x04c0006f W:0x00000000] PC= 0x80000348    nop
Cyc=        254 Op1=[0x00000000] Op2=[0xffffffff] W[W, 2= 0xffffffff]   Mem[0: R:0xc0006f00 W:0x00000000] PC= 0x8000034c    li      sp, -1
Cyc=        255 Op1=[0x00000000] Op2=[0x00000000] W[W, 0= 0x00000000]   Mem[0: R:0x04c0006f W:0x00000000] PC= 0x80000350    nop
Cyc=        256 Op1=[0x00000000] Op2=[0xffffffff] W[_, 8= 0x00000000]   Mem[0: R:0x04c0006f W:0xffffffff] PC= 0x80000354    beq     ra, sp, pc + 104
Cyc=        257 Op1=[0x00000001] Op2=[0x00000001] W[W, 4= 0x00000002]   Mem[0: R:0x2f7304c0 W:0x00000000] PC= 0x80000358    addi    tp, tp, 1
Cyc=        258 Op1=[0x00000000] Op2=[0x00000002] W[W, 5= 0x00000002]   Mem[0: R:0x2f7304c0 W:0xffffffff] PC= 0x8000035c    li      t0, 2
Cyc=        259 Op1=[0x00000002] Op2=[0x00000002] W[_, 5= 0x00000000]   Mem[0: R:0x04c0006f W:0x00000002] PC= 0x80000360    bne     tp, t0, pc - 28
Cyc=        260 Op1=[0x00000000] Op2=[0x00000014] W[W, 3= 0x00000014]   Mem[0: R:0x03ff0663 W:0x00000000] PC= 0x80000364    li      gp, 20
Cyc=        261 Op1=[0x00000000] Op2=[0x00000000] W[W, 4= 0x00000000]   Mem[0: R:0x04c0006f W:0x00000000] PC= 0x80000368    li      tp, 0
Cyc=        262 Op1=[0x00000000] Op2=[0x00000000] W[W, 1= 0x00000000]   Mem[0: R:0x04c0006f W:0x00000000] PC= 0x8000036c    li      ra, 0
Cyc=        263 Op1=[0x00000000] Op2=[0x00000000] W[W, 0= 0x00000000]   Mem[0: R:0x04c0006f W:0x00000000] PC= 0x80000370    nop
Cyc=        264 Op1=[0x00000000] Op2=[0x00000000] W[W, 0= 0x00000000]   Mem[0: R:0x04c0006f W:0x00000000] PC= 0x80000374    nop
Cyc=        265 Op1=[0x00000000] Op2=[0xffffffff] W[W, 2= 0xffffffff]   Mem[0: R:0xc0006f00 W:0x00000000] PC= 0x80000378    li      sp, -1
Cyc=        266 Op1=[0x00000000] Op2=[0xffffffff] W[_, 0= 0x00000000]   Mem[0: R:0x04c0006f W:0xffffffff] PC= 0x8000037c    beq     ra, sp, pc + 64
Cyc=        267 Op1=[0x00000000] Op2=[0x00000001] W[W, 4= 0x00000001]   Mem[0: R:0x7304c000 W:0x00000000] PC= 0x80000380    addi    tp, tp, 1
Cyc=        268 Op1=[0x00000000] Op2=[0x00000002] W[W, 5= 0x00000002]   Mem[0: R:0x2f7304c0 W:0xffffffff] PC= 0x80000384    li      t0, 2
Cyc=        269 Op1=[0x00000001] Op2=[0x00000002] W[_, 5= 0x00000000]   Mem[0: R:0x04c0006f W:0x00000002] PC= 0x80000388  B bne     tp, t0, pc - 28
Cyc=        270 Op1=[0x00000000] Op2=[0x00000000] W[W, 1= 0x00000000]   Mem[0: R:0x04c0006f W:0x00000000] PC= 0x8000036c    li      ra, 0
Cyc=        271 Op1=[0x00000000] Op2=[0x00000000] W[W, 0= 0x00000000]   Mem[0: R:0x04c0006f W:0x00000000] PC= 0x80000370    nop
Cyc=        272 Op1=[0x00000000] Op2=[0x00000000] W[W, 0= 0x00000000]   Mem[0: R:0x04c0006f W:0x00000000] PC= 0x80000374    nop
Cyc=        273 Op1=[0x00000000] Op2=[0xffffffff] W[W, 2= 0xffffffff]   Mem[0: R:0xc0006f00 W:0x00000000] PC= 0x80000378    li      sp, -1
Cyc=        274 Op1=[0x00000000] Op2=[0xffffffff] W[_, 0= 0x00000000]   Mem[0: R:0x04c0006f W:0xffffffff] PC= 0x8000037c    beq     ra, sp, pc + 64
Cyc=        275 Op1=[0x00000001] Op2=[0x00000001] W[W, 4= 0x00000002]   Mem[0: R:0x2f7304c0 W:0x00000000] PC= 0x80000380    addi    tp, tp, 1
Cyc=        276 Op1=[0x00000000] Op2=[0x00000002] W[W, 5= 0x00000002]   Mem[0: R:0x2f7304c0 W:0xffffffff] PC= 0x80000384    li      t0, 2
Cyc=        277 Op1=[0x00000002] Op2=[0x00000002] W[_, 5= 0x00000000]   Mem[0: R:0x04c0006f W:0x00000002] PC= 0x80000388    bne     tp, t0, pc - 28
Cyc=        278 Op1=[0x00000000] Op2=[0x00000001] W[W, 1= 0x00000001]   Mem[0: R:0x7304c000 W:0x00000000] PC= 0x8000038c    li      ra, 1
Cyc=        279 Op1=[0x00000000] Op2=[0x00000000] W[_,20= 0x00000000]   Mem[0: R:0x04c0006f W:0x00000000] PC= 0x80000390  B beqz    zero, pc + 20
Cyc=        280 Op1=[0x00000001] Op2=[0x00000001] W[W, 1= 0x00000002]   Mem[0: R:0x2f7304c0 W:0x00000001] PC= 0x800003a4    addi    ra, ra, 1
Cyc=        281 Op1=[0x00000002] Op2=[0x00000001] W[W, 1= 0x00000003]   Mem[0: R:0x202f7304 W:0x00000002] PC= 0x800003a8    addi    ra, ra, 1
Cyc=        282 Op1=[0x00000000] Op2=[0x00000003] W[W,29= 0x00000003]   Mem[0: R:0x202f7304 W:0x00000014] PC= 0x800003ac    li      t4, 3
Cyc=        283 Op1=[0x00000000] Op2=[0x00000015] W[W, 3= 0x00000015]   Mem[0: R:0x9303ff06 W:0x00000000] PC= 0x800003b0    li      gp, 21
Cyc=        284 Op1=[0x00000003] Op2=[0x00000003] W[_, 8= 0x00000000]   Mem[0: R:0x04c0006f W:0x00000003] PC= 0x800003b4    bne     ra, t4, pc + 8
Cyc=        285 Op1=[0x00000000] Op2=[0x00000015] W[_,24= 0x00000000]   Mem[0: R:0x04c0006f W:0x00000015] PC= 0x800003b8  B bne     zero, gp, pc + 24
Cyc=        286 Op1=[0x00000000] Op2=[0x00000000] W[_, 0= 0x00000000]   Mem[0: R:0x04c0006f W:0x00000000] PC= 0x800003d0    fence
Cyc=        287 Op1=[0x00000000] Op2=[0x00000001] W[W, 3= 0x00000001]   Mem[0: R:0x7304c000 W:0x00000003] PC= 0x800003d4    li      gp, 1
Cyc=        288 Op1=[0x00000000] Op2=[0x00000000] W[_, 0= 0x00000000]   Mem[0: R:0x04c0006f W:0x00000000] PC= 0x800003d8  X ecall
Cyc=        289 Op1=[0x00000000] Op2=[0xffffffff] W[W,30= 0x0000000b]   Mem[3: R:0x04c0006f W:0xffffffff] PC= 0x80000004    csrr    t5, mcause
Cyc=        290 Op1=[0x00000000] Op2=[0x00000008] W[W,31= 0x00000008]   Mem[0: R:0x00800f93 W:0x00000000] PC= 0x80000008    li      t6, 8
Cyc=        291 Op1=[0x0000000b] Op2=[0x00000008] W[_,20= 0x00000000]   Mem[0: R:0x04c0006f W:0x00000008] PC= 0x8000000c    beq     t5, t6, pc + 52
Cyc=        292 Op1=[0x00000000] Op2=[0x00000009] W[W,31= 0x00000009]   Mem[0: R:0x6300800f W:0x00000000] PC= 0x80000010    li      t6, 9
Cyc=        293 Op1=[0x0000000b] Op2=[0x00000009] W[_,12= 0x00000000]   Mem[0: R:0x04c0006f W:0x00000009] PC= 0x80000014    beq     t5, t6, pc + 44
Cyc=        294 Op1=[0x00000000] Op2=[0x0000000b] W[W,31= 0x0000000b]   Mem[0: R:0xff0a6300 W:0x00000000] PC= 0x80000018    li      t6, 11
Cyc=        295 Op1=[0x0000000b] Op2=[0x0000000b] W[_, 4= 0x00000000]   Mem[0: R:0x04c0006f W:0x0000000b] PC= 0x8000001c  B beq     t5, t6, pc + 36
Cyc=        296 Op1=[0x00001000] Op2=[0x80000040] W[W,30= 0x80001040]   Mem[0: R:0x00000000 W:0x00000000] PC= 0x80000040    auipc   t5, 0x1
Cyc=        297 Op1=[0x80001040] Op2=[0xffffffc0] W[_, 0= 0x80001000]   Mem[0: R:0x00000000 W:0x00000001] PC= 0x80000044    sw      gp, -64(t5)
Cyc=        298 Op1=[0x0000000b] Op2=[0x00000000] W[W, 0= 0x8000004c]   Mem[2: R:0x04c0006f W:0x00000000] PC= 0x80000048  J j       pc - 0x8
Cyc=        299 Op1=[0x00001000] Op2=[0x80000040] W[W,30= 0x80001040]   Mem[0: R:0x00000000 W:0x00000000] PC= 0x80000040    auipc   t5, 0x1
Cyc=        300 Op1=[0x80001040] Op2=[0xffffffc0] W[_, 0= 0x80001000]   Mem[0: R:0x00000001 W:0x00000001] PC= 0x80000044    sw      gp, -64(t5)
Cyc=        301 Op1=[0x0000000b] Op2=[0x00000000] W[W, 0= 0x8000004c]   Mem[2: R:0x04c0006f W:0x00000000] PC= 0x80000048  J j       pc - 0x8
Cyc=        302 Op1=[0x00001000] Op2=[0x80000040] W[W,30= 0x80001040]   Mem[0: R:0x00000000 W:0x00000000] PC= 0x80000040    auipc   t5, 0x1
Cyc=        303 Op1=[0x80001040] Op2=[0xffffffc0] W[_, 0= 0x80001000]   Mem[0: R:0x00000001 W:0x00000001] PC= 0x80000044    sw      gp, -64(t5)
Cyc=        304 Op1=[0x0000000b] Op2=[0x00000000] W[W, 0= 0x8000004c]   Mem[2: R:0x04c0006f W:0x00000000] PC= 0x80000048  J j       pc - 0x8
Cyc=        305 Op1=[0x00001000] Op2=[0x80000040] W[W,30= 0x80001040]   Mem[0: R:0x00000000 W:0x00000000] PC= 0x80000040    auipc   t5, 0x1
Cyc=        306 Op1=[0x80001040] Op2=[0xffffffc0] W[_, 0= 0x80001000]   Mem[0: R:0x00000001 W:0x00000001] PC= 0x80000044    sw      gp, -64(t5)
Cyc=        307 Op1=[0x0000000b] Op2=[0x00000000] W[W, 0= 0x8000004c]   Mem[2: R:0x04c0006f W:0x00000000] PC= 0x80000048  J j       pc - 0x8
Cyc=        308 Op1=[0x00001000] Op2=[0x80000040] W[W,30= 0x80001040]   Mem[0: R:0x00000000 W:0x00000000] PC= 0x80000040    auipc   t5, 0x1
Cyc=        309 Op1=[0x80001040] Op2=[0xffffffc0] W[_, 0= 0x80001000]   Mem[0: R:0x00000001 W:0x00000001] PC= 0x80000044    sw      gp, -64(t5)
Cyc=        310 Op1=[0x0000000b] Op2=[0x00000000] W[W, 0= 0x8000004c]   Mem[2: R:0x04c0006f W:0x00000000] PC= 0x80000048  J j       pc - 0x8
Cyc=        311 Op1=[0x00001000] Op2=[0x80000040] W[W,30= 0x80001040]   Mem[0: R:0x00000000 W:0x00000000] PC= 0x80000040    auipc   t5, 0x1
Cyc=        312 Op1=[0x80001040] Op2=[0xffffffc0] W[_, 0= 0x80001000]   Mem[0: R:0x00000001 W:0x00000001] PC= 0x80000044    sw      gp, -64(t5)
Cyc=        313 Op1=[0x0000000b] Op2=[0x00000000] W[W, 0= 0x8000004c]   Mem[2: R:0x04c0006f W:0x00000000] PC= 0x80000048  J j       pc - 0x8
Cyc=        314 Op1=[0x00001000] Op2=[0x80000040] W[W,30= 0x80001040]   Mem[0: R:0x00000000 W:0x00000000] PC= 0x80000040    auipc   t5, 0x1
Cyc=        315 Op1=[0x80001040] Op2=[0xffffffc0] W[_, 0= 0x80001000]   Mem[0: R:0x00000001 W:0x00000001] PC= 0x80000044    sw      gp, -64(t5)
Cyc=        316 Op1=[0x0000000b] Op2=[0x00000000] W[W, 0= 0x8000004c]   Mem[2: R:0x04c0006f W:0x00000000] PC= 0x80000048  J j       pc - 0x8
Cyc=        317 Op1=[0x00001000] Op2=[0x80000040] W[W,30= 0x80001040]   Mem[0: R:0x00000000 W:0x00000000] PC= 0x80000040    auipc   t5, 0x1
Cyc=        318 Op1=[0x80001040] Op2=[0xffffffc0] W[_, 0= 0x80001000]   Mem[0: R:0x00000001 W:0x00000001] PC= 0x80000044    sw      gp, -64(t5)
Cyc=        319 Op1=[0x0000000b] Op2=[0x00000000] W[W, 0= 0x8000004c]   Mem[2: R:0x04c0006f W:0x00000000] PC= 0x80000048  J j       pc - 0x8
Cyc=        320 Op1=[0x00001000] Op2=[0x80000040] W[W,30= 0x80001040]   Mem[0: R:0x00000000 W:0x00000000] PC= 0x80000040    auipc   t5, 0x1
Cyc=        321 Op1=[0x80001040] Op2=[0xffffffc0] W[_, 0= 0x80001000]   Mem[0: R:0x00000000 W:0x00000001] PC= 0x80000044    sw      gp, -64(t5)
Cyc=        322 Op1=[0x0000000b] Op2=[0x00000000] W[W, 0= 0x8000004c]   Mem[2: R:0x04c0006f W:0x00000000] PC= 0x80000048  J j       pc - 0x8
Cyc=        323 Op1=[0x00001000] Op2=[0x80000040] W[W,30= 0x80001040]   Mem[0: R:0x00000000 W:0x00000000] PC= 0x80000040    auipc   t5, 0x1
*** PASSED ***
