Instantiated DTM.
Cyc=          0 Op1=[0x00000000] Op2=[0x00000000] W[W, 0= 0x80000004]   Mem[2: R:0x04c0006f W:0x00000000] PC= 0x80000000  J j       pc + 0x4c
Cyc=          1 Op1=[0x00000000] Op2=[0x00000000] W[W,10= 0x00000000]   Mem[3: R:0x04c0006f W:0x00000000] PC= 0x8000004c    csrr    a0, mhartid
Cyc=          2 Op1=[0x00000000] Op2=[0x00000000] W[_, 0= 0x00000000]   Mem[0: R:0x04c0006f W:0x00000000] PC= 0x80000050    bnez    a0, pc + 0
Cyc=          3 Op1=[0x00000000] Op2=[0x80000054] W[W, 5= 0x80000054]   Mem[0: R:0x00000297 W:0x00000000] PC= 0x80000054    auipc   t0, 0x0
Cyc=          4 Op1=[0x80000054] Op2=[0x00000010] W[W, 5= 0x80000064]   Mem[0: R:0x00000297 W:0x00000000] PC= 0x80000058    addi    t0, t0, 16
Cyc=          5 Op1=[0x80000064] Op2=[0x80000064] W[W, 0= 0x00000100]   Mem[3: R:0x00000297 W:0x80000064] PC= 0x8000005c    csrw    mtvec, t0
Cyc=          6 Op1=[0x00000000] Op2=[0x00000000] W[W, 0= 0x00000000]   Mem[3: R:0x04c0006f W:0x00000000] PC= 0x80000060    csrwi   satp, 0
Cyc=          7 Op1=[0x00000000] Op2=[0x80000064] W[W, 5= 0x80000064]   Mem[0: R:0x00000297 W:0x00000000] PC= 0x80000064    auipc   t0, 0x0
Cyc=          8 Op1=[0x80000064] Op2=[0x0000001c] W[W, 5= 0x80000080]   Mem[0: R:0x00000297 W:0x00000000] PC= 0x80000068    addi    t0, t0, 28
Cyc=          9 Op1=[0x80000080] Op2=[0x80000080] W[W, 0= 0x00000100]   Mem[3: R:0x00000297 W:0x80000080] PC= 0x8000006c    csrw    mtvec, t0
Cyc=         10 Op1=[0x00000000] Op2=[0xffffffff] W[W, 5= 0xffffffff]   Mem[0: R:0xc0006f00 W:0x00000000] PC= 0x80000070    li      t0, -1
Cyc=         11 Op1=[0xffffffff] Op2=[0x00000000] W[W, 0= 0x00000000]   Mem[3: R:0xc0006f00 W:0x00000000] PC= 0x80000074    csrw    pmpaddr0, t0
Cyc=         12 Op1=[0x00000000] Op2=[0x0000001f] W[W, 5= 0x0000001f]   Mem[0: R:0x000f1703 W:0x00000000] PC= 0x80000078    li      t0, 31
Cyc=         13 Op1=[0x0000001f] Op2=[0x00000000] W[W, 0= 0x00000000]   Mem[3: R:0x000f1703 W:0x00000000] PC= 0x8000007c    csrw    pmpcfg0, t0
Cyc=         14 Op1=[0x00000000] Op2=[0x80000080] W[W, 5= 0x80000080]   Mem[0: R:0x00000297 W:0x00000000] PC= 0x80000080    auipc   t0, 0x0
Cyc=         15 Op1=[0x80000080] Op2=[0x00000018] W[W, 5= 0x80000098]   Mem[0: R:0x00000193 W:0x00000000] PC= 0x80000084    addi    t0, t0, 24
Cyc=         16 Op1=[0x80000098] Op2=[0x80000098] W[W, 0= 0x00000100]   Mem[3: R:0x00000193 W:0x80000098] PC= 0x80000088    csrw    mtvec, t0
Cyc=         17 Op1=[0x00000000] Op2=[0x00000000] W[W, 0= 0x00000000]   Mem[3: R:0x04c0006f W:0x00000000] PC= 0x8000008c    csrwi   medeleg, 0
Cyc=         18 Op1=[0x00000000] Op2=[0x00000000] W[W, 0= 0x00000000]   Mem[3: R:0x04c0006f W:0x00000000] PC= 0x80000090    csrwi   mideleg, 0
Cyc=         19 Op1=[0x00000000] Op2=[0x00000000] W[W, 0= 0x00000000]   Mem[3: R:0x04c0006f W:0x00000000] PC= 0x80000094    csrwi   mie, 0
Cyc=         20 Op1=[0x00000000] Op2=[0x00000000] W[W, 3= 0x00000000]   Mem[0: R:0x04c0006f W:0x00000000] PC= 0x80000098    li      gp, 0
Cyc=         21 Op1=[0x00000000] Op2=[0x8000009c] W[W, 5= 0x8000009c]   Mem[0: R:0x00000297 W:0x00000000] PC= 0x8000009c    auipc   t0, 0x0
Cyc=         22 Op1=[0x8000009c] Op2=[0xffffff68] W[W, 5= 0x80000004]   Mem[0: R:0x34202f73 W:0x00000000] PC= 0x800000a0    addi    t0, t0, -152
Cyc=         23 Op1=[0x80000004] Op2=[0x80000004] W[W, 0= 0x00000100]   Mem[3: R:0x34202f73 W:0x80000004] PC= 0x800000a4    csrw    mtvec, t0
Cyc=         24 Op1=[0x00000000] Op2=[0x00000001] W[W,10= 0x00000001]   Mem[0: R:0x7304c000 W:0x00000000] PC= 0x800000a8    li      a0, 1
Cyc=         25 Op1=[0x00000001] Op2=[0x0000001f] W[W,10= 0x80000000]   Mem[0: R:0x04c0006f W:0x00000000] PC= 0x800000ac    slli    a0, a0, 31
Cyc=         26 Op1=[0x80000000] Op2=[0x00000000] W[_,16= 0x00000000]   Mem[0: R:0x04c0006f W:0x00000000] PC= 0x800000b0  B bltz    a0, pc + 16
Cyc=         27 Op1=[0x80000000] Op2=[0x800000c0] W[W, 5= 0x000000c0]   Mem[0: R:0x80000297 W:0x00000000] PC= 0x800000c0    auipc   t0, 0x80000
Cyc=         28 Op1=[0x000000c0] Op2=[0xffffff40] W[W, 5= 0x00000000]   Mem[0: R:0x04c0006f W:0x00000000] PC= 0x800000c4    addi    t0, t0, -192
Cyc=         29 Op1=[0x00000000] Op2=[0x00000000] W[_,28= 0x00000000]   Mem[0: R:0x04c0006f W:0x00000000] PC= 0x800000c8  B beqz    t0, pc + 28
Cyc=         30 Op1=[0x00000000] Op2=[0x00000000] W[W, 0= 0x00001800]   Mem[3: R:0x04c0006f W:0x00000000] PC= 0x800000e4    csrwi   mstatus, 0
Cyc=         31 Op1=[0x00000000] Op2=[0x800000e8] W[W, 5= 0x800000e8]   Mem[0: R:0x00000297 W:0x00000000] PC= 0x800000e8    auipc   t0, 0x0
Cyc=         32 Op1=[0x800000e8] Op2=[0x00000014] W[W, 5= 0x800000fc]   Mem[0: R:0x00002097 W:0x00000000] PC= 0x800000ec    addi    t0, t0, 20
Cyc=         33 Op1=[0x800000fc] Op2=[0x00000000] W[W, 0= 0x80000000]   Mem[3: R:0x00002097 W:0x00000000] PC= 0x800000f0    csrw    mepc, t0
Cyc=         34 Op1=[0x00000000] Op2=[0x00000000] W[W,10= 0x00000000]   Mem[3: R:0x04c0006f W:0x00000000] PC= 0x800000f4    csrr    a0, mhartid
Cyc=         35 Op1=[0x00000000] Op2=[0x00000000] W[_, 0= 0x00000000]   Mem[0: R:0x04c0006f W:0x00000000] PC= 0x800000f8  X mret
Cyc=         36 Op1=[0x00002000] Op2=[0x800000fc] W[W, 1= 0x800020fc]   Mem[0: R:0x00000000 W:0x00000000] PC= 0x800000fc    auipc   ra, 0x2
Cyc=         37 Op1=[0x800020fc] Op2=[0xffffff04] W[W, 1= 0x80002000]   Mem[0: R:0xdeadbeef W:0x00000000] PC= 0x80000100    addi    ra, ra, -252
Cyc=         38 Op1=[0x00aa0000] Op2=[0x00000000] W[W, 2= 0x00aa0000]   Mem[0: R:0x00000000 W:0x00000000] PC= 0x80000104    lui     sp, 0xaa0
Cyc=         39 Op1=[0x00aa0000] Op2=[0x000000aa] W[W, 2= 0x00aa00aa]   Mem[0: R:0x00000000 W:0x00000000] PC= 0x80000108    addi    sp, sp, 170
Cyc=         40 Op1=[0x80002000] Op2=[0x00000000] W[_, 0= 0x80002000]   Mem[0: R:0xdeadbeef W:0x00aa00aa] PC= 0x8000010c    sw      sp, 0(ra)
Cyc=         41 Op1=[0x80002000] Op2=[0x00000000] W[W,30= 0x00aa00aa]   Mem[1: R:0x00aa00aa W:0x00000000] PC= 0x80000110    lw      t5, 0(ra)
Cyc=         42 Op1=[0x00aa0000] Op2=[0x00000000] W[W,29= 0x00aa0000]   Mem[0: R:0x00000000 W:0x00000000] PC= 0x80000114    lui     t4, 0xaa0
Cyc=         43 Op1=[0x00aa0000] Op2=[0x000000aa] W[W,29= 0x00aa00aa]   Mem[0: R:0x00000000 W:0x00000000] PC= 0x80000118    addi    t4, t4, 170
Cyc=         44 Op1=[0x00000000] Op2=[0x00000002] W[W, 3= 0x00000002]   Mem[0: R:0x2f7304c0 W:0x00aa00aa] PC= 0x8000011c    li      gp, 2
Cyc=         45 Op1=[0x00aa00aa] Op2=[0x00aa00aa] W[_, 0= 0x00000000]   Mem[0: R:0x04c0006f W:0x00aa00aa] PC= 0x80000120    bne     t5, t4, pc + 1120
Cyc=         46 Op1=[0x00002000] Op2=[0x80000124] W[W, 1= 0x80002124]   Mem[0: R:0x00000000 W:0x00000000] PC= 0x80000124    auipc   ra, 0x2
Cyc=         47 Op1=[0x80002124] Op2=[0xfffffedc] W[W, 1= 0x80002000]   Mem[0: R:0x00aa00aa W:0x00000000] PC= 0x80000128    addi    ra, ra, -292
Cyc=         48 Op1=[0xaa00b000] Op2=[0x00000000] W[W, 2= 0xaa00b000]   Mem[0: R:0x00000000 W:0x00000000] PC= 0x8000012c    lui     sp, 0xaa00b
Cyc=         49 Op1=[0xaa00b000] Op2=[0xfffffa00] W[W, 2= 0xaa00aa00]   Mem[0: R:0x00000000 W:0x00000000] PC= 0x80000130    addi    sp, sp, -1536
Cyc=         50 Op1=[0x80002000] Op2=[0x00000004] W[_, 4= 0x80002004]   Mem[0: R:0xdeadbeef W:0xaa00aa00] PC= 0x80000134    sw      sp, 4(ra)
Cyc=         51 Op1=[0x80002000] Op2=[0x00000004] W[W,30= 0xaa00aa00]   Mem[1: R:0xaa00aa00 W:0x00000000] PC= 0x80000138    lw      t5, 4(ra)
Cyc=         52 Op1=[0xaa00b000] Op2=[0x00000000] W[W,29= 0xaa00b000]   Mem[0: R:0x00000000 W:0x00000000] PC= 0x8000013c    lui     t4, 0xaa00b
Cyc=         53 Op1=[0xaa00b000] Op2=[0xfffffa00] W[W,29= 0xaa00aa00]   Mem[0: R:0x00000000 W:0x00000000] PC= 0x80000140    addi    t4, t4, -1536
Cyc=         54 Op1=[0x00000000] Op2=[0x00000003] W[W, 3= 0x00000003]   Mem[0: R:0x202f7304 W:0x00000002] PC= 0x80000144    li      gp, 3
Cyc=         55 Op1=[0xaa00aa00] Op2=[0xaa00aa00] W[_,24= 0x00000000]   Mem[0: R:0x04c0006f W:0xaa00aa00] PC= 0x80000148    bne     t5, t4, pc + 1080
Cyc=         56 Op1=[0x00002000] Op2=[0x8000014c] W[W, 1= 0x8000214c]   Mem[0: R:0x00000000 W:0x00000000] PC= 0x8000014c    auipc   ra, 0x2
Cyc=         57 Op1=[0x8000214c] Op2=[0xfffffeb4] W[W, 1= 0x80002000]   Mem[0: R:0x00aa00aa W:0x00000000] PC= 0x80000150    addi    ra, ra, -332
Cyc=         58 Op1=[0x0aa01000] Op2=[0x00000000] W[W, 2= 0x0aa01000]   Mem[0: R:0x00000000 W:0x00000000] PC= 0x80000154    lui     sp, 0xaa01
Cyc=         59 Op1=[0x0aa01000] Op2=[0xfffffaa0] W[W, 2= 0x0aa00aa0]   Mem[0: R:0x00000000 W:0x00000000] PC= 0x80000158    addi    sp, sp, -1376
Cyc=         60 Op1=[0x80002000] Op2=[0x00000008] W[_, 8= 0x80002008]   Mem[0: R:0xdeadbeef W:0x0aa00aa0] PC= 0x8000015c    sw      sp, 8(ra)
Cyc=         61 Op1=[0x80002000] Op2=[0x00000008] W[W,30= 0x0aa00aa0]   Mem[1: R:0x0aa00aa0 W:0x00000000] PC= 0x80000160    lw      t5, 8(ra)
Cyc=         62 Op1=[0x0aa01000] Op2=[0x00000000] W[W,29= 0x0aa01000]   Mem[0: R:0x00000000 W:0x00000000] PC= 0x80000164    lui     t4, 0xaa01
Cyc=         63 Op1=[0x0aa01000] Op2=[0xfffffaa0] W[W,29= 0x0aa00aa0]   Mem[0: R:0x00000000 W:0x00000000] PC= 0x80000168    addi    t4, t4, -1376
Cyc=         64 Op1=[0x00000000] Op2=[0x00000004] W[W, 3= 0x00000004]   Mem[0: R:0x34202f73 W:0x00000000] PC= 0x8000016c    li      gp, 4
Cyc=         65 Op1=[0x0aa00aa0] Op2=[0x0aa00aa0] W[_,16= 0x00000000]   Mem[0: R:0x04c0006f W:0x0aa00aa0] PC= 0x80000170    bne     t5, t4, pc + 1040
Cyc=         66 Op1=[0x00002000] Op2=[0x80000174] W[W, 1= 0x80002174]   Mem[0: R:0x00000000 W:0x00000000] PC= 0x80000174    auipc   ra, 0x2
Cyc=         67 Op1=[0x80002174] Op2=[0xfffffe8c] W[W, 1= 0x80002000]   Mem[0: R:0x00aa00aa W:0x00000000] PC= 0x80000178    addi    ra, ra, -372
Cyc=         68 Op1=[0xa00aa000] Op2=[0x00000000] W[W, 2= 0xa00aa000]   Mem[0: R:0x00000000 W:0x00000000] PC= 0x8000017c    lui     sp, 0xa00aa
Cyc=         69 Op1=[0xa00aa000] Op2=[0x0000000a] W[W, 2= 0xa00aa00a]   Mem[0: R:0x00000000 W:0x00000000] PC= 0x80000180    addi    sp, sp, 10
Cyc=         70 Op1=[0x80002000] Op2=[0x0000000c] W[_,12= 0x8000200c]   Mem[0: R:0xdeadbeef W:0xa00aa00a] PC= 0x80000184    sw      sp, 12(ra)
Cyc=         71 Op1=[0x80002000] Op2=[0x0000000c] W[W,30= 0xa00aa00a]   Mem[1: R:0xa00aa00a W:0x00000000] PC= 0x80000188    lw      t5, 12(ra)
Cyc=         72 Op1=[0xa00aa000] Op2=[0x00000000] W[W,29= 0xa00aa000]   Mem[0: R:0x00000000 W:0x00000000] PC= 0x8000018c    lui     t4, 0xa00aa
Cyc=         73 Op1=[0xa00aa000] Op2=[0x0000000a] W[W,29= 0xa00aa00a]   Mem[0: R:0x00000000 W:0x00000000] PC= 0x80000190    addi    t4, t4, 10
Cyc=         74 Op1=[0x00000000] Op2=[0x00000005] W[W, 3= 0x00000005]   Mem[0: R:0x9334202f W:0x800000fc] PC= 0x80000194    li      gp, 5
Cyc=         75 Op1=[0xa00aa00a] Op2=[0xa00aa00a] W[_, 8= 0x00000000]   Mem[0: R:0x04c0006f W:0xa00aa00a] PC= 0x80000198    bne     t5, t4, pc + 1000
Cyc=         76 Op1=[0x00002000] Op2=[0x8000019c] W[W, 1= 0x8000219c]   Mem[0: R:0x00000000 W:0x00000000] PC= 0x8000019c    auipc   ra, 0x2
Cyc=         77 Op1=[0x8000219c] Op2=[0xfffffe80] W[W, 1= 0x8000201c]   Mem[0: R:0xdeadbeef W:0x00000000] PC= 0x800001a0    addi    ra, ra, -384
Cyc=         78 Op1=[0x00aa0000] Op2=[0x00000000] W[W, 2= 0x00aa0000]   Mem[0: R:0x00000000 W:0x00000000] PC= 0x800001a4    lui     sp, 0xaa0
Cyc=         79 Op1=[0x00aa0000] Op2=[0x000000aa] W[W, 2= 0x00aa00aa]   Mem[0: R:0x00000000 W:0x00000000] PC= 0x800001a8    addi    sp, sp, 170
Cyc=         80 Op1=[0x8000201c] Op2=[0xfffffff4] W[_,20= 0x80002010]   Mem[0: R:0xdeadbeef W:0x00aa00aa] PC= 0x800001ac    sw      sp, -12(ra)
Cyc=         81 Op1=[0x8000201c] Op2=[0xfffffff4] W[W,30= 0x00aa00aa]   Mem[1: R:0x00aa00aa W:0x00000000] PC= 0x800001b0    lw      t5, -12(ra)
Cyc=         82 Op1=[0x00aa0000] Op2=[0x00000000] W[W,29= 0x00aa0000]   Mem[0: R:0x00000000 W:0x00000000] PC= 0x800001b4    lui     t4, 0xaa0
Cyc=         83 Op1=[0x00aa0000] Op2=[0x000000aa] W[W,29= 0x00aa00aa]   Mem[0: R:0x00000000 W:0x00000000] PC= 0x800001b8    addi    t4, t4, 170
Cyc=         84 Op1=[0x00000000] Op2=[0x00000006] W[W, 3= 0x00000006]   Mem[0: R:0x0f933420 W:0x00000000] PC= 0x800001bc    li      gp, 6
Cyc=         85 Op1=[0x00aa00aa] Op2=[0x00aa00aa] W[_, 0= 0x00000000]   Mem[0: R:0x04c0006f W:0x00aa00aa] PC= 0x800001c0    bne     t5, t4, pc + 960
Cyc=         86 Op1=[0x00002000] Op2=[0x800001c4] W[W, 1= 0x800021c4]   Mem[0: R:0x00000000 W:0x00000000] PC= 0x800001c4    auipc   ra, 0x2
Cyc=         87 Op1=[0x800021c4] Op2=[0xfffffe58] W[W, 1= 0x8000201c]   Mem[0: R:0xdeadbeef W:0x00000000] PC= 0x800001c8    addi    ra, ra, -424
Cyc=         88 Op1=[0xaa00b000] Op2=[0x00000000] W[W, 2= 0xaa00b000]   Mem[0: R:0x00000000 W:0x00000000] PC= 0x800001cc    lui     sp, 0xaa00b
Cyc=         89 Op1=[0xaa00b000] Op2=[0xfffffa00] W[W, 2= 0xaa00aa00]   Mem[0: R:0x00000000 W:0x00000000] PC= 0x800001d0    addi    sp, sp, -1536
Cyc=         90 Op1=[0x8000201c] Op2=[0xfffffff8] W[_,24= 0x80002014]   Mem[0: R:0xdeadbeef W:0xaa00aa00] PC= 0x800001d4    sw      sp, -8(ra)
Cyc=         91 Op1=[0x8000201c] Op2=[0xfffffff8] W[W,30= 0xaa00aa00]   Mem[1: R:0xaa00aa00 W:0x00000000] PC= 0x800001d8    lw      t5, -8(ra)
Cyc=         92 Op1=[0xaa00b000] Op2=[0x00000000] W[W,29= 0xaa00b000]   Mem[0: R:0x00000000 W:0x00000000] PC= 0x800001dc    lui     t4, 0xaa00b
Cyc=         93 Op1=[0xaa00b000] Op2=[0xfffffa00] W[W,29= 0xaa00aa00]   Mem[0: R:0x00000000 W:0x00000000] PC= 0x800001e0    addi    t4, t4, -1536
Cyc=         94 Op1=[0x00000000] Op2=[0x00000007] W[W, 3= 0x00000007]   Mem[0: R:0x800f9334 W:0x00000000] PC= 0x800001e4    li      gp, 7
Cyc=         95 Op1=[0xaa00aa00] Op2=[0xaa00aa00] W[_,24= 0x00000000]   Mem[0: R:0x04c0006f W:0xaa00aa00] PC= 0x800001e8    bne     t5, t4, pc + 920
Cyc=         96 Op1=[0x00002000] Op2=[0x800001ec] W[W, 1= 0x800021ec]   Mem[0: R:0x00000000 W:0x00000000] PC= 0x800001ec    auipc   ra, 0x2
Cyc=         97 Op1=[0x800021ec] Op2=[0xfffffe30] W[W, 1= 0x8000201c]   Mem[0: R:0xdeadbeef W:0x00000000] PC= 0x800001f0    addi    ra, ra, -464
Cyc=         98 Op1=[0x0aa01000] Op2=[0x00000000] W[W, 2= 0x0aa01000]   Mem[0: R:0x00000000 W:0x00000000] PC= 0x800001f4    lui     sp, 0xaa01
Cyc=         99 Op1=[0x0aa01000] Op2=[0xfffffaa0] W[W, 2= 0x0aa00aa0]   Mem[0: R:0x00000000 W:0x00000000] PC= 0x800001f8    addi    sp, sp, -1376
Cyc=        100 Op1=[0x8000201c] Op2=[0xfffffffc] W[_,28= 0x80002018]   Mem[0: R:0xdeadbeef W:0x0aa00aa0] PC= 0x800001fc    sw      sp, -4(ra)
Cyc=        101 Op1=[0x8000201c] Op2=[0xfffffffc] W[W,30= 0x0aa00aa0]   Mem[1: R:0x0aa00aa0 W:0x00000000] PC= 0x80000200    lw      t5, -4(ra)
Cyc=        102 Op1=[0x0aa01000] Op2=[0x00000000] W[W,29= 0x0aa01000]   Mem[0: R:0x00000000 W:0x00000000] PC= 0x80000204    lui     t4, 0xaa01
Cyc=        103 Op1=[0x0aa01000] Op2=[0xfffffaa0] W[W,29= 0x0aa00aa0]   Mem[0: R:0x00000000 W:0x00000000] PC= 0x80000208    addi    t4, t4, -1376
Cyc=        104 Op1=[0x00000000] Op2=[0x00000008] W[W, 3= 0x00000008]   Mem[0: R:0x00800f93 W:0x00000000] PC= 0x8000020c    li      gp, 8
Cyc=        105 Op1=[0x0aa00aa0] Op2=[0x0aa00aa0] W[_,16= 0x00000000]   Mem[0: R:0x04c0006f W:0x0aa00aa0] PC= 0x80000210    bne     t5, t4, pc + 880
Cyc=        106 Op1=[0x00002000] Op2=[0x80000214] W[W, 1= 0x80002214]   Mem[0: R:0x00000000 W:0x00000000] PC= 0x80000214    auipc   ra, 0x2
Cyc=        107 Op1=[0x80002214] Op2=[0xfffffe08] W[W, 1= 0x8000201c]   Mem[0: R:0xdeadbeef W:0x00000000] PC= 0x80000218    addi    ra, ra, -504
Cyc=        108 Op1=[0xa00aa000] Op2=[0x00000000] W[W, 2= 0xa00aa000]   Mem[0: R:0x00000000 W:0x00000000] PC= 0x8000021c    lui     sp, 0xa00aa
Cyc=        109 Op1=[0xa00aa000] Op2=[0x0000000a] W[W, 2= 0xa00aa00a]   Mem[0: R:0x00000000 W:0x00000000] PC= 0x80000220    addi    sp, sp, 10
Cyc=        110 Op1=[0x8000201c] Op2=[0x00000000] W[_, 0= 0x8000201c]   Mem[0: R:0xdeadbeef W:0xa00aa00a] PC= 0x80000224    sw      sp, 0(ra)
Cyc=        111 Op1=[0x8000201c] Op2=[0x00000000] W[W,30= 0xa00aa00a]   Mem[1: R:0xa00aa00a W:0x00000000] PC= 0x80000228    lw      t5, 0(ra)
Cyc=        112 Op1=[0xa00aa000] Op2=[0x00000000] W[W,29= 0xa00aa000]   Mem[0: R:0x00000000 W:0x00000000] PC= 0x8000022c    lui     t4, 0xa00aa
Cyc=        113 Op1=[0xa00aa000] Op2=[0x0000000a] W[W,29= 0xa00aa00a]   Mem[0: R:0x00000000 W:0x00000000] PC= 0x80000230    addi    t4, t4, 10
Cyc=        114 Op1=[0x00000000] Op2=[0x00000009] W[W, 3= 0x00000009]   Mem[0: R:0x6300800f W:0x00000000] PC= 0x80000234    li      gp, 9
Cyc=        115 Op1=[0xa00aa00a] Op2=[0xa00aa00a] W[_, 8= 0x00000000]   Mem[0: R:0x04c0006f W:0xa00aa00a] PC= 0x80000238    bne     t5, t4, pc + 840
Cyc=        116 Op1=[0x00002000] Op2=[0x8000023c] W[W, 1= 0x8000223c]   Mem[0: R:0x00000000 W:0x00000000] PC= 0x8000023c    auipc   ra, 0x2
Cyc=        117 Op1=[0x8000223c] Op2=[0xfffffde4] W[W, 1= 0x80002020]   Mem[0: R:0xdeadbeef W:0x00000000] PC= 0x80000240    addi    ra, ra, -540
Cyc=        118 Op1=[0x12345000] Op2=[0x00000009] W[W, 2= 0x12345000]   Mem[0: R:0x00000000 W:0x00000009] PC= 0x80000244    lui     sp, 0x12345
Cyc=        119 Op1=[0x12345000] Op2=[0x00000678] W[W, 2= 0x12345678]   Mem[0: R:0x00000000 W:0x00000000] PC= 0x80000248    addi    sp, sp, 1656
Cyc=        120 Op1=[0x80002020] Op2=[0xffffffe0] W[W, 4= 0x80002000]   Mem[0: R:0x00aa00aa W:0x00000000] PC= 0x8000024c    addi    tp, ra, -32
Cyc=        121 Op1=[0x80002000] Op2=[0x00000020] W[_, 0= 0x80002020]   Mem[0: R:0xdeadbeef W:0x12345678] PC= 0x80000250    sw      sp, 32(tp)
Cyc=        122 Op1=[0x80002020] Op2=[0x00000000] W[W, 5= 0x12345678]   Mem[1: R:0x12345678 W:0x00000000] PC= 0x80000254    lw      t0, 0(ra)
Cyc=        123 Op1=[0x12345000] Op2=[0x00000009] W[W,29= 0x12345000]   Mem[0: R:0x00000000 W:0x00000009] PC= 0x80000258    lui     t4, 0x12345
Cyc=        124 Op1=[0x12345000] Op2=[0x00000678] W[W,29= 0x12345678]   Mem[0: R:0x00000000 W:0x00000000] PC= 0x8000025c    addi    t4, t4, 1656
Cyc=        125 Op1=[0x00000000] Op2=[0x0000000a] W[W, 3= 0x0000000a]   Mem[0: R:0x0a630080 W:0x00000000] PC= 0x80000260    li      gp, 10
Cyc=        126 Op1=[0x12345678] Op2=[0x12345678] W[_,28= 0x00000000]   Mem[0: R:0x04c0006f W:0x12345678] PC= 0x80000264    bne     t0, t4, pc + 796
Cyc=        127 Op1=[0x00002000] Op2=[0x80000268] W[W, 1= 0x80002268]   Mem[0: R:0x00000000 W:0x00000000] PC= 0x80000268    auipc   ra, 0x2
Cyc=        128 Op1=[0x80002268] Op2=[0xfffffdb8] W[W, 1= 0x80002020]   Mem[0: R:0x12345678 W:0x00000000] PC= 0x8000026c    addi    ra, ra, -584
Cyc=        129 Op1=[0x58213000] Op2=[0x12345678] W[W, 2= 0x58213000]   Mem[0: R:0x00000000 W:0x12345678] PC= 0x80000270    lui     sp, 0x58213
Cyc=        130 Op1=[0x58213000] Op2=[0x00000098] W[W, 2= 0x58213098]   Mem[0: R:0x00000000 W:0x00000000] PC= 0x80000274    addi    sp, sp, 152
Cyc=        131 Op1=[0x80002020] Op2=[0xfffffffd] W[W, 1= 0x8000201d]   Mem[0: R:0x78a00aa0 W:0x12345678] PC= 0x80000278    addi    ra, ra, -3
Cyc=        132 Op1=[0x8000201d] Op2=[0x00000007] W[_, 7= 0x80002024]   Mem[0: R:0xdeadbeef W:0x58213098] PC= 0x8000027c    sw      sp, 7(ra)
Cyc=        133 Op1=[0x00002000] Op2=[0x80000280] W[W, 4= 0x80002280]   Mem[0: R:0x00000000 W:0x00000000] PC= 0x80000280    auipc   tp, 0x2
Cyc=        134 Op1=[0x80002280] Op2=[0xfffffda4] W[W, 4= 0x80002024]   Mem[0: R:0x58213098 W:0x80002280] PC= 0x80000284    addi    tp, tp, -604
Cyc=        135 Op1=[0x80002024] Op2=[0x00000000] W[W, 5= 0x58213098]   Mem[1: R:0x58213098 W:0x00000000] PC= 0x80000288    lw      t0, 0(tp)
Cyc=        136 Op1=[0x58213000] Op2=[0x58213098] W[W,29= 0x58213000]   Mem[0: R:0x00000000 W:0x58213098] PC= 0x8000028c    lui     t4, 0x58213
Cyc=        137 Op1=[0x58213000] Op2=[0x00000098] W[W,29= 0x58213098]   Mem[0: R:0x00000000 W:0x00000000] PC= 0x80000290    addi    t4, t4, 152
Cyc=        138 Op1=[0x00000000] Op2=[0x0000000b] W[W, 3= 0x0000000b]   Mem[0: R:0xff0a6300 W:0x00000000] PC= 0x80000294    li      gp, 11
Cyc=        139 Op1=[0x58213098] Op2=[0x58213098] W[_, 8= 0x00000000]   Mem[0: R:0x04c0006f W:0x58213098] PC= 0x80000298    bne     t0, t4, pc + 744
Cyc=        140 Op1=[0x00000000] Op2=[0x0000000c] W[W, 3= 0x0000000c]   Mem[0: R:0x03ff0a63 W:0x00000000] PC= 0x8000029c    li      gp, 12
Cyc=        141 Op1=[0x00000000] Op2=[0x00000000] W[W, 4= 0x00000000]   Mem[0: R:0x04c0006f W:0x00000000] PC= 0x800002a0    li      tp, 0
Cyc=        142 Op1=[0xaabbd000] Op2=[0x00000000] W[W, 1= 0xaabbd000]   Mem[0: R:0x00000000 W:0x00000000] PC= 0x800002a4    lui     ra, 0xaabbd
Cyc=        143 Op1=[0xaabbd000] Op2=[0xfffffcdd] W[W, 1= 0xaabbccdd]   Mem[0: R:0x00000000 W:0x58213098] PC= 0x800002a8    addi    ra, ra, -803
Cyc=        144 Op1=[0x00002000] Op2=[0x800002ac] W[W, 2= 0x800022ac]   Mem[0: R:0x00000000 W:0x00000000] PC= 0x800002ac    auipc   sp, 0x2
Cyc=        145 Op1=[0x800022ac] Op2=[0xfffffd54] W[W, 2= 0x80002000]   Mem[0: R:0x00aa00aa W:0x00000000] PC= 0x800002b0    addi    sp, sp, -684
Cyc=        146 Op1=[0x80002000] Op2=[0x00000000] W[_, 0= 0x80002000]   Mem[0: R:0x00aa00aa W:0xaabbccdd] PC= 0x800002b4    sw      ra, 0(sp)
Cyc=        147 Op1=[0x80002000] Op2=[0x00000000] W[W,30= 0xaabbccdd]   Mem[1: R:0xaabbccdd W:0x00000000] PC= 0x800002b8    lw      t5, 0(sp)
Cyc=        148 Op1=[0xaabbd000] Op2=[0x00000000] W[W,29= 0xaabbd000]   Mem[0: R:0x00000000 W:0x00000000] PC= 0x800002bc    lui     t4, 0xaabbd
Cyc=        149 Op1=[0xaabbd000] Op2=[0xfffffcdd] W[W,29= 0xaabbccdd]   Mem[0: R:0x00000000 W:0xaabbd000] PC= 0x800002c0    addi    t4, t4, -803
Cyc=        150 Op1=[0xaabbccdd] Op2=[0xaabbccdd] W[_,28= 0x00000000]   Mem[0: R:0x04c0006f W:0xaabbccdd] PC= 0x800002c4    bne     t5, t4, pc + 700
Cyc=        151 Op1=[0x00000000] Op2=[0x00000001] W[W, 4= 0x00000001]   Mem[0: R:0x7304c000 W:0xaabbccdd] PC= 0x800002c8    addi    tp, tp, 1
Cyc=        152 Op1=[0x00000000] Op2=[0x00000002] W[W, 5= 0x00000002]   Mem[0: R:0x2f7304c0 W:0x80002000] PC= 0x800002cc    li      t0, 2
Cyc=        153 Op1=[0x00000001] Op2=[0x00000002] W[_,21= 0x00000000]   Mem[0: R:0x04c0006f W:0x00000002] PC= 0x800002d0  B bne     tp, t0, pc - 44
Cyc=        154 Op1=[0xaabbd000] Op2=[0x00000000] W[W, 1= 0xaabbd000]   Mem[0: R:0x00000000 W:0x00000000] PC= 0x800002a4    lui     ra, 0xaabbd
Cyc=        155 Op1=[0xaabbd000] Op2=[0xfffffcdd] W[W, 1= 0xaabbccdd]   Mem[0: R:0x00000000 W:0xaabbccdd] PC= 0x800002a8    addi    ra, ra, -803
Cyc=        156 Op1=[0x00002000] Op2=[0x800002ac] W[W, 2= 0x800022ac]   Mem[0: R:0x00000000 W:0x00000000] PC= 0x800002ac    auipc   sp, 0x2
Cyc=        157 Op1=[0x800022ac] Op2=[0xfffffd54] W[W, 2= 0x80002000]   Mem[0: R:0xaabbccdd W:0x00000000] PC= 0x800002b0    addi    sp, sp, -684
Cyc=        158 Op1=[0x80002000] Op2=[0x00000000] W[_, 0= 0x80002000]   Mem[0: R:0xaabbccdd W:0xaabbccdd] PC= 0x800002b4    sw      ra, 0(sp)
Cyc=        159 Op1=[0x80002000] Op2=[0x00000000] W[W,30= 0xaabbccdd]   Mem[1: R:0xaabbccdd W:0x00000000] PC= 0x800002b8    lw      t5, 0(sp)
Cyc=        160 Op1=[0xaabbd000] Op2=[0x00000000] W[W,29= 0xaabbd000]   Mem[0: R:0x00000000 W:0x00000000] PC= 0x800002bc    lui     t4, 0xaabbd
Cyc=        161 Op1=[0xaabbd000] Op2=[0xfffffcdd] W[W,29= 0xaabbccdd]   Mem[0: R:0x00000000 W:0xaabbd000] PC= 0x800002c0    addi    t4, t4, -803
Cyc=        162 Op1=[0xaabbccdd] Op2=[0xaabbccdd] W[_,28= 0x00000000]   Mem[0: R:0x04c0006f W:0xaabbccdd] PC= 0x800002c4    bne     t5, t4, pc + 700
Cyc=        163 Op1=[0x00000001] Op2=[0x00000001] W[W, 4= 0x00000002]   Mem[0: R:0x2f7304c0 W:0xaabbccdd] PC= 0x800002c8    addi    tp, tp, 1
Cyc=        164 Op1=[0x00000000] Op2=[0x00000002] W[W, 5= 0x00000002]   Mem[0: R:0x2f7304c0 W:0x80002000] PC= 0x800002cc    li      t0, 2
Cyc=        165 Op1=[0x00000002] Op2=[0x00000002] W[_,21= 0x00000000]   Mem[0: R:0x04c0006f W:0x00000002] PC= 0x800002d0    bne     tp, t0, pc - 44
Cyc=        166 Op1=[0x00000000] Op2=[0x0000000d] W[W, 3= 0x0000000d]   Mem[0: R:0x9303ff0a W:0x00000000] PC= 0x800002d4    li      gp, 13
Cyc=        167 Op1=[0x00000000] Op2=[0x00000000] W[W, 4= 0x00000000]   Mem[0: R:0x04c0006f W:0x00000000] PC= 0x800002d8    li      tp, 0
Cyc=        168 Op1=[0xdaabc000] Op2=[0x00000000] W[W, 1= 0xdaabc000]   Mem[0: R:0x00000000 W:0x00000000] PC= 0x800002dc    lui     ra, 0xdaabc
Cyc=        169 Op1=[0xdaabc000] Op2=[0xfffffccd] W[W, 1= 0xdaabbccd]   Mem[0: R:0x00000000 W:0x00000000] PC= 0x800002e0    addi    ra, ra, -819
Cyc=        170 Op1=[0x00002000] Op2=[0x800002e4] W[W, 2= 0x800022e4]   Mem[0: R:0x00000000 W:0x00000000] PC= 0x800002e4    auipc   sp, 0x2
Cyc=        171 Op1=[0x800022e4] Op2=[0xfffffd1c] W[W, 2= 0x80002000]   Mem[0: R:0xaabbccdd W:0x00000000] PC= 0x800002e8    addi    sp, sp, -740
Cyc=        172 Op1=[0x00000000] Op2=[0x00000000] W[W, 0= 0x00000000]   Mem[0: R:0x04c0006f W:0x00000000] PC= 0x800002ec    nop
Cyc=        173 Op1=[0x80002000] Op2=[0x00000004] W[_, 4= 0x80002004]   Mem[0: R:0xaa00aa00 W:0xdaabbccd] PC= 0x800002f0    sw      ra, 4(sp)
Cyc=        174 Op1=[0x80002000] Op2=[0x00000004] W[W,30= 0xdaabbccd]   Mem[1: R:0xdaabbccd W:0x00000000] PC= 0x800002f4    lw      t5, 4(sp)
Cyc=        175 Op1=[0xdaabc000] Op2=[0x00000000] W[W,29= 0xdaabc000]   Mem[0: R:0x00000000 W:0x00000000] PC= 0x800002f8    lui     t4, 0xdaabc
Cyc=        176 Op1=[0xdaabc000] Op2=[0xfffffccd] W[W,29= 0xdaabbccd]   Mem[0: R:0x00000000 W:0x00000000] PC= 0x800002fc    addi    t4, t4, -819
Cyc=        177 Op1=[0xdaabbccd] Op2=[0xdaabbccd] W[_, 0= 0x00000000]   Mem[0: R:0x04c0006f W:0xdaabbccd] PC= 0x80000300    bne     t5, t4, pc + 640
Cyc=        178 Op1=[0x00000000] Op2=[0x00000001] W[W, 4= 0x00000001]   Mem[0: R:0x7304c000 W:0xdaabbccd] PC= 0x80000304    addi    tp, tp, 1
Cyc=        179 Op1=[0x00000000] Op2=[0x00000002] W[W, 5= 0x00000002]   Mem[0: R:0x2f7304c0 W:0x80002000] PC= 0x80000308    li      t0, 2
Cyc=        180 Op1=[0x00000001] Op2=[0x00000002] W[_,17= 0x00000000]   Mem[0: R:0x04c0006f W:0x00000002] PC= 0x8000030c  B bne     tp, t0, pc - 48
Cyc=        181 Op1=[0xdaabc000] Op2=[0x00000000] W[W, 1= 0xdaabc000]   Mem[0: R:0x00000000 W:0x00000000] PC= 0x800002dc    lui     ra, 0xdaabc
Cyc=        182 Op1=[0xdaabc000] Op2=[0xfffffccd] W[W, 1= 0xdaabbccd]   Mem[0: R:0x00000000 W:0x00000000] PC= 0x800002e0    addi    ra, ra, -819
Cyc=        183 Op1=[0x00002000] Op2=[0x800002e4] W[W, 2= 0x800022e4]   Mem[0: R:0x00000000 W:0x00000000] PC= 0x800002e4    auipc   sp, 0x2
Cyc=        184 Op1=[0x800022e4] Op2=[0xfffffd1c] W[W, 2= 0x80002000]   Mem[0: R:0xaabbccdd W:0x00000000] PC= 0x800002e8    addi    sp, sp, -740
Cyc=        185 Op1=[0x00000000] Op2=[0x00000000] W[W, 0= 0x00000000]   Mem[0: R:0x04c0006f W:0x00000000] PC= 0x800002ec    nop
Cyc=        186 Op1=[0x80002000] Op2=[0x00000004] W[_, 4= 0x80002004]   Mem[0: R:0xdaabbccd W:0xdaabbccd] PC= 0x800002f0    sw      ra, 4(sp)
Cyc=        187 Op1=[0x80002000] Op2=[0x00000004] W[W,30= 0xdaabbccd]   Mem[1: R:0xdaabbccd W:0x00000001] PC= 0x800002f4    lw      t5, 4(sp)
Cyc=        188 Op1=[0xdaabc000] Op2=[0x00000000] W[W,29= 0xdaabc000]   Mem[0: R:0x00000000 W:0x00000000] PC= 0x800002f8    lui     t4, 0xdaabc
Cyc=        189 Op1=[0xdaabc000] Op2=[0xfffffccd] W[W,29= 0xdaabbccd]   Mem[0: R:0x00000000 W:0x00000000] PC= 0x800002fc    addi    t4, t4, -819
Cyc=        190 Op1=[0xdaabbccd] Op2=[0xdaabbccd] W[_, 0= 0x00000000]   Mem[0: R:0x04c0006f W:0xdaabbccd] PC= 0x80000300    bne     t5, t4, pc + 640
Cyc=        191 Op1=[0x00000001] Op2=[0x00000001] W[W, 4= 0x00000002]   Mem[0: R:0x2f7304c0 W:0xdaabbccd] PC= 0x80000304    addi    tp, tp, 1
Cyc=        192 Op1=[0x00000000] Op2=[0x00000002] W[W, 5= 0x00000002]   Mem[0: R:0x2f7304c0 W:0x80002000] PC= 0x80000308    li      t0, 2
Cyc=        193 Op1=[0x00000002] Op2=[0x00000002] W[_,17= 0x00000000]   Mem[0: R:0x04c0006f W:0x00000002] PC= 0x8000030c    bne     tp, t0, pc - 48
Cyc=        194 Op1=[0x00000000] Op2=[0x0000000e] W[W, 3= 0x0000000e]   Mem[0: R:0x0f9303ff W:0x00000000] PC= 0x80000310    li      gp, 14
Cyc=        195 Op1=[0x00000000] Op2=[0x00000000] W[W, 4= 0x00000000]   Mem[0: R:0x04c0006f W:0x00000000] PC= 0x80000314    li      tp, 0
Cyc=        196 Op1=[0xddaac000] Op2=[0x00000000] W[W, 1= 0xddaac000]   Mem[0: R:0x00000000 W:0x00000000] PC= 0x80000318    lui     ra, 0xddaac
Cyc=        197 Op1=[0xddaac000] Op2=[0xfffffbcc] W[W, 1= 0xddaabbcc]   Mem[0: R:0x00000000 W:0x00000000] PC= 0x8000031c    addi    ra, ra, -1076
Cyc=        198 Op1=[0x00002000] Op2=[0x80000320] W[W, 2= 0x80002320]   Mem[0: R:0x00000000 W:0x00000000] PC= 0x80000320    auipc   sp, 0x2
Cyc=        199 Op1=[0x80002320] Op2=[0xfffffce0] W[W, 2= 0x80002000]   Mem[0: R:0xaabbccdd W:0x00000000] PC= 0x80000324    addi    sp, sp, -800
Cyc=        200 Op1=[0x00000000] Op2=[0x00000000] W[W, 0= 0x00000000]   Mem[0: R:0x04c0006f W:0x00000000] PC= 0x80000328    nop
Cyc=        201 Op1=[0x00000000] Op2=[0x00000000] W[W, 0= 0x00000000]   Mem[0: R:0x04c0006f W:0x00000000] PC= 0x8000032c    nop
Cyc=        202 Op1=[0x80002000] Op2=[0x00000008] W[_, 8= 0x80002008]   Mem[0: R:0x0aa00aa0 W:0xddaabbcc] PC= 0x80000330    sw      ra, 8(sp)
Cyc=        203 Op1=[0x80002000] Op2=[0x00000008] W[W,30= 0xddaabbcc]   Mem[1: R:0xddaabbcc W:0x00000000] PC= 0x80000334    lw      t5, 8(sp)
Cyc=        204 Op1=[0xddaac000] Op2=[0x00000000] W[W,29= 0xddaac000]   Mem[0: R:0x00000000 W:0x00000000] PC= 0x80000338    lui     t4, 0xddaac
Cyc=        205 Op1=[0xddaac000] Op2=[0xfffffbcc] W[W,29= 0xddaabbcc]   Mem[0: R:0x00000000 W:0x00000000] PC= 0x8000033c    addi    t4, t4, -1076
Cyc=        206 Op1=[0xddaabbcc] Op2=[0xddaabbcc] W[_, 0= 0x00000000]   Mem[0: R:0x04c0006f W:0xddaabbcc] PC= 0x80000340    bne     t5, t4, pc + 576
Cyc=        207 Op1=[0x00000000] Op2=[0x00000001] W[W, 4= 0x00000001]   Mem[0: R:0x7304c000 W:0xddaabbcc] PC= 0x80000344    addi    tp, tp, 1
Cyc=        208 Op1=[0x00000000] Op2=[0x00000002] W[W, 5= 0x00000002]   Mem[0: R:0x2f7304c0 W:0x80002000] PC= 0x80000348    li      t0, 2
Cyc=        209 Op1=[0x00000001] Op2=[0x00000002] W[_,13= 0x00000000]   Mem[0: R:0x04c0006f W:0x00000002] PC= 0x8000034c  B bne     tp, t0, pc - 52
Cyc=        210 Op1=[0xddaac000] Op2=[0x00000000] W[W, 1= 0xddaac000]   Mem[0: R:0x00000000 W:0x00000000] PC= 0x80000318    lui     ra, 0xddaac
Cyc=        211 Op1=[0xddaac000] Op2=[0xfffffbcc] W[W, 1= 0xddaabbcc]   Mem[0: R:0x00000000 W:0x00000000] PC= 0x8000031c    addi    ra, ra, -1076
Cyc=        212 Op1=[0x00002000] Op2=[0x80000320] W[W, 2= 0x80002320]   Mem[0: R:0x00000000 W:0x00000000] PC= 0x80000320    auipc   sp, 0x2
Cyc=        213 Op1=[0x80002320] Op2=[0xfffffce0] W[W, 2= 0x80002000]   Mem[0: R:0xaabbccdd W:0x00000000] PC= 0x80000324    addi    sp, sp, -800
Cyc=        214 Op1=[0x00000000] Op2=[0x00000000] W[W, 0= 0x00000000]   Mem[0: R:0x04c0006f W:0x00000000] PC= 0x80000328    nop
Cyc=        215 Op1=[0x00000000] Op2=[0x00000000] W[W, 0= 0x00000000]   Mem[0: R:0x04c0006f W:0x00000000] PC= 0x8000032c    nop
Cyc=        216 Op1=[0x80002000] Op2=[0x00000008] W[_, 8= 0x80002008]   Mem[0: R:0xddaabbcc W:0xddaabbcc] PC= 0x80000330    sw      ra, 8(sp)
Cyc=        217 Op1=[0x80002000] Op2=[0x00000008] W[W,30= 0xddaabbcc]   Mem[1: R:0xddaabbcc W:0x00000000] PC= 0x80000334    lw      t5, 8(sp)
Cyc=        218 Op1=[0xddaac000] Op2=[0x00000000] W[W,29= 0xddaac000]   Mem[0: R:0x00000000 W:0x00000000] PC= 0x80000338    lui     t4, 0xddaac
Cyc=        219 Op1=[0xddaac000] Op2=[0xfffffbcc] W[W,29= 0xddaabbcc]   Mem[0: R:0x00000000 W:0x00000000] PC= 0x8000033c    addi    t4, t4, -1076
Cyc=        220 Op1=[0xddaabbcc] Op2=[0xddaabbcc] W[_, 0= 0x00000000]   Mem[0: R:0x04c0006f W:0xddaabbcc] PC= 0x80000340    bne     t5, t4, pc + 576
Cyc=        221 Op1=[0x00000001] Op2=[0x00000001] W[W, 4= 0x00000002]   Mem[0: R:0x2f7304c0 W:0xddaabbcc] PC= 0x80000344    addi    tp, tp, 1
Cyc=        222 Op1=[0x00000000] Op2=[0x00000002] W[W, 5= 0x00000002]   Mem[0: R:0x2f7304c0 W:0x80002000] PC= 0x80000348    li      t0, 2
Cyc=        223 Op1=[0x00000002] Op2=[0x00000002] W[_,13= 0x00000000]   Mem[0: R:0x04c0006f W:0x00000002] PC= 0x8000034c    bne     tp, t0, pc - 52
Cyc=        224 Op1=[0x00000000] Op2=[0x0000000f] W[W, 3= 0x0000000f]   Mem[0: R:0x900f9303 W:0x00000000] PC= 0x80000350    li      gp, 15
Cyc=        225 Op1=[0x00000000] Op2=[0x00000000] W[W, 4= 0x00000000]   Mem[0: R:0x04c0006f W:0x00000000] PC= 0x80000354    li      tp, 0
Cyc=        226 Op1=[0xcddab000] Op2=[0xddaabbcc] W[W, 1= 0xcddab000]   Mem[0: R:0x00000000 W:0xddaabbcc] PC= 0x80000358    lui     ra, 0xcddab
Cyc=        227 Op1=[0xcddab000] Op2=[0xfffffbbc] W[W, 1= 0xcddaabbc]   Mem[0: R:0x00000000 W:0x00000000] PC= 0x8000035c    addi    ra, ra, -1092
Cyc=        228 Op1=[0x00000000] Op2=[0x00000000] W[W, 0= 0x00000000]   Mem[0: R:0x04c0006f W:0x00000000] PC= 0x80000360    nop
Cyc=        229 Op1=[0x00002000] Op2=[0x80000364] W[W, 2= 0x80002364]   Mem[0: R:0x00000000 W:0x00000000] PC= 0x80000364    auipc   sp, 0x2
Cyc=        230 Op1=[0x80002364] Op2=[0xfffffc9c] W[W, 2= 0x80002000]   Mem[0: R:0xaabbccdd W:0x00000000] PC= 0x80000368    addi    sp, sp, -868
Cyc=        231 Op1=[0x80002000] Op2=[0x0000000c] W[_,12= 0x8000200c]   Mem[0: R:0xa00aa00a W:0xcddaabbc] PC= 0x8000036c    sw      ra, 12(sp)
Cyc=        232 Op1=[0x80002000] Op2=[0x0000000c] W[W,30= 0xcddaabbc]   Mem[1: R:0xcddaabbc W:0x00000000] PC= 0x80000370    lw      t5, 12(sp)
Cyc=        233 Op1=[0xcddab000] Op2=[0xddaabbcc] W[W,29= 0xcddab000]   Mem[0: R:0x00000000 W:0xddaabbcc] PC= 0x80000374    lui     t4, 0xcddab
Cyc=        234 Op1=[0xcddab000] Op2=[0xfffffbbc] W[W,29= 0xcddaabbc]   Mem[0: R:0x00000000 W:0x00000000] PC= 0x80000378    addi    t4, t4, -1092
Cyc=        235 Op1=[0xcddaabbc] Op2=[0xcddaabbc] W[_, 4= 0x00000000]   Mem[0: R:0x04c0006f W:0xcddaabbc] PC= 0x8000037c    bne     t5, t4, pc + 516
Cyc=        236 Op1=[0x00000000] Op2=[0x00000001] W[W, 4= 0x00000001]   Mem[0: R:0x7304c000 W:0xcddaabbc] PC= 0x80000380    addi    tp, tp, 1
Cyc=        237 Op1=[0x00000000] Op2=[0x00000002] W[W, 5= 0x00000002]   Mem[0: R:0x2f7304c0 W:0x80002000] PC= 0x80000384    li      t0, 2
Cyc=        238 Op1=[0x00000001] Op2=[0x00000002] W[_,17= 0x00000000]   Mem[0: R:0x04c0006f W:0x00000002] PC= 0x80000388  B bne     tp, t0, pc - 48
Cyc=        239 Op1=[0xcddab000] Op2=[0xcddaabbc] W[W, 1= 0xcddab000]   Mem[0: R:0x00000000 W:0xcddaabbc] PC= 0x80000358    lui     ra, 0xcddab
Cyc=        240 Op1=[0xcddab000] Op2=[0xfffffbbc] W[W, 1= 0xcddaabbc]   Mem[0: R:0x00000000 W:0x00000000] PC= 0x8000035c    addi    ra, ra, -1092
Cyc=        241 Op1=[0x00000000] Op2=[0x00000000] W[W, 0= 0x00000000]   Mem[0: R:0x04c0006f W:0x00000000] PC= 0x80000360    nop
Cyc=        242 Op1=[0x00002000] Op2=[0x80000364] W[W, 2= 0x80002364]   Mem[0: R:0x00000000 W:0x00000000] PC= 0x80000364    auipc   sp, 0x2
Cyc=        243 Op1=[0x80002364] Op2=[0xfffffc9c] W[W, 2= 0x80002000]   Mem[0: R:0xaabbccdd W:0x00000000] PC= 0x80000368    addi    sp, sp, -868
Cyc=        244 Op1=[0x80002000] Op2=[0x0000000c] W[_,12= 0x8000200c]   Mem[0: R:0xcddaabbc W:0xcddaabbc] PC= 0x8000036c    sw      ra, 12(sp)
Cyc=        245 Op1=[0x80002000] Op2=[0x0000000c] W[W,30= 0xcddaabbc]   Mem[1: R:0xcddaabbc W:0x00000000] PC= 0x80000370    lw      t5, 12(sp)
Cyc=        246 Op1=[0xcddab000] Op2=[0xcddaabbc] W[W,29= 0xcddab000]   Mem[0: R:0x00000000 W:0xcddaabbc] PC= 0x80000374    lui     t4, 0xcddab
Cyc=        247 Op1=[0xcddab000] Op2=[0xfffffbbc] W[W,29= 0xcddaabbc]   Mem[0: R:0x00000000 W:0x00000000] PC= 0x80000378    addi    t4, t4, -1092
Cyc=        248 Op1=[0xcddaabbc] Op2=[0xcddaabbc] W[_, 4= 0x00000000]   Mem[0: R:0x04c0006f W:0xcddaabbc] PC= 0x8000037c    bne     t5, t4, pc + 516
Cyc=        249 Op1=[0x00000001] Op2=[0x00000001] W[W, 4= 0x00000002]   Mem[0: R:0x2f7304c0 W:0xcddaabbc] PC= 0x80000380    addi    tp, tp, 1
Cyc=        250 Op1=[0x00000000] Op2=[0x00000002] W[W, 5= 0x00000002]   Mem[0: R:0x2f7304c0 W:0x80002000] PC= 0x80000384    li      t0, 2
Cyc=        251 Op1=[0x00000002] Op2=[0x00000002] W[_,17= 0x00000000]   Mem[0: R:0x04c0006f W:0x00000002] PC= 0x80000388    bne     tp, t0, pc - 48
Cyc=        252 Op1=[0x00000000] Op2=[0x00000010] W[W, 3= 0x00000010]   Mem[0: R:0x00900f93 W:0x00000000] PC= 0x8000038c    li      gp, 16
Cyc=        253 Op1=[0x00000000] Op2=[0x00000000] W[W, 4= 0x00000000]   Mem[0: R:0x04c0006f W:0x00000000] PC= 0x80000390    li      tp, 0
Cyc=        254 Op1=[0xccddb000] Op2=[0x00000000] W[W, 1= 0xccddb000]   Mem[0: R:0x00000000 W:0x00000000] PC= 0x80000394    lui     ra, 0xccddb
Cyc=        255 Op1=[0xccddb000] Op2=[0xfffffabb] W[W, 1= 0xccddaabb]   Mem[0: R:0x00000000 W:0x00000000] PC= 0x80000398    addi    ra, ra, -1349
Cyc=        256 Op1=[0x00000000] Op2=[0x00000000] W[W, 0= 0x00000000]   Mem[0: R:0x04c0006f W:0x00000000] PC= 0x8000039c    nop
Cyc=        257 Op1=[0x00002000] Op2=[0x800003a0] W[W, 2= 0x800023a0]   Mem[0: R:0x00000000 W:0x00000000] PC= 0x800003a0    auipc   sp, 0x2
Cyc=        258 Op1=[0x800023a0] Op2=[0xfffffc60] W[W, 2= 0x80002000]   Mem[0: R:0xaabbccdd W:0x00000000] PC= 0x800003a4    addi    sp, sp, -928
Cyc=        259 Op1=[0x00000000] Op2=[0x00000000] W[W, 0= 0x00000000]   Mem[0: R:0x04c0006f W:0x00000000] PC= 0x800003a8    nop
Cyc=        260 Op1=[0x80002000] Op2=[0x00000010] W[_,16= 0x80002010]   Mem[0: R:0x00aa00aa W:0xccddaabb] PC= 0x800003ac    sw      ra, 16(sp)
Cyc=        261 Op1=[0x80002000] Op2=[0x00000010] W[W,30= 0xccddaabb]   Mem[1: R:0xccddaabb W:0x00000000] PC= 0x800003b0    lw      t5, 16(sp)
Cyc=        262 Op1=[0xccddb000] Op2=[0x00000000] W[W,29= 0xccddb000]   Mem[0: R:0x00000000 W:0x00000000] PC= 0x800003b4    lui     t4, 0xccddb
Cyc=        263 Op1=[0xccddb000] Op2=[0xfffffabb] W[W,29= 0xccddaabb]   Mem[0: R:0x00000000 W:0x00000000] PC= 0x800003b8    addi    t4, t4, -1349
Cyc=        264 Op1=[0xccddaabb] Op2=[0xccddaabb] W[_, 4= 0x00000000]   Mem[0: R:0x04c0006f W:0xccddaabb] PC= 0x800003bc    bne     t5, t4, pc + 452
Cyc=        265 Op1=[0x00000000] Op2=[0x00000001] W[W, 4= 0x00000001]   Mem[0: R:0x7304c000 W:0xccddaabb] PC= 0x800003c0    addi    tp, tp, 1
Cyc=        266 Op1=[0x00000000] Op2=[0x00000002] W[W, 5= 0x00000002]   Mem[0: R:0x2f7304c0 W:0x80002000] PC= 0x800003c4    li      t0, 2
Cyc=        267 Op1=[0x00000001] Op2=[0x00000002] W[_,13= 0x00000000]   Mem[0: R:0x04c0006f W:0x00000002] PC= 0x800003c8  B bne     tp, t0, pc - 52
Cyc=        268 Op1=[0xccddb000] Op2=[0x00000000] W[W, 1= 0xccddb000]   Mem[0: R:0x00000000 W:0x00000000] PC= 0x80000394    lui     ra, 0xccddb
Cyc=        269 Op1=[0xccddb000] Op2=[0xfffffabb] W[W, 1= 0xccddaabb]   Mem[0: R:0x00000000 W:0x00000000] PC= 0x80000398    addi    ra, ra, -1349
Cyc=        270 Op1=[0x00000000] Op2=[0x00000000] W[W, 0= 0x00000000]   Mem[0: R:0x04c0006f W:0x00000000] PC= 0x8000039c    nop
Cyc=        271 Op1=[0x00002000] Op2=[0x800003a0] W[W, 2= 0x800023a0]   Mem[0: R:0x00000000 W:0x00000000] PC= 0x800003a0    auipc   sp, 0x2
Cyc=        272 Op1=[0x800023a0] Op2=[0xfffffc60] W[W, 2= 0x80002000]   Mem[0: R:0xaabbccdd W:0x00000000] PC= 0x800003a4    addi    sp, sp, -928
Cyc=        273 Op1=[0x00000000] Op2=[0x00000000] W[W, 0= 0x00000000]   Mem[0: R:0x04c0006f W:0x00000000] PC= 0x800003a8    nop
Cyc=        274 Op1=[0x80002000] Op2=[0x00000010] W[_,16= 0x80002010]   Mem[0: R:0xccddaabb W:0xccddaabb] PC= 0x800003ac    sw      ra, 16(sp)
Cyc=        275 Op1=[0x80002000] Op2=[0x00000010] W[W,30= 0xccddaabb]   Mem[1: R:0xccddaabb W:0x00000000] PC= 0x800003b0    lw      t5, 16(sp)
Cyc=        276 Op1=[0xccddb000] Op2=[0x00000000] W[W,29= 0xccddb000]   Mem[0: R:0x00000000 W:0x00000000] PC= 0x800003b4    lui     t4, 0xccddb
Cyc=        277 Op1=[0xccddb000] Op2=[0xfffffabb] W[W,29= 0xccddaabb]   Mem[0: R:0x00000000 W:0x00000000] PC= 0x800003b8    addi    t4, t4, -1349
Cyc=        278 Op1=[0xccddaabb] Op2=[0xccddaabb] W[_, 4= 0x00000000]   Mem[0: R:0x04c0006f W:0xccddaabb] PC= 0x800003bc    bne     t5, t4, pc + 452
Cyc=        279 Op1=[0x00000001] Op2=[0x00000001] W[W, 4= 0x00000002]   Mem[0: R:0x2f7304c0 W:0xccddaabb] PC= 0x800003c0    addi    tp, tp, 1
Cyc=        280 Op1=[0x00000000] Op2=[0x00000002] W[W, 5= 0x00000002]   Mem[0: R:0x2f7304c0 W:0x80002000] PC= 0x800003c4    li      t0, 2
Cyc=        281 Op1=[0x00000002] Op2=[0x00000002] W[_,13= 0x00000000]   Mem[0: R:0x04c0006f W:0x00000002] PC= 0x800003c8    bne     tp, t0, pc - 52
Cyc=        282 Op1=[0x00000000] Op2=[0x00000011] W[W, 3= 0x00000011]   Mem[0: R:0x6300900f W:0x00000000] PC= 0x800003cc    li      gp, 17
Cyc=        283 Op1=[0x00000000] Op2=[0x00000000] W[W, 4= 0x00000000]   Mem[0: R:0x04c0006f W:0x00000000] PC= 0x800003d0    li      tp, 0
Cyc=        284 Op1=[0xbccde000] Op2=[0x00000000] W[W, 1= 0xbccde000]   Mem[0: R:0x00000000 W:0x00000000] PC= 0x800003d4    lui     ra, 0xbccde
Cyc=        285 Op1=[0xbccde000] Op2=[0xfffffaab] W[W, 1= 0xbccddaab]   Mem[0: R:0x00000000 W:0x00000000] PC= 0x800003d8    addi    ra, ra, -1365
Cyc=        286 Op1=[0x00000000] Op2=[0x00000000] W[W, 0= 0x00000000]   Mem[0: R:0x04c0006f W:0x00000000] PC= 0x800003dc    nop
Cyc=        287 Op1=[0x00000000] Op2=[0x00000000] W[W, 0= 0x00000000]   Mem[0: R:0x04c0006f W:0x00000000] PC= 0x800003e0    nop
Cyc=        288 Op1=[0x00002000] Op2=[0x800003e4] W[W, 2= 0x800023e4]   Mem[0: R:0x00000000 W:0x00000000] PC= 0x800003e4    auipc   sp, 0x2
Cyc=        289 Op1=[0x800023e4] Op2=[0xfffffc1c] W[W, 2= 0x80002000]   Mem[0: R:0xaabbccdd W:0x00000000] PC= 0x800003e8    addi    sp, sp, -996
Cyc=        290 Op1=[0x80002000] Op2=[0x00000014] W[_,20= 0x80002014]   Mem[0: R:0xaa00aa00 W:0xbccddaab] PC= 0x800003ec    sw      ra, 20(sp)
Cyc=        291 Op1=[0x80002000] Op2=[0x00000014] W[W,30= 0xbccddaab]   Mem[1: R:0xbccddaab W:0x00000000] PC= 0x800003f0    lw      t5, 20(sp)
Cyc=        292 Op1=[0xbccde000] Op2=[0x00000000] W[W,29= 0xbccde000]   Mem[0: R:0x00000000 W:0x00000000] PC= 0x800003f4    lui     t4, 0xbccde
Cyc=        293 Op1=[0xbccde000] Op2=[0xfffffaab] W[W,29= 0xbccddaab]   Mem[0: R:0x00000000 W:0x00000000] PC= 0x800003f8    addi    t4, t4, -1365
Cyc=        294 Op1=[0xbccddaab] Op2=[0xbccddaab] W[_, 4= 0x00000000]   Mem[0: R:0x04c0006f W:0xbccddaab] PC= 0x800003fc    bne     t5, t4, pc + 388
Cyc=        295 Op1=[0x00000000] Op2=[0x00000001] W[W, 4= 0x00000001]   Mem[0: R:0x7304c000 W:0xbccddaab] PC= 0x80000400    addi    tp, tp, 1
Cyc=        296 Op1=[0x00000000] Op2=[0x00000002] W[W, 5= 0x00000002]   Mem[0: R:0x2f7304c0 W:0x80002000] PC= 0x80000404    li      t0, 2
Cyc=        297 Op1=[0x00000001] Op2=[0x00000002] W[_,13= 0x00000000]   Mem[0: R:0x04c0006f W:0x00000002] PC= 0x80000408  B bne     tp, t0, pc - 52
Cyc=        298 Op1=[0xbccde000] Op2=[0x00000000] W[W, 1= 0xbccde000]   Mem[0: R:0x00000000 W:0x00000000] PC= 0x800003d4    lui     ra, 0xbccde
Cyc=        299 Op1=[0xbccde000] Op2=[0xfffffaab] W[W, 1= 0xbccddaab]   Mem[0: R:0x00000000 W:0x00000000] PC= 0x800003d8    addi    ra, ra, -1365
Cyc=        300 Op1=[0x00000000] Op2=[0x00000000] W[W, 0= 0x00000000]   Mem[0: R:0x04c0006f W:0x00000000] PC= 0x800003dc    nop
Cyc=        301 Op1=[0x00000000] Op2=[0x00000000] W[W, 0= 0x00000000]   Mem[0: R:0x04c0006f W:0x00000000] PC= 0x800003e0    nop
Cyc=        302 Op1=[0x00002000] Op2=[0x800003e4] W[W, 2= 0x800023e4]   Mem[0: R:0x00000000 W:0x00000000] PC= 0x800003e4    auipc   sp, 0x2
Cyc=        303 Op1=[0x800023e4] Op2=[0xfffffc1c] W[W, 2= 0x80002000]   Mem[0: R:0xaabbccdd W:0x00000000] PC= 0x800003e8    addi    sp, sp, -996
Cyc=        304 Op1=[0x80002000] Op2=[0x00000014] W[_,20= 0x80002014]   Mem[0: R:0xbccddaab W:0xbccddaab] PC= 0x800003ec    sw      ra, 20(sp)
Cyc=        305 Op1=[0x80002000] Op2=[0x00000014] W[W,30= 0xbccddaab]   Mem[1: R:0xbccddaab W:0x00000000] PC= 0x800003f0    lw      t5, 20(sp)
Cyc=        306 Op1=[0xbccde000] Op2=[0x00000000] W[W,29= 0xbccde000]   Mem[0: R:0x00000000 W:0x00000000] PC= 0x800003f4    lui     t4, 0xbccde
Cyc=        307 Op1=[0xbccde000] Op2=[0xfffffaab] W[W,29= 0xbccddaab]   Mem[0: R:0x00000000 W:0x00000000] PC= 0x800003f8    addi    t4, t4, -1365
Cyc=        308 Op1=[0xbccddaab] Op2=[0xbccddaab] W[_, 4= 0x00000000]   Mem[0: R:0x04c0006f W:0xbccddaab] PC= 0x800003fc    bne     t5, t4, pc + 388
Cyc=        309 Op1=[0x00000001] Op2=[0x00000001] W[W, 4= 0x00000002]   Mem[0: R:0x2f7304c0 W:0xbccddaab] PC= 0x80000400    addi    tp, tp, 1
Cyc=        310 Op1=[0x00000000] Op2=[0x00000002] W[W, 5= 0x00000002]   Mem[0: R:0x2f7304c0 W:0x80002000] PC= 0x80000404    li      t0, 2
Cyc=        311 Op1=[0x00000002] Op2=[0x00000002] W[_,13= 0x00000000]   Mem[0: R:0x04c0006f W:0x00000002] PC= 0x80000408    bne     tp, t0, pc - 52
Cyc=        312 Op1=[0x00000000] Op2=[0x00000012] W[W, 3= 0x00000012]   Mem[0: R:0x06630090 W:0x00000000] PC= 0x8000040c    li      gp, 18
Cyc=        313 Op1=[0x00000000] Op2=[0x00000000] W[W, 4= 0x00000000]   Mem[0: R:0x04c0006f W:0x00000000] PC= 0x80000410    li      tp, 0
Cyc=        314 Op1=[0x00002000] Op2=[0x80000414] W[W, 2= 0x80002414]   Mem[0: R:0x00000000 W:0x00000000] PC= 0x80000414    auipc   sp, 0x2
Cyc=        315 Op1=[0x80002414] Op2=[0xfffffbec] W[W, 2= 0x80002000]   Mem[0: R:0xaabbccdd W:0x00000000] PC= 0x80000418    addi    sp, sp, -1044
Cyc=        316 Op1=[0x00112000] Op2=[0xbccddaab] W[W, 1= 0x00112000]   Mem[0: R:0x00000000 W:0xbccddaab] PC= 0x8000041c    lui     ra, 0x112
Cyc=        317 Op1=[0x00112000] Op2=[0x00000233] W[W, 1= 0x00112233]   Mem[0: R:0x00000000 W:0x00000000] PC= 0x80000420    addi    ra, ra, 563
Cyc=        318 Op1=[0x80002000] Op2=[0x00000000] W[_, 0= 0x80002000]   Mem[0: R:0xaabbccdd W:0x00112233] PC= 0x80000424    sw      ra, 0(sp)
Cyc=        319 Op1=[0x80002000] Op2=[0x00000000] W[W,30= 0x00112233]   Mem[1: R:0x00112233 W:0x00000000] PC= 0x80000428    lw      t5, 0(sp)
Cyc=        320 Op1=[0x00112000] Op2=[0x00112233] W[W,29= 0x00112000]   Mem[0: R:0x00000000 W:0x00112233] PC= 0x8000042c    lui     t4, 0x112
Cyc=        321 Op1=[0x00112000] Op2=[0x00000233] W[W,29= 0x00112233]   Mem[0: R:0x00000000 W:0x00000000] PC= 0x80000430    addi    t4, t4, 563
Cyc=        322 Op1=[0x00112233] Op2=[0x00112233] W[_,12= 0x00000000]   Mem[0: R:0x04c0006f W:0x00112233] PC= 0x80000434    bne     t5, t4, pc + 332
Cyc=        323 Op1=[0x00000000] Op2=[0x00000001] W[W, 4= 0x00000001]   Mem[0: R:0x7304c000 W:0x00112233] PC= 0x80000438    addi    tp, tp, 1
Cyc=        324 Op1=[0x00000000] Op2=[0x00000002] W[W, 5= 0x00000002]   Mem[0: R:0x2f7304c0 W:0x80002000] PC= 0x8000043c    li      t0, 2
Cyc=        325 Op1=[0x00000001] Op2=[0x00000002] W[_,21= 0x00000000]   Mem[0: R:0x04c0006f W:0x00000002] PC= 0x80000440  B bne     tp, t0, pc - 44
Cyc=        326 Op1=[0x00002000] Op2=[0x80000414] W[W, 2= 0x80002414]   Mem[0: R:0x00000000 W:0x00000000] PC= 0x80000414    auipc   sp, 0x2
Cyc=        327 Op1=[0x80002414] Op2=[0xfffffbec] W[W, 2= 0x80002000]   Mem[0: R:0x00112233 W:0x00000000] PC= 0x80000418    addi    sp, sp, -1044
Cyc=        328 Op1=[0x00112000] Op2=[0x00112233] W[W, 1= 0x00112000]   Mem[0: R:0x00000000 W:0x00112233] PC= 0x8000041c    lui     ra, 0x112
Cyc=        329 Op1=[0x00112000] Op2=[0x00000233] W[W, 1= 0x00112233]   Mem[0: R:0x00000000 W:0x00000000] PC= 0x80000420    addi    ra, ra, 563
Cyc=        330 Op1=[0x80002000] Op2=[0x00000000] W[_, 0= 0x80002000]   Mem[0: R:0x00112233 W:0x00112233] PC= 0x80000424    sw      ra, 0(sp)
Cyc=        331 Op1=[0x80002000] Op2=[0x00000000] W[W,30= 0x00112233]   Mem[1: R:0x00112233 W:0x00000000] PC= 0x80000428    lw      t5, 0(sp)
Cyc=        332 Op1=[0x00112000] Op2=[0x00112233] W[W,29= 0x00112000]   Mem[0: R:0x00000000 W:0x00112233] PC= 0x8000042c    lui     t4, 0x112
Cyc=        333 Op1=[0x00112000] Op2=[0x00000233] W[W,29= 0x00112233]   Mem[0: R:0x00000000 W:0x00000000] PC= 0x80000430    addi    t4, t4, 563
Cyc=        334 Op1=[0x00112233] Op2=[0x00112233] W[_,12= 0x00000000]   Mem[0: R:0x04c0006f W:0x00112233] PC= 0x80000434    bne     t5, t4, pc + 332
Cyc=        335 Op1=[0x00000001] Op2=[0x00000001] W[W, 4= 0x00000002]   Mem[0: R:0x2f7304c0 W:0x00112233] PC= 0x80000438    addi    tp, tp, 1
Cyc=        336 Op1=[0x00000000] Op2=[0x00000002] W[W, 5= 0x00000002]   Mem[0: R:0x2f7304c0 W:0x80002000] PC= 0x8000043c    li      t0, 2
Cyc=        337 Op1=[0x00000002] Op2=[0x00000002] W[_,21= 0x00000000]   Mem[0: R:0x04c0006f W:0x00000002] PC= 0x80000440    bne     tp, t0, pc - 44
Cyc=        338 Op1=[0x00000000] Op2=[0x00000013] W[W, 3= 0x00000013]   Mem[0: R:0xff066300 W:0x00000000] PC= 0x80000444    li      gp, 19
Cyc=        339 Op1=[0x00000000] Op2=[0x00000000] W[W, 4= 0x00000000]   Mem[0: R:0x04c0006f W:0x00000000] PC= 0x80000448    li      tp, 0
Cyc=        340 Op1=[0x00002000] Op2=[0x8000044c] W[W, 2= 0x8000244c]   Mem[0: R:0x00000000 W:0x00000000] PC= 0x8000044c    auipc   sp, 0x2
Cyc=        341 Op1=[0x8000244c] Op2=[0xfffffbb4] W[W, 2= 0x80002000]   Mem[0: R:0x00112233 W:0x00000000] PC= 0x80000450    addi    sp, sp, -1100
Cyc=        342 Op1=[0x30011000] Op2=[0x00000000] W[W, 1= 0x30011000]   Mem[0: R:0x00000000 W:0x00000000] PC= 0x80000454    lui     ra, 0x30011
Cyc=        343 Op1=[0x30011000] Op2=[0x00000223] W[W, 1= 0x30011223]   Mem[0: R:0x00000000 W:0x00000013] PC= 0x80000458    addi    ra, ra, 547
Cyc=        344 Op1=[0x00000000] Op2=[0x00000000] W[W, 0= 0x00000000]   Mem[0: R:0x04c0006f W:0x00000000] PC= 0x8000045c    nop
Cyc=        345 Op1=[0x80002000] Op2=[0x00000004] W[_, 4= 0x80002004]   Mem[0: R:0xdaabbccd W:0x30011223] PC= 0x80000460    sw      ra, 4(sp)
Cyc=        346 Op1=[0x80002000] Op2=[0x00000004] W[W,30= 0x30011223]   Mem[1: R:0x30011223 W:0x00000000] PC= 0x80000464    lw      t5, 4(sp)
Cyc=        347 Op1=[0x30011000] Op2=[0x00000000] W[W,29= 0x30011000]   Mem[0: R:0x00000000 W:0x00000000] PC= 0x80000468    lui     t4, 0x30011
Cyc=        348 Op1=[0x30011000] Op2=[0x00000223] W[W,29= 0x30011223]   Mem[0: R:0x00000000 W:0x00000013] PC= 0x8000046c    addi    t4, t4, 547
Cyc=        349 Op1=[0x30011223] Op2=[0x30011223] W[_,16= 0x00000000]   Mem[0: R:0x04c0006f W:0x30011223] PC= 0x80000470    bne     t5, t4, pc + 272
Cyc=        350 Op1=[0x00000000] Op2=[0x00000001] W[W, 4= 0x00000001]   Mem[0: R:0x7304c000 W:0x30011223] PC= 0x80000474    addi    tp, tp, 1
Cyc=        351 Op1=[0x00000000] Op2=[0x00000002] W[W, 5= 0x00000002]   Mem[0: R:0x2f7304c0 W:0x80002000] PC= 0x80000478    li      t0, 2
Cyc=        352 Op1=[0x00000001] Op2=[0x00000002] W[_,17= 0x00000000]   Mem[0: R:0x04c0006f W:0x00000002] PC= 0x8000047c  B bne     tp, t0, pc - 48
Cyc=        353 Op1=[0x00002000] Op2=[0x8000044c] W[W, 2= 0x8000244c]   Mem[0: R:0x00000000 W:0x00000000] PC= 0x8000044c    auipc   sp, 0x2
Cyc=        354 Op1=[0x8000244c] Op2=[0xfffffbb4] W[W, 2= 0x80002000]   Mem[0: R:0x00112233 W:0x00000000] PC= 0x80000450    addi    sp, sp, -1100
Cyc=        355 Op1=[0x30011000] Op2=[0x00000000] W[W, 1= 0x30011000]   Mem[0: R:0x00000000 W:0x00000000] PC= 0x80000454    lui     ra, 0x30011
Cyc=        356 Op1=[0x30011000] Op2=[0x00000223] W[W, 1= 0x30011223]   Mem[0: R:0x00000000 W:0x00000013] PC= 0x80000458    addi    ra, ra, 547
Cyc=        357 Op1=[0x00000000] Op2=[0x00000000] W[W, 0= 0x00000000]   Mem[0: R:0x04c0006f W:0x00000000] PC= 0x8000045c    nop
Cyc=        358 Op1=[0x80002000] Op2=[0x00000004] W[_, 4= 0x80002004]   Mem[0: R:0x30011223 W:0x30011223] PC= 0x80000460    sw      ra, 4(sp)
Cyc=        359 Op1=[0x80002000] Op2=[0x00000004] W[W,30= 0x30011223]   Mem[1: R:0x30011223 W:0x00000001] PC= 0x80000464    lw      t5, 4(sp)
Cyc=        360 Op1=[0x30011000] Op2=[0x00000000] W[W,29= 0x30011000]   Mem[0: R:0x00000000 W:0x00000000] PC= 0x80000468    lui     t4, 0x30011
Cyc=        361 Op1=[0x30011000] Op2=[0x00000223] W[W,29= 0x30011223]   Mem[0: R:0x00000000 W:0x00000013] PC= 0x8000046c    addi    t4, t4, 547
Cyc=        362 Op1=[0x30011223] Op2=[0x30011223] W[_,16= 0x00000000]   Mem[0: R:0x04c0006f W:0x30011223] PC= 0x80000470    bne     t5, t4, pc + 272
Cyc=        363 Op1=[0x00000001] Op2=[0x00000001] W[W, 4= 0x00000002]   Mem[0: R:0x2f7304c0 W:0x30011223] PC= 0x80000474    addi    tp, tp, 1
Cyc=        364 Op1=[0x00000000] Op2=[0x00000002] W[W, 5= 0x00000002]   Mem[0: R:0x2f7304c0 W:0x80002000] PC= 0x80000478    li      t0, 2
Cyc=        365 Op1=[0x00000002] Op2=[0x00000002] W[_,17= 0x00000000]   Mem[0: R:0x04c0006f W:0x00000002] PC= 0x8000047c    bne     tp, t0, pc - 48
Cyc=        366 Op1=[0x00000000] Op2=[0x00000014] W[W, 3= 0x00000014]   Mem[0: R:0x03ff0663 W:0x00000000] PC= 0x80000480    li      gp, 20
Cyc=        367 Op1=[0x00000000] Op2=[0x00000000] W[W, 4= 0x00000000]   Mem[0: R:0x04c0006f W:0x00000000] PC= 0x80000484    li      tp, 0
Cyc=        368 Op1=[0x00002000] Op2=[0x80000488] W[W, 2= 0x80002488]   Mem[0: R:0x00000000 W:0x00000000] PC= 0x80000488    auipc   sp, 0x2
Cyc=        369 Op1=[0x80002488] Op2=[0xfffffb78] W[W, 2= 0x80002000]   Mem[0: R:0x00112233 W:0x00000000] PC= 0x8000048c    addi    sp, sp, -1160
Cyc=        370 Op1=[0x33001000] Op2=[0x00000000] W[W, 1= 0x33001000]   Mem[0: R:0x00000000 W:0x00000000] PC= 0x80000490    lui     ra, 0x33001
Cyc=        371 Op1=[0x33001000] Op2=[0x00000122] W[W, 1= 0x33001122]   Mem[0: R:0x00000000 W:0x80002000] PC= 0x80000494    addi    ra, ra, 290
Cyc=        372 Op1=[0x00000000] Op2=[0x00000000] W[W, 0= 0x00000000]   Mem[0: R:0x04c0006f W:0x00000000] PC= 0x80000498    nop
Cyc=        373 Op1=[0x00000000] Op2=[0x00000000] W[W, 0= 0x00000000]   Mem[0: R:0x04c0006f W:0x00000000] PC= 0x8000049c    nop
Cyc=        374 Op1=[0x80002000] Op2=[0x00000008] W[_, 8= 0x80002008]   Mem[0: R:0xddaabbcc W:0x33001122] PC= 0x800004a0    sw      ra, 8(sp)
Cyc=        375 Op1=[0x80002000] Op2=[0x00000008] W[W,30= 0x33001122]   Mem[1: R:0x33001122 W:0x00000000] PC= 0x800004a4    lw      t5, 8(sp)
Cyc=        376 Op1=[0x33001000] Op2=[0x00000000] W[W,29= 0x33001000]   Mem[0: R:0x00000000 W:0x00000000] PC= 0x800004a8    lui     t4, 0x33001
Cyc=        377 Op1=[0x33001000] Op2=[0x00000122] W[W,29= 0x33001122]   Mem[0: R:0x00000000 W:0x80002000] PC= 0x800004ac    addi    t4, t4, 290
Cyc=        378 Op1=[0x33001122] Op2=[0x33001122] W[_,16= 0x00000000]   Mem[0: R:0x04c0006f W:0x33001122] PC= 0x800004b0    bne     t5, t4, pc + 208
Cyc=        379 Op1=[0x00000000] Op2=[0x00000001] W[W, 4= 0x00000001]   Mem[0: R:0x7304c000 W:0x33001122] PC= 0x800004b4    addi    tp, tp, 1
Cyc=        380 Op1=[0x00000000] Op2=[0x00000002] W[W, 5= 0x00000002]   Mem[0: R:0x2f7304c0 W:0x80002000] PC= 0x800004b8    li      t0, 2
Cyc=        381 Op1=[0x00000001] Op2=[0x00000002] W[_,13= 0x00000000]   Mem[0: R:0x04c0006f W:0x00000002] PC= 0x800004bc  B bne     tp, t0, pc - 52
Cyc=        382 Op1=[0x00002000] Op2=[0x80000488] W[W, 2= 0x80002488]   Mem[0: R:0x00000000 W:0x00000000] PC= 0x80000488    auipc   sp, 0x2
Cyc=        383 Op1=[0x80002488] Op2=[0xfffffb78] W[W, 2= 0x80002000]   Mem[0: R:0x00112233 W:0x00000000] PC= 0x8000048c    addi    sp, sp, -1160
Cyc=        384 Op1=[0x33001000] Op2=[0x00000000] W[W, 1= 0x33001000]   Mem[0: R:0x00000000 W:0x00000000] PC= 0x80000490    lui     ra, 0x33001
Cyc=        385 Op1=[0x33001000] Op2=[0x00000122] W[W, 1= 0x33001122]   Mem[0: R:0x00000000 W:0x80002000] PC= 0x80000494    addi    ra, ra, 290
Cyc=        386 Op1=[0x00000000] Op2=[0x00000000] W[W, 0= 0x00000000]   Mem[0: R:0x04c0006f W:0x00000000] PC= 0x80000498    nop
Cyc=        387 Op1=[0x00000000] Op2=[0x00000000] W[W, 0= 0x00000000]   Mem[0: R:0x04c0006f W:0x00000000] PC= 0x8000049c    nop
Cyc=        388 Op1=[0x80002000] Op2=[0x00000008] W[_, 8= 0x80002008]   Mem[0: R:0x33001122 W:0x33001122] PC= 0x800004a0    sw      ra, 8(sp)
Cyc=        389 Op1=[0x80002000] Op2=[0x00000008] W[W,30= 0x33001122]   Mem[1: R:0x33001122 W:0x00000000] PC= 0x800004a4    lw      t5, 8(sp)
Cyc=        390 Op1=[0x33001000] Op2=[0x00000000] W[W,29= 0x33001000]   Mem[0: R:0x00000000 W:0x00000000] PC= 0x800004a8    lui     t4, 0x33001
Cyc=        391 Op1=[0x33001000] Op2=[0x00000122] W[W,29= 0x33001122]   Mem[0: R:0x00000000 W:0x80002000] PC= 0x800004ac    addi    t4, t4, 290
Cyc=        392 Op1=[0x33001122] Op2=[0x33001122] W[_,16= 0x00000000]   Mem[0: R:0x04c0006f W:0x33001122] PC= 0x800004b0    bne     t5, t4, pc + 208
Cyc=        393 Op1=[0x00000001] Op2=[0x00000001] W[W, 4= 0x00000002]   Mem[0: R:0x2f7304c0 W:0x33001122] PC= 0x800004b4    addi    tp, tp, 1
Cyc=        394 Op1=[0x00000000] Op2=[0x00000002] W[W, 5= 0x00000002]   Mem[0: R:0x2f7304c0 W:0x80002000] PC= 0x800004b8    li      t0, 2
Cyc=        395 Op1=[0x00000002] Op2=[0x00000002] W[_,13= 0x00000000]   Mem[0: R:0x04c0006f W:0x00000002] PC= 0x800004bc    bne     tp, t0, pc - 52
Cyc=        396 Op1=[0x00000000] Op2=[0x00000015] W[W, 3= 0x00000015]   Mem[0: R:0x9303ff06 W:0x00000000] PC= 0x800004c0    li      gp, 21
Cyc=        397 Op1=[0x00000000] Op2=[0x00000000] W[W, 4= 0x00000000]   Mem[0: R:0x04c0006f W:0x00000000] PC= 0x800004c4    li      tp, 0
Cyc=        398 Op1=[0x00002000] Op2=[0x800004c8] W[W, 2= 0x800024c8]   Mem[0: R:0x00000000 W:0x00000000] PC= 0x800004c8    auipc   sp, 0x2
Cyc=        399 Op1=[0x800024c8] Op2=[0xfffffb38] W[W, 2= 0x80002000]   Mem[0: R:0x00112233 W:0x00000000] PC= 0x800004cc    addi    sp, sp, -1224
Cyc=        400 Op1=[0x00000000] Op2=[0x00000000] W[W, 0= 0x00000000]   Mem[0: R:0x04c0006f W:0x00000000] PC= 0x800004d0    nop
Cyc=        401 Op1=[0x23300000] Op2=[0x00000000] W[W, 1= 0x23300000]   Mem[0: R:0x00000000 W:0x00000000] PC= 0x800004d4    lui     ra, 0x23300
Cyc=        402 Op1=[0x23300000] Op2=[0x00000112] W[W, 1= 0x23300112]   Mem[0: R:0x00000000 W:0x00000000] PC= 0x800004d8    addi    ra, ra, 274
Cyc=        403 Op1=[0x80002000] Op2=[0x0000000c] W[_,12= 0x8000200c]   Mem[0: R:0xcddaabbc W:0x23300112] PC= 0x800004dc    sw      ra, 12(sp)
Cyc=        404 Op1=[0x80002000] Op2=[0x0000000c] W[W,30= 0x23300112]   Mem[1: R:0x23300112 W:0x00000000] PC= 0x800004e0    lw      t5, 12(sp)
Cyc=        405 Op1=[0x23300000] Op2=[0x00000000] W[W,29= 0x23300000]   Mem[0: R:0x00000000 W:0x00000000] PC= 0x800004e4    lui     t4, 0x23300
Cyc=        406 Op1=[0x23300000] Op2=[0x00000112] W[W,29= 0x23300112]   Mem[0: R:0x00000000 W:0x00000000] PC= 0x800004e8    addi    t4, t4, 274
Cyc=        407 Op1=[0x23300112] Op2=[0x23300112] W[_,20= 0x00000000]   Mem[0: R:0x04c0006f W:0x23300112] PC= 0x800004ec    bne     t5, t4, pc + 148
Cyc=        408 Op1=[0x00000000] Op2=[0x00000001] W[W, 4= 0x00000001]   Mem[0: R:0x7304c000 W:0x23300112] PC= 0x800004f0    addi    tp, tp, 1
Cyc=        409 Op1=[0x00000000] Op2=[0x00000002] W[W, 5= 0x00000002]   Mem[0: R:0x2f7304c0 W:0x80002000] PC= 0x800004f4    li      t0, 2
Cyc=        410 Op1=[0x00000001] Op2=[0x00000002] W[_,17= 0x00000000]   Mem[0: R:0x04c0006f W:0x00000002] PC= 0x800004f8  B bne     tp, t0, pc - 48
Cyc=        411 Op1=[0x00002000] Op2=[0x800004c8] W[W, 2= 0x800024c8]   Mem[0: R:0x00000000 W:0x00000000] PC= 0x800004c8    auipc   sp, 0x2
Cyc=        412 Op1=[0x800024c8] Op2=[0xfffffb38] W[W, 2= 0x80002000]   Mem[0: R:0x00112233 W:0x00000000] PC= 0x800004cc    addi    sp, sp, -1224
Cyc=        413 Op1=[0x00000000] Op2=[0x00000000] W[W, 0= 0x00000000]   Mem[0: R:0x04c0006f W:0x00000000] PC= 0x800004d0    nop
Cyc=        414 Op1=[0x23300000] Op2=[0x00000000] W[W, 1= 0x23300000]   Mem[0: R:0x00000000 W:0x00000000] PC= 0x800004d4    lui     ra, 0x23300
Cyc=        415 Op1=[0x23300000] Op2=[0x00000112] W[W, 1= 0x23300112]   Mem[0: R:0x00000000 W:0x00000000] PC= 0x800004d8    addi    ra, ra, 274
Cyc=        416 Op1=[0x80002000] Op2=[0x0000000c] W[_,12= 0x8000200c]   Mem[0: R:0x23300112 W:0x23300112] PC= 0x800004dc    sw      ra, 12(sp)
Cyc=        417 Op1=[0x80002000] Op2=[0x0000000c] W[W,30= 0x23300112]   Mem[1: R:0x23300112 W:0x00000000] PC= 0x800004e0    lw      t5, 12(sp)
Cyc=        418 Op1=[0x23300000] Op2=[0x00000000] W[W,29= 0x23300000]   Mem[0: R:0x00000000 W:0x00000000] PC= 0x800004e4    lui     t4, 0x23300
Cyc=        419 Op1=[0x23300000] Op2=[0x00000112] W[W,29= 0x23300112]   Mem[0: R:0x00000000 W:0x00000000] PC= 0x800004e8    addi    t4, t4, 274
Cyc=        420 Op1=[0x23300112] Op2=[0x23300112] W[_,20= 0x00000000]   Mem[0: R:0x04c0006f W:0x23300112] PC= 0x800004ec    bne     t5, t4, pc + 148
Cyc=        421 Op1=[0x00000001] Op2=[0x00000001] W[W, 4= 0x00000002]   Mem[0: R:0x2f7304c0 W:0x23300112] PC= 0x800004f0    addi    tp, tp, 1
Cyc=        422 Op1=[0x00000000] Op2=[0x00000002] W[W, 5= 0x00000002]   Mem[0: R:0x2f7304c0 W:0x80002000] PC= 0x800004f4    li      t0, 2
Cyc=        423 Op1=[0x00000002] Op2=[0x00000002] W[_,17= 0x00000000]   Mem[0: R:0x04c0006f W:0x00000002] PC= 0x800004f8    bne     tp, t0, pc - 48
Cyc=        424 Op1=[0x00000000] Op2=[0x00000016] W[W, 3= 0x00000016]   Mem[0: R:0x0f9303ff W:0x00000000] PC= 0x800004fc    li      gp, 22
Cyc=        425 Op1=[0x00000000] Op2=[0x00000000] W[W, 4= 0x00000000]   Mem[0: R:0x04c0006f W:0x00000000] PC= 0x80000500    li      tp, 0
Cyc=        426 Op1=[0x00002000] Op2=[0x80000504] W[W, 2= 0x80002504]   Mem[0: R:0x00000000 W:0x00000000] PC= 0x80000504    auipc   sp, 0x2
Cyc=        427 Op1=[0x80002504] Op2=[0xfffffafc] W[W, 2= 0x80002000]   Mem[0: R:0x00112233 W:0x00000000] PC= 0x80000508    addi    sp, sp, -1284
Cyc=        428 Op1=[0x00000000] Op2=[0x00000000] W[W, 0= 0x00000000]   Mem[0: R:0x04c0006f W:0x00000000] PC= 0x8000050c    nop
Cyc=        429 Op1=[0x22330000] Op2=[0x00000016] W[W, 1= 0x22330000]   Mem[0: R:0x00000000 W:0x00000016] PC= 0x80000510    lui     ra, 0x22330
Cyc=        430 Op1=[0x22330000] Op2=[0x00000011] W[W, 1= 0x22330011]   Mem[0: R:0x00000000 W:0x00000000] PC= 0x80000514    addi    ra, ra, 17
Cyc=        431 Op1=[0x00000000] Op2=[0x00000000] W[W, 0= 0x00000000]   Mem[0: R:0x04c0006f W:0x00000000] PC= 0x80000518    nop
Cyc=        432 Op1=[0x80002000] Op2=[0x00000010] W[_,16= 0x80002010]   Mem[0: R:0xccddaabb W:0x22330011] PC= 0x8000051c    sw      ra, 16(sp)
Cyc=        433 Op1=[0x80002000] Op2=[0x00000010] W[W,30= 0x22330011]   Mem[1: R:0x22330011 W:0x00000000] PC= 0x80000520    lw      t5, 16(sp)
Cyc=        434 Op1=[0x22330000] Op2=[0x00000016] W[W,29= 0x22330000]   Mem[0: R:0x00000000 W:0x00000016] PC= 0x80000524    lui     t4, 0x22330
Cyc=        435 Op1=[0x22330000] Op2=[0x00000011] W[W,29= 0x22330011]   Mem[0: R:0x00000000 W:0x00000000] PC= 0x80000528    addi    t4, t4, 17
Cyc=        436 Op1=[0x22330011] Op2=[0x22330011] W[_,20= 0x00000000]   Mem[0: R:0x04c0006f W:0x22330011] PC= 0x8000052c    bne     t5, t4, pc + 84
Cyc=        437 Op1=[0x00000000] Op2=[0x00000001] W[W, 4= 0x00000001]   Mem[0: R:0x7304c000 W:0x22330011] PC= 0x80000530    addi    tp, tp, 1
Cyc=        438 Op1=[0x00000000] Op2=[0x00000002] W[W, 5= 0x00000002]   Mem[0: R:0x2f7304c0 W:0x80002000] PC= 0x80000534    li      t0, 2
Cyc=        439 Op1=[0x00000001] Op2=[0x00000002] W[_,13= 0x00000000]   Mem[0: R:0x04c0006f W:0x00000002] PC= 0x80000538  B bne     tp, t0, pc - 52
Cyc=        440 Op1=[0x00002000] Op2=[0x80000504] W[W, 2= 0x80002504]   Mem[0: R:0x00000000 W:0x00000000] PC= 0x80000504    auipc   sp, 0x2
Cyc=        441 Op1=[0x80002504] Op2=[0xfffffafc] W[W, 2= 0x80002000]   Mem[0: R:0x00112233 W:0x00000000] PC= 0x80000508    addi    sp, sp, -1284
Cyc=        442 Op1=[0x00000000] Op2=[0x00000000] W[W, 0= 0x00000000]   Mem[0: R:0x04c0006f W:0x00000000] PC= 0x8000050c    nop
Cyc=        443 Op1=[0x22330000] Op2=[0x00000016] W[W, 1= 0x22330000]   Mem[0: R:0x00000000 W:0x00000016] PC= 0x80000510    lui     ra, 0x22330
Cyc=        444 Op1=[0x22330000] Op2=[0x00000011] W[W, 1= 0x22330011]   Mem[0: R:0x00000000 W:0x00000000] PC= 0x80000514    addi    ra, ra, 17
Cyc=        445 Op1=[0x00000000] Op2=[0x00000000] W[W, 0= 0x00000000]   Mem[0: R:0x04c0006f W:0x00000000] PC= 0x80000518    nop
Cyc=        446 Op1=[0x80002000] Op2=[0x00000010] W[_,16= 0x80002010]   Mem[0: R:0x22330011 W:0x22330011] PC= 0x8000051c    sw      ra, 16(sp)
Cyc=        447 Op1=[0x80002000] Op2=[0x00000010] W[W,30= 0x22330011]   Mem[1: R:0x22330011 W:0x00000000] PC= 0x80000520    lw      t5, 16(sp)
Cyc=        448 Op1=[0x22330000] Op2=[0x00000016] W[W,29= 0x22330000]   Mem[0: R:0x00000000 W:0x00000016] PC= 0x80000524    lui     t4, 0x22330
Cyc=        449 Op1=[0x22330000] Op2=[0x00000011] W[W,29= 0x22330011]   Mem[0: R:0x00000000 W:0x00000000] PC= 0x80000528    addi    t4, t4, 17
Cyc=        450 Op1=[0x22330011] Op2=[0x22330011] W[_,20= 0x00000000]   Mem[0: R:0x04c0006f W:0x22330011] PC= 0x8000052c    bne     t5, t4, pc + 84
Cyc=        451 Op1=[0x00000001] Op2=[0x00000001] W[W, 4= 0x00000002]   Mem[0: R:0x2f7304c0 W:0x22330011] PC= 0x80000530    addi    tp, tp, 1
Cyc=        452 Op1=[0x00000000] Op2=[0x00000002] W[W, 5= 0x00000002]   Mem[0: R:0x2f7304c0 W:0x80002000] PC= 0x80000534    li      t0, 2
Cyc=        453 Op1=[0x00000002] Op2=[0x00000002] W[_,13= 0x00000000]   Mem[0: R:0x04c0006f W:0x00000002] PC= 0x80000538    bne     tp, t0, pc - 52
Cyc=        454 Op1=[0x00000000] Op2=[0x00000017] W[W, 3= 0x00000017]   Mem[0: R:0xb00f9303 W:0x00000000] PC= 0x8000053c    li      gp, 23
Cyc=        455 Op1=[0x00000000] Op2=[0x00000000] W[W, 4= 0x00000000]   Mem[0: R:0x04c0006f W:0x00000000] PC= 0x80000540    li      tp, 0
Cyc=        456 Op1=[0x00002000] Op2=[0x80000544] W[W, 2= 0x80002544]   Mem[0: R:0x00000000 W:0x00000000] PC= 0x80000544    auipc   sp, 0x2
Cyc=        457 Op1=[0x80002544] Op2=[0xfffffabc] W[W, 2= 0x80002000]   Mem[0: R:0x00112233 W:0x00000000] PC= 0x80000548    addi    sp, sp, -1348
Cyc=        458 Op1=[0x00000000] Op2=[0x00000000] W[W, 0= 0x00000000]   Mem[0: R:0x04c0006f W:0x00000000] PC= 0x8000054c    nop
Cyc=        459 Op1=[0x00000000] Op2=[0x00000000] W[W, 0= 0x00000000]   Mem[0: R:0x04c0006f W:0x00000000] PC= 0x80000550    nop
Cyc=        460 Op1=[0x12233000] Op2=[0x80002000] W[W, 1= 0x12233000]   Mem[0: R:0x00000000 W:0x80002000] PC= 0x80000554    lui     ra, 0x12233
Cyc=        461 Op1=[0x12233000] Op2=[0x00000001] W[W, 1= 0x12233001]   Mem[0: R:0x00000000 W:0x12233000] PC= 0x80000558    addi    ra, ra, 1
Cyc=        462 Op1=[0x80002000] Op2=[0x00000014] W[_,20= 0x80002014]   Mem[0: R:0xbccddaab W:0x12233001] PC= 0x8000055c    sw      ra, 20(sp)
Cyc=        463 Op1=[0x80002000] Op2=[0x00000014] W[W,30= 0x12233001]   Mem[1: R:0x12233001 W:0x00000000] PC= 0x80000560    lw      t5, 20(sp)
Cyc=        464 Op1=[0x12233000] Op2=[0x80002000] W[W,29= 0x12233000]   Mem[0: R:0x00000000 W:0x80002000] PC= 0x80000564    lui     t4, 0x12233
Cyc=        465 Op1=[0x12233000] Op2=[0x00000001] W[W,29= 0x12233001]   Mem[0: R:0x00000000 W:0x12233001] PC= 0x80000568    addi    t4, t4, 1
Cyc=        466 Op1=[0x12233001] Op2=[0x12233001] W[_,20= 0x00000000]   Mem[0: R:0x04c0006f W:0x12233001] PC= 0x8000056c    bne     t5, t4, pc + 20
Cyc=        467 Op1=[0x00000000] Op2=[0x00000001] W[W, 4= 0x00000001]   Mem[0: R:0x7304c000 W:0x12233001] PC= 0x80000570    addi    tp, tp, 1
Cyc=        468 Op1=[0x00000000] Op2=[0x00000002] W[W, 5= 0x00000002]   Mem[0: R:0x2f7304c0 W:0x80002000] PC= 0x80000574    li      t0, 2
Cyc=        469 Op1=[0x00000001] Op2=[0x00000002] W[_,13= 0x00000000]   Mem[0: R:0x04c0006f W:0x00000002] PC= 0x80000578  B bne     tp, t0, pc - 52
Cyc=        470 Op1=[0x00002000] Op2=[0x80000544] W[W, 2= 0x80002544]   Mem[0: R:0x00000000 W:0x00000000] PC= 0x80000544    auipc   sp, 0x2
Cyc=        471 Op1=[0x80002544] Op2=[0xfffffabc] W[W, 2= 0x80002000]   Mem[0: R:0x00112233 W:0x00000000] PC= 0x80000548    addi    sp, sp, -1348
Cyc=        472 Op1=[0x00000000] Op2=[0x00000000] W[W, 0= 0x00000000]   Mem[0: R:0x04c0006f W:0x00000000] PC= 0x8000054c    nop
Cyc=        473 Op1=[0x00000000] Op2=[0x00000000] W[W, 0= 0x00000000]   Mem[0: R:0x04c0006f W:0x00000000] PC= 0x80000550    nop
Cyc=        474 Op1=[0x12233000] Op2=[0x80002000] W[W, 1= 0x12233000]   Mem[0: R:0x00000000 W:0x80002000] PC= 0x80000554    lui     ra, 0x12233
Cyc=        475 Op1=[0x12233000] Op2=[0x00000001] W[W, 1= 0x12233001]   Mem[0: R:0x00000000 W:0x12233000] PC= 0x80000558    addi    ra, ra, 1
Cyc=        476 Op1=[0x80002000] Op2=[0x00000014] W[_,20= 0x80002014]   Mem[0: R:0x12233001 W:0x12233001] PC= 0x8000055c    sw      ra, 20(sp)
Cyc=        477 Op1=[0x80002000] Op2=[0x00000014] W[W,30= 0x12233001]   Mem[1: R:0x12233001 W:0x00000000] PC= 0x80000560    lw      t5, 20(sp)
Cyc=        478 Op1=[0x12233000] Op2=[0x80002000] W[W,29= 0x12233000]   Mem[0: R:0x00000000 W:0x80002000] PC= 0x80000564    lui     t4, 0x12233
Cyc=        479 Op1=[0x12233000] Op2=[0x00000001] W[W,29= 0x12233001]   Mem[0: R:0x00000000 W:0x12233001] PC= 0x80000568    addi    t4, t4, 1
Cyc=        480 Op1=[0x12233001] Op2=[0x12233001] W[_,20= 0x00000000]   Mem[0: R:0x04c0006f W:0x12233001] PC= 0x8000056c    bne     t5, t4, pc + 20
Cyc=        481 Op1=[0x00000001] Op2=[0x00000001] W[W, 4= 0x00000002]   Mem[0: R:0x2f7304c0 W:0x12233001] PC= 0x80000570    addi    tp, tp, 1
Cyc=        482 Op1=[0x00000000] Op2=[0x00000002] W[W, 5= 0x00000002]   Mem[0: R:0x2f7304c0 W:0x80002000] PC= 0x80000574    li      t0, 2
Cyc=        483 Op1=[0x00000002] Op2=[0x00000002] W[_,13= 0x00000000]   Mem[0: R:0x04c0006f W:0x00000002] PC= 0x80000578    bne     tp, t0, pc - 52
Cyc=        484 Op1=[0x00000000] Op2=[0x00000017] W[_,24= 0x00000000]   Mem[0: R:0x04c0006f W:0x00000017] PC= 0x8000057c  B bne     zero, gp, pc + 24
Cyc=        485 Op1=[0x00000000] Op2=[0x00000000] W[_, 0= 0x00000000]   Mem[0: R:0x04c0006f W:0x00000000] PC= 0x80000594    fence
Cyc=        486 Op1=[0x00000000] Op2=[0x00000001] W[W, 3= 0x00000001]   Mem[0: R:0x7304c000 W:0x12233001] PC= 0x80000598    li      gp, 1
Cyc=        487 Op1=[0x00000000] Op2=[0x00000000] W[_, 0= 0x00000000]   Mem[0: R:0x04c0006f W:0x00000000] PC= 0x8000059c  X ecall
Cyc=        488 Op1=[0x00000000] Op2=[0x80002000] W[W,30= 0x0000000b]   Mem[3: R:0x04c0006f W:0x80002000] PC= 0x80000004    csrr    t5, mcause
Cyc=        489 Op1=[0x00000000] Op2=[0x00000008] W[W,31= 0x00000008]   Mem[0: R:0x00800f93 W:0x00000000] PC= 0x80000008    li      t6, 8
Cyc=        490 Op1=[0x0000000b] Op2=[0x00000008] W[_,20= 0x00000000]   Mem[0: R:0x04c0006f W:0x00000008] PC= 0x8000000c    beq     t5, t6, pc + 52
Cyc=        491 Op1=[0x00000000] Op2=[0x00000009] W[W,31= 0x00000009]   Mem[0: R:0x6300800f W:0x00000000] PC= 0x80000010    li      t6, 9
Cyc=        492 Op1=[0x0000000b] Op2=[0x00000009] W[_,12= 0x00000000]   Mem[0: R:0x04c0006f W:0x00000009] PC= 0x80000014    beq     t5, t6, pc + 44
Cyc=        493 Op1=[0x00000000] Op2=[0x0000000b] W[W,31= 0x0000000b]   Mem[0: R:0xff0a6300 W:0x00000000] PC= 0x80000018    li      t6, 11
Cyc=        494 Op1=[0x0000000b] Op2=[0x0000000b] W[_, 4= 0x00000000]   Mem[0: R:0x04c0006f W:0x0000000b] PC= 0x8000001c  B beq     t5, t6, pc + 36
Cyc=        495 Op1=[0x00001000] Op2=[0x80000040] W[W,30= 0x80001040]   Mem[0: R:0x00000000 W:0x00000000] PC= 0x80000040    auipc   t5, 0x1
Cyc=        496 Op1=[0x80001040] Op2=[0xffffffc0] W[_, 0= 0x80001000]   Mem[0: R:0x00000000 W:0x00000001] PC= 0x80000044    sw      gp, -64(t5)
Cyc=        497 Op1=[0x0000000b] Op2=[0x00000000] W[W, 0= 0x8000004c]   Mem[2: R:0x04c0006f W:0x00000000] PC= 0x80000048  J j       pc - 0x8
Cyc=        498 Op1=[0x00001000] Op2=[0x80000040] W[W,30= 0x80001040]   Mem[0: R:0x00000000 W:0x00000000] PC= 0x80000040    auipc   t5, 0x1
Cyc=        499 Op1=[0x80001040] Op2=[0xffffffc0] W[_, 0= 0x80001000]   Mem[0: R:0x00000001 W:0x00000001] PC= 0x80000044    sw      gp, -64(t5)
Cyc=        500 Op1=[0x0000000b] Op2=[0x00000000] W[W, 0= 0x8000004c]   Mem[2: R:0x04c0006f W:0x00000000] PC= 0x80000048  J j       pc - 0x8
Cyc=        501 Op1=[0x00001000] Op2=[0x80000040] W[W,30= 0x80001040]   Mem[0: R:0x00000000 W:0x00000000] PC= 0x80000040    auipc   t5, 0x1
Cyc=        502 Op1=[0x80001040] Op2=[0xffffffc0] W[_, 0= 0x80001000]   Mem[0: R:0x00000001 W:0x00000001] PC= 0x80000044    sw      gp, -64(t5)
Cyc=        503 Op1=[0x0000000b] Op2=[0x00000000] W[W, 0= 0x8000004c]   Mem[2: R:0x04c0006f W:0x00000000] PC= 0x80000048  J j       pc - 0x8
Cyc=        504 Op1=[0x00001000] Op2=[0x80000040] W[W,30= 0x80001040]   Mem[0: R:0x00000000 W:0x00000000] PC= 0x80000040    auipc   t5, 0x1
Cyc=        505 Op1=[0x80001040] Op2=[0xffffffc0] W[_, 0= 0x80001000]   Mem[0: R:0x00000001 W:0x00000001] PC= 0x80000044    sw      gp, -64(t5)
Cyc=        506 Op1=[0x0000000b] Op2=[0x00000000] W[W, 0= 0x8000004c]   Mem[2: R:0x04c0006f W:0x00000000] PC= 0x80000048  J j       pc - 0x8
Cyc=        507 Op1=[0x00001000] Op2=[0x80000040] W[W,30= 0x80001040]   Mem[0: R:0x00000000 W:0x00000000] PC= 0x80000040    auipc   t5, 0x1
Cyc=        508 Op1=[0x80001040] Op2=[0xffffffc0] W[_, 0= 0x80001000]   Mem[0: R:0x00000001 W:0x00000001] PC= 0x80000044    sw      gp, -64(t5)
Cyc=        509 Op1=[0x0000000b] Op2=[0x00000000] W[W, 0= 0x8000004c]   Mem[2: R:0x04c0006f W:0x00000000] PC= 0x80000048  J j       pc - 0x8
Cyc=        510 Op1=[0x00001000] Op2=[0x80000040] W[W,30= 0x80001040]   Mem[0: R:0x00000000 W:0x00000000] PC= 0x80000040    auipc   t5, 0x1
Cyc=        511 Op1=[0x80001040] Op2=[0xffffffc0] W[_, 0= 0x80001000]   Mem[0: R:0x00000001 W:0x00000001] PC= 0x80000044    sw      gp, -64(t5)
Cyc=        512 Op1=[0x0000000b] Op2=[0x00000000] W[W, 0= 0x8000004c]   Mem[2: R:0x04c0006f W:0x00000000] PC= 0x80000048  J j       pc - 0x8
Cyc=        513 Op1=[0x00001000] Op2=[0x80000040] W[W,30= 0x80001040]   Mem[0: R:0x00000000 W:0x00000000] PC= 0x80000040    auipc   t5, 0x1
Cyc=        514 Op1=[0x80001040] Op2=[0xffffffc0] W[_, 0= 0x80001000]   Mem[0: R:0x00000001 W:0x00000001] PC= 0x80000044    sw      gp, -64(t5)
Cyc=        515 Op1=[0x0000000b] Op2=[0x00000000] W[W, 0= 0x8000004c]   Mem[2: R:0x04c0006f W:0x00000000] PC= 0x80000048  J j       pc - 0x8
Cyc=        516 Op1=[0x00001000] Op2=[0x80000040] W[W,30= 0x80001040]   Mem[0: R:0x00000000 W:0x00000000] PC= 0x80000040    auipc   t5, 0x1
Cyc=        517 Op1=[0x80001040] Op2=[0xffffffc0] W[_, 0= 0x80001000]   Mem[0: R:0x00000000 W:0x00000001] PC= 0x80000044    sw      gp, -64(t5)
Cyc=        518 Op1=[0x0000000b] Op2=[0x00000000] W[W, 0= 0x8000004c]   Mem[2: R:0x04c0006f W:0x00000000] PC= 0x80000048  J j       pc - 0x8
Cyc=        519 Op1=[0x00001000] Op2=[0x80000040] W[W,30= 0x80001040]   Mem[0: R:0x00000000 W:0x00000000] PC= 0x80000040    auipc   t5, 0x1
*** PASSED ***
