Instantiated DTM.
Cyc=          0 Op1=[0x00000000] Op2=[0x00000000] W[W, 0= 0x80000004]   Mem[2: R:0x04c0006f W:0x00000000] PC= 0x80000000  J j       pc + 0x4c
Cyc=          1 Op1=[0x00000000] Op2=[0x00000000] W[W,10= 0x00000000]   Mem[3: R:0x04c0006f W:0x00000000] PC= 0x8000004c    csrr    a0, mhartid
Cyc=          2 Op1=[0x00000000] Op2=[0x00000000] W[_, 0= 0x00000000]   Mem[0: R:0x04c0006f W:0x00000000] PC= 0x80000050    bnez    a0, pc + 0
Cyc=          3 Op1=[0x00000000] Op2=[0x80000054] W[W, 5= 0x80000054]   Mem[0: R:0x00000297 W:0x00000000] PC= 0x80000054    auipc   t0, 0x0
Cyc=          4 Op1=[0x80000054] Op2=[0x00000010] W[W, 5= 0x80000064]   Mem[0: R:0x00000297 W:0x00000000] PC= 0x80000058    addi    t0, t0, 16
Cyc=          5 Op1=[0x80000064] Op2=[0x80000064] W[W, 0= 0x00000100]   Mem[3: R:0x00000297 W:0x80000064] PC= 0x8000005c    csrw    mtvec, t0
Cyc=          6 Op1=[0x00000000] Op2=[0x00000000] W[W, 0= 0x00000000]   Mem[3: R:0x04c0006f W:0x00000000] PC= 0x80000060    csrwi   satp, 0
Cyc=          7 Op1=[0x00000000] Op2=[0x80000064] W[W, 5= 0x80000064]   Mem[0: R:0x00000297 W:0x00000000] PC= 0x80000064    auipc   t0, 0x0
Cyc=          8 Op1=[0x80000064] Op2=[0x0000001c] W[W, 5= 0x80000080]   Mem[0: R:0x00000297 W:0x00000000] PC= 0x80000068    addi    t0, t0, 28
Cyc=          9 Op1=[0x80000080] Op2=[0x80000080] W[W, 0= 0x00000100]   Mem[3: R:0x00000297 W:0x80000080] PC= 0x8000006c    csrw    mtvec, t0
Cyc=         10 Op1=[0x00000000] Op2=[0xffffffff] W[W, 5= 0xffffffff]   Mem[0: R:0xc0006f00 W:0x00000000] PC= 0x80000070    li      t0, -1
Cyc=         11 Op1=[0xffffffff] Op2=[0x00000000] W[W, 0= 0x00000000]   Mem[3: R:0xc0006f00 W:0x00000000] PC= 0x80000074    csrw    pmpaddr0, t0
Cyc=         12 Op1=[0x00000000] Op2=[0x0000001f] W[W, 5= 0x0000001f]   Mem[0: R:0x000f1703 W:0x00000000] PC= 0x80000078    li      t0, 31
Cyc=         13 Op1=[0x0000001f] Op2=[0x00000000] W[W, 0= 0x00000000]   Mem[3: R:0x000f1703 W:0x00000000] PC= 0x8000007c    csrw    pmpcfg0, t0
Cyc=         14 Op1=[0x00000000] Op2=[0x80000080] W[W, 5= 0x80000080]   Mem[0: R:0x00000297 W:0x00000000] PC= 0x80000080    auipc   t0, 0x0
Cyc=         15 Op1=[0x80000080] Op2=[0x00000018] W[W, 5= 0x80000098]   Mem[0: R:0x00000193 W:0x00000000] PC= 0x80000084    addi    t0, t0, 24
Cyc=         16 Op1=[0x80000098] Op2=[0x80000098] W[W, 0= 0x00000100]   Mem[3: R:0x00000193 W:0x80000098] PC= 0x80000088    csrw    mtvec, t0
Cyc=         17 Op1=[0x00000000] Op2=[0x00000000] W[W, 0= 0x00000000]   Mem[3: R:0x04c0006f W:0x00000000] PC= 0x8000008c    csrwi   medeleg, 0
Cyc=         18 Op1=[0x00000000] Op2=[0x00000000] W[W, 0= 0x00000000]   Mem[3: R:0x04c0006f W:0x00000000] PC= 0x80000090    csrwi   mideleg, 0
Cyc=         19 Op1=[0x00000000] Op2=[0x00000000] W[W, 0= 0x00000000]   Mem[3: R:0x04c0006f W:0x00000000] PC= 0x80000094    csrwi   mie, 0
Cyc=         20 Op1=[0x00000000] Op2=[0x00000000] W[W, 3= 0x00000000]   Mem[0: R:0x04c0006f W:0x00000000] PC= 0x80000098    li      gp, 0
Cyc=         21 Op1=[0x00000000] Op2=[0x8000009c] W[W, 5= 0x8000009c]   Mem[0: R:0x00000297 W:0x00000000] PC= 0x8000009c    auipc   t0, 0x0
Cyc=         22 Op1=[0x8000009c] Op2=[0xffffff68] W[W, 5= 0x80000004]   Mem[0: R:0x34202f73 W:0x00000000] PC= 0x800000a0    addi    t0, t0, -152
Cyc=         23 Op1=[0x80000004] Op2=[0x80000004] W[W, 0= 0x00000100]   Mem[3: R:0x34202f73 W:0x80000004] PC= 0x800000a4    csrw    mtvec, t0
Cyc=         24 Op1=[0x00000000] Op2=[0x00000001] W[W,10= 0x00000001]   Mem[0: R:0x7304c000 W:0x00000000] PC= 0x800000a8    li      a0, 1
Cyc=         25 Op1=[0x00000001] Op2=[0x0000001f] W[W,10= 0x80000000]   Mem[0: R:0x04c0006f W:0x00000000] PC= 0x800000ac    slli    a0, a0, 31
Cyc=         26 Op1=[0x80000000] Op2=[0x00000000] W[_,16= 0x00000000]   Mem[0: R:0x04c0006f W:0x00000000] PC= 0x800000b0  B bltz    a0, pc + 16
Cyc=         27 Op1=[0x80000000] Op2=[0x800000c0] W[W, 5= 0x000000c0]   Mem[0: R:0x80000297 W:0x00000000] PC= 0x800000c0    auipc   t0, 0x80000
Cyc=         28 Op1=[0x000000c0] Op2=[0xffffff40] W[W, 5= 0x00000000]   Mem[0: R:0x04c0006f W:0x00000000] PC= 0x800000c4    addi    t0, t0, -192
Cyc=         29 Op1=[0x00000000] Op2=[0x00000000] W[_,28= 0x00000000]   Mem[0: R:0x04c0006f W:0x00000000] PC= 0x800000c8  B beqz    t0, pc + 28
Cyc=         30 Op1=[0x00000000] Op2=[0x00000000] W[W, 0= 0x00001800]   Mem[3: R:0x04c0006f W:0x00000000] PC= 0x800000e4    csrwi   mstatus, 0
Cyc=         31 Op1=[0x00000000] Op2=[0x800000e8] W[W, 5= 0x800000e8]   Mem[0: R:0x00000297 W:0x00000000] PC= 0x800000e8    auipc   t0, 0x0
Cyc=         32 Op1=[0x800000e8] Op2=[0x00000014] W[W, 5= 0x800000fc]   Mem[0: R:0x00100093 W:0x00000000] PC= 0x800000ec    addi    t0, t0, 20
Cyc=         33 Op1=[0x800000fc] Op2=[0x00000000] W[W, 0= 0x80000000]   Mem[3: R:0x00100093 W:0x00000000] PC= 0x800000f0    csrw    mepc, t0
Cyc=         34 Op1=[0x00000000] Op2=[0x00000000] W[W,10= 0x00000000]   Mem[3: R:0x04c0006f W:0x00000000] PC= 0x800000f4    csrr    a0, mhartid
Cyc=         35 Op1=[0x00000000] Op2=[0x00000000] W[_, 0= 0x00000000]   Mem[0: R:0x04c0006f W:0x00000000] PC= 0x800000f8  X mret
Cyc=         36 Op1=[0x00000000] Op2=[0x00000001] W[W, 1= 0x00000001]   Mem[0: R:0x7304c000 W:0x00000000] PC= 0x800000fc    li      ra, 1
Cyc=         37 Op1=[0x00000000] Op2=[0x00000000] W[W, 2= 0x00000000]   Mem[0: R:0x04c0006f W:0x00000000] PC= 0x80000100    li      sp, 0
Cyc=         38 Op1=[0x00000001] Op2=[0x00000000] W[W,30= 0x00000001]   Mem[0: R:0x7304c000 W:0x00000000] PC= 0x80000104    sll     t5, ra, sp
Cyc=         39 Op1=[0x00000000] Op2=[0x00000001] W[W,29= 0x00000001]   Mem[0: R:0x7304c000 W:0x00000001] PC= 0x80000108    li      t4, 1
Cyc=         40 Op1=[0x00000000] Op2=[0x00000002] W[W, 3= 0x00000002]   Mem[0: R:0x2f7304c0 W:0x00000000] PC= 0x8000010c    li      gp, 2
Cyc=         41 Op1=[0x00000001] Op2=[0x00000001] W[_,28= 0x00000000]   Mem[0: R:0x04c0006f W:0x00000001] PC= 0x80000110    bne     t5, t4, pc + 1340
Cyc=         42 Op1=[0x00000000] Op2=[0x00000001] W[W, 1= 0x00000001]   Mem[0: R:0x7304c000 W:0x00000001] PC= 0x80000114    li      ra, 1
Cyc=         43 Op1=[0x00000000] Op2=[0x00000001] W[W, 2= 0x00000001]   Mem[0: R:0x7304c000 W:0x00000001] PC= 0x80000118    li      sp, 1
Cyc=         44 Op1=[0x00000001] Op2=[0x00000001] W[W,30= 0x00000002]   Mem[0: R:0x2f7304c0 W:0x00000001] PC= 0x8000011c    sll     t5, ra, sp
Cyc=         45 Op1=[0x00000000] Op2=[0x00000002] W[W,29= 0x00000002]   Mem[0: R:0x2f7304c0 W:0x00000001] PC= 0x80000120    li      t4, 2
Cyc=         46 Op1=[0x00000000] Op2=[0x00000003] W[W, 3= 0x00000003]   Mem[0: R:0x202f7304 W:0x00000002] PC= 0x80000124    li      gp, 3
Cyc=         47 Op1=[0x00000002] Op2=[0x00000002] W[_, 4= 0x00000000]   Mem[0: R:0x04c0006f W:0x00000002] PC= 0x80000128    bne     t5, t4, pc + 1316
Cyc=         48 Op1=[0x00000000] Op2=[0x00000001] W[W, 1= 0x00000001]   Mem[0: R:0x7304c000 W:0x00000001] PC= 0x8000012c    li      ra, 1
Cyc=         49 Op1=[0x00000000] Op2=[0x00000007] W[W, 2= 0x00000007]   Mem[0: R:0x800f9334 W:0x00000000] PC= 0x80000130    li      sp, 7
Cyc=         50 Op1=[0x00000001] Op2=[0x00000007] W[W,30= 0x00000080]   Mem[0: R:0x00000297 W:0x00000007] PC= 0x80000134    sll     t5, ra, sp
Cyc=         51 Op1=[0x00000000] Op2=[0x00000080] W[W,29= 0x00000080]   Mem[0: R:0x00000297 W:0x00000000] PC= 0x80000138    li      t4, 128
Cyc=         52 Op1=[0x00000000] Op2=[0x00000004] W[W, 3= 0x00000004]   Mem[0: R:0x34202f73 W:0x00000000] PC= 0x8000013c    li      gp, 4
Cyc=         53 Op1=[0x00000080] Op2=[0x00000080] W[_,12= 0x00000000]   Mem[0: R:0x04c0006f W:0x00000080] PC= 0x80000140    bne     t5, t4, pc + 1292
Cyc=         54 Op1=[0x00000000] Op2=[0x00000001] W[W, 1= 0x00000001]   Mem[0: R:0x7304c000 W:0x00000001] PC= 0x80000144    li      ra, 1
Cyc=         55 Op1=[0x00000000] Op2=[0x0000000e] W[W, 2= 0x0000000e]   Mem[0: R:0x0f9303ff W:0x00000000] PC= 0x80000148    li      sp, 14
Cyc=         56 Op1=[0x00000001] Op2=[0x0000000e] W[W,30= 0x00004000]   Mem[0: R:0x00000000 W:0x0000000e] PC= 0x8000014c    sll     t5, ra, sp
Cyc=         57 Op1=[0x00004000] Op2=[0x00000000] W[W,29= 0x00004000]   Mem[0: R:0x00000000 W:0x00000000] PC= 0x80000150    lui     t4, 0x4
Cyc=         58 Op1=[0x00000000] Op2=[0x00000005] W[W, 3= 0x00000005]   Mem[0: R:0x9334202f W:0x800000fc] PC= 0x80000154    li      gp, 5
Cyc=         59 Op1=[0x00004000] Op2=[0x00004000] W[_,20= 0x00000000]   Mem[0: R:0x04c0006f W:0x00004000] PC= 0x80000158    bne     t5, t4, pc + 1268
Cyc=         60 Op1=[0x00000000] Op2=[0x00000001] W[W, 1= 0x00000001]   Mem[0: R:0x7304c000 W:0x00000001] PC= 0x8000015c    li      ra, 1
Cyc=         61 Op1=[0x00000000] Op2=[0x0000001f] W[W, 2= 0x0000001f]   Mem[0: R:0x000f1703 W:0x00000000] PC= 0x80000160    li      sp, 31
Cyc=         62 Op1=[0x00000001] Op2=[0x0000001f] W[W,30= 0x80000000]   Mem[0: R:0x04c0006f W:0x0000001f] PC= 0x80000164    sll     t5, ra, sp
Cyc=         63 Op1=[0x80000000] Op2=[0x00000000] W[W,29= 0x80000000]   Mem[0: R:0x04c0006f W:0x00000000] PC= 0x80000168    lui     t4, 0x80000
Cyc=         64 Op1=[0x00000000] Op2=[0x00000006] W[W, 3= 0x00000006]   Mem[0: R:0x0f933420 W:0x00000000] PC= 0x8000016c    li      gp, 6
Cyc=         65 Op1=[0x80000000] Op2=[0x80000000] W[_,28= 0x00000000]   Mem[0: R:0x04c0006f W:0x80000000] PC= 0x80000170    bne     t5, t4, pc + 1244
Cyc=         66 Op1=[0x00000000] Op2=[0xffffffff] W[W, 1= 0xffffffff]   Mem[0: R:0xc0006f00 W:0x00000000] PC= 0x80000174    li      ra, -1
Cyc=         67 Op1=[0x00000000] Op2=[0x00000000] W[W, 2= 0x00000000]   Mem[0: R:0x04c0006f W:0x00000000] PC= 0x80000178    li      sp, 0
Cyc=         68 Op1=[0xffffffff] Op2=[0x00000000] W[W,30= 0xffffffff]   Mem[0: R:0xc0006f00 W:0x00000000] PC= 0x8000017c    sll     t5, ra, sp
Cyc=         69 Op1=[0x00000000] Op2=[0xffffffff] W[W,29= 0xffffffff]   Mem[0: R:0xc0006f00 W:0x00000000] PC= 0x80000180    li      t4, -1
Cyc=         70 Op1=[0x00000000] Op2=[0x00000007] W[W, 3= 0x00000007]   Mem[0: R:0x800f9334 W:0x00000000] PC= 0x80000184    li      gp, 7
Cyc=         71 Op1=[0xffffffff] Op2=[0xffffffff] W[_, 4= 0x00000000]   Mem[0: R:0x04c0006f W:0xffffffff] PC= 0x80000188    bne     t5, t4, pc + 1220
Cyc=         72 Op1=[0x00000000] Op2=[0xffffffff] W[W, 1= 0xffffffff]   Mem[0: R:0xc0006f00 W:0x00000000] PC= 0x8000018c    li      ra, -1
Cyc=         73 Op1=[0x00000000] Op2=[0x00000001] W[W, 2= 0x00000001]   Mem[0: R:0x7304c000 W:0xffffffff] PC= 0x80000190    li      sp, 1
Cyc=         74 Op1=[0xffffffff] Op2=[0x00000001] W[W,30= 0xfffffffe]   Mem[0: R:0x006f0000 W:0x00000001] PC= 0x80000194    sll     t5, ra, sp
Cyc=         75 Op1=[0x00000000] Op2=[0xfffffffe] W[W,29= 0xfffffffe]   Mem[0: R:0x006f0000 W:0xfffffffe] PC= 0x80000198    li      t4, -2
Cyc=         76 Op1=[0x00000000] Op2=[0x00000008] W[W, 3= 0x00000008]   Mem[0: R:0x00800f93 W:0x00000000] PC= 0x8000019c    li      gp, 8
Cyc=         77 Op1=[0xfffffffe] Op2=[0xfffffffe] W[_,12= 0x00000000]   Mem[0: R:0x04c0006f W:0xfffffffe] PC= 0x800001a0    bne     t5, t4, pc + 1196
Cyc=         78 Op1=[0x00000000] Op2=[0xffffffff] W[W, 1= 0xffffffff]   Mem[0: R:0xc0006f00 W:0x00000000] PC= 0x800001a4    li      ra, -1
Cyc=         79 Op1=[0x00000000] Op2=[0x00000007] W[W, 2= 0x00000007]   Mem[0: R:0x800f9334 W:0x00000000] PC= 0x800001a8    li      sp, 7
Cyc=         80 Op1=[0xffffffff] Op2=[0x00000007] W[W,30= 0xffffff80]   Mem[0: R:0x00000000 W:0x00000007] PC= 0x800001ac    sll     t5, ra, sp
Cyc=         81 Op1=[0x00000000] Op2=[0xffffff80] W[W,29= 0xffffff80]   Mem[0: R:0x00000000 W:0x00000000] PC= 0x800001b0    li      t4, -128
Cyc=         82 Op1=[0x00000000] Op2=[0x00000009] W[W, 3= 0x00000009]   Mem[0: R:0x6300800f W:0x00000000] PC= 0x800001b4    li      gp, 9
Cyc=         83 Op1=[0xffffff80] Op2=[0xffffff80] W[_,20= 0x00000000]   Mem[0: R:0x04c0006f W:0xffffff80] PC= 0x800001b8    bne     t5, t4, pc + 1172
Cyc=         84 Op1=[0x00000000] Op2=[0xffffffff] W[W, 1= 0xffffffff]   Mem[0: R:0xc0006f00 W:0x00000000] PC= 0x800001bc    li      ra, -1
Cyc=         85 Op1=[0x00000000] Op2=[0x0000000e] W[W, 2= 0x0000000e]   Mem[0: R:0x0f9303ff W:0x00000000] PC= 0x800001c0    li      sp, 14
Cyc=         86 Op1=[0xffffffff] Op2=[0x0000000e] W[W,30= 0xffffc000]   Mem[0: R:0x00000000 W:0x0000000e] PC= 0x800001c4    sll     t5, ra, sp
Cyc=         87 Op1=[0xffffc000] Op2=[0x00000000] W[W,29= 0xffffc000]   Mem[0: R:0x00000000 W:0x00000000] PC= 0x800001c8    lui     t4, 0xffffc
Cyc=         88 Op1=[0x00000000] Op2=[0x0000000a] W[W, 3= 0x0000000a]   Mem[0: R:0x0a630080 W:0x00000000] PC= 0x800001cc    li      gp, 10
Cyc=         89 Op1=[0xffffc000] Op2=[0xffffc000] W[_,28= 0x00000000]   Mem[0: R:0x04c0006f W:0xffffc000] PC= 0x800001d0    bne     t5, t4, pc + 1148
Cyc=         90 Op1=[0x00000000] Op2=[0xffffffff] W[W, 1= 0xffffffff]   Mem[0: R:0xc0006f00 W:0x00000000] PC= 0x800001d4    li      ra, -1
Cyc=         91 Op1=[0x00000000] Op2=[0x0000001f] W[W, 2= 0x0000001f]   Mem[0: R:0x000f1703 W:0x00000000] PC= 0x800001d8    li      sp, 31
Cyc=         92 Op1=[0xffffffff] Op2=[0x0000001f] W[W,30= 0x80000000]   Mem[0: R:0x04c0006f W:0x0000001f] PC= 0x800001dc    sll     t5, ra, sp
Cyc=         93 Op1=[0x80000000] Op2=[0x00000000] W[W,29= 0x80000000]   Mem[0: R:0x04c0006f W:0x00000000] PC= 0x800001e0    lui     t4, 0x80000
Cyc=         94 Op1=[0x00000000] Op2=[0x0000000b] W[W, 3= 0x0000000b]   Mem[0: R:0xff0a6300 W:0x00000000] PC= 0x800001e4    li      gp, 11
Cyc=         95 Op1=[0x80000000] Op2=[0x80000000] W[_, 4= 0x00000000]   Mem[0: R:0x04c0006f W:0x80000000] PC= 0x800001e8    bne     t5, t4, pc + 1124
Cyc=         96 Op1=[0x21212000] Op2=[0x00000000] W[W, 1= 0x21212000]   Mem[0: R:0x00000000 W:0x00000000] PC= 0x800001ec    lui     ra, 0x21212
Cyc=         97 Op1=[0x21212000] Op2=[0x00000121] W[W, 1= 0x21212121]   Mem[0: R:0x00000000 W:0x21212000] PC= 0x800001f0    addi    ra, ra, 289
Cyc=         98 Op1=[0x00000000] Op2=[0x00000000] W[W, 2= 0x00000000]   Mem[0: R:0x04c0006f W:0x00000000] PC= 0x800001f4    li      sp, 0
Cyc=         99 Op1=[0x21212121] Op2=[0x00000000] W[W,30= 0x21212121]   Mem[0: R:0x00000000 W:0x00000000] PC= 0x800001f8    sll     t5, ra, sp
Cyc=        100 Op1=[0x21212000] Op2=[0x00000000] W[W,29= 0x21212000]   Mem[0: R:0x00000000 W:0x00000000] PC= 0x800001fc    lui     t4, 0x21212
Cyc=        101 Op1=[0x21212000] Op2=[0x00000121] W[W,29= 0x21212121]   Mem[0: R:0x00000000 W:0x21212121] PC= 0x80000200    addi    t4, t4, 289
Cyc=        102 Op1=[0x00000000] Op2=[0x0000000c] W[W, 3= 0x0000000c]   Mem[0: R:0x03ff0a63 W:0x00000000] PC= 0x80000204    li      gp, 12
Cyc=        103 Op1=[0x21212121] Op2=[0x21212121] W[_, 4= 0x00000000]   Mem[0: R:0x04c0006f W:0x21212121] PC= 0x80000208    bne     t5, t4, pc + 1092
Cyc=        104 Op1=[0x21212000] Op2=[0x00000000] W[W, 1= 0x21212000]   Mem[0: R:0x00000000 W:0x00000000] PC= 0x8000020c    lui     ra, 0x21212
Cyc=        105 Op1=[0x21212000] Op2=[0x00000121] W[W, 1= 0x21212121]   Mem[0: R:0x00000000 W:0x21212000] PC= 0x80000210    addi    ra, ra, 289
Cyc=        106 Op1=[0x00000000] Op2=[0x00000001] W[W, 2= 0x00000001]   Mem[0: R:0x7304c000 W:0x21212121] PC= 0x80000214    li      sp, 1
Cyc=        107 Op1=[0x21212121] Op2=[0x00000001] W[W,30= 0x42424242]   Mem[0: R:0x00000000 W:0x00000001] PC= 0x80000218    sll     t5, ra, sp
Cyc=        108 Op1=[0x42424000] Op2=[0x00000000] W[W,29= 0x42424000]   Mem[0: R:0x00000000 W:0x00000000] PC= 0x8000021c    lui     t4, 0x42424
Cyc=        109 Op1=[0x42424000] Op2=[0x00000242] W[W,29= 0x42424242]   Mem[0: R:0x00000000 W:0x00000001] PC= 0x80000220    addi    t4, t4, 578
Cyc=        110 Op1=[0x00000000] Op2=[0x0000000d] W[W, 3= 0x0000000d]   Mem[0: R:0x9303ff0a W:0x00000000] PC= 0x80000224    li      gp, 13
Cyc=        111 Op1=[0x42424242] Op2=[0x42424242] W[_, 4= 0x00000000]   Mem[0: R:0x04c0006f W:0x42424242] PC= 0x80000228    bne     t5, t4, pc + 1060
Cyc=        112 Op1=[0x21212000] Op2=[0x00000000] W[W, 1= 0x21212000]   Mem[0: R:0x00000000 W:0x00000000] PC= 0x8000022c    lui     ra, 0x21212
Cyc=        113 Op1=[0x21212000] Op2=[0x00000121] W[W, 1= 0x21212121]   Mem[0: R:0x00000000 W:0x21212000] PC= 0x80000230    addi    ra, ra, 289
Cyc=        114 Op1=[0x00000000] Op2=[0x00000007] W[W, 2= 0x00000007]   Mem[0: R:0x800f9334 W:0x00000000] PC= 0x80000234    li      sp, 7
Cyc=        115 Op1=[0x21212121] Op2=[0x00000007] W[W,30= 0x90909080]   Mem[0: R:0x00000000 W:0x00000007] PC= 0x80000238    sll     t5, ra, sp
Cyc=        116 Op1=[0x90909000] Op2=[0x00000000] W[W,29= 0x90909000]   Mem[0: R:0x00000000 W:0x00000000] PC= 0x8000023c    lui     t4, 0x90909
Cyc=        117 Op1=[0x90909000] Op2=[0x00000080] W[W,29= 0x90909080]   Mem[0: R:0x00000000 W:0x00000000] PC= 0x80000240    addi    t4, t4, 128
Cyc=        118 Op1=[0x00000000] Op2=[0x0000000e] W[W, 3= 0x0000000e]   Mem[0: R:0x0f9303ff W:0x00000000] PC= 0x80000244    li      gp, 14
Cyc=        119 Op1=[0x90909080] Op2=[0x90909080] W[_, 4= 0x00000000]   Mem[0: R:0x04c0006f W:0x90909080] PC= 0x80000248    bne     t5, t4, pc + 1028
Cyc=        120 Op1=[0x21212000] Op2=[0x00000000] W[W, 1= 0x21212000]   Mem[0: R:0x00000000 W:0x00000000] PC= 0x8000024c    lui     ra, 0x21212
Cyc=        121 Op1=[0x21212000] Op2=[0x00000121] W[W, 1= 0x21212121]   Mem[0: R:0x00000000 W:0x21212000] PC= 0x80000250    addi    ra, ra, 289
Cyc=        122 Op1=[0x00000000] Op2=[0x0000000e] W[W, 2= 0x0000000e]   Mem[0: R:0x0f9303ff W:0x00000000] PC= 0x80000254    li      sp, 14
Cyc=        123 Op1=[0x21212121] Op2=[0x0000000e] W[W,30= 0x48484000]   Mem[0: R:0x00000000 W:0x0000000e] PC= 0x80000258    sll     t5, ra, sp
Cyc=        124 Op1=[0x48484000] Op2=[0x00000000] W[W,29= 0x48484000]   Mem[0: R:0x00000000 W:0x00000000] PC= 0x8000025c    lui     t4, 0x48484
Cyc=        125 Op1=[0x00000000] Op2=[0x0000000f] W[W, 3= 0x0000000f]   Mem[0: R:0x900f9303 W:0x00000000] PC= 0x80000260    li      gp, 15
Cyc=        126 Op1=[0x48484000] Op2=[0x48484000] W[_, 8= 0x00000000]   Mem[0: R:0x04c0006f W:0x48484000] PC= 0x80000264    bne     t5, t4, pc + 1000
Cyc=        127 Op1=[0x21212000] Op2=[0x00000000] W[W, 1= 0x21212000]   Mem[0: R:0x00000000 W:0x00000000] PC= 0x80000268    lui     ra, 0x21212
Cyc=        128 Op1=[0x21212000] Op2=[0x00000121] W[W, 1= 0x21212121]   Mem[0: R:0x00000000 W:0x21212000] PC= 0x8000026c    addi    ra, ra, 289
Cyc=        129 Op1=[0x00000000] Op2=[0x0000001f] W[W, 2= 0x0000001f]   Mem[0: R:0x000f1703 W:0x00000000] PC= 0x80000270    li      sp, 31
Cyc=        130 Op1=[0x21212121] Op2=[0x0000001f] W[W,30= 0x80000000]   Mem[0: R:0x04c0006f W:0x0000001f] PC= 0x80000274    sll     t5, ra, sp
Cyc=        131 Op1=[0x80000000] Op2=[0x00000000] W[W,29= 0x80000000]   Mem[0: R:0x04c0006f W:0x00000000] PC= 0x80000278    lui     t4, 0x80000
Cyc=        132 Op1=[0x00000000] Op2=[0x00000010] W[W, 3= 0x00000010]   Mem[0: R:0x00900f93 W:0x00000000] PC= 0x8000027c    li      gp, 16
Cyc=        133 Op1=[0x80000000] Op2=[0x80000000] W[_,12= 0x00000000]   Mem[0: R:0x04c0006f W:0x80000000] PC= 0x80000280    bne     t5, t4, pc + 972
Cyc=        134 Op1=[0x21212000] Op2=[0x00000000] W[W, 1= 0x21212000]   Mem[0: R:0x00000000 W:0x00000000] PC= 0x80000284    lui     ra, 0x21212
Cyc=        135 Op1=[0x21212000] Op2=[0x00000121] W[W, 1= 0x21212121]   Mem[0: R:0x00000000 W:0x21212000] PC= 0x80000288    addi    ra, ra, 289
Cyc=        136 Op1=[0x00000000] Op2=[0xffffffc0] W[W, 2= 0xffffffc0]   Mem[0: R:0x00000000 W:0x00000000] PC= 0x8000028c    li      sp, -64
Cyc=        137 Op1=[0x21212121] Op2=[0xffffffc0] W[W,30= 0x21212121]   Mem[0: R:0x00000000 W:0xffffffc0] PC= 0x80000290    sll     t5, ra, sp
Cyc=        138 Op1=[0x21212000] Op2=[0x00000000] W[W,29= 0x21212000]   Mem[0: R:0x00000000 W:0x00000000] PC= 0x80000294    lui     t4, 0x21212
Cyc=        139 Op1=[0x21212000] Op2=[0x00000121] W[W,29= 0x21212121]   Mem[0: R:0x00000000 W:0x21212121] PC= 0x80000298    addi    t4, t4, 289
Cyc=        140 Op1=[0x00000000] Op2=[0x00000011] W[W, 3= 0x00000011]   Mem[0: R:0x6300900f W:0x00000000] PC= 0x8000029c    li      gp, 17
Cyc=        141 Op1=[0x21212121] Op2=[0x21212121] W[_,12= 0x00000000]   Mem[0: R:0x04c0006f W:0x21212121] PC= 0x800002a0    bne     t5, t4, pc + 940
Cyc=        142 Op1=[0x21212000] Op2=[0x00000000] W[W, 1= 0x21212000]   Mem[0: R:0x00000000 W:0x00000000] PC= 0x800002a4    lui     ra, 0x21212
Cyc=        143 Op1=[0x21212000] Op2=[0x00000121] W[W, 1= 0x21212121]   Mem[0: R:0x00000000 W:0x21212000] PC= 0x800002a8    addi    ra, ra, 289
Cyc=        144 Op1=[0x00000000] Op2=[0xffffffc1] W[W, 2= 0xffffffc1]   Mem[0: R:0x00000000 W:0x21212121] PC= 0x800002ac    li      sp, -63
Cyc=        145 Op1=[0x21212121] Op2=[0xffffffc1] W[W,30= 0x42424242]   Mem[0: R:0x00000000 W:0xffffffc1] PC= 0x800002b0    sll     t5, ra, sp
Cyc=        146 Op1=[0x42424000] Op2=[0x00000000] W[W,29= 0x42424000]   Mem[0: R:0x00000000 W:0x00000000] PC= 0x800002b4    lui     t4, 0x42424
Cyc=        147 Op1=[0x42424000] Op2=[0x00000242] W[W,29= 0x42424242]   Mem[0: R:0x00000000 W:0xffffffc1] PC= 0x800002b8    addi    t4, t4, 578
Cyc=        148 Op1=[0x00000000] Op2=[0x00000012] W[W, 3= 0x00000012]   Mem[0: R:0x06630090 W:0x00000000] PC= 0x800002bc    li      gp, 18
Cyc=        149 Op1=[0x42424242] Op2=[0x42424242] W[_,12= 0x00000000]   Mem[0: R:0x04c0006f W:0x42424242] PC= 0x800002c0    bne     t5, t4, pc + 908
Cyc=        150 Op1=[0x21212000] Op2=[0x00000000] W[W, 1= 0x21212000]   Mem[0: R:0x00000000 W:0x00000000] PC= 0x800002c4    lui     ra, 0x21212
Cyc=        151 Op1=[0x21212000] Op2=[0x00000121] W[W, 1= 0x21212121]   Mem[0: R:0x00000000 W:0x21212000] PC= 0x800002c8    addi    ra, ra, 289
Cyc=        152 Op1=[0x00000000] Op2=[0xffffffc7] W[W, 2= 0xffffffc7]   Mem[0: R:0x00000000 W:0x00000000] PC= 0x800002cc    li      sp, -57
Cyc=        153 Op1=[0x21212121] Op2=[0xffffffc7] W[W,30= 0x90909080]   Mem[0: R:0x00000000 W:0xffffffc7] PC= 0x800002d0    sll     t5, ra, sp
Cyc=        154 Op1=[0x90909000] Op2=[0x00000000] W[W,29= 0x90909000]   Mem[0: R:0x00000000 W:0x00000000] PC= 0x800002d4    lui     t4, 0x90909
Cyc=        155 Op1=[0x90909000] Op2=[0x00000080] W[W,29= 0x90909080]   Mem[0: R:0x00000000 W:0x00000000] PC= 0x800002d8    addi    t4, t4, 128
Cyc=        156 Op1=[0x00000000] Op2=[0x00000013] W[W, 3= 0x00000013]   Mem[0: R:0xff066300 W:0x00000000] PC= 0x800002dc    li      gp, 19
Cyc=        157 Op1=[0x90909080] Op2=[0x90909080] W[_,12= 0x00000000]   Mem[0: R:0x04c0006f W:0x90909080] PC= 0x800002e0    bne     t5, t4, pc + 876
Cyc=        158 Op1=[0x21212000] Op2=[0x00000000] W[W, 1= 0x21212000]   Mem[0: R:0x00000000 W:0x00000000] PC= 0x800002e4    lui     ra, 0x21212
Cyc=        159 Op1=[0x21212000] Op2=[0x00000121] W[W, 1= 0x21212121]   Mem[0: R:0x00000000 W:0x21212000] PC= 0x800002e8    addi    ra, ra, 289
Cyc=        160 Op1=[0x00000000] Op2=[0xffffffce] W[W, 2= 0xffffffce]   Mem[0: R:0x00000000 W:0x00000000] PC= 0x800002ec    li      sp, -50
Cyc=        161 Op1=[0x21212121] Op2=[0xffffffce] W[W,30= 0x48484000]   Mem[0: R:0x00000000 W:0xffffffce] PC= 0x800002f0    sll     t5, ra, sp
Cyc=        162 Op1=[0x48484000] Op2=[0x00000000] W[W,29= 0x48484000]   Mem[0: R:0x00000000 W:0x00000000] PC= 0x800002f4    lui     t4, 0x48484
Cyc=        163 Op1=[0x00000000] Op2=[0x00000014] W[W, 3= 0x00000014]   Mem[0: R:0x03ff0663 W:0x00000000] PC= 0x800002f8    li      gp, 20
Cyc=        164 Op1=[0x48484000] Op2=[0x48484000] W[_,16= 0x00000000]   Mem[0: R:0x04c0006f W:0x48484000] PC= 0x800002fc    bne     t5, t4, pc + 848
Cyc=        165 Op1=[0x00000000] Op2=[0x00000001] W[W, 1= 0x00000001]   Mem[0: R:0x7304c000 W:0x21212121] PC= 0x80000300    li      ra, 1
Cyc=        166 Op1=[0x00000000] Op2=[0x00000007] W[W, 2= 0x00000007]   Mem[0: R:0x800f9334 W:0x00000000] PC= 0x80000304    li      sp, 7
Cyc=        167 Op1=[0x00000001] Op2=[0x00000007] W[W, 1= 0x00000080]   Mem[0: R:0x00000297 W:0x00000007] PC= 0x80000308    sll     ra, ra, sp
Cyc=        168 Op1=[0x00000000] Op2=[0x00000080] W[W,29= 0x00000080]   Mem[0: R:0x00000297 W:0x00000000] PC= 0x8000030c    li      t4, 128
Cyc=        169 Op1=[0x00000000] Op2=[0x00000016] W[W, 3= 0x00000016]   Mem[0: R:0x0f9303ff W:0x00000000] PC= 0x80000310    li      gp, 22
Cyc=        170 Op1=[0x00000080] Op2=[0x00000080] W[_,24= 0x00000000]   Mem[0: R:0x04c0006f W:0x00000080] PC= 0x80000314    bne     ra, t4, pc + 824
Cyc=        171 Op1=[0x00000000] Op2=[0x00000001] W[W, 1= 0x00000001]   Mem[0: R:0x7304c000 W:0x00000080] PC= 0x80000318    li      ra, 1
Cyc=        172 Op1=[0x00000000] Op2=[0x0000000e] W[W, 2= 0x0000000e]   Mem[0: R:0x0f9303ff W:0x00000000] PC= 0x8000031c    li      sp, 14
Cyc=        173 Op1=[0x00000001] Op2=[0x0000000e] W[W, 2= 0x00004000]   Mem[0: R:0x00000000 W:0x0000000e] PC= 0x80000320    sll     sp, ra, sp
Cyc=        174 Op1=[0x00004000] Op2=[0x00000000] W[W,29= 0x00004000]   Mem[0: R:0x00000000 W:0x00000000] PC= 0x80000324    lui     t4, 0x4
Cyc=        175 Op1=[0x00000000] Op2=[0x00000017] W[W, 3= 0x00000017]   Mem[0: R:0xb00f9303 W:0x00000000] PC= 0x80000328    li      gp, 23
Cyc=        176 Op1=[0x00004000] Op2=[0x00004000] W[_, 0= 0x00000000]   Mem[0: R:0x04c0006f W:0x00004000] PC= 0x8000032c    bne     sp, t4, pc + 800
Cyc=        177 Op1=[0x00000000] Op2=[0x00000003] W[W, 1= 0x00000003]   Mem[0: R:0x202f7304 W:0x00000017] PC= 0x80000330    li      ra, 3
Cyc=        178 Op1=[0x00000003] Op2=[0x00000003] W[W, 1= 0x00000018]   Mem[0: R:0x00b00f93 W:0x00000003] PC= 0x80000334    sll     ra, ra, ra
Cyc=        179 Op1=[0x00000000] Op2=[0x00000018] W[W,29= 0x00000018]   Mem[0: R:0x00b00f93 W:0x00000000] PC= 0x80000338    li      t4, 24
Cyc=        180 Op1=[0x00000000] Op2=[0x00000018] W[W, 3= 0x00000018]   Mem[0: R:0x00b00f93 W:0x00000000] PC= 0x8000033c    li      gp, 24
Cyc=        181 Op1=[0x00000018] Op2=[0x00000018] W[_,12= 0x00000000]   Mem[0: R:0x04c0006f W:0x00000018] PC= 0x80000340    bne     ra, t4, pc + 780
Cyc=        182 Op1=[0x00000000] Op2=[0x00000000] W[W, 4= 0x00000000]   Mem[0: R:0x04c0006f W:0x00000000] PC= 0x80000344    li      tp, 0
Cyc=        183 Op1=[0x00000000] Op2=[0x00000001] W[W, 1= 0x00000001]   Mem[0: R:0x7304c000 W:0x00000018] PC= 0x80000348    li      ra, 1
Cyc=        184 Op1=[0x00000000] Op2=[0x00000007] W[W, 2= 0x00000007]   Mem[0: R:0x800f9334 W:0x00000000] PC= 0x8000034c    li      sp, 7
Cyc=        185 Op1=[0x00000001] Op2=[0x00000007] W[W,30= 0x00000080]   Mem[0: R:0x00000297 W:0x00000007] PC= 0x80000350    sll     t5, ra, sp
Cyc=        186 Op1=[0x00000080] Op2=[0x00000000] W[W, 6= 0x00000080]   Mem[0: R:0x00000297 W:0x00000000] PC= 0x80000354    mv      t1, t5
Cyc=        187 Op1=[0x00000000] Op2=[0x00000001] W[W, 4= 0x00000001]   Mem[0: R:0x7304c000 W:0x00000001] PC= 0x80000358    addi    tp, tp, 1
Cyc=        188 Op1=[0x00000000] Op2=[0x00000002] W[W, 5= 0x00000002]   Mem[0: R:0x2f7304c0 W:0x00000007] PC= 0x8000035c    li      t0, 2
Cyc=        189 Op1=[0x00000001] Op2=[0x00000002] W[_, 9= 0x00000000]   Mem[0: R:0x04c0006f W:0x00000002] PC= 0x80000360  B bne     tp, t0, pc - 24
Cyc=        190 Op1=[0x00000000] Op2=[0x00000001] W[W, 1= 0x00000001]   Mem[0: R:0x7304c000 W:0x00000001] PC= 0x80000348    li      ra, 1
Cyc=        191 Op1=[0x00000000] Op2=[0x00000007] W[W, 2= 0x00000007]   Mem[0: R:0x800f9334 W:0x00000000] PC= 0x8000034c    li      sp, 7
Cyc=        192 Op1=[0x00000001] Op2=[0x00000007] W[W,30= 0x00000080]   Mem[0: R:0x00000297 W:0x00000007] PC= 0x80000350    sll     t5, ra, sp
Cyc=        193 Op1=[0x00000080] Op2=[0x00000000] W[W, 6= 0x00000080]   Mem[0: R:0x00000297 W:0x00000000] PC= 0x80000354    mv      t1, t5
Cyc=        194 Op1=[0x00000001] Op2=[0x00000001] W[W, 4= 0x00000002]   Mem[0: R:0x2f7304c0 W:0x00000001] PC= 0x80000358    addi    tp, tp, 1
Cyc=        195 Op1=[0x00000000] Op2=[0x00000002] W[W, 5= 0x00000002]   Mem[0: R:0x2f7304c0 W:0x00000007] PC= 0x8000035c    li      t0, 2
Cyc=        196 Op1=[0x00000002] Op2=[0x00000002] W[_, 9= 0x00000000]   Mem[0: R:0x04c0006f W:0x00000002] PC= 0x80000360    bne     tp, t0, pc - 24
Cyc=        197 Op1=[0x00000000] Op2=[0x00000080] W[W,29= 0x00000080]   Mem[0: R:0x00000297 W:0x00000000] PC= 0x80000364    li      t4, 128
Cyc=        198 Op1=[0x00000000] Op2=[0x00000019] W[W, 3= 0x00000019]   Mem[0: R:0x6300b00f W:0x00000000] PC= 0x80000368    li      gp, 25
Cyc=        199 Op1=[0x00000080] Op2=[0x00000080] W[_, 0= 0x00000000]   Mem[0: R:0x04c0006f W:0x00000080] PC= 0x8000036c    bne     t1, t4, pc + 736
Cyc=        200 Op1=[0x00000000] Op2=[0x00000000] W[W, 4= 0x00000000]   Mem[0: R:0x04c0006f W:0x00000000] PC= 0x80000370    li      tp, 0
Cyc=        201 Op1=[0x00000000] Op2=[0x00000001] W[W, 1= 0x00000001]   Mem[0: R:0x7304c000 W:0x00000001] PC= 0x80000374    li      ra, 1
Cyc=        202 Op1=[0x00000000] Op2=[0x0000000e] W[W, 2= 0x0000000e]   Mem[0: R:0x0f9303ff W:0x00000000] PC= 0x80000378    li      sp, 14
Cyc=        203 Op1=[0x00000001] Op2=[0x0000000e] W[W,30= 0x00004000]   Mem[0: R:0x00000000 W:0x0000000e] PC= 0x8000037c    sll     t5, ra, sp
Cyc=        204 Op1=[0x00000000] Op2=[0x00000000] W[W, 0= 0x00000000]   Mem[0: R:0x04c0006f W:0x00000000] PC= 0x80000380    nop
Cyc=        205 Op1=[0x00004000] Op2=[0x00000000] W[W, 6= 0x00004000]   Mem[0: R:0x00000000 W:0x00000000] PC= 0x80000384    mv      t1, t5
Cyc=        206 Op1=[0x00000000] Op2=[0x00000001] W[W, 4= 0x00000001]   Mem[0: R:0x7304c000 W:0x00000001] PC= 0x80000388    addi    tp, tp, 1
Cyc=        207 Op1=[0x00000000] Op2=[0x00000002] W[W, 5= 0x00000002]   Mem[0: R:0x2f7304c0 W:0x0000000e] PC= 0x8000038c    li      t0, 2
Cyc=        208 Op1=[0x00000001] Op2=[0x00000002] W[_, 5= 0x00000000]   Mem[0: R:0x04c0006f W:0x00000002] PC= 0x80000390  B bne     tp, t0, pc - 28
Cyc=        209 Op1=[0x00000000] Op2=[0x00000001] W[W, 1= 0x00000001]   Mem[0: R:0x7304c000 W:0x00000001] PC= 0x80000374    li      ra, 1
Cyc=        210 Op1=[0x00000000] Op2=[0x0000000e] W[W, 2= 0x0000000e]   Mem[0: R:0x0f9303ff W:0x00000000] PC= 0x80000378    li      sp, 14
Cyc=        211 Op1=[0x00000001] Op2=[0x0000000e] W[W,30= 0x00004000]   Mem[0: R:0x00000000 W:0x0000000e] PC= 0x8000037c    sll     t5, ra, sp
Cyc=        212 Op1=[0x00000000] Op2=[0x00000000] W[W, 0= 0x00000000]   Mem[0: R:0x04c0006f W:0x00000000] PC= 0x80000380    nop
Cyc=        213 Op1=[0x00004000] Op2=[0x00000000] W[W, 6= 0x00004000]   Mem[0: R:0x00000000 W:0x00000000] PC= 0x80000384    mv      t1, t5
Cyc=        214 Op1=[0x00000001] Op2=[0x00000001] W[W, 4= 0x00000002]   Mem[0: R:0x2f7304c0 W:0x00000001] PC= 0x80000388    addi    tp, tp, 1
Cyc=        215 Op1=[0x00000000] Op2=[0x00000002] W[W, 5= 0x00000002]   Mem[0: R:0x2f7304c0 W:0x0000000e] PC= 0x8000038c    li      t0, 2
Cyc=        216 Op1=[0x00000002] Op2=[0x00000002] W[_, 5= 0x00000000]   Mem[0: R:0x04c0006f W:0x00000002] PC= 0x80000390    bne     tp, t0, pc - 28
Cyc=        217 Op1=[0x00004000] Op2=[0x00000000] W[W,29= 0x00004000]   Mem[0: R:0x00000000 W:0x00000000] PC= 0x80000394    lui     t4, 0x4
Cyc=        218 Op1=[0x00000000] Op2=[0x0000001a] W[W, 3= 0x0000001a]   Mem[0: R:0x026300b0 W:0x00000000] PC= 0x80000398    li      gp, 26
Cyc=        219 Op1=[0x00004000] Op2=[0x00004000] W[_,16= 0x00000000]   Mem[0: R:0x04c0006f W:0x00004000] PC= 0x8000039c    bne     t1, t4, pc + 688
Cyc=        220 Op1=[0x00000000] Op2=[0x00000000] W[W, 4= 0x00000000]   Mem[0: R:0x04c0006f W:0x00000000] PC= 0x800003a0    li      tp, 0
Cyc=        221 Op1=[0x00000000] Op2=[0x00000001] W[W, 1= 0x00000001]   Mem[0: R:0x7304c000 W:0x00000001] PC= 0x800003a4    li      ra, 1
Cyc=        222 Op1=[0x00000000] Op2=[0x0000001f] W[W, 2= 0x0000001f]   Mem[0: R:0x000f1703 W:0x00000000] PC= 0x800003a8    li      sp, 31
Cyc=        223 Op1=[0x00000001] Op2=[0x0000001f] W[W,30= 0x80000000]   Mem[0: R:0x04c0006f W:0x0000001f] PC= 0x800003ac    sll     t5, ra, sp
Cyc=        224 Op1=[0x00000000] Op2=[0x00000000] W[W, 0= 0x00000000]   Mem[0: R:0x04c0006f W:0x00000000] PC= 0x800003b0    nop
Cyc=        225 Op1=[0x00000000] Op2=[0x00000000] W[W, 0= 0x00000000]   Mem[0: R:0x04c0006f W:0x00000000] PC= 0x800003b4    nop
Cyc=        226 Op1=[0x80000000] Op2=[0x00000000] W[W, 6= 0x80000000]   Mem[0: R:0x04c0006f W:0x00000000] PC= 0x800003b8    mv      t1, t5
Cyc=        227 Op1=[0x00000000] Op2=[0x00000001] W[W, 4= 0x00000001]   Mem[0: R:0x7304c000 W:0x00000001] PC= 0x800003bc    addi    tp, tp, 1
Cyc=        228 Op1=[0x00000000] Op2=[0x00000002] W[W, 5= 0x00000002]   Mem[0: R:0x2f7304c0 W:0x0000001f] PC= 0x800003c0    li      t0, 2
Cyc=        229 Op1=[0x00000001] Op2=[0x00000002] W[_, 1= 0x00000000]   Mem[0: R:0x04c0006f W:0x00000002] PC= 0x800003c4  B bne     tp, t0, pc - 32
Cyc=        230 Op1=[0x00000000] Op2=[0x00000001] W[W, 1= 0x00000001]   Mem[0: R:0x7304c000 W:0x00000001] PC= 0x800003a4    li      ra, 1
Cyc=        231 Op1=[0x00000000] Op2=[0x0000001f] W[W, 2= 0x0000001f]   Mem[0: R:0x000f1703 W:0x00000000] PC= 0x800003a8    li      sp, 31
Cyc=        232 Op1=[0x00000001] Op2=[0x0000001f] W[W,30= 0x80000000]   Mem[0: R:0x04c0006f W:0x0000001f] PC= 0x800003ac    sll     t5, ra, sp
Cyc=        233 Op1=[0x00000000] Op2=[0x00000000] W[W, 0= 0x00000000]   Mem[0: R:0x04c0006f W:0x00000000] PC= 0x800003b0    nop
Cyc=        234 Op1=[0x00000000] Op2=[0x00000000] W[W, 0= 0x00000000]   Mem[0: R:0x04c0006f W:0x00000000] PC= 0x800003b4    nop
Cyc=        235 Op1=[0x80000000] Op2=[0x00000000] W[W, 6= 0x80000000]   Mem[0: R:0x04c0006f W:0x00000000] PC= 0x800003b8    mv      t1, t5
Cyc=        236 Op1=[0x00000001] Op2=[0x00000001] W[W, 4= 0x00000002]   Mem[0: R:0x2f7304c0 W:0x00000001] PC= 0x800003bc    addi    tp, tp, 1
Cyc=        237 Op1=[0x00000000] Op2=[0x00000002] W[W, 5= 0x00000002]   Mem[0: R:0x2f7304c0 W:0x0000001f] PC= 0x800003c0    li      t0, 2
Cyc=        238 Op1=[0x00000002] Op2=[0x00000002] W[_, 1= 0x00000000]   Mem[0: R:0x04c0006f W:0x00000002] PC= 0x800003c4    bne     tp, t0, pc - 32
Cyc=        239 Op1=[0x80000000] Op2=[0x00000000] W[W,29= 0x80000000]   Mem[0: R:0x04c0006f W:0x00000000] PC= 0x800003c8    lui     t4, 0x80000
Cyc=        240 Op1=[0x00000000] Op2=[0x0000001b] W[W, 3= 0x0000001b]   Mem[0: R:0xff026300 W:0x00000000] PC= 0x800003cc    li      gp, 27
Cyc=        241 Op1=[0x80000000] Op2=[0x80000000] W[_,28= 0x00000000]   Mem[0: R:0x04c0006f W:0x80000000] PC= 0x800003d0    bne     t1, t4, pc + 636
Cyc=        242 Op1=[0x00000000] Op2=[0x00000000] W[W, 4= 0x00000000]   Mem[0: R:0x04c0006f W:0x00000000] PC= 0x800003d4    li      tp, 0
Cyc=        243 Op1=[0x00000000] Op2=[0x00000001] W[W, 1= 0x00000001]   Mem[0: R:0x7304c000 W:0x00000001] PC= 0x800003d8    li      ra, 1
Cyc=        244 Op1=[0x00000000] Op2=[0x00000007] W[W, 2= 0x00000007]   Mem[0: R:0x800f9334 W:0x00000000] PC= 0x800003dc    li      sp, 7
Cyc=        245 Op1=[0x00000001] Op2=[0x00000007] W[W,30= 0x00000080]   Mem[0: R:0x00000297 W:0x00000007] PC= 0x800003e0    sll     t5, ra, sp
Cyc=        246 Op1=[0x00000000] Op2=[0x00000001] W[W, 4= 0x00000001]   Mem[0: R:0x7304c000 W:0x00000001] PC= 0x800003e4    addi    tp, tp, 1
Cyc=        247 Op1=[0x00000000] Op2=[0x00000002] W[W, 5= 0x00000002]   Mem[0: R:0x2f7304c0 W:0x00000007] PC= 0x800003e8    li      t0, 2
Cyc=        248 Op1=[0x00000001] Op2=[0x00000002] W[_,13= 0x00000000]   Mem[0: R:0x04c0006f W:0x00000002] PC= 0x800003ec  B bne     tp, t0, pc - 20
Cyc=        249 Op1=[0x00000000] Op2=[0x00000001] W[W, 1= 0x00000001]   Mem[0: R:0x7304c000 W:0x00000001] PC= 0x800003d8    li      ra, 1
Cyc=        250 Op1=[0x00000000] Op2=[0x00000007] W[W, 2= 0x00000007]   Mem[0: R:0x800f9334 W:0x00000000] PC= 0x800003dc    li      sp, 7
Cyc=        251 Op1=[0x00000001] Op2=[0x00000007] W[W,30= 0x00000080]   Mem[0: R:0x00000297 W:0x00000007] PC= 0x800003e0    sll     t5, ra, sp
Cyc=        252 Op1=[0x00000001] Op2=[0x00000001] W[W, 4= 0x00000002]   Mem[0: R:0x2f7304c0 W:0x00000001] PC= 0x800003e4    addi    tp, tp, 1
Cyc=        253 Op1=[0x00000000] Op2=[0x00000002] W[W, 5= 0x00000002]   Mem[0: R:0x2f7304c0 W:0x00000007] PC= 0x800003e8    li      t0, 2
Cyc=        254 Op1=[0x00000002] Op2=[0x00000002] W[_,13= 0x00000000]   Mem[0: R:0x04c0006f W:0x00000002] PC= 0x800003ec    bne     tp, t0, pc - 20
Cyc=        255 Op1=[0x00000000] Op2=[0x00000080] W[W,29= 0x00000080]   Mem[0: R:0x00000297 W:0x00000000] PC= 0x800003f0    li      t4, 128
Cyc=        256 Op1=[0x00000000] Op2=[0x0000001c] W[W, 3= 0x0000001c]   Mem[0: R:0x03ff0263 W:0x00000000] PC= 0x800003f4    li      gp, 28
Cyc=        257 Op1=[0x00000080] Op2=[0x00000080] W[_,20= 0x00000000]   Mem[0: R:0x04c0006f W:0x00000080] PC= 0x800003f8    bne     t5, t4, pc + 596
Cyc=        258 Op1=[0x00000000] Op2=[0x00000000] W[W, 4= 0x00000000]   Mem[0: R:0x04c0006f W:0x00000000] PC= 0x800003fc    li      tp, 0
Cyc=        259 Op1=[0x00000000] Op2=[0x00000001] W[W, 1= 0x00000001]   Mem[0: R:0x7304c000 W:0x00000001] PC= 0x80000400    li      ra, 1
Cyc=        260 Op1=[0x00000000] Op2=[0x0000000e] W[W, 2= 0x0000000e]   Mem[0: R:0x0f9303ff W:0x00000000] PC= 0x80000404    li      sp, 14
Cyc=        261 Op1=[0x00000000] Op2=[0x00000000] W[W, 0= 0x00000000]   Mem[0: R:0x04c0006f W:0x00000000] PC= 0x80000408    nop
Cyc=        262 Op1=[0x00000001] Op2=[0x0000000e] W[W,30= 0x00004000]   Mem[0: R:0x00000000 W:0x0000000e] PC= 0x8000040c    sll     t5, ra, sp
Cyc=        263 Op1=[0x00000000] Op2=[0x00000001] W[W, 4= 0x00000001]   Mem[0: R:0x7304c000 W:0x00000001] PC= 0x80000410    addi    tp, tp, 1
Cyc=        264 Op1=[0x00000000] Op2=[0x00000002] W[W, 5= 0x00000002]   Mem[0: R:0x2f7304c0 W:0x0000000e] PC= 0x80000414    li      t0, 2
Cyc=        265 Op1=[0x00000001] Op2=[0x00000002] W[_, 9= 0x00000000]   Mem[0: R:0x04c0006f W:0x00000002] PC= 0x80000418  B bne     tp, t0, pc - 24
Cyc=        266 Op1=[0x00000000] Op2=[0x00000001] W[W, 1= 0x00000001]   Mem[0: R:0x7304c000 W:0x00000001] PC= 0x80000400    li      ra, 1
Cyc=        267 Op1=[0x00000000] Op2=[0x0000000e] W[W, 2= 0x0000000e]   Mem[0: R:0x0f9303ff W:0x00000000] PC= 0x80000404    li      sp, 14
Cyc=        268 Op1=[0x00000000] Op2=[0x00000000] W[W, 0= 0x00000000]   Mem[0: R:0x04c0006f W:0x00000000] PC= 0x80000408    nop
Cyc=        269 Op1=[0x00000001] Op2=[0x0000000e] W[W,30= 0x00004000]   Mem[0: R:0x00000000 W:0x0000000e] PC= 0x8000040c    sll     t5, ra, sp
Cyc=        270 Op1=[0x00000001] Op2=[0x00000001] W[W, 4= 0x00000002]   Mem[0: R:0x2f7304c0 W:0x00000001] PC= 0x80000410    addi    tp, tp, 1
Cyc=        271 Op1=[0x00000000] Op2=[0x00000002] W[W, 5= 0x00000002]   Mem[0: R:0x2f7304c0 W:0x0000000e] PC= 0x80000414    li      t0, 2
Cyc=        272 Op1=[0x00000002] Op2=[0x00000002] W[_, 9= 0x00000000]   Mem[0: R:0x04c0006f W:0x00000002] PC= 0x80000418    bne     tp, t0, pc - 24
Cyc=        273 Op1=[0x00004000] Op2=[0x00000000] W[W,29= 0x00004000]   Mem[0: R:0x00000000 W:0x00000000] PC= 0x8000041c    lui     t4, 0x4
Cyc=        274 Op1=[0x00000000] Op2=[0x0000001d] W[W, 3= 0x0000001d]   Mem[0: R:0x1703ff02 W:0x00004000] PC= 0x80000420    li      gp, 29
Cyc=        275 Op1=[0x00004000] Op2=[0x00004000] W[_, 8= 0x00000000]   Mem[0: R:0x04c0006f W:0x00004000] PC= 0x80000424    bne     t5, t4, pc + 552
Cyc=        276 Op1=[0x00000000] Op2=[0x00000000] W[W, 4= 0x00000000]   Mem[0: R:0x04c0006f W:0x00000000] PC= 0x80000428    li      tp, 0
Cyc=        277 Op1=[0x00000000] Op2=[0x00000001] W[W, 1= 0x00000001]   Mem[0: R:0x7304c000 W:0x00000001] PC= 0x8000042c    li      ra, 1
Cyc=        278 Op1=[0x00000000] Op2=[0x0000001f] W[W, 2= 0x0000001f]   Mem[0: R:0x000f1703 W:0x00000000] PC= 0x80000430    li      sp, 31
Cyc=        279 Op1=[0x00000000] Op2=[0x00000000] W[W, 0= 0x00000000]   Mem[0: R:0x04c0006f W:0x00000000] PC= 0x80000434    nop
Cyc=        280 Op1=[0x00000000] Op2=[0x00000000] W[W, 0= 0x00000000]   Mem[0: R:0x04c0006f W:0x00000000] PC= 0x80000438    nop
Cyc=        281 Op1=[0x00000001] Op2=[0x0000001f] W[W,30= 0x80000000]   Mem[0: R:0x04c0006f W:0x0000001f] PC= 0x8000043c    sll     t5, ra, sp
Cyc=        282 Op1=[0x00000000] Op2=[0x00000001] W[W, 4= 0x00000001]   Mem[0: R:0x7304c000 W:0x00000001] PC= 0x80000440    addi    tp, tp, 1
Cyc=        283 Op1=[0x00000000] Op2=[0x00000002] W[W, 5= 0x00000002]   Mem[0: R:0x2f7304c0 W:0x0000001f] PC= 0x80000444    li      t0, 2
Cyc=        284 Op1=[0x00000001] Op2=[0x00000002] W[_, 5= 0x00000000]   Mem[0: R:0x04c0006f W:0x00000002] PC= 0x80000448  B bne     tp, t0, pc - 28
Cyc=        285 Op1=[0x00000000] Op2=[0x00000001] W[W, 1= 0x00000001]   Mem[0: R:0x7304c000 W:0x00000001] PC= 0x8000042c    li      ra, 1
Cyc=        286 Op1=[0x00000000] Op2=[0x0000001f] W[W, 2= 0x0000001f]   Mem[0: R:0x000f1703 W:0x00000000] PC= 0x80000430    li      sp, 31
Cyc=        287 Op1=[0x00000000] Op2=[0x00000000] W[W, 0= 0x00000000]   Mem[0: R:0x04c0006f W:0x00000000] PC= 0x80000434    nop
Cyc=        288 Op1=[0x00000000] Op2=[0x00000000] W[W, 0= 0x00000000]   Mem[0: R:0x04c0006f W:0x00000000] PC= 0x80000438    nop
Cyc=        289 Op1=[0x00000001] Op2=[0x0000001f] W[W,30= 0x80000000]   Mem[0: R:0x04c0006f W:0x0000001f] PC= 0x8000043c    sll     t5, ra, sp
Cyc=        290 Op1=[0x00000001] Op2=[0x00000001] W[W, 4= 0x00000002]   Mem[0: R:0x2f7304c0 W:0x00000001] PC= 0x80000440    addi    tp, tp, 1
Cyc=        291 Op1=[0x00000000] Op2=[0x00000002] W[W, 5= 0x00000002]   Mem[0: R:0x2f7304c0 W:0x0000001f] PC= 0x80000444    li      t0, 2
Cyc=        292 Op1=[0x00000002] Op2=[0x00000002] W[_, 5= 0x00000000]   Mem[0: R:0x04c0006f W:0x00000002] PC= 0x80000448    bne     tp, t0, pc - 28
Cyc=        293 Op1=[0x80000000] Op2=[0x00000000] W[W,29= 0x80000000]   Mem[0: R:0x04c0006f W:0x00000000] PC= 0x8000044c    lui     t4, 0x80000
Cyc=        294 Op1=[0x00000000] Op2=[0x0000001e] W[W, 3= 0x0000001e]   Mem[0: R:0x0f1703ff W:0x80000000] PC= 0x80000450    li      gp, 30
Cyc=        295 Op1=[0x80000000] Op2=[0x80000000] W[_,24= 0x00000000]   Mem[0: R:0x04c0006f W:0x80000000] PC= 0x80000454    bne     t5, t4, pc + 504
Cyc=        296 Op1=[0x00000000] Op2=[0x00000000] W[W, 4= 0x00000000]   Mem[0: R:0x04c0006f W:0x00000000] PC= 0x80000458    li      tp, 0
Cyc=        297 Op1=[0x00000000] Op2=[0x00000001] W[W, 1= 0x00000001]   Mem[0: R:0x7304c000 W:0x00000001] PC= 0x8000045c    li      ra, 1
Cyc=        298 Op1=[0x00000000] Op2=[0x00000000] W[W, 0= 0x00000000]   Mem[0: R:0x04c0006f W:0x00000000] PC= 0x80000460    nop
Cyc=        299 Op1=[0x00000000] Op2=[0x00000007] W[W, 2= 0x00000007]   Mem[0: R:0x800f9334 W:0x00000000] PC= 0x80000464    li      sp, 7
Cyc=        300 Op1=[0x00000001] Op2=[0x00000007] W[W,30= 0x00000080]   Mem[0: R:0x00000297 W:0x00000007] PC= 0x80000468    sll     t5, ra, sp
Cyc=        301 Op1=[0x00000000] Op2=[0x00000001] W[W, 4= 0x00000001]   Mem[0: R:0x7304c000 W:0x00000001] PC= 0x8000046c    addi    tp, tp, 1
Cyc=        302 Op1=[0x00000000] Op2=[0x00000002] W[W, 5= 0x00000002]   Mem[0: R:0x2f7304c0 W:0x00000007] PC= 0x80000470    li      t0, 2
Cyc=        303 Op1=[0x00000001] Op2=[0x00000002] W[_, 9= 0x00000000]   Mem[0: R:0x04c0006f W:0x00000002] PC= 0x80000474  B bne     tp, t0, pc - 24
Cyc=        304 Op1=[0x00000000] Op2=[0x00000001] W[W, 1= 0x00000001]   Mem[0: R:0x7304c000 W:0x00000001] PC= 0x8000045c    li      ra, 1
Cyc=        305 Op1=[0x00000000] Op2=[0x00000000] W[W, 0= 0x00000000]   Mem[0: R:0x04c0006f W:0x00000000] PC= 0x80000460    nop
Cyc=        306 Op1=[0x00000000] Op2=[0x00000007] W[W, 2= 0x00000007]   Mem[0: R:0x800f9334 W:0x00000000] PC= 0x80000464    li      sp, 7
Cyc=        307 Op1=[0x00000001] Op2=[0x00000007] W[W,30= 0x00000080]   Mem[0: R:0x00000297 W:0x00000007] PC= 0x80000468    sll     t5, ra, sp
Cyc=        308 Op1=[0x00000001] Op2=[0x00000001] W[W, 4= 0x00000002]   Mem[0: R:0x2f7304c0 W:0x00000001] PC= 0x8000046c    addi    tp, tp, 1
Cyc=        309 Op1=[0x00000000] Op2=[0x00000002] W[W, 5= 0x00000002]   Mem[0: R:0x2f7304c0 W:0x00000007] PC= 0x80000470    li      t0, 2
Cyc=        310 Op1=[0x00000002] Op2=[0x00000002] W[_, 9= 0x00000000]   Mem[0: R:0x04c0006f W:0x00000002] PC= 0x80000474    bne     tp, t0, pc - 24
Cyc=        311 Op1=[0x00000000] Op2=[0x00000080] W[W,29= 0x00000080]   Mem[0: R:0x00000297 W:0x00000000] PC= 0x80000478    li      t4, 128
Cyc=        312 Op1=[0x00000000] Op2=[0x0000001f] W[W, 3= 0x0000001f]   Mem[0: R:0x000f1703 W:0x00000000] PC= 0x8000047c    li      gp, 31
Cyc=        313 Op1=[0x00000080] Op2=[0x00000080] W[_,12= 0x00000000]   Mem[0: R:0x04c0006f W:0x00000080] PC= 0x80000480    bne     t5, t4, pc + 460
Cyc=        314 Op1=[0x00000000] Op2=[0x00000000] W[W, 4= 0x00000000]   Mem[0: R:0x04c0006f W:0x00000000] PC= 0x80000484    li      tp, 0
Cyc=        315 Op1=[0x00000000] Op2=[0x00000001] W[W, 1= 0x00000001]   Mem[0: R:0x7304c000 W:0x00000001] PC= 0x80000488    li      ra, 1
Cyc=        316 Op1=[0x00000000] Op2=[0x00000000] W[W, 0= 0x00000000]   Mem[0: R:0x04c0006f W:0x00000000] PC= 0x8000048c    nop
Cyc=        317 Op1=[0x00000000] Op2=[0x0000000e] W[W, 2= 0x0000000e]   Mem[0: R:0x0f9303ff W:0x00000000] PC= 0x80000490    li      sp, 14
Cyc=        318 Op1=[0x00000000] Op2=[0x00000000] W[W, 0= 0x00000000]   Mem[0: R:0x04c0006f W:0x00000000] PC= 0x80000494    nop
Cyc=        319 Op1=[0x00000001] Op2=[0x0000000e] W[W,30= 0x00004000]   Mem[0: R:0x00000000 W:0x0000000e] PC= 0x80000498    sll     t5, ra, sp
Cyc=        320 Op1=[0x00000000] Op2=[0x00000001] W[W, 4= 0x00000001]   Mem[0: R:0x7304c000 W:0x00000001] PC= 0x8000049c    addi    tp, tp, 1
Cyc=        321 Op1=[0x00000000] Op2=[0x00000002] W[W, 5= 0x00000002]   Mem[0: R:0x2f7304c0 W:0x0000000e] PC= 0x800004a0    li      t0, 2
Cyc=        322 Op1=[0x00000001] Op2=[0x00000002] W[_, 5= 0x00000000]   Mem[0: R:0x04c0006f W:0x00000002] PC= 0x800004a4  B bne     tp, t0, pc - 28
Cyc=        323 Op1=[0x00000000] Op2=[0x00000001] W[W, 1= 0x00000001]   Mem[0: R:0x7304c000 W:0x00000001] PC= 0x80000488    li      ra, 1
Cyc=        324 Op1=[0x00000000] Op2=[0x00000000] W[W, 0= 0x00000000]   Mem[0: R:0x04c0006f W:0x00000000] PC= 0x8000048c    nop
Cyc=        325 Op1=[0x00000000] Op2=[0x0000000e] W[W, 2= 0x0000000e]   Mem[0: R:0x0f9303ff W:0x00000000] PC= 0x80000490    li      sp, 14
Cyc=        326 Op1=[0x00000000] Op2=[0x00000000] W[W, 0= 0x00000000]   Mem[0: R:0x04c0006f W:0x00000000] PC= 0x80000494    nop
Cyc=        327 Op1=[0x00000001] Op2=[0x0000000e] W[W,30= 0x00004000]   Mem[0: R:0x00000000 W:0x0000000e] PC= 0x80000498    sll     t5, ra, sp
Cyc=        328 Op1=[0x00000001] Op2=[0x00000001] W[W, 4= 0x00000002]   Mem[0: R:0x2f7304c0 W:0x00000001] PC= 0x8000049c    addi    tp, tp, 1
Cyc=        329 Op1=[0x00000000] Op2=[0x00000002] W[W, 5= 0x00000002]   Mem[0: R:0x2f7304c0 W:0x0000000e] PC= 0x800004a0    li      t0, 2
Cyc=        330 Op1=[0x00000002] Op2=[0x00000002] W[_, 5= 0x00000000]   Mem[0: R:0x04c0006f W:0x00000002] PC= 0x800004a4    bne     tp, t0, pc - 28
Cyc=        331 Op1=[0x00004000] Op2=[0x00000000] W[W,29= 0x00004000]   Mem[0: R:0x00000000 W:0x00000000] PC= 0x800004a8    lui     t4, 0x4
Cyc=        332 Op1=[0x00000000] Op2=[0x00000020] W[W, 3= 0x00000020]   Mem[0: R:0x80000f17 W:0x00000000] PC= 0x800004ac    li      gp, 32
Cyc=        333 Op1=[0x00004000] Op2=[0x00004000] W[_,28= 0x00000000]   Mem[0: R:0x04c0006f W:0x00004000] PC= 0x800004b0    bne     t5, t4, pc + 412
Cyc=        334 Op1=[0x00000000] Op2=[0x00000000] W[W, 4= 0x00000000]   Mem[0: R:0x04c0006f W:0x00000000] PC= 0x800004b4    li      tp, 0
Cyc=        335 Op1=[0x00000000] Op2=[0x00000001] W[W, 1= 0x00000001]   Mem[0: R:0x7304c000 W:0x00000001] PC= 0x800004b8    li      ra, 1
Cyc=        336 Op1=[0x00000000] Op2=[0x00000000] W[W, 0= 0x00000000]   Mem[0: R:0x04c0006f W:0x00000000] PC= 0x800004bc    nop
Cyc=        337 Op1=[0x00000000] Op2=[0x00000000] W[W, 0= 0x00000000]   Mem[0: R:0x04c0006f W:0x00000000] PC= 0x800004c0    nop
Cyc=        338 Op1=[0x00000000] Op2=[0x0000001f] W[W, 2= 0x0000001f]   Mem[0: R:0x000f1703 W:0x00000000] PC= 0x800004c4    li      sp, 31
Cyc=        339 Op1=[0x00000001] Op2=[0x0000001f] W[W,30= 0x80000000]   Mem[0: R:0x04c0006f W:0x0000001f] PC= 0x800004c8    sll     t5, ra, sp
Cyc=        340 Op1=[0x00000000] Op2=[0x00000001] W[W, 4= 0x00000001]   Mem[0: R:0x7304c000 W:0x00000001] PC= 0x800004cc    addi    tp, tp, 1
Cyc=        341 Op1=[0x00000000] Op2=[0x00000002] W[W, 5= 0x00000002]   Mem[0: R:0x2f7304c0 W:0x0000001f] PC= 0x800004d0    li      t0, 2
Cyc=        342 Op1=[0x00000001] Op2=[0x00000002] W[_, 5= 0x00000000]   Mem[0: R:0x04c0006f W:0x00000002] PC= 0x800004d4  B bne     tp, t0, pc - 28
Cyc=        343 Op1=[0x00000000] Op2=[0x00000001] W[W, 1= 0x00000001]   Mem[0: R:0x7304c000 W:0x00000001] PC= 0x800004b8    li      ra, 1
Cyc=        344 Op1=[0x00000000] Op2=[0x00000000] W[W, 0= 0x00000000]   Mem[0: R:0x04c0006f W:0x00000000] PC= 0x800004bc    nop
Cyc=        345 Op1=[0x00000000] Op2=[0x00000000] W[W, 0= 0x00000000]   Mem[0: R:0x04c0006f W:0x00000000] PC= 0x800004c0    nop
Cyc=        346 Op1=[0x00000000] Op2=[0x0000001f] W[W, 2= 0x0000001f]   Mem[0: R:0x000f1703 W:0x00000000] PC= 0x800004c4    li      sp, 31
Cyc=        347 Op1=[0x00000001] Op2=[0x0000001f] W[W,30= 0x80000000]   Mem[0: R:0x04c0006f W:0x0000001f] PC= 0x800004c8    sll     t5, ra, sp
Cyc=        348 Op1=[0x00000001] Op2=[0x00000001] W[W, 4= 0x00000002]   Mem[0: R:0x2f7304c0 W:0x00000001] PC= 0x800004cc    addi    tp, tp, 1
Cyc=        349 Op1=[0x00000000] Op2=[0x00000002] W[W, 5= 0x00000002]   Mem[0: R:0x2f7304c0 W:0x0000001f] PC= 0x800004d0    li      t0, 2
Cyc=        350 Op1=[0x00000002] Op2=[0x00000002] W[_, 5= 0x00000000]   Mem[0: R:0x04c0006f W:0x00000002] PC= 0x800004d4    bne     tp, t0, pc - 28
Cyc=        351 Op1=[0x80000000] Op2=[0x00000000] W[W,29= 0x80000000]   Mem[0: R:0x04c0006f W:0x00000000] PC= 0x800004d8    lui     t4, 0x80000
Cyc=        352 Op1=[0x00000000] Op2=[0x00000021] W[W, 3= 0x00000021]   Mem[0: R:0x1380000f W:0x00000001] PC= 0x800004dc    li      gp, 33
Cyc=        353 Op1=[0x80000000] Op2=[0x80000000] W[_,12= 0x00000000]   Mem[0: R:0x04c0006f W:0x80000000] PC= 0x800004e0    bne     t5, t4, pc + 364
Cyc=        354 Op1=[0x00000000] Op2=[0x00000000] W[W, 4= 0x00000000]   Mem[0: R:0x04c0006f W:0x00000000] PC= 0x800004e4    li      tp, 0
Cyc=        355 Op1=[0x00000000] Op2=[0x00000007] W[W, 2= 0x00000007]   Mem[0: R:0x800f9334 W:0x00000000] PC= 0x800004e8    li      sp, 7
Cyc=        356 Op1=[0x00000000] Op2=[0x00000001] W[W, 1= 0x00000001]   Mem[0: R:0x7304c000 W:0x00000001] PC= 0x800004ec    li      ra, 1
Cyc=        357 Op1=[0x00000001] Op2=[0x00000007] W[W,30= 0x00000080]   Mem[0: R:0x00000297 W:0x00000007] PC= 0x800004f0    sll     t5, ra, sp
Cyc=        358 Op1=[0x00000000] Op2=[0x00000001] W[W, 4= 0x00000001]   Mem[0: R:0x7304c000 W:0x00000001] PC= 0x800004f4    addi    tp, tp, 1
Cyc=        359 Op1=[0x00000000] Op2=[0x00000002] W[W, 5= 0x00000002]   Mem[0: R:0x2f7304c0 W:0x00000007] PC= 0x800004f8    li      t0, 2
Cyc=        360 Op1=[0x00000001] Op2=[0x00000002] W[_,13= 0x00000000]   Mem[0: R:0x04c0006f W:0x00000002] PC= 0x800004fc  B bne     tp, t0, pc - 20
Cyc=        361 Op1=[0x00000000] Op2=[0x00000007] W[W, 2= 0x00000007]   Mem[0: R:0x800f9334 W:0x00000000] PC= 0x800004e8    li      sp, 7
Cyc=        362 Op1=[0x00000000] Op2=[0x00000001] W[W, 1= 0x00000001]   Mem[0: R:0x7304c000 W:0x00000001] PC= 0x800004ec    li      ra, 1
Cyc=        363 Op1=[0x00000001] Op2=[0x00000007] W[W,30= 0x00000080]   Mem[0: R:0x00000297 W:0x00000007] PC= 0x800004f0    sll     t5, ra, sp
Cyc=        364 Op1=[0x00000001] Op2=[0x00000001] W[W, 4= 0x00000002]   Mem[0: R:0x2f7304c0 W:0x00000001] PC= 0x800004f4    addi    tp, tp, 1
Cyc=        365 Op1=[0x00000000] Op2=[0x00000002] W[W, 5= 0x00000002]   Mem[0: R:0x2f7304c0 W:0x00000007] PC= 0x800004f8    li      t0, 2
Cyc=        366 Op1=[0x00000002] Op2=[0x00000002] W[_,13= 0x00000000]   Mem[0: R:0x04c0006f W:0x00000002] PC= 0x800004fc    bne     tp, t0, pc - 20
Cyc=        367 Op1=[0x00000000] Op2=[0x00000080] W[W,29= 0x00000080]   Mem[0: R:0x00000297 W:0x00000000] PC= 0x80000500    li      t4, 128
Cyc=        368 Op1=[0x00000000] Op2=[0x00000022] W[W, 3= 0x00000022]   Mem[0: R:0x0f138000 W:0x00000007] PC= 0x80000504    li      gp, 34
Cyc=        369 Op1=[0x00000080] Op2=[0x00000080] W[_, 4= 0x00000000]   Mem[0: R:0x04c0006f W:0x00000080] PC= 0x80000508    bne     t5, t4, pc + 324
Cyc=        370 Op1=[0x00000000] Op2=[0x00000000] W[W, 4= 0x00000000]   Mem[0: R:0x04c0006f W:0x00000000] PC= 0x8000050c    li      tp, 0
Cyc=        371 Op1=[0x00000000] Op2=[0x0000000e] W[W, 2= 0x0000000e]   Mem[0: R:0x0f9303ff W:0x00000000] PC= 0x80000510    li      sp, 14
Cyc=        372 Op1=[0x00000000] Op2=[0x00000001] W[W, 1= 0x00000001]   Mem[0: R:0x7304c000 W:0x00000001] PC= 0x80000514    li      ra, 1
Cyc=        373 Op1=[0x00000000] Op2=[0x00000000] W[W, 0= 0x00000000]   Mem[0: R:0x04c0006f W:0x00000000] PC= 0x80000518    nop
Cyc=        374 Op1=[0x00000001] Op2=[0x0000000e] W[W,30= 0x00004000]   Mem[0: R:0x00000000 W:0x0000000e] PC= 0x8000051c    sll     t5, ra, sp
Cyc=        375 Op1=[0x00000000] Op2=[0x00000001] W[W, 4= 0x00000001]   Mem[0: R:0x7304c000 W:0x00000001] PC= 0x80000520    addi    tp, tp, 1
Cyc=        376 Op1=[0x00000000] Op2=[0x00000002] W[W, 5= 0x00000002]   Mem[0: R:0x2f7304c0 W:0x0000000e] PC= 0x80000524    li      t0, 2
Cyc=        377 Op1=[0x00000001] Op2=[0x00000002] W[_, 9= 0x00000000]   Mem[0: R:0x04c0006f W:0x00000002] PC= 0x80000528  B bne     tp, t0, pc - 24
Cyc=        378 Op1=[0x00000000] Op2=[0x0000000e] W[W, 2= 0x0000000e]   Mem[0: R:0x0f9303ff W:0x00000000] PC= 0x80000510    li      sp, 14
Cyc=        379 Op1=[0x00000000] Op2=[0x00000001] W[W, 1= 0x00000001]   Mem[0: R:0x7304c000 W:0x00000001] PC= 0x80000514    li      ra, 1
Cyc=        380 Op1=[0x00000000] Op2=[0x00000000] W[W, 0= 0x00000000]   Mem[0: R:0x04c0006f W:0x00000000] PC= 0x80000518    nop
Cyc=        381 Op1=[0x00000001] Op2=[0x0000000e] W[W,30= 0x00004000]   Mem[0: R:0x00000000 W:0x0000000e] PC= 0x8000051c    sll     t5, ra, sp
Cyc=        382 Op1=[0x00000001] Op2=[0x00000001] W[W, 4= 0x00000002]   Mem[0: R:0x2f7304c0 W:0x00000001] PC= 0x80000520    addi    tp, tp, 1
Cyc=        383 Op1=[0x00000000] Op2=[0x00000002] W[W, 5= 0x00000002]   Mem[0: R:0x2f7304c0 W:0x0000000e] PC= 0x80000524    li      t0, 2
Cyc=        384 Op1=[0x00000002] Op2=[0x00000002] W[_, 9= 0x00000000]   Mem[0: R:0x04c0006f W:0x00000002] PC= 0x80000528    bne     tp, t0, pc - 24
Cyc=        385 Op1=[0x00004000] Op2=[0x00000000] W[W,29= 0x00004000]   Mem[0: R:0x00000000 W:0x00000000] PC= 0x8000052c    lui     t4, 0x4
Cyc=        386 Op1=[0x00000000] Op2=[0x00000023] W[W, 3= 0x00000023]   Mem[0: R:0x0f0f1380 W:0x00000022] PC= 0x80000530    li      gp, 35
Cyc=        387 Op1=[0x00004000] Op2=[0x00004000] W[_,24= 0x00000000]   Mem[0: R:0x04c0006f W:0x00004000] PC= 0x80000534    bne     t5, t4, pc + 280
Cyc=        388 Op1=[0x00000000] Op2=[0x00000000] W[W, 4= 0x00000000]   Mem[0: R:0x04c0006f W:0x00000000] PC= 0x80000538    li      tp, 0
Cyc=        389 Op1=[0x00000000] Op2=[0x0000001f] W[W, 2= 0x0000001f]   Mem[0: R:0x000f1703 W:0x00000000] PC= 0x8000053c    li      sp, 31
Cyc=        390 Op1=[0x00000000] Op2=[0x00000001] W[W, 1= 0x00000001]   Mem[0: R:0x7304c000 W:0x00000001] PC= 0x80000540    li      ra, 1
Cyc=        391 Op1=[0x00000000] Op2=[0x00000000] W[W, 0= 0x00000000]   Mem[0: R:0x04c0006f W:0x00000000] PC= 0x80000544    nop
Cyc=        392 Op1=[0x00000000] Op2=[0x00000000] W[W, 0= 0x00000000]   Mem[0: R:0x04c0006f W:0x00000000] PC= 0x80000548    nop
Cyc=        393 Op1=[0x00000001] Op2=[0x0000001f] W[W,30= 0x80000000]   Mem[0: R:0x04c0006f W:0x0000001f] PC= 0x8000054c    sll     t5, ra, sp
Cyc=        394 Op1=[0x00000000] Op2=[0x00000001] W[W, 4= 0x00000001]   Mem[0: R:0x7304c000 W:0x00000001] PC= 0x80000550    addi    tp, tp, 1
Cyc=        395 Op1=[0x00000000] Op2=[0x00000002] W[W, 5= 0x00000002]   Mem[0: R:0x2f7304c0 W:0x0000001f] PC= 0x80000554    li      t0, 2
Cyc=        396 Op1=[0x00000001] Op2=[0x00000002] W[_, 5= 0x00000000]   Mem[0: R:0x04c0006f W:0x00000002] PC= 0x80000558  B bne     tp, t0, pc - 28
Cyc=        397 Op1=[0x00000000] Op2=[0x0000001f] W[W, 2= 0x0000001f]   Mem[0: R:0x000f1703 W:0x00000000] PC= 0x8000053c    li      sp, 31
Cyc=        398 Op1=[0x00000000] Op2=[0x00000001] W[W, 1= 0x00000001]   Mem[0: R:0x7304c000 W:0x00000001] PC= 0x80000540    li      ra, 1
Cyc=        399 Op1=[0x00000000] Op2=[0x00000000] W[W, 0= 0x00000000]   Mem[0: R:0x04c0006f W:0x00000000] PC= 0x80000544    nop
Cyc=        400 Op1=[0x00000000] Op2=[0x00000000] W[W, 0= 0x00000000]   Mem[0: R:0x04c0006f W:0x00000000] PC= 0x80000548    nop
Cyc=        401 Op1=[0x00000001] Op2=[0x0000001f] W[W,30= 0x80000000]   Mem[0: R:0x04c0006f W:0x0000001f] PC= 0x8000054c    sll     t5, ra, sp
Cyc=        402 Op1=[0x00000001] Op2=[0x00000001] W[W, 4= 0x00000002]   Mem[0: R:0x2f7304c0 W:0x00000001] PC= 0x80000550    addi    tp, tp, 1
Cyc=        403 Op1=[0x00000000] Op2=[0x00000002] W[W, 5= 0x00000002]   Mem[0: R:0x2f7304c0 W:0x0000001f] PC= 0x80000554    li      t0, 2
Cyc=        404 Op1=[0x00000002] Op2=[0x00000002] W[_, 5= 0x00000000]   Mem[0: R:0x04c0006f W:0x00000002] PC= 0x80000558    bne     tp, t0, pc - 28
Cyc=        405 Op1=[0x80000000] Op2=[0x00000000] W[W,29= 0x80000000]   Mem[0: R:0x04c0006f W:0x00000000] PC= 0x8000055c    lui     t4, 0x80000
Cyc=        406 Op1=[0x00000000] Op2=[0x00000024] W[W, 3= 0x00000024]   Mem[0: R:0xfe0f0f13 W:0x00000002] PC= 0x80000560    li      gp, 36
Cyc=        407 Op1=[0x80000000] Op2=[0x80000000] W[_, 8= 0x00000000]   Mem[0: R:0x04c0006f W:0x80000000] PC= 0x80000564    bne     t5, t4, pc + 232
Cyc=        408 Op1=[0x00000000] Op2=[0x00000000] W[W, 4= 0x00000000]   Mem[0: R:0x04c0006f W:0x00000000] PC= 0x80000568    li      tp, 0
Cyc=        409 Op1=[0x00000000] Op2=[0x00000007] W[W, 2= 0x00000007]   Mem[0: R:0x800f9334 W:0x00000000] PC= 0x8000056c    li      sp, 7
Cyc=        410 Op1=[0x00000000] Op2=[0x00000000] W[W, 0= 0x00000000]   Mem[0: R:0x04c0006f W:0x00000000] PC= 0x80000570    nop
Cyc=        411 Op1=[0x00000000] Op2=[0x00000001] W[W, 1= 0x00000001]   Mem[0: R:0x7304c000 W:0x00000001] PC= 0x80000574    li      ra, 1
Cyc=        412 Op1=[0x00000001] Op2=[0x00000007] W[W,30= 0x00000080]   Mem[0: R:0x00000297 W:0x00000007] PC= 0x80000578    sll     t5, ra, sp
Cyc=        413 Op1=[0x00000000] Op2=[0x00000001] W[W, 4= 0x00000001]   Mem[0: R:0x7304c000 W:0x00000001] PC= 0x8000057c    addi    tp, tp, 1
Cyc=        414 Op1=[0x00000000] Op2=[0x00000002] W[W, 5= 0x00000002]   Mem[0: R:0x2f7304c0 W:0x00000007] PC= 0x80000580    li      t0, 2
Cyc=        415 Op1=[0x00000001] Op2=[0x00000002] W[_, 9= 0x00000000]   Mem[0: R:0x04c0006f W:0x00000002] PC= 0x80000584  B bne     tp, t0, pc - 24
Cyc=        416 Op1=[0x00000000] Op2=[0x00000007] W[W, 2= 0x00000007]   Mem[0: R:0x800f9334 W:0x00000000] PC= 0x8000056c    li      sp, 7
Cyc=        417 Op1=[0x00000000] Op2=[0x00000000] W[W, 0= 0x00000000]   Mem[0: R:0x04c0006f W:0x00000000] PC= 0x80000570    nop
Cyc=        418 Op1=[0x00000000] Op2=[0x00000001] W[W, 1= 0x00000001]   Mem[0: R:0x7304c000 W:0x00000001] PC= 0x80000574    li      ra, 1
Cyc=        419 Op1=[0x00000001] Op2=[0x00000007] W[W,30= 0x00000080]   Mem[0: R:0x00000297 W:0x00000007] PC= 0x80000578    sll     t5, ra, sp
Cyc=        420 Op1=[0x00000001] Op2=[0x00000001] W[W, 4= 0x00000002]   Mem[0: R:0x2f7304c0 W:0x00000001] PC= 0x8000057c    addi    tp, tp, 1
Cyc=        421 Op1=[0x00000000] Op2=[0x00000002] W[W, 5= 0x00000002]   Mem[0: R:0x2f7304c0 W:0x00000007] PC= 0x80000580    li      t0, 2
Cyc=        422 Op1=[0x00000002] Op2=[0x00000002] W[_, 9= 0x00000000]   Mem[0: R:0x04c0006f W:0x00000002] PC= 0x80000584    bne     tp, t0, pc - 24
Cyc=        423 Op1=[0x00000000] Op2=[0x00000080] W[W,29= 0x00000080]   Mem[0: R:0x00000297 W:0x00000000] PC= 0x80000588    li      t4, 128
Cyc=        424 Op1=[0x00000000] Op2=[0x00000025] W[W, 3= 0x00000025]   Mem[0: R:0x63fe0f0f W:0x00000002] PC= 0x8000058c    li      gp, 37
Cyc=        425 Op1=[0x00000080] Op2=[0x00000080] W[_,28= 0x00000000]   Mem[0: R:0x04c0006f W:0x00000080] PC= 0x80000590    bne     t5, t4, pc + 188
Cyc=        426 Op1=[0x00000000] Op2=[0x00000000] W[W, 4= 0x00000000]   Mem[0: R:0x04c0006f W:0x00000000] PC= 0x80000594    li      tp, 0
Cyc=        427 Op1=[0x00000000] Op2=[0x0000000e] W[W, 2= 0x0000000e]   Mem[0: R:0x0f9303ff W:0x00000000] PC= 0x80000598    li      sp, 14
Cyc=        428 Op1=[0x00000000] Op2=[0x00000000] W[W, 0= 0x00000000]   Mem[0: R:0x04c0006f W:0x00000000] PC= 0x8000059c    nop
Cyc=        429 Op1=[0x00000000] Op2=[0x00000001] W[W, 1= 0x00000001]   Mem[0: R:0x7304c000 W:0x00000001] PC= 0x800005a0    li      ra, 1
Cyc=        430 Op1=[0x00000000] Op2=[0x00000000] W[W, 0= 0x00000000]   Mem[0: R:0x04c0006f W:0x00000000] PC= 0x800005a4    nop
Cyc=        431 Op1=[0x00000001] Op2=[0x0000000e] W[W,30= 0x00004000]   Mem[0: R:0x00000000 W:0x0000000e] PC= 0x800005a8    sll     t5, ra, sp
Cyc=        432 Op1=[0x00000000] Op2=[0x00000001] W[W, 4= 0x00000001]   Mem[0: R:0x7304c000 W:0x00000001] PC= 0x800005ac    addi    tp, tp, 1
Cyc=        433 Op1=[0x00000000] Op2=[0x00000002] W[W, 5= 0x00000002]   Mem[0: R:0x2f7304c0 W:0x0000000e] PC= 0x800005b0    li      t0, 2
Cyc=        434 Op1=[0x00000001] Op2=[0x00000002] W[_, 5= 0x00000000]   Mem[0: R:0x04c0006f W:0x00000002] PC= 0x800005b4  B bne     tp, t0, pc - 28
Cyc=        435 Op1=[0x00000000] Op2=[0x0000000e] W[W, 2= 0x0000000e]   Mem[0: R:0x0f9303ff W:0x00000000] PC= 0x80000598    li      sp, 14
Cyc=        436 Op1=[0x00000000] Op2=[0x00000000] W[W, 0= 0x00000000]   Mem[0: R:0x04c0006f W:0x00000000] PC= 0x8000059c    nop
Cyc=        437 Op1=[0x00000000] Op2=[0x00000001] W[W, 1= 0x00000001]   Mem[0: R:0x7304c000 W:0x00000001] PC= 0x800005a0    li      ra, 1
Cyc=        438 Op1=[0x00000000] Op2=[0x00000000] W[W, 0= 0x00000000]   Mem[0: R:0x04c0006f W:0x00000000] PC= 0x800005a4    nop
Cyc=        439 Op1=[0x00000001] Op2=[0x0000000e] W[W,30= 0x00004000]   Mem[0: R:0x00000000 W:0x0000000e] PC= 0x800005a8    sll     t5, ra, sp
Cyc=        440 Op1=[0x00000001] Op2=[0x00000001] W[W, 4= 0x00000002]   Mem[0: R:0x2f7304c0 W:0x00000001] PC= 0x800005ac    addi    tp, tp, 1
Cyc=        441 Op1=[0x00000000] Op2=[0x00000002] W[W, 5= 0x00000002]   Mem[0: R:0x2f7304c0 W:0x0000000e] PC= 0x800005b0    li      t0, 2
Cyc=        442 Op1=[0x00000002] Op2=[0x00000002] W[_, 5= 0x00000000]   Mem[0: R:0x04c0006f W:0x00000002] PC= 0x800005b4    bne     tp, t0, pc - 28
Cyc=        443 Op1=[0x00004000] Op2=[0x00000000] W[W,29= 0x00004000]   Mem[0: R:0x00000000 W:0x00000000] PC= 0x800005b8    lui     t4, 0x4
Cyc=        444 Op1=[0x00000000] Op2=[0x00000026] W[W, 3= 0x00000026]   Mem[0: R:0x0463fe0f W:0x80000000] PC= 0x800005bc    li      gp, 38
Cyc=        445 Op1=[0x00004000] Op2=[0x00004000] W[_,12= 0x00000000]   Mem[0: R:0x04c0006f W:0x00004000] PC= 0x800005c0    bne     t5, t4, pc + 140
Cyc=        446 Op1=[0x00000000] Op2=[0x00000000] W[W, 4= 0x00000000]   Mem[0: R:0x04c0006f W:0x00000000] PC= 0x800005c4    li      tp, 0
Cyc=        447 Op1=[0x00000000] Op2=[0x0000001f] W[W, 2= 0x0000001f]   Mem[0: R:0x000f1703 W:0x00000000] PC= 0x800005c8    li      sp, 31
Cyc=        448 Op1=[0x00000000] Op2=[0x00000000] W[W, 0= 0x00000000]   Mem[0: R:0x04c0006f W:0x00000000] PC= 0x800005cc    nop
Cyc=        449 Op1=[0x00000000] Op2=[0x00000000] W[W, 0= 0x00000000]   Mem[0: R:0x04c0006f W:0x00000000] PC= 0x800005d0    nop
Cyc=        450 Op1=[0x00000000] Op2=[0x00000001] W[W, 1= 0x00000001]   Mem[0: R:0x7304c000 W:0x00000001] PC= 0x800005d4    li      ra, 1
Cyc=        451 Op1=[0x00000001] Op2=[0x0000001f] W[W,30= 0x80000000]   Mem[0: R:0x04c0006f W:0x0000001f] PC= 0x800005d8    sll     t5, ra, sp
Cyc=        452 Op1=[0x00000000] Op2=[0x00000001] W[W, 4= 0x00000001]   Mem[0: R:0x7304c000 W:0x00000001] PC= 0x800005dc    addi    tp, tp, 1
Cyc=        453 Op1=[0x00000000] Op2=[0x00000002] W[W, 5= 0x00000002]   Mem[0: R:0x2f7304c0 W:0x0000001f] PC= 0x800005e0    li      t0, 2
Cyc=        454 Op1=[0x00000001] Op2=[0x00000002] W[_, 5= 0x00000000]   Mem[0: R:0x04c0006f W:0x00000002] PC= 0x800005e4  B bne     tp, t0, pc - 28
Cyc=        455 Op1=[0x00000000] Op2=[0x0000001f] W[W, 2= 0x0000001f]   Mem[0: R:0x000f1703 W:0x00000000] PC= 0x800005c8    li      sp, 31
Cyc=        456 Op1=[0x00000000] Op2=[0x00000000] W[W, 0= 0x00000000]   Mem[0: R:0x04c0006f W:0x00000000] PC= 0x800005cc    nop
Cyc=        457 Op1=[0x00000000] Op2=[0x00000000] W[W, 0= 0x00000000]   Mem[0: R:0x04c0006f W:0x00000000] PC= 0x800005d0    nop
Cyc=        458 Op1=[0x00000000] Op2=[0x00000001] W[W, 1= 0x00000001]   Mem[0: R:0x7304c000 W:0x00000001] PC= 0x800005d4    li      ra, 1
Cyc=        459 Op1=[0x00000001] Op2=[0x0000001f] W[W,30= 0x80000000]   Mem[0: R:0x04c0006f W:0x0000001f] PC= 0x800005d8    sll     t5, ra, sp
Cyc=        460 Op1=[0x00000001] Op2=[0x00000001] W[W, 4= 0x00000002]   Mem[0: R:0x2f7304c0 W:0x00000001] PC= 0x800005dc    addi    tp, tp, 1
Cyc=        461 Op1=[0x00000000] Op2=[0x00000002] W[W, 5= 0x00000002]   Mem[0: R:0x2f7304c0 W:0x0000001f] PC= 0x800005e0    li      t0, 2
Cyc=        462 Op1=[0x00000002] Op2=[0x00000002] W[_, 5= 0x00000000]   Mem[0: R:0x04c0006f W:0x00000002] PC= 0x800005e4    bne     tp, t0, pc - 28
Cyc=        463 Op1=[0x80000000] Op2=[0x00000000] W[W,29= 0x80000000]   Mem[0: R:0x04c0006f W:0x00000000] PC= 0x800005e8    lui     t4, 0x80000
Cyc=        464 Op1=[0x00000000] Op2=[0x00000027] W[W, 3= 0x00000027]   Mem[0: R:0x0f0463fe W:0x00000000] PC= 0x800005ec    li      gp, 39
Cyc=        465 Op1=[0x80000000] Op2=[0x80000000] W[_,28= 0x00000000]   Mem[0: R:0x04c0006f W:0x80000000] PC= 0x800005f0    bne     t5, t4, pc + 92
Cyc=        466 Op1=[0x00000000] Op2=[0x0000000f] W[W, 1= 0x0000000f]   Mem[0: R:0x900f9303 W:0x00000000] PC= 0x800005f4    li      ra, 15
Cyc=        467 Op1=[0x00000000] Op2=[0x0000000f] W[W, 2= 0x00000000]   Mem[0: R:0x04c0006f W:0x0000000f] PC= 0x800005f8    sll     sp, zero, ra
Cyc=        468 Op1=[0x00000000] Op2=[0x00000000] W[W,29= 0x00000000]   Mem[0: R:0x04c0006f W:0x00000000] PC= 0x800005fc    li      t4, 0
Cyc=        469 Op1=[0x00000000] Op2=[0x00000028] W[W, 3= 0x00000028]   Mem[0: R:0x000f0463 W:0x00000000] PC= 0x80000600    li      gp, 40
Cyc=        470 Op1=[0x00000000] Op2=[0x00000000] W[_, 8= 0x00000000]   Mem[0: R:0x04c0006f W:0x00000000] PC= 0x80000604    bne     sp, t4, pc + 72
Cyc=        471 Op1=[0x00000000] Op2=[0x00000020] W[W, 1= 0x00000020]   Mem[0: R:0x80000f17 W:0x00000000] PC= 0x80000608    li      ra, 32
Cyc=        472 Op1=[0x00000020] Op2=[0x00000000] W[W, 2= 0x00000020]   Mem[0: R:0x80000f17 W:0x00000000] PC= 0x8000060c    sll     sp, ra, zero
Cyc=        473 Op1=[0x00000000] Op2=[0x00000020] W[W,29= 0x00000020]   Mem[0: R:0x80000f17 W:0x00000000] PC= 0x80000610    li      t4, 32
Cyc=        474 Op1=[0x00000000] Op2=[0x00000029] W[W, 3= 0x00000029]   Mem[0: R:0x67000f04 W:0x00000000] PC= 0x80000614    li      gp, 41
Cyc=        475 Op1=[0x00000020] Op2=[0x00000020] W[_,20= 0x00000000]   Mem[0: R:0x04c0006f W:0x00000020] PC= 0x80000618    bne     sp, t4, pc + 52
Cyc=        476 Op1=[0x00000000] Op2=[0x00000000] W[W, 1= 0x00000000]   Mem[0: R:0x04c0006f W:0x00000000] PC= 0x8000061c    sll     ra, zero, zero
Cyc=        477 Op1=[0x00000000] Op2=[0x00000000] W[W,29= 0x00000000]   Mem[0: R:0x04c0006f W:0x00000000] PC= 0x80000620    li      t4, 0
Cyc=        478 Op1=[0x00000000] Op2=[0x0000002a] W[W, 3= 0x0000002a]   Mem[0: R:0x0067000f W:0x00000000] PC= 0x80000624    li      gp, 42
Cyc=        479 Op1=[0x00000000] Op2=[0x00000000] W[_, 4= 0x00000000]   Mem[0: R:0x04c0006f W:0x00000000] PC= 0x80000628    bne     ra, t4, pc + 36
Cyc=        480 Op1=[0x00000000] Op2=[0x00000400] W[W, 1= 0x00000400]   Mem[0: R:0x00100093 W:0x00000000] PC= 0x8000062c    li      ra, 1024
Cyc=        481 Op1=[0x00001000] Op2=[0x00000000] W[W, 2= 0x00001000]   Mem[0: R:0x00000000 W:0x00000000] PC= 0x80000630    lui     sp, 0x1
Cyc=        482 Op1=[0x00001000] Op2=[0xfffff800] W[W, 2= 0x00000800]   Mem[0: R:0x00000000 W:0x00000000] PC= 0x80000634    addi    sp, sp, -2048
Cyc=        483 Op1=[0x00000400] Op2=[0x00000800] W[W, 0= 0x00000400]   Mem[0: R:0x00100093 W:0x00000800] PC= 0x80000638    sll     zero, ra, sp
Cyc=        484 Op1=[0x00000000] Op2=[0x00000000] W[W,29= 0x00000000]   Mem[0: R:0x04c0006f W:0x00000000] PC= 0x8000063c    li      t4, 0
Cyc=        485 Op1=[0x00000000] Op2=[0x0000002b] W[W, 3= 0x0000002b]   Mem[0: R:0x0f006700 W:0x00000000] PC= 0x80000640    li      gp, 43
Cyc=        486 Op1=[0x00000000] Op2=[0x00000000] W[_, 8= 0x00000000]   Mem[0: R:0x04c0006f W:0x00000000] PC= 0x80000644    bne     zero, t4, pc + 8
Cyc=        487 Op1=[0x00000000] Op2=[0x0000002b] W[_,24= 0x00000000]   Mem[0: R:0x04c0006f W:0x0000002b] PC= 0x80000648  B bne     zero, gp, pc + 24
Cyc=        488 Op1=[0x00000000] Op2=[0x00000000] W[_, 0= 0x00000000]   Mem[0: R:0x04c0006f W:0x00000000] PC= 0x80000660    fence
Cyc=        489 Op1=[0x00000000] Op2=[0x00000001] W[W, 3= 0x00000001]   Mem[0: R:0x7304c000 W:0x00000400] PC= 0x80000664    li      gp, 1
Cyc=        490 Op1=[0x00000000] Op2=[0x00000000] W[_, 0= 0x00000000]   Mem[0: R:0x04c0006f W:0x00000000] PC= 0x80000668  X ecall
Cyc=        491 Op1=[0x00000000] Op2=[0x00000800] W[W,30= 0x0000000b]   Mem[3: R:0x04c0006f W:0x00000800] PC= 0x80000004    csrr    t5, mcause
Cyc=        492 Op1=[0x00000000] Op2=[0x00000008] W[W,31= 0x00000008]   Mem[0: R:0x00800f93 W:0x00000000] PC= 0x80000008    li      t6, 8
Cyc=        493 Op1=[0x0000000b] Op2=[0x00000008] W[_,20= 0x00000000]   Mem[0: R:0x04c0006f W:0x00000008] PC= 0x8000000c    beq     t5, t6, pc + 52
Cyc=        494 Op1=[0x00000000] Op2=[0x00000009] W[W,31= 0x00000009]   Mem[0: R:0x6300800f W:0x00000000] PC= 0x80000010    li      t6, 9
Cyc=        495 Op1=[0x0000000b] Op2=[0x00000009] W[_,12= 0x00000000]   Mem[0: R:0x04c0006f W:0x00000009] PC= 0x80000014    beq     t5, t6, pc + 44
Cyc=        496 Op1=[0x00000000] Op2=[0x0000000b] W[W,31= 0x0000000b]   Mem[0: R:0xff0a6300 W:0x00000000] PC= 0x80000018    li      t6, 11
Cyc=        497 Op1=[0x0000000b] Op2=[0x0000000b] W[_, 4= 0x00000000]   Mem[0: R:0x04c0006f W:0x0000000b] PC= 0x8000001c  B beq     t5, t6, pc + 36
Cyc=        498 Op1=[0x00001000] Op2=[0x80000040] W[W,30= 0x80001040]   Mem[0: R:0x00000000 W:0x00000000] PC= 0x80000040    auipc   t5, 0x1
Cyc=        499 Op1=[0x80001040] Op2=[0xffffffc0] W[_, 0= 0x80001000]   Mem[0: R:0x00000000 W:0x00000001] PC= 0x80000044    sw      gp, -64(t5)
Cyc=        500 Op1=[0x0000000b] Op2=[0x00000000] W[W, 0= 0x8000004c]   Mem[2: R:0x04c0006f W:0x00000000] PC= 0x80000048  J j       pc - 0x8
Cyc=        501 Op1=[0x00001000] Op2=[0x80000040] W[W,30= 0x80001040]   Mem[0: R:0x00000000 W:0x00000000] PC= 0x80000040    auipc   t5, 0x1
Cyc=        502 Op1=[0x80001040] Op2=[0xffffffc0] W[_, 0= 0x80001000]   Mem[0: R:0x00000001 W:0x00000001] PC= 0x80000044    sw      gp, -64(t5)
Cyc=        503 Op1=[0x0000000b] Op2=[0x00000000] W[W, 0= 0x8000004c]   Mem[2: R:0x04c0006f W:0x00000000] PC= 0x80000048  J j       pc - 0x8
Cyc=        504 Op1=[0x00001000] Op2=[0x80000040] W[W,30= 0x80001040]   Mem[0: R:0x00000000 W:0x00000000] PC= 0x80000040    auipc   t5, 0x1
Cyc=        505 Op1=[0x80001040] Op2=[0xffffffc0] W[_, 0= 0x80001000]   Mem[0: R:0x00000001 W:0x00000001] PC= 0x80000044    sw      gp, -64(t5)
Cyc=        506 Op1=[0x0000000b] Op2=[0x00000000] W[W, 0= 0x8000004c]   Mem[2: R:0x04c0006f W:0x00000000] PC= 0x80000048  J j       pc - 0x8
Cyc=        507 Op1=[0x00001000] Op2=[0x80000040] W[W,30= 0x80001040]   Mem[0: R:0x00000000 W:0x00000000] PC= 0x80000040    auipc   t5, 0x1
Cyc=        508 Op1=[0x80001040] Op2=[0xffffffc0] W[_, 0= 0x80001000]   Mem[0: R:0x00000001 W:0x00000001] PC= 0x80000044    sw      gp, -64(t5)
Cyc=        509 Op1=[0x0000000b] Op2=[0x00000000] W[W, 0= 0x8000004c]   Mem[2: R:0x04c0006f W:0x00000000] PC= 0x80000048  J j       pc - 0x8
Cyc=        510 Op1=[0x00001000] Op2=[0x80000040] W[W,30= 0x80001040]   Mem[0: R:0x00000000 W:0x00000000] PC= 0x80000040    auipc   t5, 0x1
Cyc=        511 Op1=[0x80001040] Op2=[0xffffffc0] W[_, 0= 0x80001000]   Mem[0: R:0x00000001 W:0x00000001] PC= 0x80000044    sw      gp, -64(t5)
Cyc=        512 Op1=[0x0000000b] Op2=[0x00000000] W[W, 0= 0x8000004c]   Mem[2: R:0x04c0006f W:0x00000000] PC= 0x80000048  J j       pc - 0x8
Cyc=        513 Op1=[0x00001000] Op2=[0x80000040] W[W,30= 0x80001040]   Mem[0: R:0x00000000 W:0x00000000] PC= 0x80000040    auipc   t5, 0x1
Cyc=        514 Op1=[0x80001040] Op2=[0xffffffc0] W[_, 0= 0x80001000]   Mem[0: R:0x00000001 W:0x00000001] PC= 0x80000044    sw      gp, -64(t5)
Cyc=        515 Op1=[0x0000000b] Op2=[0x00000000] W[W, 0= 0x8000004c]   Mem[2: R:0x04c0006f W:0x00000000] PC= 0x80000048  J j       pc - 0x8
Cyc=        516 Op1=[0x00001000] Op2=[0x80000040] W[W,30= 0x80001040]   Mem[0: R:0x00000000 W:0x00000000] PC= 0x80000040    auipc   t5, 0x1
Cyc=        517 Op1=[0x80001040] Op2=[0xffffffc0] W[_, 0= 0x80001000]   Mem[0: R:0x00000000 W:0x00000001] PC= 0x80000044    sw      gp, -64(t5)
Cyc=        518 Op1=[0x0000000b] Op2=[0x00000000] W[W, 0= 0x8000004c]   Mem[2: R:0x04c0006f W:0x00000000] PC= 0x80000048  J j       pc - 0x8
Cyc=        519 Op1=[0x00001000] Op2=[0x80000040] W[W,30= 0x80001040]   Mem[0: R:0x00000000 W:0x00000000] PC= 0x80000040    auipc   t5, 0x1
*** PASSED ***
