Instantiated DTM.
Cyc=          0 Op1=[0x00000000] Op2=[0x00000000] W[W, 0= 0x80000004]   Mem[2: R:0x04c0006f W:0x00000000] PC= 0x80000000  J j       pc + 0x4c
Cyc=          1 Op1=[0x00000000] Op2=[0x00000000] W[W,10= 0x00000000]   Mem[3: R:0x04c0006f W:0x00000000] PC= 0x8000004c    csrr    a0, mhartid
Cyc=          2 Op1=[0x00000000] Op2=[0x00000000] W[_, 0= 0x00000000]   Mem[0: R:0x04c0006f W:0x00000000] PC= 0x80000050    bnez    a0, pc + 0
Cyc=          3 Op1=[0x00000000] Op2=[0x80000054] W[W, 5= 0x80000054]   Mem[0: R:0x00000297 W:0x00000000] PC= 0x80000054    auipc   t0, 0x0
Cyc=          4 Op1=[0x80000054] Op2=[0x00000010] W[W, 5= 0x80000064]   Mem[0: R:0x00000297 W:0x00000000] PC= 0x80000058    addi    t0, t0, 16
Cyc=          5 Op1=[0x80000064] Op2=[0x80000064] W[W, 0= 0x00000100]   Mem[3: R:0x00000297 W:0x80000064] PC= 0x8000005c    csrw    mtvec, t0
Cyc=          6 Op1=[0x00000000] Op2=[0x00000000] W[W, 0= 0x00000000]   Mem[3: R:0x04c0006f W:0x00000000] PC= 0x80000060    csrwi   satp, 0
Cyc=          7 Op1=[0x00000000] Op2=[0x80000064] W[W, 5= 0x80000064]   Mem[0: R:0x00000297 W:0x00000000] PC= 0x80000064    auipc   t0, 0x0
Cyc=          8 Op1=[0x80000064] Op2=[0x0000001c] W[W, 5= 0x80000080]   Mem[0: R:0x00000297 W:0x00000000] PC= 0x80000068    addi    t0, t0, 28
Cyc=          9 Op1=[0x80000080] Op2=[0x80000080] W[W, 0= 0x00000100]   Mem[3: R:0x00000297 W:0x80000080] PC= 0x8000006c    csrw    mtvec, t0
Cyc=         10 Op1=[0x00000000] Op2=[0xffffffff] W[W, 5= 0xffffffff]   Mem[0: R:0xc0006f00 W:0x00000000] PC= 0x80000070    li      t0, -1
Cyc=         11 Op1=[0xffffffff] Op2=[0x00000000] W[W, 0= 0x00000000]   Mem[3: R:0xc0006f00 W:0x00000000] PC= 0x80000074    csrw    pmpaddr0, t0
Cyc=         12 Op1=[0x00000000] Op2=[0x0000001f] W[W, 5= 0x0000001f]   Mem[0: R:0x000f1703 W:0x00000000] PC= 0x80000078    li      t0, 31
Cyc=         13 Op1=[0x0000001f] Op2=[0x00000000] W[W, 0= 0x00000000]   Mem[3: R:0x000f1703 W:0x00000000] PC= 0x8000007c    csrw    pmpcfg0, t0
Cyc=         14 Op1=[0x00000000] Op2=[0x80000080] W[W, 5= 0x80000080]   Mem[0: R:0x00000297 W:0x00000000] PC= 0x80000080    auipc   t0, 0x0
Cyc=         15 Op1=[0x80000080] Op2=[0x00000018] W[W, 5= 0x80000098]   Mem[0: R:0x00000193 W:0x00000000] PC= 0x80000084    addi    t0, t0, 24
Cyc=         16 Op1=[0x80000098] Op2=[0x80000098] W[W, 0= 0x00000100]   Mem[3: R:0x00000193 W:0x80000098] PC= 0x80000088    csrw    mtvec, t0
Cyc=         17 Op1=[0x00000000] Op2=[0x00000000] W[W, 0= 0x00000000]   Mem[3: R:0x04c0006f W:0x00000000] PC= 0x8000008c    csrwi   medeleg, 0
Cyc=         18 Op1=[0x00000000] Op2=[0x00000000] W[W, 0= 0x00000000]   Mem[3: R:0x04c0006f W:0x00000000] PC= 0x80000090    csrwi   mideleg, 0
Cyc=         19 Op1=[0x00000000] Op2=[0x00000000] W[W, 0= 0x00000000]   Mem[3: R:0x04c0006f W:0x00000000] PC= 0x80000094    csrwi   mie, 0
Cyc=         20 Op1=[0x00000000] Op2=[0x00000000] W[W, 3= 0x00000000]   Mem[0: R:0x04c0006f W:0x00000000] PC= 0x80000098    li      gp, 0
Cyc=         21 Op1=[0x00000000] Op2=[0x8000009c] W[W, 5= 0x8000009c]   Mem[0: R:0x00000297 W:0x00000000] PC= 0x8000009c    auipc   t0, 0x0
Cyc=         22 Op1=[0x8000009c] Op2=[0xffffff68] W[W, 5= 0x80000004]   Mem[0: R:0x34202f73 W:0x00000000] PC= 0x800000a0    addi    t0, t0, -152
Cyc=         23 Op1=[0x80000004] Op2=[0x80000004] W[W, 0= 0x00000100]   Mem[3: R:0x34202f73 W:0x80000004] PC= 0x800000a4    csrw    mtvec, t0
Cyc=         24 Op1=[0x00000000] Op2=[0x00000001] W[W,10= 0x00000001]   Mem[0: R:0x7304c000 W:0x00000000] PC= 0x800000a8    li      a0, 1
Cyc=         25 Op1=[0x00000001] Op2=[0x0000001f] W[W,10= 0x80000000]   Mem[0: R:0x04c0006f W:0x00000000] PC= 0x800000ac    slli    a0, a0, 31
Cyc=         26 Op1=[0x80000000] Op2=[0x00000000] W[_,16= 0x00000000]   Mem[0: R:0x04c0006f W:0x00000000] PC= 0x800000b0  B bltz    a0, pc + 16
Cyc=         27 Op1=[0x80000000] Op2=[0x800000c0] W[W, 5= 0x000000c0]   Mem[0: R:0x80000297 W:0x00000000] PC= 0x800000c0    auipc   t0, 0x80000
Cyc=         28 Op1=[0x000000c0] Op2=[0xffffff40] W[W, 5= 0x00000000]   Mem[0: R:0x04c0006f W:0x00000000] PC= 0x800000c4    addi    t0, t0, -192
Cyc=         29 Op1=[0x00000000] Op2=[0x00000000] W[_,28= 0x00000000]   Mem[0: R:0x04c0006f W:0x00000000] PC= 0x800000c8  B beqz    t0, pc + 28
Cyc=         30 Op1=[0x00000000] Op2=[0x00000000] W[W, 0= 0x00001800]   Mem[3: R:0x04c0006f W:0x00000000] PC= 0x800000e4    csrwi   mstatus, 0
Cyc=         31 Op1=[0x00000000] Op2=[0x800000e8] W[W, 5= 0x800000e8]   Mem[0: R:0x00000297 W:0x00000000] PC= 0x800000e8    auipc   t0, 0x0
Cyc=         32 Op1=[0x800000e8] Op2=[0x00000014] W[W, 5= 0x800000fc]   Mem[0: R:0xff0100b7 W:0x00000000] PC= 0x800000ec    addi    t0, t0, 20
Cyc=         33 Op1=[0x800000fc] Op2=[0x00000000] W[W, 0= 0x80000000]   Mem[3: R:0xff0100b7 W:0x00000000] PC= 0x800000f0    csrw    mepc, t0
Cyc=         34 Op1=[0x00000000] Op2=[0x00000000] W[W,10= 0x00000000]   Mem[3: R:0x04c0006f W:0x00000000] PC= 0x800000f4    csrr    a0, mhartid
Cyc=         35 Op1=[0x00000000] Op2=[0x00000000] W[_, 0= 0x00000000]   Mem[0: R:0x04c0006f W:0x00000000] PC= 0x800000f8  X mret
Cyc=         36 Op1=[0xff010000] Op2=[0x00000000] W[W, 1= 0xff010000]   Mem[0: R:0x00000000 W:0x00000000] PC= 0x800000fc    lui     ra, 0xff010
Cyc=         37 Op1=[0xff010000] Op2=[0xffffff00] W[W, 1= 0xff00ff00]   Mem[0: R:0x00000000 W:0x00000000] PC= 0x80000100    addi    ra, ra, -256
Cyc=         38 Op1=[0x0f0f1000] Op2=[0x00000000] W[W, 2= 0x0f0f1000]   Mem[0: R:0x00000000 W:0x00000000] PC= 0x80000104    lui     sp, 0xf0f1
Cyc=         39 Op1=[0x0f0f1000] Op2=[0xffffff0f] W[W, 2= 0x0f0f0f0f]   Mem[0: R:0x00000000 W:0x00000000] PC= 0x80000108    addi    sp, sp, -241
Cyc=         40 Op1=[0xff00ff00] Op2=[0x0f0f0f0f] W[W,30= 0xf00ff00f]   Mem[0: R:0x00000000 W:0x0f0f0f0f] PC= 0x8000010c    xor     t5, ra, sp
Cyc=         41 Op1=[0xf00ff000] Op2=[0x00000000] W[W,29= 0xf00ff000]   Mem[0: R:0x00000000 W:0x00000000] PC= 0x80000110    lui     t4, 0xf00ff
Cyc=         42 Op1=[0xf00ff000] Op2=[0x0000000f] W[W,29= 0xf00ff00f]   Mem[0: R:0x00000000 W:0x00000000] PC= 0x80000114    addi    t4, t4, 15
Cyc=         43 Op1=[0x00000000] Op2=[0x00000002] W[W, 3= 0x00000002]   Mem[0: R:0x2f7304c0 W:0x0f0f0f0f] PC= 0x80000118    li      gp, 2
Cyc=         44 Op1=[0xf00ff00f] Op2=[0xf00ff00f] W[_, 0= 0x00000000]   Mem[0: R:0x04c0006f W:0xf00ff00f] PC= 0x8000011c    bne     t5, t4, pc + 1184
Cyc=         45 Op1=[0x0ff01000] Op2=[0x00000000] W[W, 1= 0x0ff01000]   Mem[0: R:0x00000000 W:0x00000000] PC= 0x80000120    lui     ra, 0xff01
Cyc=         46 Op1=[0x0ff01000] Op2=[0xfffffff0] W[W, 1= 0x0ff00ff0]   Mem[0: R:0x00000000 W:0x00000000] PC= 0x80000124    addi    ra, ra, -16
Cyc=         47 Op1=[0xf0f0f000] Op2=[0x00000000] W[W, 2= 0xf0f0f000]   Mem[0: R:0x00000000 W:0x00000000] PC= 0x80000128    lui     sp, 0xf0f0f
Cyc=         48 Op1=[0xf0f0f000] Op2=[0x000000f0] W[W, 2= 0xf0f0f0f0]   Mem[0: R:0x00000000 W:0x00000000] PC= 0x8000012c    addi    sp, sp, 240
Cyc=         49 Op1=[0x0ff00ff0] Op2=[0xf0f0f0f0] W[W,30= 0xff00ff00]   Mem[0: R:0x00000000 W:0xf0f0f0f0] PC= 0x80000130    xor     t5, ra, sp
Cyc=         50 Op1=[0xff010000] Op2=[0x00000000] W[W,29= 0xff010000]   Mem[0: R:0x00000000 W:0x00000000] PC= 0x80000134    lui     t4, 0xff010
Cyc=         51 Op1=[0xff010000] Op2=[0xffffff00] W[W,29= 0xff00ff00]   Mem[0: R:0x00000000 W:0x00000000] PC= 0x80000138    addi    t4, t4, -256
Cyc=         52 Op1=[0x00000000] Op2=[0x00000003] W[W, 3= 0x00000003]   Mem[0: R:0x202f7304 W:0x00000002] PC= 0x8000013c    li      gp, 3
Cyc=         53 Op1=[0xff00ff00] Op2=[0xff00ff00] W[_,28= 0x00000000]   Mem[0: R:0x04c0006f W:0xff00ff00] PC= 0x80000140    bne     t5, t4, pc + 1148
Cyc=         54 Op1=[0x00ff0000] Op2=[0x00000000] W[W, 1= 0x00ff0000]   Mem[0: R:0x00000000 W:0x00000000] PC= 0x80000144    lui     ra, 0xff0
Cyc=         55 Op1=[0x00ff0000] Op2=[0x000000ff] W[W, 1= 0x00ff00ff]   Mem[0: R:0x00000000 W:0x00000000] PC= 0x80000148    addi    ra, ra, 255
Cyc=         56 Op1=[0x0f0f1000] Op2=[0x00000000] W[W, 2= 0x0f0f1000]   Mem[0: R:0x00000000 W:0x00000000] PC= 0x8000014c    lui     sp, 0xf0f1
Cyc=         57 Op1=[0x0f0f1000] Op2=[0xffffff0f] W[W, 2= 0x0f0f0f0f]   Mem[0: R:0x00000000 W:0x00000000] PC= 0x80000150    addi    sp, sp, -241
Cyc=         58 Op1=[0x00ff00ff] Op2=[0x0f0f0f0f] W[W,30= 0x0ff00ff0]   Mem[0: R:0x00000000 W:0x0f0f0f0f] PC= 0x80000154    xor     t5, ra, sp
Cyc=         59 Op1=[0x0ff01000] Op2=[0x00000000] W[W,29= 0x0ff01000]   Mem[0: R:0x00000000 W:0x00000000] PC= 0x80000158    lui     t4, 0xff01
Cyc=         60 Op1=[0x0ff01000] Op2=[0xfffffff0] W[W,29= 0x0ff00ff0]   Mem[0: R:0x00000000 W:0x00000000] PC= 0x8000015c    addi    t4, t4, -16
Cyc=         61 Op1=[0x00000000] Op2=[0x00000004] W[W, 3= 0x00000004]   Mem[0: R:0x34202f73 W:0x00000000] PC= 0x80000160    li      gp, 4
Cyc=         62 Op1=[0x0ff00ff0] Op2=[0x0ff00ff0] W[_,24= 0x00000000]   Mem[0: R:0x04c0006f W:0x0ff00ff0] PC= 0x80000164    bne     t5, t4, pc + 1112
Cyc=         63 Op1=[0xf00ff000] Op2=[0x00000000] W[W, 1= 0xf00ff000]   Mem[0: R:0x00000000 W:0x00000000] PC= 0x80000168    lui     ra, 0xf00ff
Cyc=         64 Op1=[0xf00ff000] Op2=[0x0000000f] W[W, 1= 0xf00ff00f]   Mem[0: R:0x00000000 W:0x00000000] PC= 0x8000016c    addi    ra, ra, 15
Cyc=         65 Op1=[0xf0f0f000] Op2=[0x00000000] W[W, 2= 0xf0f0f000]   Mem[0: R:0x00000000 W:0x00000000] PC= 0x80000170    lui     sp, 0xf0f0f
Cyc=         66 Op1=[0xf0f0f000] Op2=[0x000000f0] W[W, 2= 0xf0f0f0f0]   Mem[0: R:0x00000000 W:0x00000000] PC= 0x80000174    addi    sp, sp, 240
Cyc=         67 Op1=[0xf00ff00f] Op2=[0xf0f0f0f0] W[W,30= 0x00ff00ff]   Mem[0: R:0x00000000 W:0xf0f0f0f0] PC= 0x80000178    xor     t5, ra, sp
Cyc=         68 Op1=[0x00ff0000] Op2=[0x00000000] W[W,29= 0x00ff0000]   Mem[0: R:0x00000000 W:0x00000000] PC= 0x8000017c    lui     t4, 0xff0
Cyc=         69 Op1=[0x00ff0000] Op2=[0x000000ff] W[W,29= 0x00ff00ff]   Mem[0: R:0x00000000 W:0x00000000] PC= 0x80000180    addi    t4, t4, 255
Cyc=         70 Op1=[0x00000000] Op2=[0x00000005] W[W, 3= 0x00000005]   Mem[0: R:0x9334202f W:0x800000fc] PC= 0x80000184    li      gp, 5
Cyc=         71 Op1=[0x00ff00ff] Op2=[0x00ff00ff] W[_,20= 0x00000000]   Mem[0: R:0x04c0006f W:0x00ff00ff] PC= 0x80000188    bne     t5, t4, pc + 1076
Cyc=         72 Op1=[0xff010000] Op2=[0x00000000] W[W, 1= 0xff010000]   Mem[0: R:0x00000000 W:0x00000000] PC= 0x8000018c    lui     ra, 0xff010
Cyc=         73 Op1=[0xff010000] Op2=[0xffffff00] W[W, 1= 0xff00ff00]   Mem[0: R:0x00000000 W:0x00000000] PC= 0x80000190    addi    ra, ra, -256
Cyc=         74 Op1=[0x0f0f1000] Op2=[0x00000000] W[W, 2= 0x0f0f1000]   Mem[0: R:0x00000000 W:0x00000000] PC= 0x80000194    lui     sp, 0xf0f1
Cyc=         75 Op1=[0x0f0f1000] Op2=[0xffffff0f] W[W, 2= 0x0f0f0f0f]   Mem[0: R:0x00000000 W:0x00000000] PC= 0x80000198    addi    sp, sp, -241
Cyc=         76 Op1=[0xff00ff00] Op2=[0x0f0f0f0f] W[W, 1= 0xf00ff00f]   Mem[0: R:0x00000000 W:0x0f0f0f0f] PC= 0x8000019c    xor     ra, ra, sp
Cyc=         77 Op1=[0xf00ff000] Op2=[0x00000000] W[W,29= 0xf00ff000]   Mem[0: R:0x00000000 W:0x00000000] PC= 0x800001a0    lui     t4, 0xf00ff
Cyc=         78 Op1=[0xf00ff000] Op2=[0x0000000f] W[W,29= 0xf00ff00f]   Mem[0: R:0x00000000 W:0x00000000] PC= 0x800001a4    addi    t4, t4, 15
Cyc=         79 Op1=[0x00000000] Op2=[0x00000006] W[W, 3= 0x00000006]   Mem[0: R:0x0f933420 W:0x00000000] PC= 0x800001a8    li      gp, 6
Cyc=         80 Op1=[0xf00ff00f] Op2=[0xf00ff00f] W[_,16= 0x00000000]   Mem[0: R:0x04c0006f W:0xf00ff00f] PC= 0x800001ac    bne     ra, t4, pc + 1040
Cyc=         81 Op1=[0xff010000] Op2=[0x00000000] W[W, 1= 0xff010000]   Mem[0: R:0x00000000 W:0x00000000] PC= 0x800001b0    lui     ra, 0xff010
Cyc=         82 Op1=[0xff010000] Op2=[0xffffff00] W[W, 1= 0xff00ff00]   Mem[0: R:0x00000000 W:0x00000000] PC= 0x800001b4    addi    ra, ra, -256
Cyc=         83 Op1=[0x0f0f1000] Op2=[0x00000000] W[W, 2= 0x0f0f1000]   Mem[0: R:0x00000000 W:0x00000000] PC= 0x800001b8    lui     sp, 0xf0f1
Cyc=         84 Op1=[0x0f0f1000] Op2=[0xffffff0f] W[W, 2= 0x0f0f0f0f]   Mem[0: R:0x00000000 W:0x00000000] PC= 0x800001bc    addi    sp, sp, -241
Cyc=         85 Op1=[0xff00ff00] Op2=[0x0f0f0f0f] W[W, 2= 0xf00ff00f]   Mem[0: R:0x00000000 W:0x0f0f0f0f] PC= 0x800001c0    xor     sp, ra, sp
Cyc=         86 Op1=[0xf00ff000] Op2=[0x00000000] W[W,29= 0xf00ff000]   Mem[0: R:0x00000000 W:0x00000000] PC= 0x800001c4    lui     t4, 0xf00ff
Cyc=         87 Op1=[0xf00ff000] Op2=[0x0000000f] W[W,29= 0xf00ff00f]   Mem[0: R:0x00000000 W:0x00000000] PC= 0x800001c8    addi    t4, t4, 15
Cyc=         88 Op1=[0x00000000] Op2=[0x00000007] W[W, 3= 0x00000007]   Mem[0: R:0x800f9334 W:0x00000000] PC= 0x800001cc    li      gp, 7
Cyc=         89 Op1=[0xf00ff00f] Op2=[0xf00ff00f] W[_,12= 0x00000000]   Mem[0: R:0x04c0006f W:0xf00ff00f] PC= 0x800001d0    bne     sp, t4, pc + 1004
Cyc=         90 Op1=[0xff010000] Op2=[0x00000000] W[W, 1= 0xff010000]   Mem[0: R:0x00000000 W:0x00000000] PC= 0x800001d4    lui     ra, 0xff010
Cyc=         91 Op1=[0xff010000] Op2=[0xffffff00] W[W, 1= 0xff00ff00]   Mem[0: R:0x00000000 W:0x00000000] PC= 0x800001d8    addi    ra, ra, -256
Cyc=         92 Op1=[0xff00ff00] Op2=[0xff00ff00] W[W, 1= 0x00000000]   Mem[0: R:0x04c0006f W:0xff00ff00] PC= 0x800001dc    xor     ra, ra, ra
Cyc=         93 Op1=[0x00000000] Op2=[0x00000000] W[W,29= 0x00000000]   Mem[0: R:0x04c0006f W:0x00000000] PC= 0x800001e0    li      t4, 0
Cyc=         94 Op1=[0x00000000] Op2=[0x00000008] W[W, 3= 0x00000008]   Mem[0: R:0x00800f93 W:0x00000000] PC= 0x800001e4    li      gp, 8
Cyc=         95 Op1=[0x00000000] Op2=[0x00000000] W[_,20= 0x00000000]   Mem[0: R:0x04c0006f W:0x00000000] PC= 0x800001e8    bne     ra, t4, pc + 980
Cyc=         96 Op1=[0x00000000] Op2=[0x00000000] W[W, 4= 0x00000000]   Mem[0: R:0x04c0006f W:0x00000000] PC= 0x800001ec    li      tp, 0
Cyc=         97 Op1=[0xff010000] Op2=[0x00000000] W[W, 1= 0xff010000]   Mem[0: R:0x00000000 W:0x00000000] PC= 0x800001f0    lui     ra, 0xff010
Cyc=         98 Op1=[0xff010000] Op2=[0xffffff00] W[W, 1= 0xff00ff00]   Mem[0: R:0x00000000 W:0x00000000] PC= 0x800001f4    addi    ra, ra, -256
Cyc=         99 Op1=[0x0f0f1000] Op2=[0x00000000] W[W, 2= 0x0f0f1000]   Mem[0: R:0x00000000 W:0x00000000] PC= 0x800001f8    lui     sp, 0xf0f1
Cyc=        100 Op1=[0x0f0f1000] Op2=[0xffffff0f] W[W, 2= 0x0f0f0f0f]   Mem[0: R:0x00000000 W:0x00000000] PC= 0x800001fc    addi    sp, sp, -241
Cyc=        101 Op1=[0xff00ff00] Op2=[0x0f0f0f0f] W[W,30= 0xf00ff00f]   Mem[0: R:0x00000000 W:0x0f0f0f0f] PC= 0x80000200    xor     t5, ra, sp
Cyc=        102 Op1=[0xf00ff00f] Op2=[0x00000000] W[W, 6= 0xf00ff00f]   Mem[0: R:0x00000000 W:0x00000000] PC= 0x80000204    mv      t1, t5
Cyc=        103 Op1=[0x00000000] Op2=[0x00000001] W[W, 4= 0x00000001]   Mem[0: R:0x7304c000 W:0xff00ff00] PC= 0x80000208    addi    tp, tp, 1
Cyc=        104 Op1=[0x00000000] Op2=[0x00000002] W[W, 5= 0x00000002]   Mem[0: R:0x2f7304c0 W:0x0f0f0f0f] PC= 0x8000020c    li      t0, 2
Cyc=        105 Op1=[0x00000001] Op2=[0x00000002] W[_, 1= 0x00000000]   Mem[0: R:0x04c0006f W:0x00000002] PC= 0x80000210  B bne     tp, t0, pc - 32
Cyc=        106 Op1=[0xff010000] Op2=[0x00000000] W[W, 1= 0xff010000]   Mem[0: R:0x00000000 W:0x00000000] PC= 0x800001f0    lui     ra, 0xff010
Cyc=        107 Op1=[0xff010000] Op2=[0xffffff00] W[W, 1= 0xff00ff00]   Mem[0: R:0x00000000 W:0x00000000] PC= 0x800001f4    addi    ra, ra, -256
Cyc=        108 Op1=[0x0f0f1000] Op2=[0x00000000] W[W, 2= 0x0f0f1000]   Mem[0: R:0x00000000 W:0x00000000] PC= 0x800001f8    lui     sp, 0xf0f1
Cyc=        109 Op1=[0x0f0f1000] Op2=[0xffffff0f] W[W, 2= 0x0f0f0f0f]   Mem[0: R:0x00000000 W:0x00000000] PC= 0x800001fc    addi    sp, sp, -241
Cyc=        110 Op1=[0xff00ff00] Op2=[0x0f0f0f0f] W[W,30= 0xf00ff00f]   Mem[0: R:0x00000000 W:0x0f0f0f0f] PC= 0x80000200    xor     t5, ra, sp
Cyc=        111 Op1=[0xf00ff00f] Op2=[0x00000000] W[W, 6= 0xf00ff00f]   Mem[0: R:0x00000000 W:0x00000000] PC= 0x80000204    mv      t1, t5
Cyc=        112 Op1=[0x00000001] Op2=[0x00000001] W[W, 4= 0x00000002]   Mem[0: R:0x2f7304c0 W:0xff00ff00] PC= 0x80000208    addi    tp, tp, 1
Cyc=        113 Op1=[0x00000000] Op2=[0x00000002] W[W, 5= 0x00000002]   Mem[0: R:0x2f7304c0 W:0x0f0f0f0f] PC= 0x8000020c    li      t0, 2
Cyc=        114 Op1=[0x00000002] Op2=[0x00000002] W[_, 1= 0x00000000]   Mem[0: R:0x04c0006f W:0x00000002] PC= 0x80000210    bne     tp, t0, pc - 32
Cyc=        115 Op1=[0xf00ff000] Op2=[0x00000000] W[W,29= 0xf00ff000]   Mem[0: R:0x00000000 W:0x00000000] PC= 0x80000214    lui     t4, 0xf00ff
Cyc=        116 Op1=[0xf00ff000] Op2=[0x0000000f] W[W,29= 0xf00ff00f]   Mem[0: R:0x00000000 W:0x00000000] PC= 0x80000218    addi    t4, t4, 15
Cyc=        117 Op1=[0x00000000] Op2=[0x00000009] W[W, 3= 0x00000009]   Mem[0: R:0x6300800f W:0x00000000] PC= 0x8000021c    li      gp, 9
Cyc=        118 Op1=[0xf00ff00f] Op2=[0xf00ff00f] W[_,28= 0x00000000]   Mem[0: R:0x04c0006f W:0xf00ff00f] PC= 0x80000220    bne     t1, t4, pc + 924
Cyc=        119 Op1=[0x00000000] Op2=[0x00000000] W[W, 4= 0x00000000]   Mem[0: R:0x04c0006f W:0x00000000] PC= 0x80000224    li      tp, 0
Cyc=        120 Op1=[0x0ff01000] Op2=[0x00000000] W[W, 1= 0x0ff01000]   Mem[0: R:0x00000000 W:0x00000000] PC= 0x80000228    lui     ra, 0xff01
Cyc=        121 Op1=[0x0ff01000] Op2=[0xfffffff0] W[W, 1= 0x0ff00ff0]   Mem[0: R:0x00000000 W:0x00000000] PC= 0x8000022c    addi    ra, ra, -16
Cyc=        122 Op1=[0xf0f0f000] Op2=[0x00000000] W[W, 2= 0xf0f0f000]   Mem[0: R:0x00000000 W:0x00000000] PC= 0x80000230    lui     sp, 0xf0f0f
Cyc=        123 Op1=[0xf0f0f000] Op2=[0x000000f0] W[W, 2= 0xf0f0f0f0]   Mem[0: R:0x00000000 W:0x00000000] PC= 0x80000234    addi    sp, sp, 240
Cyc=        124 Op1=[0x0ff00ff0] Op2=[0xf0f0f0f0] W[W,30= 0xff00ff00]   Mem[0: R:0x00000000 W:0xf0f0f0f0] PC= 0x80000238    xor     t5, ra, sp
Cyc=        125 Op1=[0x00000000] Op2=[0x00000000] W[W, 0= 0x00000000]   Mem[0: R:0x04c0006f W:0x00000000] PC= 0x8000023c    nop
Cyc=        126 Op1=[0xff00ff00] Op2=[0x00000000] W[W, 6= 0xff00ff00]   Mem[0: R:0x00000000 W:0x00000000] PC= 0x80000240    mv      t1, t5
Cyc=        127 Op1=[0x00000000] Op2=[0x00000001] W[W, 4= 0x00000001]   Mem[0: R:0x7304c000 W:0x0ff00ff0] PC= 0x80000244    addi    tp, tp, 1
Cyc=        128 Op1=[0x00000000] Op2=[0x00000002] W[W, 5= 0x00000002]   Mem[0: R:0x2f7304c0 W:0xf0f0f0f0] PC= 0x80000248    li      t0, 2
Cyc=        129 Op1=[0x00000001] Op2=[0x00000002] W[_,29= 0x00000000]   Mem[0: R:0x04c0006f W:0x00000002] PC= 0x8000024c  B bne     tp, t0, pc - 36
Cyc=        130 Op1=[0x0ff01000] Op2=[0x00000000] W[W, 1= 0x0ff01000]   Mem[0: R:0x00000000 W:0x00000000] PC= 0x80000228    lui     ra, 0xff01
Cyc=        131 Op1=[0x0ff01000] Op2=[0xfffffff0] W[W, 1= 0x0ff00ff0]   Mem[0: R:0x00000000 W:0x00000000] PC= 0x8000022c    addi    ra, ra, -16
Cyc=        132 Op1=[0xf0f0f000] Op2=[0x00000000] W[W, 2= 0xf0f0f000]   Mem[0: R:0x00000000 W:0x00000000] PC= 0x80000230    lui     sp, 0xf0f0f
Cyc=        133 Op1=[0xf0f0f000] Op2=[0x000000f0] W[W, 2= 0xf0f0f0f0]   Mem[0: R:0x00000000 W:0x00000000] PC= 0x80000234    addi    sp, sp, 240
Cyc=        134 Op1=[0x0ff00ff0] Op2=[0xf0f0f0f0] W[W,30= 0xff00ff00]   Mem[0: R:0x00000000 W:0xf0f0f0f0] PC= 0x80000238    xor     t5, ra, sp
Cyc=        135 Op1=[0x00000000] Op2=[0x00000000] W[W, 0= 0x00000000]   Mem[0: R:0x04c0006f W:0x00000000] PC= 0x8000023c    nop
Cyc=        136 Op1=[0xff00ff00] Op2=[0x00000000] W[W, 6= 0xff00ff00]   Mem[0: R:0x00000000 W:0x00000000] PC= 0x80000240    mv      t1, t5
Cyc=        137 Op1=[0x00000001] Op2=[0x00000001] W[W, 4= 0x00000002]   Mem[0: R:0x2f7304c0 W:0x0ff00ff0] PC= 0x80000244    addi    tp, tp, 1
Cyc=        138 Op1=[0x00000000] Op2=[0x00000002] W[W, 5= 0x00000002]   Mem[0: R:0x2f7304c0 W:0xf0f0f0f0] PC= 0x80000248    li      t0, 2
Cyc=        139 Op1=[0x00000002] Op2=[0x00000002] W[_,29= 0x00000000]   Mem[0: R:0x04c0006f W:0x00000002] PC= 0x8000024c    bne     tp, t0, pc - 36
Cyc=        140 Op1=[0xff010000] Op2=[0x00000000] W[W,29= 0xff010000]   Mem[0: R:0x00000000 W:0x00000000] PC= 0x80000250    lui     t4, 0xff010
Cyc=        141 Op1=[0xff010000] Op2=[0xffffff00] W[W,29= 0xff00ff00]   Mem[0: R:0x00000000 W:0x00000000] PC= 0x80000254    addi    t4, t4, -256
Cyc=        142 Op1=[0x00000000] Op2=[0x0000000a] W[W, 3= 0x0000000a]   Mem[0: R:0x0a630080 W:0x00000000] PC= 0x80000258    li      gp, 10
Cyc=        143 Op1=[0xff00ff00] Op2=[0xff00ff00] W[_, 0= 0x00000000]   Mem[0: R:0x04c0006f W:0xff00ff00] PC= 0x8000025c    bne     t1, t4, pc + 864
Cyc=        144 Op1=[0x00000000] Op2=[0x00000000] W[W, 4= 0x00000000]   Mem[0: R:0x04c0006f W:0x00000000] PC= 0x80000260    li      tp, 0
Cyc=        145 Op1=[0x00ff0000] Op2=[0x00000000] W[W, 1= 0x00ff0000]   Mem[0: R:0x00000000 W:0x00000000] PC= 0x80000264    lui     ra, 0xff0
Cyc=        146 Op1=[0x00ff0000] Op2=[0x000000ff] W[W, 1= 0x00ff00ff]   Mem[0: R:0x00000000 W:0x00000000] PC= 0x80000268    addi    ra, ra, 255
Cyc=        147 Op1=[0x0f0f1000] Op2=[0x00000000] W[W, 2= 0x0f0f1000]   Mem[0: R:0x00000000 W:0x00000000] PC= 0x8000026c    lui     sp, 0xf0f1
Cyc=        148 Op1=[0x0f0f1000] Op2=[0xffffff0f] W[W, 2= 0x0f0f0f0f]   Mem[0: R:0x00000000 W:0x00000000] PC= 0x80000270    addi    sp, sp, -241
Cyc=        149 Op1=[0x00ff00ff] Op2=[0x0f0f0f0f] W[W,30= 0x0ff00ff0]   Mem[0: R:0x00000000 W:0x0f0f0f0f] PC= 0x80000274    xor     t5, ra, sp
Cyc=        150 Op1=[0x00000000] Op2=[0x00000000] W[W, 0= 0x00000000]   Mem[0: R:0x04c0006f W:0x00000000] PC= 0x80000278    nop
Cyc=        151 Op1=[0x00000000] Op2=[0x00000000] W[W, 0= 0x00000000]   Mem[0: R:0x04c0006f W:0x00000000] PC= 0x8000027c    nop
Cyc=        152 Op1=[0x0ff00ff0] Op2=[0x00000000] W[W, 6= 0x0ff00ff0]   Mem[0: R:0x00000000 W:0x00000000] PC= 0x80000280    mv      t1, t5
Cyc=        153 Op1=[0x00000000] Op2=[0x00000001] W[W, 4= 0x00000001]   Mem[0: R:0x7304c000 W:0x00ff00ff] PC= 0x80000284    addi    tp, tp, 1
Cyc=        154 Op1=[0x00000000] Op2=[0x00000002] W[W, 5= 0x00000002]   Mem[0: R:0x2f7304c0 W:0x0f0f0f0f] PC= 0x80000288    li      t0, 2
Cyc=        155 Op1=[0x00000001] Op2=[0x00000002] W[_,25= 0x00000000]   Mem[0: R:0x04c0006f W:0x00000002] PC= 0x8000028c  B bne     tp, t0, pc - 40
Cyc=        156 Op1=[0x00ff0000] Op2=[0x00000000] W[W, 1= 0x00ff0000]   Mem[0: R:0x00000000 W:0x00000000] PC= 0x80000264    lui     ra, 0xff0
Cyc=        157 Op1=[0x00ff0000] Op2=[0x000000ff] W[W, 1= 0x00ff00ff]   Mem[0: R:0x00000000 W:0x00000000] PC= 0x80000268    addi    ra, ra, 255
Cyc=        158 Op1=[0x0f0f1000] Op2=[0x00000000] W[W, 2= 0x0f0f1000]   Mem[0: R:0x00000000 W:0x00000000] PC= 0x8000026c    lui     sp, 0xf0f1
Cyc=        159 Op1=[0x0f0f1000] Op2=[0xffffff0f] W[W, 2= 0x0f0f0f0f]   Mem[0: R:0x00000000 W:0x00000000] PC= 0x80000270    addi    sp, sp, -241
Cyc=        160 Op1=[0x00ff00ff] Op2=[0x0f0f0f0f] W[W,30= 0x0ff00ff0]   Mem[0: R:0x00000000 W:0x0f0f0f0f] PC= 0x80000274    xor     t5, ra, sp
Cyc=        161 Op1=[0x00000000] Op2=[0x00000000] W[W, 0= 0x00000000]   Mem[0: R:0x04c0006f W:0x00000000] PC= 0x80000278    nop
Cyc=        162 Op1=[0x00000000] Op2=[0x00000000] W[W, 0= 0x00000000]   Mem[0: R:0x04c0006f W:0x00000000] PC= 0x8000027c    nop
Cyc=        163 Op1=[0x0ff00ff0] Op2=[0x00000000] W[W, 6= 0x0ff00ff0]   Mem[0: R:0x00000000 W:0x00000000] PC= 0x80000280    mv      t1, t5
Cyc=        164 Op1=[0x00000001] Op2=[0x00000001] W[W, 4= 0x00000002]   Mem[0: R:0x2f7304c0 W:0x00ff00ff] PC= 0x80000284    addi    tp, tp, 1
Cyc=        165 Op1=[0x00000000] Op2=[0x00000002] W[W, 5= 0x00000002]   Mem[0: R:0x2f7304c0 W:0x0f0f0f0f] PC= 0x80000288    li      t0, 2
Cyc=        166 Op1=[0x00000002] Op2=[0x00000002] W[_,25= 0x00000000]   Mem[0: R:0x04c0006f W:0x00000002] PC= 0x8000028c    bne     tp, t0, pc - 40
Cyc=        167 Op1=[0x0ff01000] Op2=[0x00000000] W[W,29= 0x0ff01000]   Mem[0: R:0x00000000 W:0x00000000] PC= 0x80000290    lui     t4, 0xff01
Cyc=        168 Op1=[0x0ff01000] Op2=[0xfffffff0] W[W,29= 0x0ff00ff0]   Mem[0: R:0x00000000 W:0x00000000] PC= 0x80000294    addi    t4, t4, -16
Cyc=        169 Op1=[0x00000000] Op2=[0x0000000b] W[W, 3= 0x0000000b]   Mem[0: R:0xff0a6300 W:0x00000000] PC= 0x80000298    li      gp, 11
Cyc=        170 Op1=[0x0ff00ff0] Op2=[0x0ff00ff0] W[_, 0= 0x00000000]   Mem[0: R:0x04c0006f W:0x0ff00ff0] PC= 0x8000029c    bne     t1, t4, pc + 800
Cyc=        171 Op1=[0x00000000] Op2=[0x00000000] W[W, 4= 0x00000000]   Mem[0: R:0x04c0006f W:0x00000000] PC= 0x800002a0    li      tp, 0
Cyc=        172 Op1=[0xff010000] Op2=[0x00000000] W[W, 1= 0xff010000]   Mem[0: R:0x00000000 W:0x00000000] PC= 0x800002a4    lui     ra, 0xff010
Cyc=        173 Op1=[0xff010000] Op2=[0xffffff00] W[W, 1= 0xff00ff00]   Mem[0: R:0x00000000 W:0x00000000] PC= 0x800002a8    addi    ra, ra, -256
Cyc=        174 Op1=[0x0f0f1000] Op2=[0x00000000] W[W, 2= 0x0f0f1000]   Mem[0: R:0x00000000 W:0x00000000] PC= 0x800002ac    lui     sp, 0xf0f1
Cyc=        175 Op1=[0x0f0f1000] Op2=[0xffffff0f] W[W, 2= 0x0f0f0f0f]   Mem[0: R:0x00000000 W:0x00000000] PC= 0x800002b0    addi    sp, sp, -241
Cyc=        176 Op1=[0xff00ff00] Op2=[0x0f0f0f0f] W[W,30= 0xf00ff00f]   Mem[0: R:0x00000000 W:0x0f0f0f0f] PC= 0x800002b4    xor     t5, ra, sp
Cyc=        177 Op1=[0x00000000] Op2=[0x00000001] W[W, 4= 0x00000001]   Mem[0: R:0x7304c000 W:0xff00ff00] PC= 0x800002b8    addi    tp, tp, 1
Cyc=        178 Op1=[0x00000000] Op2=[0x00000002] W[W, 5= 0x00000002]   Mem[0: R:0x2f7304c0 W:0x0f0f0f0f] PC= 0x800002bc    li      t0, 2
Cyc=        179 Op1=[0x00000001] Op2=[0x00000002] W[_, 5= 0x00000000]   Mem[0: R:0x04c0006f W:0x00000002] PC= 0x800002c0  B bne     tp, t0, pc - 28
Cyc=        180 Op1=[0xff010000] Op2=[0x00000000] W[W, 1= 0xff010000]   Mem[0: R:0x00000000 W:0x00000000] PC= 0x800002a4    lui     ra, 0xff010
Cyc=        181 Op1=[0xff010000] Op2=[0xffffff00] W[W, 1= 0xff00ff00]   Mem[0: R:0x00000000 W:0x00000000] PC= 0x800002a8    addi    ra, ra, -256
Cyc=        182 Op1=[0x0f0f1000] Op2=[0x00000000] W[W, 2= 0x0f0f1000]   Mem[0: R:0x00000000 W:0x00000000] PC= 0x800002ac    lui     sp, 0xf0f1
Cyc=        183 Op1=[0x0f0f1000] Op2=[0xffffff0f] W[W, 2= 0x0f0f0f0f]   Mem[0: R:0x00000000 W:0x00000000] PC= 0x800002b0    addi    sp, sp, -241
Cyc=        184 Op1=[0xff00ff00] Op2=[0x0f0f0f0f] W[W,30= 0xf00ff00f]   Mem[0: R:0x00000000 W:0x0f0f0f0f] PC= 0x800002b4    xor     t5, ra, sp
Cyc=        185 Op1=[0x00000001] Op2=[0x00000001] W[W, 4= 0x00000002]   Mem[0: R:0x2f7304c0 W:0xff00ff00] PC= 0x800002b8    addi    tp, tp, 1
Cyc=        186 Op1=[0x00000000] Op2=[0x00000002] W[W, 5= 0x00000002]   Mem[0: R:0x2f7304c0 W:0x0f0f0f0f] PC= 0x800002bc    li      t0, 2
Cyc=        187 Op1=[0x00000002] Op2=[0x00000002] W[_, 5= 0x00000000]   Mem[0: R:0x04c0006f W:0x00000002] PC= 0x800002c0    bne     tp, t0, pc - 28
Cyc=        188 Op1=[0xf00ff000] Op2=[0x00000000] W[W,29= 0xf00ff000]   Mem[0: R:0x00000000 W:0x00000000] PC= 0x800002c4    lui     t4, 0xf00ff
Cyc=        189 Op1=[0xf00ff000] Op2=[0x0000000f] W[W,29= 0xf00ff00f]   Mem[0: R:0x00000000 W:0x00000000] PC= 0x800002c8    addi    t4, t4, 15
Cyc=        190 Op1=[0x00000000] Op2=[0x0000000c] W[W, 3= 0x0000000c]   Mem[0: R:0x03ff0a63 W:0x00000000] PC= 0x800002cc    li      gp, 12
Cyc=        191 Op1=[0xf00ff00f] Op2=[0xf00ff00f] W[_,12= 0x00000000]   Mem[0: R:0x04c0006f W:0xf00ff00f] PC= 0x800002d0    bne     t5, t4, pc + 748
Cyc=        192 Op1=[0x00000000] Op2=[0x00000000] W[W, 4= 0x00000000]   Mem[0: R:0x04c0006f W:0x00000000] PC= 0x800002d4    li      tp, 0
Cyc=        193 Op1=[0x0ff01000] Op2=[0x00000000] W[W, 1= 0x0ff01000]   Mem[0: R:0x00000000 W:0x00000000] PC= 0x800002d8    lui     ra, 0xff01
Cyc=        194 Op1=[0x0ff01000] Op2=[0xfffffff0] W[W, 1= 0x0ff00ff0]   Mem[0: R:0x00000000 W:0x00000000] PC= 0x800002dc    addi    ra, ra, -16
Cyc=        195 Op1=[0xf0f0f000] Op2=[0x00000000] W[W, 2= 0xf0f0f000]   Mem[0: R:0x00000000 W:0x00000000] PC= 0x800002e0    lui     sp, 0xf0f0f
Cyc=        196 Op1=[0xf0f0f000] Op2=[0x000000f0] W[W, 2= 0xf0f0f0f0]   Mem[0: R:0x00000000 W:0x00000000] PC= 0x800002e4    addi    sp, sp, 240
Cyc=        197 Op1=[0x00000000] Op2=[0x00000000] W[W, 0= 0x00000000]   Mem[0: R:0x04c0006f W:0x00000000] PC= 0x800002e8    nop
Cyc=        198 Op1=[0x0ff00ff0] Op2=[0xf0f0f0f0] W[W,30= 0xff00ff00]   Mem[0: R:0x00000000 W:0xf0f0f0f0] PC= 0x800002ec    xor     t5, ra, sp
Cyc=        199 Op1=[0x00000000] Op2=[0x00000001] W[W, 4= 0x00000001]   Mem[0: R:0x7304c000 W:0x0ff00ff0] PC= 0x800002f0    addi    tp, tp, 1
Cyc=        200 Op1=[0x00000000] Op2=[0x00000002] W[W, 5= 0x00000002]   Mem[0: R:0x2f7304c0 W:0xf0f0f0f0] PC= 0x800002f4    li      t0, 2
Cyc=        201 Op1=[0x00000001] Op2=[0x00000002] W[_, 1= 0x00000000]   Mem[0: R:0x04c0006f W:0x00000002] PC= 0x800002f8  B bne     tp, t0, pc - 32
Cyc=        202 Op1=[0x0ff01000] Op2=[0x00000000] W[W, 1= 0x0ff01000]   Mem[0: R:0x00000000 W:0x00000000] PC= 0x800002d8    lui     ra, 0xff01
Cyc=        203 Op1=[0x0ff01000] Op2=[0xfffffff0] W[W, 1= 0x0ff00ff0]   Mem[0: R:0x00000000 W:0x00000000] PC= 0x800002dc    addi    ra, ra, -16
Cyc=        204 Op1=[0xf0f0f000] Op2=[0x00000000] W[W, 2= 0xf0f0f000]   Mem[0: R:0x00000000 W:0x00000000] PC= 0x800002e0    lui     sp, 0xf0f0f
Cyc=        205 Op1=[0xf0f0f000] Op2=[0x000000f0] W[W, 2= 0xf0f0f0f0]   Mem[0: R:0x00000000 W:0x00000000] PC= 0x800002e4    addi    sp, sp, 240
Cyc=        206 Op1=[0x00000000] Op2=[0x00000000] W[W, 0= 0x00000000]   Mem[0: R:0x04c0006f W:0x00000000] PC= 0x800002e8    nop
Cyc=        207 Op1=[0x0ff00ff0] Op2=[0xf0f0f0f0] W[W,30= 0xff00ff00]   Mem[0: R:0x00000000 W:0xf0f0f0f0] PC= 0x800002ec    xor     t5, ra, sp
Cyc=        208 Op1=[0x00000001] Op2=[0x00000001] W[W, 4= 0x00000002]   Mem[0: R:0x2f7304c0 W:0x0ff00ff0] PC= 0x800002f0    addi    tp, tp, 1
Cyc=        209 Op1=[0x00000000] Op2=[0x00000002] W[W, 5= 0x00000002]   Mem[0: R:0x2f7304c0 W:0xf0f0f0f0] PC= 0x800002f4    li      t0, 2
Cyc=        210 Op1=[0x00000002] Op2=[0x00000002] W[_, 1= 0x00000000]   Mem[0: R:0x04c0006f W:0x00000002] PC= 0x800002f8    bne     tp, t0, pc - 32
Cyc=        211 Op1=[0xff010000] Op2=[0x00000000] W[W,29= 0xff010000]   Mem[0: R:0x00000000 W:0x00000000] PC= 0x800002fc    lui     t4, 0xff010
Cyc=        212 Op1=[0xff010000] Op2=[0xffffff00] W[W,29= 0xff00ff00]   Mem[0: R:0x00000000 W:0x00000000] PC= 0x80000300    addi    t4, t4, -256
Cyc=        213 Op1=[0x00000000] Op2=[0x0000000d] W[W, 3= 0x0000000d]   Mem[0: R:0x9303ff0a W:0x00000000] PC= 0x80000304    li      gp, 13
Cyc=        214 Op1=[0xff00ff00] Op2=[0xff00ff00] W[_,20= 0x00000000]   Mem[0: R:0x04c0006f W:0xff00ff00] PC= 0x80000308    bne     t5, t4, pc + 692
Cyc=        215 Op1=[0x00000000] Op2=[0x00000000] W[W, 4= 0x00000000]   Mem[0: R:0x04c0006f W:0x00000000] PC= 0x8000030c    li      tp, 0
Cyc=        216 Op1=[0x00ff0000] Op2=[0x00000000] W[W, 1= 0x00ff0000]   Mem[0: R:0x00000000 W:0x00000000] PC= 0x80000310    lui     ra, 0xff0
Cyc=        217 Op1=[0x00ff0000] Op2=[0x000000ff] W[W, 1= 0x00ff00ff]   Mem[0: R:0x00000000 W:0x00000000] PC= 0x80000314    addi    ra, ra, 255
Cyc=        218 Op1=[0x0f0f1000] Op2=[0x00000000] W[W, 2= 0x0f0f1000]   Mem[0: R:0x00000000 W:0x00000000] PC= 0x80000318    lui     sp, 0xf0f1
Cyc=        219 Op1=[0x0f0f1000] Op2=[0xffffff0f] W[W, 2= 0x0f0f0f0f]   Mem[0: R:0x00000000 W:0x00000000] PC= 0x8000031c    addi    sp, sp, -241
Cyc=        220 Op1=[0x00000000] Op2=[0x00000000] W[W, 0= 0x00000000]   Mem[0: R:0x04c0006f W:0x00000000] PC= 0x80000320    nop
Cyc=        221 Op1=[0x00000000] Op2=[0x00000000] W[W, 0= 0x00000000]   Mem[0: R:0x04c0006f W:0x00000000] PC= 0x80000324    nop
Cyc=        222 Op1=[0x00ff00ff] Op2=[0x0f0f0f0f] W[W,30= 0x0ff00ff0]   Mem[0: R:0x00000000 W:0x0f0f0f0f] PC= 0x80000328    xor     t5, ra, sp
Cyc=        223 Op1=[0x00000000] Op2=[0x00000001] W[W, 4= 0x00000001]   Mem[0: R:0x7304c000 W:0x00ff00ff] PC= 0x8000032c    addi    tp, tp, 1
Cyc=        224 Op1=[0x00000000] Op2=[0x00000002] W[W, 5= 0x00000002]   Mem[0: R:0x2f7304c0 W:0x0f0f0f0f] PC= 0x80000330    li      t0, 2
Cyc=        225 Op1=[0x00000001] Op2=[0x00000002] W[_,29= 0x00000000]   Mem[0: R:0x04c0006f W:0x00000002] PC= 0x80000334  B bne     tp, t0, pc - 36
Cyc=        226 Op1=[0x00ff0000] Op2=[0x00000000] W[W, 1= 0x00ff0000]   Mem[0: R:0x00000000 W:0x00000000] PC= 0x80000310    lui     ra, 0xff0
Cyc=        227 Op1=[0x00ff0000] Op2=[0x000000ff] W[W, 1= 0x00ff00ff]   Mem[0: R:0x00000000 W:0x00000000] PC= 0x80000314    addi    ra, ra, 255
Cyc=        228 Op1=[0x0f0f1000] Op2=[0x00000000] W[W, 2= 0x0f0f1000]   Mem[0: R:0x00000000 W:0x00000000] PC= 0x80000318    lui     sp, 0xf0f1
Cyc=        229 Op1=[0x0f0f1000] Op2=[0xffffff0f] W[W, 2= 0x0f0f0f0f]   Mem[0: R:0x00000000 W:0x00000000] PC= 0x8000031c    addi    sp, sp, -241
Cyc=        230 Op1=[0x00000000] Op2=[0x00000000] W[W, 0= 0x00000000]   Mem[0: R:0x04c0006f W:0x00000000] PC= 0x80000320    nop
Cyc=        231 Op1=[0x00000000] Op2=[0x00000000] W[W, 0= 0x00000000]   Mem[0: R:0x04c0006f W:0x00000000] PC= 0x80000324    nop
Cyc=        232 Op1=[0x00ff00ff] Op2=[0x0f0f0f0f] W[W,30= 0x0ff00ff0]   Mem[0: R:0x00000000 W:0x0f0f0f0f] PC= 0x80000328    xor     t5, ra, sp
Cyc=        233 Op1=[0x00000001] Op2=[0x00000001] W[W, 4= 0x00000002]   Mem[0: R:0x2f7304c0 W:0x00ff00ff] PC= 0x8000032c    addi    tp, tp, 1
Cyc=        234 Op1=[0x00000000] Op2=[0x00000002] W[W, 5= 0x00000002]   Mem[0: R:0x2f7304c0 W:0x0f0f0f0f] PC= 0x80000330    li      t0, 2
Cyc=        235 Op1=[0x00000002] Op2=[0x00000002] W[_,29= 0x00000000]   Mem[0: R:0x04c0006f W:0x00000002] PC= 0x80000334    bne     tp, t0, pc - 36
Cyc=        236 Op1=[0x0ff01000] Op2=[0x00000000] W[W,29= 0x0ff01000]   Mem[0: R:0x00000000 W:0x00000000] PC= 0x80000338    lui     t4, 0xff01
Cyc=        237 Op1=[0x0ff01000] Op2=[0xfffffff0] W[W,29= 0x0ff00ff0]   Mem[0: R:0x00000000 W:0x00000000] PC= 0x8000033c    addi    t4, t4, -16
Cyc=        238 Op1=[0x00000000] Op2=[0x0000000e] W[W, 3= 0x0000000e]   Mem[0: R:0x0f9303ff W:0x00000000] PC= 0x80000340    li      gp, 14
Cyc=        239 Op1=[0x0ff00ff0] Op2=[0x0ff00ff0] W[_,24= 0x00000000]   Mem[0: R:0x04c0006f W:0x0ff00ff0] PC= 0x80000344    bne     t5, t4, pc + 632
Cyc=        240 Op1=[0x00000000] Op2=[0x00000000] W[W, 4= 0x00000000]   Mem[0: R:0x04c0006f W:0x00000000] PC= 0x80000348    li      tp, 0
Cyc=        241 Op1=[0xff010000] Op2=[0x00000000] W[W, 1= 0xff010000]   Mem[0: R:0x00000000 W:0x00000000] PC= 0x8000034c    lui     ra, 0xff010
Cyc=        242 Op1=[0xff010000] Op2=[0xffffff00] W[W, 1= 0xff00ff00]   Mem[0: R:0x00000000 W:0x00000000] PC= 0x80000350    addi    ra, ra, -256
Cyc=        243 Op1=[0x00000000] Op2=[0x00000000] W[W, 0= 0x00000000]   Mem[0: R:0x04c0006f W:0x00000000] PC= 0x80000354    nop
Cyc=        244 Op1=[0x0f0f1000] Op2=[0x00000000] W[W, 2= 0x0f0f1000]   Mem[0: R:0x00000000 W:0x00000000] PC= 0x80000358    lui     sp, 0xf0f1
Cyc=        245 Op1=[0x0f0f1000] Op2=[0xffffff0f] W[W, 2= 0x0f0f0f0f]   Mem[0: R:0x00000000 W:0x00000000] PC= 0x8000035c    addi    sp, sp, -241
Cyc=        246 Op1=[0xff00ff00] Op2=[0x0f0f0f0f] W[W,30= 0xf00ff00f]   Mem[0: R:0x00000000 W:0x0f0f0f0f] PC= 0x80000360    xor     t5, ra, sp
Cyc=        247 Op1=[0x00000000] Op2=[0x00000001] W[W, 4= 0x00000001]   Mem[0: R:0x7304c000 W:0xff00ff00] PC= 0x80000364    addi    tp, tp, 1
Cyc=        248 Op1=[0x00000000] Op2=[0x00000002] W[W, 5= 0x00000002]   Mem[0: R:0x2f7304c0 W:0x0f0f0f0f] PC= 0x80000368    li      t0, 2
Cyc=        249 Op1=[0x00000001] Op2=[0x00000002] W[_, 1= 0x00000000]   Mem[0: R:0x04c0006f W:0x00000002] PC= 0x8000036c  B bne     tp, t0, pc - 32
Cyc=        250 Op1=[0xff010000] Op2=[0x00000000] W[W, 1= 0xff010000]   Mem[0: R:0x00000000 W:0x00000000] PC= 0x8000034c    lui     ra, 0xff010
Cyc=        251 Op1=[0xff010000] Op2=[0xffffff00] W[W, 1= 0xff00ff00]   Mem[0: R:0x00000000 W:0x00000000] PC= 0x80000350    addi    ra, ra, -256
Cyc=        252 Op1=[0x00000000] Op2=[0x00000000] W[W, 0= 0x00000000]   Mem[0: R:0x04c0006f W:0x00000000] PC= 0x80000354    nop
Cyc=        253 Op1=[0x0f0f1000] Op2=[0x00000000] W[W, 2= 0x0f0f1000]   Mem[0: R:0x00000000 W:0x00000000] PC= 0x80000358    lui     sp, 0xf0f1
Cyc=        254 Op1=[0x0f0f1000] Op2=[0xffffff0f] W[W, 2= 0x0f0f0f0f]   Mem[0: R:0x00000000 W:0x00000000] PC= 0x8000035c    addi    sp, sp, -241
Cyc=        255 Op1=[0xff00ff00] Op2=[0x0f0f0f0f] W[W,30= 0xf00ff00f]   Mem[0: R:0x00000000 W:0x0f0f0f0f] PC= 0x80000360    xor     t5, ra, sp
Cyc=        256 Op1=[0x00000001] Op2=[0x00000001] W[W, 4= 0x00000002]   Mem[0: R:0x2f7304c0 W:0xff00ff00] PC= 0x80000364    addi    tp, tp, 1
Cyc=        257 Op1=[0x00000000] Op2=[0x00000002] W[W, 5= 0x00000002]   Mem[0: R:0x2f7304c0 W:0x0f0f0f0f] PC= 0x80000368    li      t0, 2
Cyc=        258 Op1=[0x00000002] Op2=[0x00000002] W[_, 1= 0x00000000]   Mem[0: R:0x04c0006f W:0x00000002] PC= 0x8000036c    bne     tp, t0, pc - 32
Cyc=        259 Op1=[0xf00ff000] Op2=[0x00000000] W[W,29= 0xf00ff000]   Mem[0: R:0x00000000 W:0x00000000] PC= 0x80000370    lui     t4, 0xf00ff
Cyc=        260 Op1=[0xf00ff000] Op2=[0x0000000f] W[W,29= 0xf00ff00f]   Mem[0: R:0x00000000 W:0x00000000] PC= 0x80000374    addi    t4, t4, 15
Cyc=        261 Op1=[0x00000000] Op2=[0x0000000f] W[W, 3= 0x0000000f]   Mem[0: R:0x900f9303 W:0x00000000] PC= 0x80000378    li      gp, 15
Cyc=        262 Op1=[0xf00ff00f] Op2=[0xf00ff00f] W[_, 0= 0x00000000]   Mem[0: R:0x04c0006f W:0xf00ff00f] PC= 0x8000037c    bne     t5, t4, pc + 576
Cyc=        263 Op1=[0x00000000] Op2=[0x00000000] W[W, 4= 0x00000000]   Mem[0: R:0x04c0006f W:0x00000000] PC= 0x80000380    li      tp, 0
Cyc=        264 Op1=[0x0ff01000] Op2=[0x00000000] W[W, 1= 0x0ff01000]   Mem[0: R:0x00000000 W:0x00000000] PC= 0x80000384    lui     ra, 0xff01
Cyc=        265 Op1=[0x0ff01000] Op2=[0xfffffff0] W[W, 1= 0x0ff00ff0]   Mem[0: R:0x00000000 W:0x00000000] PC= 0x80000388    addi    ra, ra, -16
Cyc=        266 Op1=[0x00000000] Op2=[0x00000000] W[W, 0= 0x00000000]   Mem[0: R:0x04c0006f W:0x00000000] PC= 0x8000038c    nop
Cyc=        267 Op1=[0xf0f0f000] Op2=[0x00000000] W[W, 2= 0xf0f0f000]   Mem[0: R:0x00000000 W:0x00000000] PC= 0x80000390    lui     sp, 0xf0f0f
Cyc=        268 Op1=[0xf0f0f000] Op2=[0x000000f0] W[W, 2= 0xf0f0f0f0]   Mem[0: R:0x00000000 W:0x00000000] PC= 0x80000394    addi    sp, sp, 240
Cyc=        269 Op1=[0x00000000] Op2=[0x00000000] W[W, 0= 0x00000000]   Mem[0: R:0x04c0006f W:0x00000000] PC= 0x80000398    nop
Cyc=        270 Op1=[0x0ff00ff0] Op2=[0xf0f0f0f0] W[W,30= 0xff00ff00]   Mem[0: R:0x00000000 W:0xf0f0f0f0] PC= 0x8000039c    xor     t5, ra, sp
Cyc=        271 Op1=[0x00000000] Op2=[0x00000001] W[W, 4= 0x00000001]   Mem[0: R:0x7304c000 W:0x0ff00ff0] PC= 0x800003a0    addi    tp, tp, 1
Cyc=        272 Op1=[0x00000000] Op2=[0x00000002] W[W, 5= 0x00000002]   Mem[0: R:0x2f7304c0 W:0xf0f0f0f0] PC= 0x800003a4    li      t0, 2
Cyc=        273 Op1=[0x00000001] Op2=[0x00000002] W[_,29= 0x00000000]   Mem[0: R:0x04c0006f W:0x00000002] PC= 0x800003a8  B bne     tp, t0, pc - 36
Cyc=        274 Op1=[0x0ff01000] Op2=[0x00000000] W[W, 1= 0x0ff01000]   Mem[0: R:0x00000000 W:0x00000000] PC= 0x80000384    lui     ra, 0xff01
Cyc=        275 Op1=[0x0ff01000] Op2=[0xfffffff0] W[W, 1= 0x0ff00ff0]   Mem[0: R:0x00000000 W:0x00000000] PC= 0x80000388    addi    ra, ra, -16
Cyc=        276 Op1=[0x00000000] Op2=[0x00000000] W[W, 0= 0x00000000]   Mem[0: R:0x04c0006f W:0x00000000] PC= 0x8000038c    nop
Cyc=        277 Op1=[0xf0f0f000] Op2=[0x00000000] W[W, 2= 0xf0f0f000]   Mem[0: R:0x00000000 W:0x00000000] PC= 0x80000390    lui     sp, 0xf0f0f
Cyc=        278 Op1=[0xf0f0f000] Op2=[0x000000f0] W[W, 2= 0xf0f0f0f0]   Mem[0: R:0x00000000 W:0x00000000] PC= 0x80000394    addi    sp, sp, 240
Cyc=        279 Op1=[0x00000000] Op2=[0x00000000] W[W, 0= 0x00000000]   Mem[0: R:0x04c0006f W:0x00000000] PC= 0x80000398    nop
Cyc=        280 Op1=[0x0ff00ff0] Op2=[0xf0f0f0f0] W[W,30= 0xff00ff00]   Mem[0: R:0x00000000 W:0xf0f0f0f0] PC= 0x8000039c    xor     t5, ra, sp
Cyc=        281 Op1=[0x00000001] Op2=[0x00000001] W[W, 4= 0x00000002]   Mem[0: R:0x2f7304c0 W:0x0ff00ff0] PC= 0x800003a0    addi    tp, tp, 1
Cyc=        282 Op1=[0x00000000] Op2=[0x00000002] W[W, 5= 0x00000002]   Mem[0: R:0x2f7304c0 W:0xf0f0f0f0] PC= 0x800003a4    li      t0, 2
Cyc=        283 Op1=[0x00000002] Op2=[0x00000002] W[_,29= 0x00000000]   Mem[0: R:0x04c0006f W:0x00000002] PC= 0x800003a8    bne     tp, t0, pc - 36
Cyc=        284 Op1=[0xff010000] Op2=[0x00000000] W[W,29= 0xff010000]   Mem[0: R:0x00000000 W:0x00000000] PC= 0x800003ac    lui     t4, 0xff010
Cyc=        285 Op1=[0xff010000] Op2=[0xffffff00] W[W,29= 0xff00ff00]   Mem[0: R:0x00000000 W:0x00000000] PC= 0x800003b0    addi    t4, t4, -256
Cyc=        286 Op1=[0x00000000] Op2=[0x00000010] W[W, 3= 0x00000010]   Mem[0: R:0x00900f93 W:0x00000000] PC= 0x800003b4    li      gp, 16
Cyc=        287 Op1=[0xff00ff00] Op2=[0xff00ff00] W[_, 4= 0x00000000]   Mem[0: R:0x04c0006f W:0xff00ff00] PC= 0x800003b8    bne     t5, t4, pc + 516
Cyc=        288 Op1=[0x00000000] Op2=[0x00000000] W[W, 4= 0x00000000]   Mem[0: R:0x04c0006f W:0x00000000] PC= 0x800003bc    li      tp, 0
Cyc=        289 Op1=[0x00ff0000] Op2=[0x00000000] W[W, 1= 0x00ff0000]   Mem[0: R:0x00000000 W:0x00000000] PC= 0x800003c0    lui     ra, 0xff0
Cyc=        290 Op1=[0x00ff0000] Op2=[0x000000ff] W[W, 1= 0x00ff00ff]   Mem[0: R:0x00000000 W:0x00000000] PC= 0x800003c4    addi    ra, ra, 255
Cyc=        291 Op1=[0x00000000] Op2=[0x00000000] W[W, 0= 0x00000000]   Mem[0: R:0x04c0006f W:0x00000000] PC= 0x800003c8    nop
Cyc=        292 Op1=[0x00000000] Op2=[0x00000000] W[W, 0= 0x00000000]   Mem[0: R:0x04c0006f W:0x00000000] PC= 0x800003cc    nop
Cyc=        293 Op1=[0x0f0f1000] Op2=[0x00000000] W[W, 2= 0x0f0f1000]   Mem[0: R:0x00000000 W:0x00000000] PC= 0x800003d0    lui     sp, 0xf0f1
Cyc=        294 Op1=[0x0f0f1000] Op2=[0xffffff0f] W[W, 2= 0x0f0f0f0f]   Mem[0: R:0x00000000 W:0x00000000] PC= 0x800003d4    addi    sp, sp, -241
Cyc=        295 Op1=[0x00ff00ff] Op2=[0x0f0f0f0f] W[W,30= 0x0ff00ff0]   Mem[0: R:0x00000000 W:0x0f0f0f0f] PC= 0x800003d8    xor     t5, ra, sp
Cyc=        296 Op1=[0x00000000] Op2=[0x00000001] W[W, 4= 0x00000001]   Mem[0: R:0x7304c000 W:0x00ff00ff] PC= 0x800003dc    addi    tp, tp, 1
Cyc=        297 Op1=[0x00000000] Op2=[0x00000002] W[W, 5= 0x00000002]   Mem[0: R:0x2f7304c0 W:0x0f0f0f0f] PC= 0x800003e0    li      t0, 2
Cyc=        298 Op1=[0x00000001] Op2=[0x00000002] W[_,29= 0x00000000]   Mem[0: R:0x04c0006f W:0x00000002] PC= 0x800003e4  B bne     tp, t0, pc - 36
Cyc=        299 Op1=[0x00ff0000] Op2=[0x00000000] W[W, 1= 0x00ff0000]   Mem[0: R:0x00000000 W:0x00000000] PC= 0x800003c0    lui     ra, 0xff0
Cyc=        300 Op1=[0x00ff0000] Op2=[0x000000ff] W[W, 1= 0x00ff00ff]   Mem[0: R:0x00000000 W:0x00000000] PC= 0x800003c4    addi    ra, ra, 255
Cyc=        301 Op1=[0x00000000] Op2=[0x00000000] W[W, 0= 0x00000000]   Mem[0: R:0x04c0006f W:0x00000000] PC= 0x800003c8    nop
Cyc=        302 Op1=[0x00000000] Op2=[0x00000000] W[W, 0= 0x00000000]   Mem[0: R:0x04c0006f W:0x00000000] PC= 0x800003cc    nop
Cyc=        303 Op1=[0x0f0f1000] Op2=[0x00000000] W[W, 2= 0x0f0f1000]   Mem[0: R:0x00000000 W:0x00000000] PC= 0x800003d0    lui     sp, 0xf0f1
Cyc=        304 Op1=[0x0f0f1000] Op2=[0xffffff0f] W[W, 2= 0x0f0f0f0f]   Mem[0: R:0x00000000 W:0x00000000] PC= 0x800003d4    addi    sp, sp, -241
Cyc=        305 Op1=[0x00ff00ff] Op2=[0x0f0f0f0f] W[W,30= 0x0ff00ff0]   Mem[0: R:0x00000000 W:0x0f0f0f0f] PC= 0x800003d8    xor     t5, ra, sp
Cyc=        306 Op1=[0x00000001] Op2=[0x00000001] W[W, 4= 0x00000002]   Mem[0: R:0x2f7304c0 W:0x00ff00ff] PC= 0x800003dc    addi    tp, tp, 1
Cyc=        307 Op1=[0x00000000] Op2=[0x00000002] W[W, 5= 0x00000002]   Mem[0: R:0x2f7304c0 W:0x0f0f0f0f] PC= 0x800003e0    li      t0, 2
Cyc=        308 Op1=[0x00000002] Op2=[0x00000002] W[_,29= 0x00000000]   Mem[0: R:0x04c0006f W:0x00000002] PC= 0x800003e4    bne     tp, t0, pc - 36
Cyc=        309 Op1=[0x0ff01000] Op2=[0x00000000] W[W,29= 0x0ff01000]   Mem[0: R:0x00000000 W:0x00000000] PC= 0x800003e8    lui     t4, 0xff01
Cyc=        310 Op1=[0x0ff01000] Op2=[0xfffffff0] W[W,29= 0x0ff00ff0]   Mem[0: R:0x00000000 W:0x00000000] PC= 0x800003ec    addi    t4, t4, -16
Cyc=        311 Op1=[0x00000000] Op2=[0x00000011] W[W, 3= 0x00000011]   Mem[0: R:0x6300900f W:0x00000000] PC= 0x800003f0    li      gp, 17
Cyc=        312 Op1=[0x0ff00ff0] Op2=[0x0ff00ff0] W[_, 8= 0x00000000]   Mem[0: R:0x04c0006f W:0x0ff00ff0] PC= 0x800003f4    bne     t5, t4, pc + 456
Cyc=        313 Op1=[0x00000000] Op2=[0x00000000] W[W, 4= 0x00000000]   Mem[0: R:0x04c0006f W:0x00000000] PC= 0x800003f8    li      tp, 0
Cyc=        314 Op1=[0x0f0f1000] Op2=[0x00000000] W[W, 2= 0x0f0f1000]   Mem[0: R:0x00000000 W:0x00000000] PC= 0x800003fc    lui     sp, 0xf0f1
Cyc=        315 Op1=[0x0f0f1000] Op2=[0xffffff0f] W[W, 2= 0x0f0f0f0f]   Mem[0: R:0x00000000 W:0x00000000] PC= 0x80000400    addi    sp, sp, -241
Cyc=        316 Op1=[0xff010000] Op2=[0x00000000] W[W, 1= 0xff010000]   Mem[0: R:0x00000000 W:0x00000000] PC= 0x80000404    lui     ra, 0xff010
Cyc=        317 Op1=[0xff010000] Op2=[0xffffff00] W[W, 1= 0xff00ff00]   Mem[0: R:0x00000000 W:0x00000000] PC= 0x80000408    addi    ra, ra, -256
Cyc=        318 Op1=[0xff00ff00] Op2=[0x0f0f0f0f] W[W,30= 0xf00ff00f]   Mem[0: R:0x00000000 W:0x0f0f0f0f] PC= 0x8000040c    xor     t5, ra, sp
Cyc=        319 Op1=[0x00000000] Op2=[0x00000001] W[W, 4= 0x00000001]   Mem[0: R:0x7304c000 W:0xff00ff00] PC= 0x80000410    addi    tp, tp, 1
Cyc=        320 Op1=[0x00000000] Op2=[0x00000002] W[W, 5= 0x00000002]   Mem[0: R:0x2f7304c0 W:0x0f0f0f0f] PC= 0x80000414    li      t0, 2
Cyc=        321 Op1=[0x00000001] Op2=[0x00000002] W[_, 5= 0x00000000]   Mem[0: R:0x04c0006f W:0x00000002] PC= 0x80000418  B bne     tp, t0, pc - 28
Cyc=        322 Op1=[0x0f0f1000] Op2=[0x00000000] W[W, 2= 0x0f0f1000]   Mem[0: R:0x00000000 W:0x00000000] PC= 0x800003fc    lui     sp, 0xf0f1
Cyc=        323 Op1=[0x0f0f1000] Op2=[0xffffff0f] W[W, 2= 0x0f0f0f0f]   Mem[0: R:0x00000000 W:0x00000000] PC= 0x80000400    addi    sp, sp, -241
Cyc=        324 Op1=[0xff010000] Op2=[0x00000000] W[W, 1= 0xff010000]   Mem[0: R:0x00000000 W:0x00000000] PC= 0x80000404    lui     ra, 0xff010
Cyc=        325 Op1=[0xff010000] Op2=[0xffffff00] W[W, 1= 0xff00ff00]   Mem[0: R:0x00000000 W:0x00000000] PC= 0x80000408    addi    ra, ra, -256
Cyc=        326 Op1=[0xff00ff00] Op2=[0x0f0f0f0f] W[W,30= 0xf00ff00f]   Mem[0: R:0x00000000 W:0x0f0f0f0f] PC= 0x8000040c    xor     t5, ra, sp
Cyc=        327 Op1=[0x00000001] Op2=[0x00000001] W[W, 4= 0x00000002]   Mem[0: R:0x2f7304c0 W:0xff00ff00] PC= 0x80000410    addi    tp, tp, 1
Cyc=        328 Op1=[0x00000000] Op2=[0x00000002] W[W, 5= 0x00000002]   Mem[0: R:0x2f7304c0 W:0x0f0f0f0f] PC= 0x80000414    li      t0, 2
Cyc=        329 Op1=[0x00000002] Op2=[0x00000002] W[_, 5= 0x00000000]   Mem[0: R:0x04c0006f W:0x00000002] PC= 0x80000418    bne     tp, t0, pc - 28
Cyc=        330 Op1=[0xf00ff000] Op2=[0x00000000] W[W,29= 0xf00ff000]   Mem[0: R:0x00000000 W:0x00000000] PC= 0x8000041c    lui     t4, 0xf00ff
Cyc=        331 Op1=[0xf00ff000] Op2=[0x0000000f] W[W,29= 0xf00ff00f]   Mem[0: R:0x00000000 W:0x00000000] PC= 0x80000420    addi    t4, t4, 15
Cyc=        332 Op1=[0x00000000] Op2=[0x00000012] W[W, 3= 0x00000012]   Mem[0: R:0x06630090 W:0x00000000] PC= 0x80000424    li      gp, 18
Cyc=        333 Op1=[0xf00ff00f] Op2=[0xf00ff00f] W[_,20= 0x00000000]   Mem[0: R:0x04c0006f W:0xf00ff00f] PC= 0x80000428    bne     t5, t4, pc + 404
Cyc=        334 Op1=[0x00000000] Op2=[0x00000000] W[W, 4= 0x00000000]   Mem[0: R:0x04c0006f W:0x00000000] PC= 0x8000042c    li      tp, 0
Cyc=        335 Op1=[0xf0f0f000] Op2=[0x00000000] W[W, 2= 0xf0f0f000]   Mem[0: R:0x00000000 W:0x00000000] PC= 0x80000430    lui     sp, 0xf0f0f
Cyc=        336 Op1=[0xf0f0f000] Op2=[0x000000f0] W[W, 2= 0xf0f0f0f0]   Mem[0: R:0x00000000 W:0x00000000] PC= 0x80000434    addi    sp, sp, 240
Cyc=        337 Op1=[0x0ff01000] Op2=[0x00000000] W[W, 1= 0x0ff01000]   Mem[0: R:0x00000000 W:0x00000000] PC= 0x80000438    lui     ra, 0xff01
Cyc=        338 Op1=[0x0ff01000] Op2=[0xfffffff0] W[W, 1= 0x0ff00ff0]   Mem[0: R:0x00000000 W:0x00000000] PC= 0x8000043c    addi    ra, ra, -16
Cyc=        339 Op1=[0x00000000] Op2=[0x00000000] W[W, 0= 0x00000000]   Mem[0: R:0x04c0006f W:0x00000000] PC= 0x80000440    nop
Cyc=        340 Op1=[0x0ff00ff0] Op2=[0xf0f0f0f0] W[W,30= 0xff00ff00]   Mem[0: R:0x00000000 W:0xf0f0f0f0] PC= 0x80000444    xor     t5, ra, sp
Cyc=        341 Op1=[0x00000000] Op2=[0x00000001] W[W, 4= 0x00000001]   Mem[0: R:0x7304c000 W:0x0ff00ff0] PC= 0x80000448    addi    tp, tp, 1
Cyc=        342 Op1=[0x00000000] Op2=[0x00000002] W[W, 5= 0x00000002]   Mem[0: R:0x2f7304c0 W:0xf0f0f0f0] PC= 0x8000044c    li      t0, 2
Cyc=        343 Op1=[0x00000001] Op2=[0x00000002] W[_, 1= 0x00000000]   Mem[0: R:0x04c0006f W:0x00000002] PC= 0x80000450  B bne     tp, t0, pc - 32
Cyc=        344 Op1=[0xf0f0f000] Op2=[0x00000000] W[W, 2= 0xf0f0f000]   Mem[0: R:0x00000000 W:0x00000000] PC= 0x80000430    lui     sp, 0xf0f0f
Cyc=        345 Op1=[0xf0f0f000] Op2=[0x000000f0] W[W, 2= 0xf0f0f0f0]   Mem[0: R:0x00000000 W:0x00000000] PC= 0x80000434    addi    sp, sp, 240
Cyc=        346 Op1=[0x0ff01000] Op2=[0x00000000] W[W, 1= 0x0ff01000]   Mem[0: R:0x00000000 W:0x00000000] PC= 0x80000438    lui     ra, 0xff01
Cyc=        347 Op1=[0x0ff01000] Op2=[0xfffffff0] W[W, 1= 0x0ff00ff0]   Mem[0: R:0x00000000 W:0x00000000] PC= 0x8000043c    addi    ra, ra, -16
Cyc=        348 Op1=[0x00000000] Op2=[0x00000000] W[W, 0= 0x00000000]   Mem[0: R:0x04c0006f W:0x00000000] PC= 0x80000440    nop
Cyc=        349 Op1=[0x0ff00ff0] Op2=[0xf0f0f0f0] W[W,30= 0xff00ff00]   Mem[0: R:0x00000000 W:0xf0f0f0f0] PC= 0x80000444    xor     t5, ra, sp
Cyc=        350 Op1=[0x00000001] Op2=[0x00000001] W[W, 4= 0x00000002]   Mem[0: R:0x2f7304c0 W:0x0ff00ff0] PC= 0x80000448    addi    tp, tp, 1
Cyc=        351 Op1=[0x00000000] Op2=[0x00000002] W[W, 5= 0x00000002]   Mem[0: R:0x2f7304c0 W:0xf0f0f0f0] PC= 0x8000044c    li      t0, 2
Cyc=        352 Op1=[0x00000002] Op2=[0x00000002] W[_, 1= 0x00000000]   Mem[0: R:0x04c0006f W:0x00000002] PC= 0x80000450    bne     tp, t0, pc - 32
Cyc=        353 Op1=[0xff010000] Op2=[0x00000000] W[W,29= 0xff010000]   Mem[0: R:0x00000000 W:0x00000000] PC= 0x80000454    lui     t4, 0xff010
Cyc=        354 Op1=[0xff010000] Op2=[0xffffff00] W[W,29= 0xff00ff00]   Mem[0: R:0x00000000 W:0x00000000] PC= 0x80000458    addi    t4, t4, -256
Cyc=        355 Op1=[0x00000000] Op2=[0x00000013] W[W, 3= 0x00000013]   Mem[0: R:0xff066300 W:0x00000000] PC= 0x8000045c    li      gp, 19
Cyc=        356 Op1=[0xff00ff00] Op2=[0xff00ff00] W[_,28= 0x00000000]   Mem[0: R:0x04c0006f W:0xff00ff00] PC= 0x80000460    bne     t5, t4, pc + 348
Cyc=        357 Op1=[0x00000000] Op2=[0x00000000] W[W, 4= 0x00000000]   Mem[0: R:0x04c0006f W:0x00000000] PC= 0x80000464    li      tp, 0
Cyc=        358 Op1=[0x0f0f1000] Op2=[0x00000000] W[W, 2= 0x0f0f1000]   Mem[0: R:0x00000000 W:0x00000000] PC= 0x80000468    lui     sp, 0xf0f1
Cyc=        359 Op1=[0x0f0f1000] Op2=[0xffffff0f] W[W, 2= 0x0f0f0f0f]   Mem[0: R:0x00000000 W:0x00000000] PC= 0x8000046c    addi    sp, sp, -241
Cyc=        360 Op1=[0x00ff0000] Op2=[0x00000000] W[W, 1= 0x00ff0000]   Mem[0: R:0x00000000 W:0x00000000] PC= 0x80000470    lui     ra, 0xff0
Cyc=        361 Op1=[0x00ff0000] Op2=[0x000000ff] W[W, 1= 0x00ff00ff]   Mem[0: R:0x00000000 W:0x00000000] PC= 0x80000474    addi    ra, ra, 255
Cyc=        362 Op1=[0x00000000] Op2=[0x00000000] W[W, 0= 0x00000000]   Mem[0: R:0x04c0006f W:0x00000000] PC= 0x80000478    nop
Cyc=        363 Op1=[0x00000000] Op2=[0x00000000] W[W, 0= 0x00000000]   Mem[0: R:0x04c0006f W:0x00000000] PC= 0x8000047c    nop
Cyc=        364 Op1=[0x00ff00ff] Op2=[0x0f0f0f0f] W[W,30= 0x0ff00ff0]   Mem[0: R:0x00000000 W:0x0f0f0f0f] PC= 0x80000480    xor     t5, ra, sp
Cyc=        365 Op1=[0x00000000] Op2=[0x00000001] W[W, 4= 0x00000001]   Mem[0: R:0x7304c000 W:0x00ff00ff] PC= 0x80000484    addi    tp, tp, 1
Cyc=        366 Op1=[0x00000000] Op2=[0x00000002] W[W, 5= 0x00000002]   Mem[0: R:0x2f7304c0 W:0x0f0f0f0f] PC= 0x80000488    li      t0, 2
Cyc=        367 Op1=[0x00000001] Op2=[0x00000002] W[_,29= 0x00000000]   Mem[0: R:0x04c0006f W:0x00000002] PC= 0x8000048c  B bne     tp, t0, pc - 36
Cyc=        368 Op1=[0x0f0f1000] Op2=[0x00000000] W[W, 2= 0x0f0f1000]   Mem[0: R:0x00000000 W:0x00000000] PC= 0x80000468    lui     sp, 0xf0f1
Cyc=        369 Op1=[0x0f0f1000] Op2=[0xffffff0f] W[W, 2= 0x0f0f0f0f]   Mem[0: R:0x00000000 W:0x00000000] PC= 0x8000046c    addi    sp, sp, -241
Cyc=        370 Op1=[0x00ff0000] Op2=[0x00000000] W[W, 1= 0x00ff0000]   Mem[0: R:0x00000000 W:0x00000000] PC= 0x80000470    lui     ra, 0xff0
Cyc=        371 Op1=[0x00ff0000] Op2=[0x000000ff] W[W, 1= 0x00ff00ff]   Mem[0: R:0x00000000 W:0x00000000] PC= 0x80000474    addi    ra, ra, 255
Cyc=        372 Op1=[0x00000000] Op2=[0x00000000] W[W, 0= 0x00000000]   Mem[0: R:0x04c0006f W:0x00000000] PC= 0x80000478    nop
Cyc=        373 Op1=[0x00000000] Op2=[0x00000000] W[W, 0= 0x00000000]   Mem[0: R:0x04c0006f W:0x00000000] PC= 0x8000047c    nop
Cyc=        374 Op1=[0x00ff00ff] Op2=[0x0f0f0f0f] W[W,30= 0x0ff00ff0]   Mem[0: R:0x00000000 W:0x0f0f0f0f] PC= 0x80000480    xor     t5, ra, sp
Cyc=        375 Op1=[0x00000001] Op2=[0x00000001] W[W, 4= 0x00000002]   Mem[0: R:0x2f7304c0 W:0x00ff00ff] PC= 0x80000484    addi    tp, tp, 1
Cyc=        376 Op1=[0x00000000] Op2=[0x00000002] W[W, 5= 0x00000002]   Mem[0: R:0x2f7304c0 W:0x0f0f0f0f] PC= 0x80000488    li      t0, 2
Cyc=        377 Op1=[0x00000002] Op2=[0x00000002] W[_,29= 0x00000000]   Mem[0: R:0x04c0006f W:0x00000002] PC= 0x8000048c    bne     tp, t0, pc - 36
Cyc=        378 Op1=[0x0ff01000] Op2=[0x00000000] W[W,29= 0x0ff01000]   Mem[0: R:0x00000000 W:0x00000000] PC= 0x80000490    lui     t4, 0xff01
Cyc=        379 Op1=[0x0ff01000] Op2=[0xfffffff0] W[W,29= 0x0ff00ff0]   Mem[0: R:0x00000000 W:0x00000000] PC= 0x80000494    addi    t4, t4, -16
Cyc=        380 Op1=[0x00000000] Op2=[0x00000014] W[W, 3= 0x00000014]   Mem[0: R:0x03ff0663 W:0x00000000] PC= 0x80000498    li      gp, 20
Cyc=        381 Op1=[0x0ff00ff0] Op2=[0x0ff00ff0] W[_, 0= 0x00000000]   Mem[0: R:0x04c0006f W:0x0ff00ff0] PC= 0x8000049c    bne     t5, t4, pc + 288
Cyc=        382 Op1=[0x00000000] Op2=[0x00000000] W[W, 4= 0x00000000]   Mem[0: R:0x04c0006f W:0x00000000] PC= 0x800004a0    li      tp, 0
Cyc=        383 Op1=[0x0f0f1000] Op2=[0x00000000] W[W, 2= 0x0f0f1000]   Mem[0: R:0x00000000 W:0x00000000] PC= 0x800004a4    lui     sp, 0xf0f1
Cyc=        384 Op1=[0x0f0f1000] Op2=[0xffffff0f] W[W, 2= 0x0f0f0f0f]   Mem[0: R:0x00000000 W:0x00000000] PC= 0x800004a8    addi    sp, sp, -241
Cyc=        385 Op1=[0x00000000] Op2=[0x00000000] W[W, 0= 0x00000000]   Mem[0: R:0x04c0006f W:0x00000000] PC= 0x800004ac    nop
Cyc=        386 Op1=[0xff010000] Op2=[0x00000000] W[W, 1= 0xff010000]   Mem[0: R:0x00000000 W:0x00000000] PC= 0x800004b0    lui     ra, 0xff010
Cyc=        387 Op1=[0xff010000] Op2=[0xffffff00] W[W, 1= 0xff00ff00]   Mem[0: R:0x00000000 W:0x00000000] PC= 0x800004b4    addi    ra, ra, -256
Cyc=        388 Op1=[0xff00ff00] Op2=[0x0f0f0f0f] W[W,30= 0xf00ff00f]   Mem[0: R:0x00000000 W:0x0f0f0f0f] PC= 0x800004b8    xor     t5, ra, sp
Cyc=        389 Op1=[0x00000000] Op2=[0x00000001] W[W, 4= 0x00000001]   Mem[0: R:0x7304c000 W:0xff00ff00] PC= 0x800004bc    addi    tp, tp, 1
Cyc=        390 Op1=[0x00000000] Op2=[0x00000002] W[W, 5= 0x00000002]   Mem[0: R:0x2f7304c0 W:0x0f0f0f0f] PC= 0x800004c0    li      t0, 2
Cyc=        391 Op1=[0x00000001] Op2=[0x00000002] W[_, 1= 0x00000000]   Mem[0: R:0x04c0006f W:0x00000002] PC= 0x800004c4  B bne     tp, t0, pc - 32
Cyc=        392 Op1=[0x0f0f1000] Op2=[0x00000000] W[W, 2= 0x0f0f1000]   Mem[0: R:0x00000000 W:0x00000000] PC= 0x800004a4    lui     sp, 0xf0f1
Cyc=        393 Op1=[0x0f0f1000] Op2=[0xffffff0f] W[W, 2= 0x0f0f0f0f]   Mem[0: R:0x00000000 W:0x00000000] PC= 0x800004a8    addi    sp, sp, -241
Cyc=        394 Op1=[0x00000000] Op2=[0x00000000] W[W, 0= 0x00000000]   Mem[0: R:0x04c0006f W:0x00000000] PC= 0x800004ac    nop
Cyc=        395 Op1=[0xff010000] Op2=[0x00000000] W[W, 1= 0xff010000]   Mem[0: R:0x00000000 W:0x00000000] PC= 0x800004b0    lui     ra, 0xff010
Cyc=        396 Op1=[0xff010000] Op2=[0xffffff00] W[W, 1= 0xff00ff00]   Mem[0: R:0x00000000 W:0x00000000] PC= 0x800004b4    addi    ra, ra, -256
Cyc=        397 Op1=[0xff00ff00] Op2=[0x0f0f0f0f] W[W,30= 0xf00ff00f]   Mem[0: R:0x00000000 W:0x0f0f0f0f] PC= 0x800004b8    xor     t5, ra, sp
Cyc=        398 Op1=[0x00000001] Op2=[0x00000001] W[W, 4= 0x00000002]   Mem[0: R:0x2f7304c0 W:0xff00ff00] PC= 0x800004bc    addi    tp, tp, 1
Cyc=        399 Op1=[0x00000000] Op2=[0x00000002] W[W, 5= 0x00000002]   Mem[0: R:0x2f7304c0 W:0x0f0f0f0f] PC= 0x800004c0    li      t0, 2
Cyc=        400 Op1=[0x00000002] Op2=[0x00000002] W[_, 1= 0x00000000]   Mem[0: R:0x04c0006f W:0x00000002] PC= 0x800004c4    bne     tp, t0, pc - 32
Cyc=        401 Op1=[0xf00ff000] Op2=[0x00000000] W[W,29= 0xf00ff000]   Mem[0: R:0x00000000 W:0x00000000] PC= 0x800004c8    lui     t4, 0xf00ff
Cyc=        402 Op1=[0xf00ff000] Op2=[0x0000000f] W[W,29= 0xf00ff00f]   Mem[0: R:0x00000000 W:0x00000000] PC= 0x800004cc    addi    t4, t4, 15
Cyc=        403 Op1=[0x00000000] Op2=[0x00000015] W[W, 3= 0x00000015]   Mem[0: R:0x9303ff06 W:0x00000000] PC= 0x800004d0    li      gp, 21
Cyc=        404 Op1=[0xf00ff00f] Op2=[0xf00ff00f] W[_, 8= 0x00000000]   Mem[0: R:0x04c0006f W:0xf00ff00f] PC= 0x800004d4    bne     t5, t4, pc + 232
Cyc=        405 Op1=[0x00000000] Op2=[0x00000000] W[W, 4= 0x00000000]   Mem[0: R:0x04c0006f W:0x00000000] PC= 0x800004d8    li      tp, 0
Cyc=        406 Op1=[0xf0f0f000] Op2=[0x00000000] W[W, 2= 0xf0f0f000]   Mem[0: R:0x00000000 W:0x00000000] PC= 0x800004dc    lui     sp, 0xf0f0f
Cyc=        407 Op1=[0xf0f0f000] Op2=[0x000000f0] W[W, 2= 0xf0f0f0f0]   Mem[0: R:0x00000000 W:0x00000000] PC= 0x800004e0    addi    sp, sp, 240
Cyc=        408 Op1=[0x00000000] Op2=[0x00000000] W[W, 0= 0x00000000]   Mem[0: R:0x04c0006f W:0x00000000] PC= 0x800004e4    nop
Cyc=        409 Op1=[0x0ff01000] Op2=[0x00000000] W[W, 1= 0x0ff01000]   Mem[0: R:0x00000000 W:0x00000000] PC= 0x800004e8    lui     ra, 0xff01
Cyc=        410 Op1=[0x0ff01000] Op2=[0xfffffff0] W[W, 1= 0x0ff00ff0]   Mem[0: R:0x00000000 W:0x00000000] PC= 0x800004ec    addi    ra, ra, -16
Cyc=        411 Op1=[0x00000000] Op2=[0x00000000] W[W, 0= 0x00000000]   Mem[0: R:0x04c0006f W:0x00000000] PC= 0x800004f0    nop
Cyc=        412 Op1=[0x0ff00ff0] Op2=[0xf0f0f0f0] W[W,30= 0xff00ff00]   Mem[0: R:0x00000000 W:0xf0f0f0f0] PC= 0x800004f4    xor     t5, ra, sp
Cyc=        413 Op1=[0x00000000] Op2=[0x00000001] W[W, 4= 0x00000001]   Mem[0: R:0x7304c000 W:0x0ff00ff0] PC= 0x800004f8    addi    tp, tp, 1
Cyc=        414 Op1=[0x00000000] Op2=[0x00000002] W[W, 5= 0x00000002]   Mem[0: R:0x2f7304c0 W:0xf0f0f0f0] PC= 0x800004fc    li      t0, 2
Cyc=        415 Op1=[0x00000001] Op2=[0x00000002] W[_,29= 0x00000000]   Mem[0: R:0x04c0006f W:0x00000002] PC= 0x80000500  B bne     tp, t0, pc - 36
Cyc=        416 Op1=[0xf0f0f000] Op2=[0x00000000] W[W, 2= 0xf0f0f000]   Mem[0: R:0x00000000 W:0x00000000] PC= 0x800004dc    lui     sp, 0xf0f0f
Cyc=        417 Op1=[0xf0f0f000] Op2=[0x000000f0] W[W, 2= 0xf0f0f0f0]   Mem[0: R:0x00000000 W:0x00000000] PC= 0x800004e0    addi    sp, sp, 240
Cyc=        418 Op1=[0x00000000] Op2=[0x00000000] W[W, 0= 0x00000000]   Mem[0: R:0x04c0006f W:0x00000000] PC= 0x800004e4    nop
Cyc=        419 Op1=[0x0ff01000] Op2=[0x00000000] W[W, 1= 0x0ff01000]   Mem[0: R:0x00000000 W:0x00000000] PC= 0x800004e8    lui     ra, 0xff01
Cyc=        420 Op1=[0x0ff01000] Op2=[0xfffffff0] W[W, 1= 0x0ff00ff0]   Mem[0: R:0x00000000 W:0x00000000] PC= 0x800004ec    addi    ra, ra, -16
Cyc=        421 Op1=[0x00000000] Op2=[0x00000000] W[W, 0= 0x00000000]   Mem[0: R:0x04c0006f W:0x00000000] PC= 0x800004f0    nop
Cyc=        422 Op1=[0x0ff00ff0] Op2=[0xf0f0f0f0] W[W,30= 0xff00ff00]   Mem[0: R:0x00000000 W:0xf0f0f0f0] PC= 0x800004f4    xor     t5, ra, sp
Cyc=        423 Op1=[0x00000001] Op2=[0x00000001] W[W, 4= 0x00000002]   Mem[0: R:0x2f7304c0 W:0x0ff00ff0] PC= 0x800004f8    addi    tp, tp, 1
Cyc=        424 Op1=[0x00000000] Op2=[0x00000002] W[W, 5= 0x00000002]   Mem[0: R:0x2f7304c0 W:0xf0f0f0f0] PC= 0x800004fc    li      t0, 2
Cyc=        425 Op1=[0x00000002] Op2=[0x00000002] W[_,29= 0x00000000]   Mem[0: R:0x04c0006f W:0x00000002] PC= 0x80000500    bne     tp, t0, pc - 36
Cyc=        426 Op1=[0xff010000] Op2=[0x00000000] W[W,29= 0xff010000]   Mem[0: R:0x00000000 W:0x00000000] PC= 0x80000504    lui     t4, 0xff010
Cyc=        427 Op1=[0xff010000] Op2=[0xffffff00] W[W,29= 0xff00ff00]   Mem[0: R:0x00000000 W:0x00000000] PC= 0x80000508    addi    t4, t4, -256
Cyc=        428 Op1=[0x00000000] Op2=[0x00000016] W[W, 3= 0x00000016]   Mem[0: R:0x0f9303ff W:0x00000000] PC= 0x8000050c    li      gp, 22
Cyc=        429 Op1=[0xff00ff00] Op2=[0xff00ff00] W[_,12= 0x00000000]   Mem[0: R:0x04c0006f W:0xff00ff00] PC= 0x80000510    bne     t5, t4, pc + 172
Cyc=        430 Op1=[0x00000000] Op2=[0x00000000] W[W, 4= 0x00000000]   Mem[0: R:0x04c0006f W:0x00000000] PC= 0x80000514    li      tp, 0
Cyc=        431 Op1=[0x0f0f1000] Op2=[0x00000000] W[W, 2= 0x0f0f1000]   Mem[0: R:0x00000000 W:0x00000000] PC= 0x80000518    lui     sp, 0xf0f1
Cyc=        432 Op1=[0x0f0f1000] Op2=[0xffffff0f] W[W, 2= 0x0f0f0f0f]   Mem[0: R:0x00000000 W:0x00000000] PC= 0x8000051c    addi    sp, sp, -241
Cyc=        433 Op1=[0x00000000] Op2=[0x00000000] W[W, 0= 0x00000000]   Mem[0: R:0x04c0006f W:0x00000000] PC= 0x80000520    nop
Cyc=        434 Op1=[0x00000000] Op2=[0x00000000] W[W, 0= 0x00000000]   Mem[0: R:0x04c0006f W:0x00000000] PC= 0x80000524    nop
Cyc=        435 Op1=[0x00ff0000] Op2=[0x00000000] W[W, 1= 0x00ff0000]   Mem[0: R:0x00000000 W:0x00000000] PC= 0x80000528    lui     ra, 0xff0
Cyc=        436 Op1=[0x00ff0000] Op2=[0x000000ff] W[W, 1= 0x00ff00ff]   Mem[0: R:0x00000000 W:0x00000000] PC= 0x8000052c    addi    ra, ra, 255
Cyc=        437 Op1=[0x00ff00ff] Op2=[0x0f0f0f0f] W[W,30= 0x0ff00ff0]   Mem[0: R:0x00000000 W:0x0f0f0f0f] PC= 0x80000530    xor     t5, ra, sp
Cyc=        438 Op1=[0x00000000] Op2=[0x00000001] W[W, 4= 0x00000001]   Mem[0: R:0x7304c000 W:0x00ff00ff] PC= 0x80000534    addi    tp, tp, 1
Cyc=        439 Op1=[0x00000000] Op2=[0x00000002] W[W, 5= 0x00000002]   Mem[0: R:0x2f7304c0 W:0x0f0f0f0f] PC= 0x80000538    li      t0, 2
Cyc=        440 Op1=[0x00000001] Op2=[0x00000002] W[_,29= 0x00000000]   Mem[0: R:0x04c0006f W:0x00000002] PC= 0x8000053c  B bne     tp, t0, pc - 36
Cyc=        441 Op1=[0x0f0f1000] Op2=[0x00000000] W[W, 2= 0x0f0f1000]   Mem[0: R:0x00000000 W:0x00000000] PC= 0x80000518    lui     sp, 0xf0f1
Cyc=        442 Op1=[0x0f0f1000] Op2=[0xffffff0f] W[W, 2= 0x0f0f0f0f]   Mem[0: R:0x00000000 W:0x00000000] PC= 0x8000051c    addi    sp, sp, -241
Cyc=        443 Op1=[0x00000000] Op2=[0x00000000] W[W, 0= 0x00000000]   Mem[0: R:0x04c0006f W:0x00000000] PC= 0x80000520    nop
Cyc=        444 Op1=[0x00000000] Op2=[0x00000000] W[W, 0= 0x00000000]   Mem[0: R:0x04c0006f W:0x00000000] PC= 0x80000524    nop
Cyc=        445 Op1=[0x00ff0000] Op2=[0x00000000] W[W, 1= 0x00ff0000]   Mem[0: R:0x00000000 W:0x00000000] PC= 0x80000528    lui     ra, 0xff0
Cyc=        446 Op1=[0x00ff0000] Op2=[0x000000ff] W[W, 1= 0x00ff00ff]   Mem[0: R:0x00000000 W:0x00000000] PC= 0x8000052c    addi    ra, ra, 255
Cyc=        447 Op1=[0x00ff00ff] Op2=[0x0f0f0f0f] W[W,30= 0x0ff00ff0]   Mem[0: R:0x00000000 W:0x0f0f0f0f] PC= 0x80000530    xor     t5, ra, sp
Cyc=        448 Op1=[0x00000001] Op2=[0x00000001] W[W, 4= 0x00000002]   Mem[0: R:0x2f7304c0 W:0x00ff00ff] PC= 0x80000534    addi    tp, tp, 1
Cyc=        449 Op1=[0x00000000] Op2=[0x00000002] W[W, 5= 0x00000002]   Mem[0: R:0x2f7304c0 W:0x0f0f0f0f] PC= 0x80000538    li      t0, 2
Cyc=        450 Op1=[0x00000002] Op2=[0x00000002] W[_,29= 0x00000000]   Mem[0: R:0x04c0006f W:0x00000002] PC= 0x8000053c    bne     tp, t0, pc - 36
Cyc=        451 Op1=[0x0ff01000] Op2=[0x00000000] W[W,29= 0x0ff01000]   Mem[0: R:0x00000000 W:0x00000000] PC= 0x80000540    lui     t4, 0xff01
Cyc=        452 Op1=[0x0ff01000] Op2=[0xfffffff0] W[W,29= 0x0ff00ff0]   Mem[0: R:0x00000000 W:0x00000000] PC= 0x80000544    addi    t4, t4, -16
Cyc=        453 Op1=[0x00000000] Op2=[0x00000017] W[W, 3= 0x00000017]   Mem[0: R:0xb00f9303 W:0x00000000] PC= 0x80000548    li      gp, 23
Cyc=        454 Op1=[0x0ff00ff0] Op2=[0x0ff00ff0] W[_,16= 0x00000000]   Mem[0: R:0x04c0006f W:0x0ff00ff0] PC= 0x8000054c    bne     t5, t4, pc + 112
Cyc=        455 Op1=[0xff010000] Op2=[0x00000000] W[W, 1= 0xff010000]   Mem[0: R:0x00000000 W:0x00000000] PC= 0x80000550    lui     ra, 0xff010
Cyc=        456 Op1=[0xff010000] Op2=[0xffffff00] W[W, 1= 0xff00ff00]   Mem[0: R:0x00000000 W:0x00000000] PC= 0x80000554    addi    ra, ra, -256
Cyc=        457 Op1=[0x00000000] Op2=[0xff00ff00] W[W, 2= 0xff00ff00]   Mem[0: R:0x00000000 W:0xff00ff00] PC= 0x80000558    xor     sp, zero, ra
Cyc=        458 Op1=[0xff010000] Op2=[0x00000000] W[W,29= 0xff010000]   Mem[0: R:0x00000000 W:0x00000000] PC= 0x8000055c    lui     t4, 0xff010
Cyc=        459 Op1=[0xff010000] Op2=[0xffffff00] W[W,29= 0xff00ff00]   Mem[0: R:0x00000000 W:0x00000000] PC= 0x80000560    addi    t4, t4, -256
Cyc=        460 Op1=[0x00000000] Op2=[0x00000018] W[W, 3= 0x00000018]   Mem[0: R:0x00b00f93 W:0x00000000] PC= 0x80000564    li      gp, 24
Cyc=        461 Op1=[0xff00ff00] Op2=[0xff00ff00] W[_,20= 0x00000000]   Mem[0: R:0x04c0006f W:0xff00ff00] PC= 0x80000568    bne     sp, t4, pc + 84
Cyc=        462 Op1=[0x00ff0000] Op2=[0x00000000] W[W, 1= 0x00ff0000]   Mem[0: R:0x00000000 W:0x00000000] PC= 0x8000056c    lui     ra, 0xff0
Cyc=        463 Op1=[0x00ff0000] Op2=[0x000000ff] W[W, 1= 0x00ff00ff]   Mem[0: R:0x00000000 W:0x00000000] PC= 0x80000570    addi    ra, ra, 255
Cyc=        464 Op1=[0x00ff00ff] Op2=[0x00000000] W[W, 2= 0x00ff00ff]   Mem[0: R:0x00000000 W:0x00000000] PC= 0x80000574    xor     sp, ra, zero
Cyc=        465 Op1=[0x00ff0000] Op2=[0x00000000] W[W,29= 0x00ff0000]   Mem[0: R:0x00000000 W:0x00000000] PC= 0x80000578    lui     t4, 0xff0
Cyc=        466 Op1=[0x00ff0000] Op2=[0x000000ff] W[W,29= 0x00ff00ff]   Mem[0: R:0x00000000 W:0x00000000] PC= 0x8000057c    addi    t4, t4, 255
Cyc=        467 Op1=[0x00000000] Op2=[0x00000019] W[W, 3= 0x00000019]   Mem[0: R:0x6300b00f W:0x00000000] PC= 0x80000580    li      gp, 25
Cyc=        468 Op1=[0x00ff00ff] Op2=[0x00ff00ff] W[_,24= 0x00000000]   Mem[0: R:0x04c0006f W:0x00ff00ff] PC= 0x80000584    bne     sp, t4, pc + 56
Cyc=        469 Op1=[0x00000000] Op2=[0x00000000] W[W, 1= 0x00000000]   Mem[0: R:0x04c0006f W:0x00000000] PC= 0x80000588    xor     ra, zero, zero
Cyc=        470 Op1=[0x00000000] Op2=[0x00000000] W[W,29= 0x00000000]   Mem[0: R:0x04c0006f W:0x00000000] PC= 0x8000058c    li      t4, 0
Cyc=        471 Op1=[0x00000000] Op2=[0x0000001a] W[W, 3= 0x0000001a]   Mem[0: R:0x026300b0 W:0x00000000] PC= 0x80000590    li      gp, 26
Cyc=        472 Op1=[0x00000000] Op2=[0x00000000] W[_, 8= 0x00000000]   Mem[0: R:0x04c0006f W:0x00000000] PC= 0x80000594    bne     ra, t4, pc + 40
Cyc=        473 Op1=[0x11111000] Op2=[0x00000000] W[W, 1= 0x11111000]   Mem[0: R:0x00000000 W:0x00000000] PC= 0x80000598    lui     ra, 0x11111
Cyc=        474 Op1=[0x11111000] Op2=[0x00000111] W[W, 1= 0x11111111]   Mem[0: R:0x00000000 W:0x00000000] PC= 0x8000059c    addi    ra, ra, 273
Cyc=        475 Op1=[0x22222000] Op2=[0x00ff00ff] W[W, 2= 0x22222000]   Mem[0: R:0x00000000 W:0x00ff00ff] PC= 0x800005a0    lui     sp, 0x22222
Cyc=        476 Op1=[0x22222000] Op2=[0x00000222] W[W, 2= 0x22222222]   Mem[0: R:0x00000000 W:0x22222000] PC= 0x800005a4    addi    sp, sp, 546
Cyc=        477 Op1=[0x11111111] Op2=[0x22222222] W[W, 0= 0x33333333]   Mem[0: R:0x00000000 W:0x22222222] PC= 0x800005a8    xor     zero, ra, sp
Cyc=        478 Op1=[0x00000000] Op2=[0x00000000] W[W,29= 0x00000000]   Mem[0: R:0x04c0006f W:0x00000000] PC= 0x800005ac    li      t4, 0
Cyc=        479 Op1=[0x00000000] Op2=[0x0000001b] W[W, 3= 0x0000001b]   Mem[0: R:0xff026300 W:0x00000000] PC= 0x800005b0    li      gp, 27
Cyc=        480 Op1=[0x00000000] Op2=[0x00000000] W[_, 8= 0x00000000]   Mem[0: R:0x04c0006f W:0x00000000] PC= 0x800005b4    bne     zero, t4, pc + 8
Cyc=        481 Op1=[0x00000000] Op2=[0x0000001b] W[_,24= 0x00000000]   Mem[0: R:0x04c0006f W:0x0000001b] PC= 0x800005b8  B bne     zero, gp, pc + 24
Cyc=        482 Op1=[0x00000000] Op2=[0x00000000] W[_, 0= 0x00000000]   Mem[0: R:0x04c0006f W:0x00000000] PC= 0x800005d0    fence
Cyc=        483 Op1=[0x00000000] Op2=[0x00000001] W[W, 3= 0x00000001]   Mem[0: R:0x7304c000 W:0x11111111] PC= 0x800005d4    li      gp, 1
Cyc=        484 Op1=[0x00000000] Op2=[0x00000000] W[_, 0= 0x00000000]   Mem[0: R:0x04c0006f W:0x00000000] PC= 0x800005d8  X ecall
Cyc=        485 Op1=[0x00000000] Op2=[0x22222222] W[W,30= 0x0000000b]   Mem[3: R:0x04c0006f W:0x22222222] PC= 0x80000004    csrr    t5, mcause
Cyc=        486 Op1=[0x00000000] Op2=[0x00000008] W[W,31= 0x00000008]   Mem[0: R:0x00800f93 W:0x00000000] PC= 0x80000008    li      t6, 8
Cyc=        487 Op1=[0x0000000b] Op2=[0x00000008] W[_,20= 0x00000000]   Mem[0: R:0x04c0006f W:0x00000008] PC= 0x8000000c    beq     t5, t6, pc + 52
Cyc=        488 Op1=[0x00000000] Op2=[0x00000009] W[W,31= 0x00000009]   Mem[0: R:0x6300800f W:0x00000000] PC= 0x80000010    li      t6, 9
Cyc=        489 Op1=[0x0000000b] Op2=[0x00000009] W[_,12= 0x00000000]   Mem[0: R:0x04c0006f W:0x00000009] PC= 0x80000014    beq     t5, t6, pc + 44
Cyc=        490 Op1=[0x00000000] Op2=[0x0000000b] W[W,31= 0x0000000b]   Mem[0: R:0xff0a6300 W:0x00000000] PC= 0x80000018    li      t6, 11
Cyc=        491 Op1=[0x0000000b] Op2=[0x0000000b] W[_, 4= 0x00000000]   Mem[0: R:0x04c0006f W:0x0000000b] PC= 0x8000001c  B beq     t5, t6, pc + 36
Cyc=        492 Op1=[0x00001000] Op2=[0x80000040] W[W,30= 0x80001040]   Mem[0: R:0x00000000 W:0x00000000] PC= 0x80000040    auipc   t5, 0x1
Cyc=        493 Op1=[0x80001040] Op2=[0xffffffc0] W[_, 0= 0x80001000]   Mem[0: R:0x00000000 W:0x00000001] PC= 0x80000044    sw      gp, -64(t5)
Cyc=        494 Op1=[0x0000000b] Op2=[0x00000000] W[W, 0= 0x8000004c]   Mem[2: R:0x04c0006f W:0x00000000] PC= 0x80000048  J j       pc - 0x8
Cyc=        495 Op1=[0x00001000] Op2=[0x80000040] W[W,30= 0x80001040]   Mem[0: R:0x00000000 W:0x00000000] PC= 0x80000040    auipc   t5, 0x1
Cyc=        496 Op1=[0x80001040] Op2=[0xffffffc0] W[_, 0= 0x80001000]   Mem[0: R:0x00000001 W:0x00000001] PC= 0x80000044    sw      gp, -64(t5)
Cyc=        497 Op1=[0x0000000b] Op2=[0x00000000] W[W, 0= 0x8000004c]   Mem[2: R:0x04c0006f W:0x00000000] PC= 0x80000048  J j       pc - 0x8
Cyc=        498 Op1=[0x00001000] Op2=[0x80000040] W[W,30= 0x80001040]   Mem[0: R:0x00000000 W:0x00000000] PC= 0x80000040    auipc   t5, 0x1
Cyc=        499 Op1=[0x80001040] Op2=[0xffffffc0] W[_, 0= 0x80001000]   Mem[0: R:0x00000001 W:0x00000001] PC= 0x80000044    sw      gp, -64(t5)
Cyc=        500 Op1=[0x0000000b] Op2=[0x00000000] W[W, 0= 0x8000004c]   Mem[2: R:0x04c0006f W:0x00000000] PC= 0x80000048  J j       pc - 0x8
Cyc=        501 Op1=[0x00001000] Op2=[0x80000040] W[W,30= 0x80001040]   Mem[0: R:0x00000000 W:0x00000000] PC= 0x80000040    auipc   t5, 0x1
Cyc=        502 Op1=[0x80001040] Op2=[0xffffffc0] W[_, 0= 0x80001000]   Mem[0: R:0x00000001 W:0x00000001] PC= 0x80000044    sw      gp, -64(t5)
Cyc=        503 Op1=[0x0000000b] Op2=[0x00000000] W[W, 0= 0x8000004c]   Mem[2: R:0x04c0006f W:0x00000000] PC= 0x80000048  J j       pc - 0x8
Cyc=        504 Op1=[0x00001000] Op2=[0x80000040] W[W,30= 0x80001040]   Mem[0: R:0x00000000 W:0x00000000] PC= 0x80000040    auipc   t5, 0x1
Cyc=        505 Op1=[0x80001040] Op2=[0xffffffc0] W[_, 0= 0x80001000]   Mem[0: R:0x00000001 W:0x00000001] PC= 0x80000044    sw      gp, -64(t5)
Cyc=        506 Op1=[0x0000000b] Op2=[0x00000000] W[W, 0= 0x8000004c]   Mem[2: R:0x04c0006f W:0x00000000] PC= 0x80000048  J j       pc - 0x8
Cyc=        507 Op1=[0x00001000] Op2=[0x80000040] W[W,30= 0x80001040]   Mem[0: R:0x00000000 W:0x00000000] PC= 0x80000040    auipc   t5, 0x1
Cyc=        508 Op1=[0x80001040] Op2=[0xffffffc0] W[_, 0= 0x80001000]   Mem[0: R:0x00000001 W:0x00000001] PC= 0x80000044    sw      gp, -64(t5)
Cyc=        509 Op1=[0x0000000b] Op2=[0x00000000] W[W, 0= 0x8000004c]   Mem[2: R:0x04c0006f W:0x00000000] PC= 0x80000048  J j       pc - 0x8
Cyc=        510 Op1=[0x00001000] Op2=[0x80000040] W[W,30= 0x80001040]   Mem[0: R:0x00000000 W:0x00000000] PC= 0x80000040    auipc   t5, 0x1
Cyc=        511 Op1=[0x80001040] Op2=[0xffffffc0] W[_, 0= 0x80001000]   Mem[0: R:0x00000001 W:0x00000001] PC= 0x80000044    sw      gp, -64(t5)
Cyc=        512 Op1=[0x0000000b] Op2=[0x00000000] W[W, 0= 0x8000004c]   Mem[2: R:0x04c0006f W:0x00000000] PC= 0x80000048  J j       pc - 0x8
Cyc=        513 Op1=[0x00001000] Op2=[0x80000040] W[W,30= 0x80001040]   Mem[0: R:0x00000000 W:0x00000000] PC= 0x80000040    auipc   t5, 0x1
Cyc=        514 Op1=[0x80001040] Op2=[0xffffffc0] W[_, 0= 0x80001000]   Mem[0: R:0x00000001 W:0x00000001] PC= 0x80000044    sw      gp, -64(t5)
Cyc=        515 Op1=[0x0000000b] Op2=[0x00000000] W[W, 0= 0x8000004c]   Mem[2: R:0x04c0006f W:0x00000000] PC= 0x80000048  J j       pc - 0x8
Cyc=        516 Op1=[0x00001000] Op2=[0x80000040] W[W,30= 0x80001040]   Mem[0: R:0x00000000 W:0x00000000] PC= 0x80000040    auipc   t5, 0x1
Cyc=        517 Op1=[0x80001040] Op2=[0xffffffc0] W[_, 0= 0x80001000]   Mem[0: R:0x00000000 W:0x00000001] PC= 0x80000044    sw      gp, -64(t5)
Cyc=        518 Op1=[0x0000000b] Op2=[0x00000000] W[W, 0= 0x8000004c]   Mem[2: R:0x04c0006f W:0x00000000] PC= 0x80000048  J j       pc - 0x8
Cyc=        519 Op1=[0x00001000] Op2=[0x80000040] W[W,30= 0x80001040]   Mem[0: R:0x00000000 W:0x00000000] PC= 0x80000040    auipc   t5, 0x1
*** PASSED ***
