Instantiated DTM.
Cyc=          0 Op1=[0x00000000] Op2=[0x00000000] W[W, 0= 0x80000004]   Mem[2: R:0x04c0006f W:0x00000000] PC= 0x80000000  J j       pc + 0x4c
Cyc=          1 Op1=[0x00000000] Op2=[0x00000000] W[W,10= 0x00000000]   Mem[3: R:0x04c0006f W:0x00000000] PC= 0x8000004c    csrr    a0, mhartid
Cyc=          2 Op1=[0x00000000] Op2=[0x00000000] W[_, 0= 0x00000000]   Mem[0: R:0x04c0006f W:0x00000000] PC= 0x80000050    bnez    a0, pc + 0
Cyc=          3 Op1=[0x00000000] Op2=[0x80000054] W[W, 5= 0x80000054]   Mem[0: R:0x00000297 W:0x00000000] PC= 0x80000054    auipc   t0, 0x0
Cyc=          4 Op1=[0x80000054] Op2=[0x00000010] W[W, 5= 0x80000064]   Mem[0: R:0x00000297 W:0x00000000] PC= 0x80000058    addi    t0, t0, 16
Cyc=          5 Op1=[0x80000064] Op2=[0x80000064] W[W, 0= 0x00000100]   Mem[3: R:0x00000297 W:0x80000064] PC= 0x8000005c    csrw    mtvec, t0
Cyc=          6 Op1=[0x00000000] Op2=[0x00000000] W[W, 0= 0x00000000]   Mem[3: R:0x04c0006f W:0x00000000] PC= 0x80000060    csrwi   satp, 0
Cyc=          7 Op1=[0x00000000] Op2=[0x80000064] W[W, 5= 0x80000064]   Mem[0: R:0x00000297 W:0x00000000] PC= 0x80000064    auipc   t0, 0x0
Cyc=          8 Op1=[0x80000064] Op2=[0x0000001c] W[W, 5= 0x80000080]   Mem[0: R:0x00000297 W:0x00000000] PC= 0x80000068    addi    t0, t0, 28
Cyc=          9 Op1=[0x80000080] Op2=[0x80000080] W[W, 0= 0x00000100]   Mem[3: R:0x00000297 W:0x80000080] PC= 0x8000006c    csrw    mtvec, t0
Cyc=         10 Op1=[0x00000000] Op2=[0xffffffff] W[W, 5= 0xffffffff]   Mem[0: R:0xc0006f00 W:0x00000000] PC= 0x80000070    li      t0, -1
Cyc=         11 Op1=[0xffffffff] Op2=[0x00000000] W[W, 0= 0x00000000]   Mem[3: R:0xc0006f00 W:0x00000000] PC= 0x80000074    csrw    pmpaddr0, t0
Cyc=         12 Op1=[0x00000000] Op2=[0x0000001f] W[W, 5= 0x0000001f]   Mem[0: R:0x000f1703 W:0x00000000] PC= 0x80000078    li      t0, 31
Cyc=         13 Op1=[0x0000001f] Op2=[0x00000000] W[W, 0= 0x00000000]   Mem[3: R:0x000f1703 W:0x00000000] PC= 0x8000007c    csrw    pmpcfg0, t0
Cyc=         14 Op1=[0x00000000] Op2=[0x80000080] W[W, 5= 0x80000080]   Mem[0: R:0x00000297 W:0x00000000] PC= 0x80000080    auipc   t0, 0x0
Cyc=         15 Op1=[0x80000080] Op2=[0x00000018] W[W, 5= 0x80000098]   Mem[0: R:0x00000193 W:0x00000000] PC= 0x80000084    addi    t0, t0, 24
Cyc=         16 Op1=[0x80000098] Op2=[0x80000098] W[W, 0= 0x00000100]   Mem[3: R:0x00000193 W:0x80000098] PC= 0x80000088    csrw    mtvec, t0
Cyc=         17 Op1=[0x00000000] Op2=[0x00000000] W[W, 0= 0x00000000]   Mem[3: R:0x04c0006f W:0x00000000] PC= 0x8000008c    csrwi   medeleg, 0
Cyc=         18 Op1=[0x00000000] Op2=[0x00000000] W[W, 0= 0x00000000]   Mem[3: R:0x04c0006f W:0x00000000] PC= 0x80000090    csrwi   mideleg, 0
Cyc=         19 Op1=[0x00000000] Op2=[0x00000000] W[W, 0= 0x00000000]   Mem[3: R:0x04c0006f W:0x00000000] PC= 0x80000094    csrwi   mie, 0
Cyc=         20 Op1=[0x00000000] Op2=[0x00000000] W[W, 3= 0x00000000]   Mem[0: R:0x04c0006f W:0x00000000] PC= 0x80000098    li      gp, 0
Cyc=         21 Op1=[0x00000000] Op2=[0x8000009c] W[W, 5= 0x8000009c]   Mem[0: R:0x00000297 W:0x00000000] PC= 0x8000009c    auipc   t0, 0x0
Cyc=         22 Op1=[0x8000009c] Op2=[0xffffff68] W[W, 5= 0x80000004]   Mem[0: R:0x34202f73 W:0x00000000] PC= 0x800000a0    addi    t0, t0, -152
Cyc=         23 Op1=[0x80000004] Op2=[0x80000004] W[W, 0= 0x00000100]   Mem[3: R:0x34202f73 W:0x80000004] PC= 0x800000a4    csrw    mtvec, t0
Cyc=         24 Op1=[0x00000000] Op2=[0x00000001] W[W,10= 0x00000001]   Mem[0: R:0x7304c000 W:0x00000000] PC= 0x800000a8    li      a0, 1
Cyc=         25 Op1=[0x00000001] Op2=[0x0000001f] W[W,10= 0x80000000]   Mem[0: R:0x04c0006f W:0x00000000] PC= 0x800000ac    slli    a0, a0, 31
Cyc=         26 Op1=[0x80000000] Op2=[0x00000000] W[_,16= 0x00000000]   Mem[0: R:0x04c0006f W:0x00000000] PC= 0x800000b0  B bltz    a0, pc + 16
Cyc=         27 Op1=[0x80000000] Op2=[0x800000c0] W[W, 5= 0x000000c0]   Mem[0: R:0x80000297 W:0x00000000] PC= 0x800000c0    auipc   t0, 0x80000
Cyc=         28 Op1=[0x000000c0] Op2=[0xffffff40] W[W, 5= 0x00000000]   Mem[0: R:0x04c0006f W:0x00000000] PC= 0x800000c4    addi    t0, t0, -192
Cyc=         29 Op1=[0x00000000] Op2=[0x00000000] W[_,28= 0x00000000]   Mem[0: R:0x04c0006f W:0x00000000] PC= 0x800000c8  B beqz    t0, pc + 28
Cyc=         30 Op1=[0x00000000] Op2=[0x00000000] W[W, 0= 0x00001800]   Mem[3: R:0x04c0006f W:0x00000000] PC= 0x800000e4    csrwi   mstatus, 0
Cyc=         31 Op1=[0x00000000] Op2=[0x800000e8] W[W, 5= 0x800000e8]   Mem[0: R:0x00000297 W:0x00000000] PC= 0x800000e8    auipc   t0, 0x0
Cyc=         32 Op1=[0x800000e8] Op2=[0x00000014] W[W, 5= 0x800000fc]   Mem[0: R:0x00000093 W:0x00000000] PC= 0x800000ec    addi    t0, t0, 20
Cyc=         33 Op1=[0x800000fc] Op2=[0x00000000] W[W, 0= 0x80000000]   Mem[3: R:0x00000093 W:0x00000000] PC= 0x800000f0    csrw    mepc, t0
Cyc=         34 Op1=[0x00000000] Op2=[0x00000000] W[W,10= 0x00000000]   Mem[3: R:0x04c0006f W:0x00000000] PC= 0x800000f4    csrr    a0, mhartid
Cyc=         35 Op1=[0x00000000] Op2=[0x00000000] W[_, 0= 0x00000000]   Mem[0: R:0x04c0006f W:0x00000000] PC= 0x800000f8  X mret
Cyc=         36 Op1=[0x00000000] Op2=[0x00000000] W[W, 1= 0x00000000]   Mem[0: R:0x04c0006f W:0x00000000] PC= 0x800000fc    li      ra, 0
Cyc=         37 Op1=[0x00000000] Op2=[0x00000000] W[W, 2= 0x00000000]   Mem[0: R:0x04c0006f W:0x00000000] PC= 0x80000100    li      sp, 0
Cyc=         38 Op1=[0x00000000] Op2=[0x00000000] W[W,30= 0x00000000]   Mem[0: R:0x04c0006f W:0x00000000] PC= 0x80000104    slt     t5, ra, sp
Cyc=         39 Op1=[0x00000000] Op2=[0x00000000] W[W,29= 0x00000000]   Mem[0: R:0x04c0006f W:0x00000000] PC= 0x80000108    li      t4, 0
Cyc=         40 Op1=[0x00000000] Op2=[0x00000002] W[W, 3= 0x00000002]   Mem[0: R:0x2f7304c0 W:0x00000000] PC= 0x8000010c    li      gp, 2
Cyc=         41 Op1=[0x00000000] Op2=[0x00000000] W[_,20= 0x00000000]   Mem[0: R:0x04c0006f W:0x00000000] PC= 0x80000110    bne     t5, t4, pc + 1204
Cyc=         42 Op1=[0x00000000] Op2=[0x00000001] W[W, 1= 0x00000001]   Mem[0: R:0x7304c000 W:0x00000000] PC= 0x80000114    li      ra, 1
Cyc=         43 Op1=[0x00000000] Op2=[0x00000001] W[W, 2= 0x00000001]   Mem[0: R:0x7304c000 W:0x00000001] PC= 0x80000118    li      sp, 1
Cyc=         44 Op1=[0x00000001] Op2=[0x00000001] W[W,30= 0x00000000]   Mem[0: R:0x04c0006f W:0x00000001] PC= 0x8000011c    slt     t5, ra, sp
Cyc=         45 Op1=[0x00000000] Op2=[0x00000000] W[W,29= 0x00000000]   Mem[0: R:0x04c0006f W:0x00000000] PC= 0x80000120    li      t4, 0
Cyc=         46 Op1=[0x00000000] Op2=[0x00000003] W[W, 3= 0x00000003]   Mem[0: R:0x202f7304 W:0x00000002] PC= 0x80000124    li      gp, 3
Cyc=         47 Op1=[0x00000000] Op2=[0x00000000] W[_,28= 0x00000000]   Mem[0: R:0x04c0006f W:0x00000000] PC= 0x80000128    bne     t5, t4, pc + 1180
Cyc=         48 Op1=[0x00000000] Op2=[0x00000003] W[W, 1= 0x00000003]   Mem[0: R:0x202f7304 W:0x00000003] PC= 0x8000012c    li      ra, 3
Cyc=         49 Op1=[0x00000000] Op2=[0x00000007] W[W, 2= 0x00000007]   Mem[0: R:0x800f9334 W:0x00000000] PC= 0x80000130    li      sp, 7
Cyc=         50 Op1=[0x00000003] Op2=[0x00000007] W[W,30= 0x00000001]   Mem[0: R:0x7304c000 W:0x00000007] PC= 0x80000134    slt     t5, ra, sp
Cyc=         51 Op1=[0x00000000] Op2=[0x00000001] W[W,29= 0x00000001]   Mem[0: R:0x7304c000 W:0x00000003] PC= 0x80000138    li      t4, 1
Cyc=         52 Op1=[0x00000000] Op2=[0x00000004] W[W, 3= 0x00000004]   Mem[0: R:0x34202f73 W:0x00000000] PC= 0x8000013c    li      gp, 4
Cyc=         53 Op1=[0x00000001] Op2=[0x00000001] W[_, 4= 0x00000000]   Mem[0: R:0x04c0006f W:0x00000001] PC= 0x80000140    bne     t5, t4, pc + 1156
Cyc=         54 Op1=[0x00000000] Op2=[0x00000007] W[W, 1= 0x00000007]   Mem[0: R:0x800f9334 W:0x00000000] PC= 0x80000144    li      ra, 7
Cyc=         55 Op1=[0x00000000] Op2=[0x00000003] W[W, 2= 0x00000003]   Mem[0: R:0x202f7304 W:0x00000004] PC= 0x80000148    li      sp, 3
Cyc=         56 Op1=[0x00000007] Op2=[0x00000003] W[W,30= 0x00000000]   Mem[0: R:0x04c0006f W:0x00000003] PC= 0x8000014c    slt     t5, ra, sp
Cyc=         57 Op1=[0x00000000] Op2=[0x00000000] W[W,29= 0x00000000]   Mem[0: R:0x04c0006f W:0x00000000] PC= 0x80000150    li      t4, 0
Cyc=         58 Op1=[0x00000000] Op2=[0x00000005] W[W, 3= 0x00000005]   Mem[0: R:0x9334202f W:0x800000fc] PC= 0x80000154    li      gp, 5
Cyc=         59 Op1=[0x00000000] Op2=[0x00000000] W[_,12= 0x00000000]   Mem[0: R:0x04c0006f W:0x00000000] PC= 0x80000158    bne     t5, t4, pc + 1132
Cyc=         60 Op1=[0x00000000] Op2=[0x00000000] W[W, 1= 0x00000000]   Mem[0: R:0x04c0006f W:0x00000000] PC= 0x8000015c    li      ra, 0
Cyc=         61 Op1=[0xffff8000] Op2=[0x00000000] W[W, 2= 0xffff8000]   Mem[0: R:0x00000000 W:0x00000000] PC= 0x80000160    lui     sp, 0xffff8
Cyc=         62 Op1=[0x00000000] Op2=[0xffff8000] W[W,30= 0x00000000]   Mem[0: R:0x04c0006f W:0xffff8000] PC= 0x80000164    slt     t5, ra, sp
Cyc=         63 Op1=[0x00000000] Op2=[0x00000000] W[W,29= 0x00000000]   Mem[0: R:0x04c0006f W:0x00000000] PC= 0x80000168    li      t4, 0
Cyc=         64 Op1=[0x00000000] Op2=[0x00000006] W[W, 3= 0x00000006]   Mem[0: R:0x0f933420 W:0x00000000] PC= 0x8000016c    li      gp, 6
Cyc=         65 Op1=[0x00000000] Op2=[0x00000000] W[_,20= 0x00000000]   Mem[0: R:0x04c0006f W:0x00000000] PC= 0x80000170    bne     t5, t4, pc + 1108
Cyc=         66 Op1=[0x80000000] Op2=[0x00000000] W[W, 1= 0x80000000]   Mem[0: R:0x04c0006f W:0x00000000] PC= 0x80000174    lui     ra, 0x80000
Cyc=         67 Op1=[0x00000000] Op2=[0x00000000] W[W, 2= 0x00000000]   Mem[0: R:0x04c0006f W:0x00000000] PC= 0x80000178    li      sp, 0
Cyc=         68 Op1=[0x80000000] Op2=[0x00000000] W[W,30= 0x00000001]   Mem[0: R:0x7304c000 W:0x00000000] PC= 0x8000017c    slt     t5, ra, sp
Cyc=         69 Op1=[0x00000000] Op2=[0x00000001] W[W,29= 0x00000001]   Mem[0: R:0x7304c000 W:0x80000000] PC= 0x80000180    li      t4, 1
Cyc=         70 Op1=[0x00000000] Op2=[0x00000007] W[W, 3= 0x00000007]   Mem[0: R:0x800f9334 W:0x00000000] PC= 0x80000184    li      gp, 7
Cyc=         71 Op1=[0x00000001] Op2=[0x00000001] W[_,28= 0x00000000]   Mem[0: R:0x04c0006f W:0x00000001] PC= 0x80000188    bne     t5, t4, pc + 1084
Cyc=         72 Op1=[0x80000000] Op2=[0x00000000] W[W, 1= 0x80000000]   Mem[0: R:0x04c0006f W:0x00000000] PC= 0x8000018c    lui     ra, 0x80000
Cyc=         73 Op1=[0xffff8000] Op2=[0x00000000] W[W, 2= 0xffff8000]   Mem[0: R:0x00000000 W:0x00000000] PC= 0x80000190    lui     sp, 0xffff8
Cyc=         74 Op1=[0x80000000] Op2=[0xffff8000] W[W,30= 0x00000001]   Mem[0: R:0x7304c000 W:0xffff8000] PC= 0x80000194    slt     t5, ra, sp
Cyc=         75 Op1=[0x00000000] Op2=[0x00000001] W[W,29= 0x00000001]   Mem[0: R:0x7304c000 W:0x80000000] PC= 0x80000198    li      t4, 1
Cyc=         76 Op1=[0x00000000] Op2=[0x00000008] W[W, 3= 0x00000008]   Mem[0: R:0x00800f93 W:0x00000000] PC= 0x8000019c    li      gp, 8
Cyc=         77 Op1=[0x00000001] Op2=[0x00000001] W[_, 4= 0x00000000]   Mem[0: R:0x04c0006f W:0x00000001] PC= 0x800001a0    bne     t5, t4, pc + 1060
Cyc=         78 Op1=[0x00000000] Op2=[0x00000000] W[W, 1= 0x00000000]   Mem[0: R:0x04c0006f W:0x00000000] PC= 0x800001a4    li      ra, 0
Cyc=         79 Op1=[0x00008000] Op2=[0x00000000] W[W, 2= 0x00008000]   Mem[0: R:0x00000000 W:0x00000000] PC= 0x800001a8    lui     sp, 0x8
Cyc=         80 Op1=[0x00008000] Op2=[0xffffffff] W[W, 2= 0x00007fff]   Mem[0: R:0x00000000 W:0x00000000] PC= 0x800001ac    addi    sp, sp, -1
Cyc=         81 Op1=[0x00000000] Op2=[0x00007fff] W[W,30= 0x00000001]   Mem[0: R:0x7304c000 W:0x00007fff] PC= 0x800001b0    slt     t5, ra, sp
Cyc=         82 Op1=[0x00000000] Op2=[0x00000001] W[W,29= 0x00000001]   Mem[0: R:0x7304c000 W:0x00000000] PC= 0x800001b4    li      t4, 1
Cyc=         83 Op1=[0x00000000] Op2=[0x00000009] W[W, 3= 0x00000009]   Mem[0: R:0x6300800f W:0x00000000] PC= 0x800001b8    li      gp, 9
Cyc=         84 Op1=[0x00000001] Op2=[0x00000001] W[_, 8= 0x00000000]   Mem[0: R:0x04c0006f W:0x00000001] PC= 0x800001bc    bne     t5, t4, pc + 1032
Cyc=         85 Op1=[0x80000000] Op2=[0x00000000] W[W, 1= 0x80000000]   Mem[0: R:0x04c0006f W:0x00000000] PC= 0x800001c0    lui     ra, 0x80000
Cyc=         86 Op1=[0x80000000] Op2=[0xffffffff] W[W, 1= 0x7fffffff]   Mem[0: R:0xc0006f00 W:0x00000000] PC= 0x800001c4    addi    ra, ra, -1
Cyc=         87 Op1=[0x00000000] Op2=[0x00000000] W[W, 2= 0x00000000]   Mem[0: R:0x04c0006f W:0x00000000] PC= 0x800001c8    li      sp, 0
Cyc=         88 Op1=[0x7fffffff] Op2=[0x00000000] W[W,30= 0x00000000]   Mem[0: R:0x04c0006f W:0x00000000] PC= 0x800001cc    slt     t5, ra, sp
Cyc=         89 Op1=[0x00000000] Op2=[0x00000000] W[W,29= 0x00000000]   Mem[0: R:0x04c0006f W:0x00000000] PC= 0x800001d0    li      t4, 0
Cyc=         90 Op1=[0x00000000] Op2=[0x0000000a] W[W, 3= 0x0000000a]   Mem[0: R:0x0a630080 W:0x00000000] PC= 0x800001d4    li      gp, 10
Cyc=         91 Op1=[0x00000000] Op2=[0x00000000] W[_,12= 0x00000000]   Mem[0: R:0x04c0006f W:0x00000000] PC= 0x800001d8    bne     t5, t4, pc + 1004
Cyc=         92 Op1=[0x80000000] Op2=[0x00000000] W[W, 1= 0x80000000]   Mem[0: R:0x04c0006f W:0x00000000] PC= 0x800001dc    lui     ra, 0x80000
Cyc=         93 Op1=[0x80000000] Op2=[0xffffffff] W[W, 1= 0x7fffffff]   Mem[0: R:0xc0006f00 W:0x00000000] PC= 0x800001e0    addi    ra, ra, -1
Cyc=         94 Op1=[0x00008000] Op2=[0x00000000] W[W, 2= 0x00008000]   Mem[0: R:0x00000000 W:0x00000000] PC= 0x800001e4    lui     sp, 0x8
Cyc=         95 Op1=[0x00008000] Op2=[0xffffffff] W[W, 2= 0x00007fff]   Mem[0: R:0x00000000 W:0x00000000] PC= 0x800001e8    addi    sp, sp, -1
Cyc=         96 Op1=[0x7fffffff] Op2=[0x00007fff] W[W,30= 0x00000000]   Mem[0: R:0x04c0006f W:0x00007fff] PC= 0x800001ec    slt     t5, ra, sp
Cyc=         97 Op1=[0x00000000] Op2=[0x00000000] W[W,29= 0x00000000]   Mem[0: R:0x04c0006f W:0x00000000] PC= 0x800001f0    li      t4, 0
Cyc=         98 Op1=[0x00000000] Op2=[0x0000000b] W[W, 3= 0x0000000b]   Mem[0: R:0xff0a6300 W:0x00000000] PC= 0x800001f4    li      gp, 11
Cyc=         99 Op1=[0x00000000] Op2=[0x00000000] W[_,12= 0x00000000]   Mem[0: R:0x04c0006f W:0x00000000] PC= 0x800001f8    bne     t5, t4, pc + 972
Cyc=        100 Op1=[0x80000000] Op2=[0x00000000] W[W, 1= 0x80000000]   Mem[0: R:0x04c0006f W:0x00000000] PC= 0x800001fc    lui     ra, 0x80000
Cyc=        101 Op1=[0x00008000] Op2=[0x00000000] W[W, 2= 0x00008000]   Mem[0: R:0x00000000 W:0x00000000] PC= 0x80000200    lui     sp, 0x8
Cyc=        102 Op1=[0x00008000] Op2=[0xffffffff] W[W, 2= 0x00007fff]   Mem[0: R:0x00000000 W:0x00000000] PC= 0x80000204    addi    sp, sp, -1
Cyc=        103 Op1=[0x80000000] Op2=[0x00007fff] W[W,30= 0x00000001]   Mem[0: R:0x7304c000 W:0x00007fff] PC= 0x80000208    slt     t5, ra, sp
Cyc=        104 Op1=[0x00000000] Op2=[0x00000001] W[W,29= 0x00000001]   Mem[0: R:0x7304c000 W:0x80000000] PC= 0x8000020c    li      t4, 1
Cyc=        105 Op1=[0x00000000] Op2=[0x0000000c] W[W, 3= 0x0000000c]   Mem[0: R:0x03ff0a63 W:0x00000000] PC= 0x80000210    li      gp, 12
Cyc=        106 Op1=[0x00000001] Op2=[0x00000001] W[_,16= 0x00000000]   Mem[0: R:0x04c0006f W:0x00000001] PC= 0x80000214    bne     t5, t4, pc + 944
Cyc=        107 Op1=[0x80000000] Op2=[0x00000000] W[W, 1= 0x80000000]   Mem[0: R:0x04c0006f W:0x00000000] PC= 0x80000218    lui     ra, 0x80000
Cyc=        108 Op1=[0x80000000] Op2=[0xffffffff] W[W, 1= 0x7fffffff]   Mem[0: R:0xc0006f00 W:0x00000000] PC= 0x8000021c    addi    ra, ra, -1
Cyc=        109 Op1=[0xffff8000] Op2=[0x00000000] W[W, 2= 0xffff8000]   Mem[0: R:0x00000000 W:0x00000000] PC= 0x80000220    lui     sp, 0xffff8
Cyc=        110 Op1=[0x7fffffff] Op2=[0xffff8000] W[W,30= 0x00000000]   Mem[0: R:0x04c0006f W:0xffff8000] PC= 0x80000224    slt     t5, ra, sp
Cyc=        111 Op1=[0x00000000] Op2=[0x00000000] W[W,29= 0x00000000]   Mem[0: R:0x04c0006f W:0x00000000] PC= 0x80000228    li      t4, 0
Cyc=        112 Op1=[0x00000000] Op2=[0x0000000d] W[W, 3= 0x0000000d]   Mem[0: R:0x9303ff0a W:0x00000000] PC= 0x8000022c    li      gp, 13
Cyc=        113 Op1=[0x00000000] Op2=[0x00000000] W[_,20= 0x00000000]   Mem[0: R:0x04c0006f W:0x00000000] PC= 0x80000230    bne     t5, t4, pc + 916
Cyc=        114 Op1=[0x00000000] Op2=[0x00000000] W[W, 1= 0x00000000]   Mem[0: R:0x04c0006f W:0x00000000] PC= 0x80000234    li      ra, 0
Cyc=        115 Op1=[0x00000000] Op2=[0xffffffff] W[W, 2= 0xffffffff]   Mem[0: R:0xc0006f00 W:0x00000000] PC= 0x80000238    li      sp, -1
Cyc=        116 Op1=[0x00000000] Op2=[0xffffffff] W[W,30= 0x00000000]   Mem[0: R:0x04c0006f W:0xffffffff] PC= 0x8000023c    slt     t5, ra, sp
Cyc=        117 Op1=[0x00000000] Op2=[0x00000000] W[W,29= 0x00000000]   Mem[0: R:0x04c0006f W:0x00000000] PC= 0x80000240    li      t4, 0
Cyc=        118 Op1=[0x00000000] Op2=[0x0000000e] W[W, 3= 0x0000000e]   Mem[0: R:0x0f9303ff W:0x00000000] PC= 0x80000244    li      gp, 14
Cyc=        119 Op1=[0x00000000] Op2=[0x00000000] W[_,28= 0x00000000]   Mem[0: R:0x04c0006f W:0x00000000] PC= 0x80000248    bne     t5, t4, pc + 892
Cyc=        120 Op1=[0x00000000] Op2=[0xffffffff] W[W, 1= 0xffffffff]   Mem[0: R:0xc0006f00 W:0x00000000] PC= 0x8000024c    li      ra, -1
Cyc=        121 Op1=[0x00000000] Op2=[0x00000001] W[W, 2= 0x00000001]   Mem[0: R:0x7304c000 W:0xffffffff] PC= 0x80000250    li      sp, 1
Cyc=        122 Op1=[0xffffffff] Op2=[0x00000001] W[W,30= 0x00000001]   Mem[0: R:0x7304c000 W:0x00000001] PC= 0x80000254    slt     t5, ra, sp
Cyc=        123 Op1=[0x00000000] Op2=[0x00000001] W[W,29= 0x00000001]   Mem[0: R:0x7304c000 W:0xffffffff] PC= 0x80000258    li      t4, 1
Cyc=        124 Op1=[0x00000000] Op2=[0x0000000f] W[W, 3= 0x0000000f]   Mem[0: R:0x900f9303 W:0x00000000] PC= 0x8000025c    li      gp, 15
Cyc=        125 Op1=[0x00000001] Op2=[0x00000001] W[_, 4= 0x00000000]   Mem[0: R:0x04c0006f W:0x00000001] PC= 0x80000260    bne     t5, t4, pc + 868
Cyc=        126 Op1=[0x00000000] Op2=[0xffffffff] W[W, 1= 0xffffffff]   Mem[0: R:0xc0006f00 W:0x00000000] PC= 0x80000264    li      ra, -1
Cyc=        127 Op1=[0x00000000] Op2=[0xffffffff] W[W, 2= 0xffffffff]   Mem[0: R:0xc0006f00 W:0x00000000] PC= 0x80000268    li      sp, -1
Cyc=        128 Op1=[0xffffffff] Op2=[0xffffffff] W[W,30= 0x00000000]   Mem[0: R:0x04c0006f W:0xffffffff] PC= 0x8000026c    slt     t5, ra, sp
Cyc=        129 Op1=[0x00000000] Op2=[0x00000000] W[W,29= 0x00000000]   Mem[0: R:0x04c0006f W:0x00000000] PC= 0x80000270    li      t4, 0
Cyc=        130 Op1=[0x00000000] Op2=[0x00000010] W[W, 3= 0x00000010]   Mem[0: R:0x00900f93 W:0x00000000] PC= 0x80000274    li      gp, 16
Cyc=        131 Op1=[0x00000000] Op2=[0x00000000] W[_,12= 0x00000000]   Mem[0: R:0x04c0006f W:0x00000000] PC= 0x80000278    bne     t5, t4, pc + 844
Cyc=        132 Op1=[0x00000000] Op2=[0x0000000e] W[W, 1= 0x0000000e]   Mem[0: R:0x0f9303ff W:0x00000000] PC= 0x8000027c    li      ra, 14
Cyc=        133 Op1=[0x00000000] Op2=[0x0000000d] W[W, 2= 0x0000000d]   Mem[0: R:0x9303ff0a W:0x00000000] PC= 0x80000280    li      sp, 13
Cyc=        134 Op1=[0x0000000e] Op2=[0x0000000d] W[W, 1= 0x00000000]   Mem[0: R:0x04c0006f W:0x0000000d] PC= 0x80000284    slt     ra, ra, sp
Cyc=        135 Op1=[0x00000000] Op2=[0x00000000] W[W,29= 0x00000000]   Mem[0: R:0x04c0006f W:0x00000000] PC= 0x80000288    li      t4, 0
Cyc=        136 Op1=[0x00000000] Op2=[0x00000011] W[W, 3= 0x00000011]   Mem[0: R:0x6300900f W:0x00000000] PC= 0x8000028c    li      gp, 17
Cyc=        137 Op1=[0x00000000] Op2=[0x00000000] W[_,20= 0x00000000]   Mem[0: R:0x04c0006f W:0x00000000] PC= 0x80000290    bne     ra, t4, pc + 820
Cyc=        138 Op1=[0x00000000] Op2=[0x0000000b] W[W, 1= 0x0000000b]   Mem[0: R:0xff0a6300 W:0x00000000] PC= 0x80000294    li      ra, 11
Cyc=        139 Op1=[0x00000000] Op2=[0x0000000d] W[W, 2= 0x0000000d]   Mem[0: R:0x9303ff0a W:0x00000000] PC= 0x80000298    li      sp, 13
Cyc=        140 Op1=[0x0000000b] Op2=[0x0000000d] W[W, 2= 0x00000001]   Mem[0: R:0x7304c000 W:0x0000000d] PC= 0x8000029c    slt     sp, ra, sp
Cyc=        141 Op1=[0x00000000] Op2=[0x00000001] W[W,29= 0x00000001]   Mem[0: R:0x7304c000 W:0x0000000b] PC= 0x800002a0    li      t4, 1
Cyc=        142 Op1=[0x00000000] Op2=[0x00000012] W[W, 3= 0x00000012]   Mem[0: R:0x06630090 W:0x00000000] PC= 0x800002a4    li      gp, 18
Cyc=        143 Op1=[0x00000001] Op2=[0x00000001] W[_,28= 0x00000000]   Mem[0: R:0x04c0006f W:0x00000001] PC= 0x800002a8    bne     sp, t4, pc + 796
Cyc=        144 Op1=[0x00000000] Op2=[0x0000000d] W[W, 1= 0x0000000d]   Mem[0: R:0x9303ff0a W:0x00000000] PC= 0x800002ac    li      ra, 13
Cyc=        145 Op1=[0x0000000d] Op2=[0x0000000d] W[W, 1= 0x00000000]   Mem[0: R:0x04c0006f W:0x0000000d] PC= 0x800002b0    slt     ra, ra, ra
Cyc=        146 Op1=[0x00000000] Op2=[0x00000000] W[W,29= 0x00000000]   Mem[0: R:0x04c0006f W:0x00000000] PC= 0x800002b4    li      t4, 0
Cyc=        147 Op1=[0x00000000] Op2=[0x00000013] W[W, 3= 0x00000013]   Mem[0: R:0xff066300 W:0x00000000] PC= 0x800002b8    li      gp, 19
Cyc=        148 Op1=[0x00000000] Op2=[0x00000000] W[_, 8= 0x00000000]   Mem[0: R:0x04c0006f W:0x00000000] PC= 0x800002bc    bne     ra, t4, pc + 776
Cyc=        149 Op1=[0x00000000] Op2=[0x00000000] W[W, 4= 0x00000000]   Mem[0: R:0x04c0006f W:0x00000000] PC= 0x800002c0    li      tp, 0
Cyc=        150 Op1=[0x00000000] Op2=[0x0000000b] W[W, 1= 0x0000000b]   Mem[0: R:0xff0a6300 W:0x00000000] PC= 0x800002c4    li      ra, 11
Cyc=        151 Op1=[0x00000000] Op2=[0x0000000d] W[W, 2= 0x0000000d]   Mem[0: R:0x9303ff0a W:0x00000000] PC= 0x800002c8    li      sp, 13
Cyc=        152 Op1=[0x0000000b] Op2=[0x0000000d] W[W,30= 0x00000001]   Mem[0: R:0x7304c000 W:0x0000000d] PC= 0x800002cc    slt     t5, ra, sp
Cyc=        153 Op1=[0x00000001] Op2=[0x00000000] W[W, 6= 0x00000001]   Mem[0: R:0x7304c000 W:0x00000000] PC= 0x800002d0    mv      t1, t5
Cyc=        154 Op1=[0x00000000] Op2=[0x00000001] W[W, 4= 0x00000001]   Mem[0: R:0x7304c000 W:0x0000000b] PC= 0x800002d4    addi    tp, tp, 1
Cyc=        155 Op1=[0x00000000] Op2=[0x00000002] W[W, 5= 0x00000002]   Mem[0: R:0x2f7304c0 W:0x0000000d] PC= 0x800002d8    li      t0, 2
Cyc=        156 Op1=[0x00000001] Op2=[0x00000002] W[_, 9= 0x00000000]   Mem[0: R:0x04c0006f W:0x00000002] PC= 0x800002dc  B bne     tp, t0, pc - 24
Cyc=        157 Op1=[0x00000000] Op2=[0x0000000b] W[W, 1= 0x0000000b]   Mem[0: R:0xff0a6300 W:0x00000000] PC= 0x800002c4    li      ra, 11
Cyc=        158 Op1=[0x00000000] Op2=[0x0000000d] W[W, 2= 0x0000000d]   Mem[0: R:0x9303ff0a W:0x00000000] PC= 0x800002c8    li      sp, 13
Cyc=        159 Op1=[0x0000000b] Op2=[0x0000000d] W[W,30= 0x00000001]   Mem[0: R:0x7304c000 W:0x0000000d] PC= 0x800002cc    slt     t5, ra, sp
Cyc=        160 Op1=[0x00000001] Op2=[0x00000000] W[W, 6= 0x00000001]   Mem[0: R:0x7304c000 W:0x00000000] PC= 0x800002d0    mv      t1, t5
Cyc=        161 Op1=[0x00000001] Op2=[0x00000001] W[W, 4= 0x00000002]   Mem[0: R:0x2f7304c0 W:0x0000000b] PC= 0x800002d4    addi    tp, tp, 1
Cyc=        162 Op1=[0x00000000] Op2=[0x00000002] W[W, 5= 0x00000002]   Mem[0: R:0x2f7304c0 W:0x0000000d] PC= 0x800002d8    li      t0, 2
Cyc=        163 Op1=[0x00000002] Op2=[0x00000002] W[_, 9= 0x00000000]   Mem[0: R:0x04c0006f W:0x00000002] PC= 0x800002dc    bne     tp, t0, pc - 24
Cyc=        164 Op1=[0x00000000] Op2=[0x00000001] W[W,29= 0x00000001]   Mem[0: R:0x7304c000 W:0x0000000b] PC= 0x800002e0    li      t4, 1
Cyc=        165 Op1=[0x00000000] Op2=[0x00000014] W[W, 3= 0x00000014]   Mem[0: R:0x03ff0663 W:0x00000000] PC= 0x800002e4    li      gp, 20
Cyc=        166 Op1=[0x00000001] Op2=[0x00000001] W[_,28= 0x00000000]   Mem[0: R:0x04c0006f W:0x00000001] PC= 0x800002e8    bne     t1, t4, pc + 732
Cyc=        167 Op1=[0x00000000] Op2=[0x00000000] W[W, 4= 0x00000000]   Mem[0: R:0x04c0006f W:0x00000000] PC= 0x800002ec    li      tp, 0
Cyc=        168 Op1=[0x00000000] Op2=[0x0000000e] W[W, 1= 0x0000000e]   Mem[0: R:0x0f9303ff W:0x00000000] PC= 0x800002f0    li      ra, 14
Cyc=        169 Op1=[0x00000000] Op2=[0x0000000d] W[W, 2= 0x0000000d]   Mem[0: R:0x9303ff0a W:0x00000000] PC= 0x800002f4    li      sp, 13
Cyc=        170 Op1=[0x0000000e] Op2=[0x0000000d] W[W,30= 0x00000000]   Mem[0: R:0x04c0006f W:0x0000000d] PC= 0x800002f8    slt     t5, ra, sp
Cyc=        171 Op1=[0x00000000] Op2=[0x00000000] W[W, 0= 0x00000000]   Mem[0: R:0x04c0006f W:0x00000000] PC= 0x800002fc    nop
Cyc=        172 Op1=[0x00000000] Op2=[0x00000000] W[W, 6= 0x00000000]   Mem[0: R:0x04c0006f W:0x00000000] PC= 0x80000300    mv      t1, t5
Cyc=        173 Op1=[0x00000000] Op2=[0x00000001] W[W, 4= 0x00000001]   Mem[0: R:0x7304c000 W:0x0000000e] PC= 0x80000304    addi    tp, tp, 1
Cyc=        174 Op1=[0x00000000] Op2=[0x00000002] W[W, 5= 0x00000002]   Mem[0: R:0x2f7304c0 W:0x0000000d] PC= 0x80000308    li      t0, 2
Cyc=        175 Op1=[0x00000001] Op2=[0x00000002] W[_, 5= 0x00000000]   Mem[0: R:0x04c0006f W:0x00000002] PC= 0x8000030c  B bne     tp, t0, pc - 28
Cyc=        176 Op1=[0x00000000] Op2=[0x0000000e] W[W, 1= 0x0000000e]   Mem[0: R:0x0f9303ff W:0x00000000] PC= 0x800002f0    li      ra, 14
Cyc=        177 Op1=[0x00000000] Op2=[0x0000000d] W[W, 2= 0x0000000d]   Mem[0: R:0x9303ff0a W:0x00000000] PC= 0x800002f4    li      sp, 13
Cyc=        178 Op1=[0x0000000e] Op2=[0x0000000d] W[W,30= 0x00000000]   Mem[0: R:0x04c0006f W:0x0000000d] PC= 0x800002f8    slt     t5, ra, sp
Cyc=        179 Op1=[0x00000000] Op2=[0x00000000] W[W, 0= 0x00000000]   Mem[0: R:0x04c0006f W:0x00000000] PC= 0x800002fc    nop
Cyc=        180 Op1=[0x00000000] Op2=[0x00000000] W[W, 6= 0x00000000]   Mem[0: R:0x04c0006f W:0x00000000] PC= 0x80000300    mv      t1, t5
Cyc=        181 Op1=[0x00000001] Op2=[0x00000001] W[W, 4= 0x00000002]   Mem[0: R:0x2f7304c0 W:0x0000000e] PC= 0x80000304    addi    tp, tp, 1
Cyc=        182 Op1=[0x00000000] Op2=[0x00000002] W[W, 5= 0x00000002]   Mem[0: R:0x2f7304c0 W:0x0000000d] PC= 0x80000308    li      t0, 2
Cyc=        183 Op1=[0x00000002] Op2=[0x00000002] W[_, 5= 0x00000000]   Mem[0: R:0x04c0006f W:0x00000002] PC= 0x8000030c    bne     tp, t0, pc - 28
Cyc=        184 Op1=[0x00000000] Op2=[0x00000000] W[W,29= 0x00000000]   Mem[0: R:0x04c0006f W:0x00000000] PC= 0x80000310    li      t4, 0
Cyc=        185 Op1=[0x00000000] Op2=[0x00000015] W[W, 3= 0x00000015]   Mem[0: R:0x9303ff06 W:0x00000000] PC= 0x80000314    li      gp, 21
Cyc=        186 Op1=[0x00000000] Op2=[0x00000000] W[_,12= 0x00000000]   Mem[0: R:0x04c0006f W:0x00000000] PC= 0x80000318    bne     t1, t4, pc + 684
Cyc=        187 Op1=[0x00000000] Op2=[0x00000000] W[W, 4= 0x00000000]   Mem[0: R:0x04c0006f W:0x00000000] PC= 0x8000031c    li      tp, 0
Cyc=        188 Op1=[0x00000000] Op2=[0x0000000c] W[W, 1= 0x0000000c]   Mem[0: R:0x03ff0a63 W:0x00000000] PC= 0x80000320    li      ra, 12
Cyc=        189 Op1=[0x00000000] Op2=[0x0000000d] W[W, 2= 0x0000000d]   Mem[0: R:0x9303ff0a W:0x00000000] PC= 0x80000324    li      sp, 13
Cyc=        190 Op1=[0x0000000c] Op2=[0x0000000d] W[W,30= 0x00000001]   Mem[0: R:0x7304c000 W:0x0000000d] PC= 0x80000328    slt     t5, ra, sp
Cyc=        191 Op1=[0x00000000] Op2=[0x00000000] W[W, 0= 0x00000000]   Mem[0: R:0x04c0006f W:0x00000000] PC= 0x8000032c    nop
Cyc=        192 Op1=[0x00000000] Op2=[0x00000000] W[W, 0= 0x00000000]   Mem[0: R:0x04c0006f W:0x00000000] PC= 0x80000330    nop
Cyc=        193 Op1=[0x00000001] Op2=[0x00000000] W[W, 6= 0x00000001]   Mem[0: R:0x7304c000 W:0x00000000] PC= 0x80000334    mv      t1, t5
Cyc=        194 Op1=[0x00000000] Op2=[0x00000001] W[W, 4= 0x00000001]   Mem[0: R:0x7304c000 W:0x0000000c] PC= 0x80000338    addi    tp, tp, 1
Cyc=        195 Op1=[0x00000000] Op2=[0x00000002] W[W, 5= 0x00000002]   Mem[0: R:0x2f7304c0 W:0x0000000d] PC= 0x8000033c    li      t0, 2
Cyc=        196 Op1=[0x00000001] Op2=[0x00000002] W[_, 1= 0x00000000]   Mem[0: R:0x04c0006f W:0x00000002] PC= 0x80000340  B bne     tp, t0, pc - 32
Cyc=        197 Op1=[0x00000000] Op2=[0x0000000c] W[W, 1= 0x0000000c]   Mem[0: R:0x03ff0a63 W:0x00000000] PC= 0x80000320    li      ra, 12
Cyc=        198 Op1=[0x00000000] Op2=[0x0000000d] W[W, 2= 0x0000000d]   Mem[0: R:0x9303ff0a W:0x00000000] PC= 0x80000324    li      sp, 13
Cyc=        199 Op1=[0x0000000c] Op2=[0x0000000d] W[W,30= 0x00000001]   Mem[0: R:0x7304c000 W:0x0000000d] PC= 0x80000328    slt     t5, ra, sp
Cyc=        200 Op1=[0x00000000] Op2=[0x00000000] W[W, 0= 0x00000000]   Mem[0: R:0x04c0006f W:0x00000000] PC= 0x8000032c    nop
Cyc=        201 Op1=[0x00000000] Op2=[0x00000000] W[W, 0= 0x00000000]   Mem[0: R:0x04c0006f W:0x00000000] PC= 0x80000330    nop
Cyc=        202 Op1=[0x00000001] Op2=[0x00000000] W[W, 6= 0x00000001]   Mem[0: R:0x7304c000 W:0x00000000] PC= 0x80000334    mv      t1, t5
Cyc=        203 Op1=[0x00000001] Op2=[0x00000001] W[W, 4= 0x00000002]   Mem[0: R:0x2f7304c0 W:0x0000000c] PC= 0x80000338    addi    tp, tp, 1
Cyc=        204 Op1=[0x00000000] Op2=[0x00000002] W[W, 5= 0x00000002]   Mem[0: R:0x2f7304c0 W:0x0000000d] PC= 0x8000033c    li      t0, 2
Cyc=        205 Op1=[0x00000002] Op2=[0x00000002] W[_, 1= 0x00000000]   Mem[0: R:0x04c0006f W:0x00000002] PC= 0x80000340    bne     tp, t0, pc - 32
Cyc=        206 Op1=[0x00000000] Op2=[0x00000001] W[W,29= 0x00000001]   Mem[0: R:0x7304c000 W:0x0000000c] PC= 0x80000344    li      t4, 1
Cyc=        207 Op1=[0x00000000] Op2=[0x00000016] W[W, 3= 0x00000016]   Mem[0: R:0x0f9303ff W:0x00000000] PC= 0x80000348    li      gp, 22
Cyc=        208 Op1=[0x00000001] Op2=[0x00000001] W[_,24= 0x00000000]   Mem[0: R:0x04c0006f W:0x00000001] PC= 0x8000034c    bne     t1, t4, pc + 632
Cyc=        209 Op1=[0x00000000] Op2=[0x00000000] W[W, 4= 0x00000000]   Mem[0: R:0x04c0006f W:0x00000000] PC= 0x80000350    li      tp, 0
Cyc=        210 Op1=[0x00000000] Op2=[0x0000000e] W[W, 1= 0x0000000e]   Mem[0: R:0x0f9303ff W:0x00000000] PC= 0x80000354    li      ra, 14
Cyc=        211 Op1=[0x00000000] Op2=[0x0000000d] W[W, 2= 0x0000000d]   Mem[0: R:0x9303ff0a W:0x00000000] PC= 0x80000358    li      sp, 13
Cyc=        212 Op1=[0x0000000e] Op2=[0x0000000d] W[W,30= 0x00000000]   Mem[0: R:0x04c0006f W:0x0000000d] PC= 0x8000035c    slt     t5, ra, sp
Cyc=        213 Op1=[0x00000000] Op2=[0x00000001] W[W, 4= 0x00000001]   Mem[0: R:0x7304c000 W:0x0000000e] PC= 0x80000360    addi    tp, tp, 1
Cyc=        214 Op1=[0x00000000] Op2=[0x00000002] W[W, 5= 0x00000002]   Mem[0: R:0x2f7304c0 W:0x0000000d] PC= 0x80000364    li      t0, 2
Cyc=        215 Op1=[0x00000001] Op2=[0x00000002] W[_,13= 0x00000000]   Mem[0: R:0x04c0006f W:0x00000002] PC= 0x80000368  B bne     tp, t0, pc - 20
Cyc=        216 Op1=[0x00000000] Op2=[0x0000000e] W[W, 1= 0x0000000e]   Mem[0: R:0x0f9303ff W:0x00000000] PC= 0x80000354    li      ra, 14
Cyc=        217 Op1=[0x00000000] Op2=[0x0000000d] W[W, 2= 0x0000000d]   Mem[0: R:0x9303ff0a W:0x00000000] PC= 0x80000358    li      sp, 13
Cyc=        218 Op1=[0x0000000e] Op2=[0x0000000d] W[W,30= 0x00000000]   Mem[0: R:0x04c0006f W:0x0000000d] PC= 0x8000035c    slt     t5, ra, sp
Cyc=        219 Op1=[0x00000001] Op2=[0x00000001] W[W, 4= 0x00000002]   Mem[0: R:0x2f7304c0 W:0x0000000e] PC= 0x80000360    addi    tp, tp, 1
Cyc=        220 Op1=[0x00000000] Op2=[0x00000002] W[W, 5= 0x00000002]   Mem[0: R:0x2f7304c0 W:0x0000000d] PC= 0x80000364    li      t0, 2
Cyc=        221 Op1=[0x00000002] Op2=[0x00000002] W[_,13= 0x00000000]   Mem[0: R:0x04c0006f W:0x00000002] PC= 0x80000368    bne     tp, t0, pc - 20
Cyc=        222 Op1=[0x00000000] Op2=[0x00000000] W[W,29= 0x00000000]   Mem[0: R:0x04c0006f W:0x00000000] PC= 0x8000036c    li      t4, 0
Cyc=        223 Op1=[0x00000000] Op2=[0x00000017] W[W, 3= 0x00000017]   Mem[0: R:0xb00f9303 W:0x00000000] PC= 0x80000370    li      gp, 23
Cyc=        224 Op1=[0x00000000] Op2=[0x00000000] W[_,16= 0x00000000]   Mem[0: R:0x04c0006f W:0x00000000] PC= 0x80000374    bne     t5, t4, pc + 592
Cyc=        225 Op1=[0x00000000] Op2=[0x00000000] W[W, 4= 0x00000000]   Mem[0: R:0x04c0006f W:0x00000000] PC= 0x80000378    li      tp, 0
Cyc=        226 Op1=[0x00000000] Op2=[0x0000000b] W[W, 1= 0x0000000b]   Mem[0: R:0xff0a6300 W:0x00000000] PC= 0x8000037c    li      ra, 11
Cyc=        227 Op1=[0x00000000] Op2=[0x0000000d] W[W, 2= 0x0000000d]   Mem[0: R:0x9303ff0a W:0x00000000] PC= 0x80000380    li      sp, 13
Cyc=        228 Op1=[0x00000000] Op2=[0x00000000] W[W, 0= 0x00000000]   Mem[0: R:0x04c0006f W:0x00000000] PC= 0x80000384    nop
Cyc=        229 Op1=[0x0000000b] Op2=[0x0000000d] W[W,30= 0x00000001]   Mem[0: R:0x7304c000 W:0x0000000d] PC= 0x80000388    slt     t5, ra, sp
Cyc=        230 Op1=[0x00000000] Op2=[0x00000001] W[W, 4= 0x00000001]   Mem[0: R:0x7304c000 W:0x0000000b] PC= 0x8000038c    addi    tp, tp, 1
Cyc=        231 Op1=[0x00000000] Op2=[0x00000002] W[W, 5= 0x00000002]   Mem[0: R:0x2f7304c0 W:0x0000000d] PC= 0x80000390    li      t0, 2
Cyc=        232 Op1=[0x00000001] Op2=[0x00000002] W[_, 9= 0x00000000]   Mem[0: R:0x04c0006f W:0x00000002] PC= 0x80000394  B bne     tp, t0, pc - 24
Cyc=        233 Op1=[0x00000000] Op2=[0x0000000b] W[W, 1= 0x0000000b]   Mem[0: R:0xff0a6300 W:0x00000000] PC= 0x8000037c    li      ra, 11
Cyc=        234 Op1=[0x00000000] Op2=[0x0000000d] W[W, 2= 0x0000000d]   Mem[0: R:0x9303ff0a W:0x00000000] PC= 0x80000380    li      sp, 13
Cyc=        235 Op1=[0x00000000] Op2=[0x00000000] W[W, 0= 0x00000000]   Mem[0: R:0x04c0006f W:0x00000000] PC= 0x80000384    nop
Cyc=        236 Op1=[0x0000000b] Op2=[0x0000000d] W[W,30= 0x00000001]   Mem[0: R:0x7304c000 W:0x0000000d] PC= 0x80000388    slt     t5, ra, sp
Cyc=        237 Op1=[0x00000001] Op2=[0x00000001] W[W, 4= 0x00000002]   Mem[0: R:0x2f7304c0 W:0x0000000b] PC= 0x8000038c    addi    tp, tp, 1
Cyc=        238 Op1=[0x00000000] Op2=[0x00000002] W[W, 5= 0x00000002]   Mem[0: R:0x2f7304c0 W:0x0000000d] PC= 0x80000390    li      t0, 2
Cyc=        239 Op1=[0x00000002] Op2=[0x00000002] W[_, 9= 0x00000000]   Mem[0: R:0x04c0006f W:0x00000002] PC= 0x80000394    bne     tp, t0, pc - 24
Cyc=        240 Op1=[0x00000000] Op2=[0x00000001] W[W,29= 0x00000001]   Mem[0: R:0x7304c000 W:0x0000000b] PC= 0x80000398    li      t4, 1
Cyc=        241 Op1=[0x00000000] Op2=[0x00000018] W[W, 3= 0x00000018]   Mem[0: R:0x00b00f93 W:0x00000000] PC= 0x8000039c    li      gp, 24
Cyc=        242 Op1=[0x00000001] Op2=[0x00000001] W[_, 4= 0x00000000]   Mem[0: R:0x04c0006f W:0x00000001] PC= 0x800003a0    bne     t5, t4, pc + 548
Cyc=        243 Op1=[0x00000000] Op2=[0x00000000] W[W, 4= 0x00000000]   Mem[0: R:0x04c0006f W:0x00000000] PC= 0x800003a4    li      tp, 0
Cyc=        244 Op1=[0x00000000] Op2=[0x0000000f] W[W, 1= 0x0000000f]   Mem[0: R:0x900f9303 W:0x00000000] PC= 0x800003a8    li      ra, 15
Cyc=        245 Op1=[0x00000000] Op2=[0x0000000d] W[W, 2= 0x0000000d]   Mem[0: R:0x9303ff0a W:0x00000000] PC= 0x800003ac    li      sp, 13
Cyc=        246 Op1=[0x00000000] Op2=[0x00000000] W[W, 0= 0x00000000]   Mem[0: R:0x04c0006f W:0x00000000] PC= 0x800003b0    nop
Cyc=        247 Op1=[0x00000000] Op2=[0x00000000] W[W, 0= 0x00000000]   Mem[0: R:0x04c0006f W:0x00000000] PC= 0x800003b4    nop
Cyc=        248 Op1=[0x0000000f] Op2=[0x0000000d] W[W,30= 0x00000000]   Mem[0: R:0x04c0006f W:0x0000000d] PC= 0x800003b8    slt     t5, ra, sp
Cyc=        249 Op1=[0x00000000] Op2=[0x00000001] W[W, 4= 0x00000001]   Mem[0: R:0x7304c000 W:0x0000000f] PC= 0x800003bc    addi    tp, tp, 1
Cyc=        250 Op1=[0x00000000] Op2=[0x00000002] W[W, 5= 0x00000002]   Mem[0: R:0x2f7304c0 W:0x0000000d] PC= 0x800003c0    li      t0, 2
Cyc=        251 Op1=[0x00000001] Op2=[0x00000002] W[_, 5= 0x00000000]   Mem[0: R:0x04c0006f W:0x00000002] PC= 0x800003c4  B bne     tp, t0, pc - 28
Cyc=        252 Op1=[0x00000000] Op2=[0x0000000f] W[W, 1= 0x0000000f]   Mem[0: R:0x900f9303 W:0x00000000] PC= 0x800003a8    li      ra, 15
Cyc=        253 Op1=[0x00000000] Op2=[0x0000000d] W[W, 2= 0x0000000d]   Mem[0: R:0x9303ff0a W:0x00000000] PC= 0x800003ac    li      sp, 13
Cyc=        254 Op1=[0x00000000] Op2=[0x00000000] W[W, 0= 0x00000000]   Mem[0: R:0x04c0006f W:0x00000000] PC= 0x800003b0    nop
Cyc=        255 Op1=[0x00000000] Op2=[0x00000000] W[W, 0= 0x00000000]   Mem[0: R:0x04c0006f W:0x00000000] PC= 0x800003b4    nop
Cyc=        256 Op1=[0x0000000f] Op2=[0x0000000d] W[W,30= 0x00000000]   Mem[0: R:0x04c0006f W:0x0000000d] PC= 0x800003b8    slt     t5, ra, sp
Cyc=        257 Op1=[0x00000001] Op2=[0x00000001] W[W, 4= 0x00000002]   Mem[0: R:0x2f7304c0 W:0x0000000f] PC= 0x800003bc    addi    tp, tp, 1
Cyc=        258 Op1=[0x00000000] Op2=[0x00000002] W[W, 5= 0x00000002]   Mem[0: R:0x2f7304c0 W:0x0000000d] PC= 0x800003c0    li      t0, 2
Cyc=        259 Op1=[0x00000002] Op2=[0x00000002] W[_, 5= 0x00000000]   Mem[0: R:0x04c0006f W:0x00000002] PC= 0x800003c4    bne     tp, t0, pc - 28
Cyc=        260 Op1=[0x00000000] Op2=[0x00000000] W[W,29= 0x00000000]   Mem[0: R:0x04c0006f W:0x00000000] PC= 0x800003c8    li      t4, 0
Cyc=        261 Op1=[0x00000000] Op2=[0x00000019] W[W, 3= 0x00000019]   Mem[0: R:0x6300b00f W:0x00000000] PC= 0x800003cc    li      gp, 25
Cyc=        262 Op1=[0x00000000] Op2=[0x00000000] W[_,20= 0x00000000]   Mem[0: R:0x04c0006f W:0x00000000] PC= 0x800003d0    bne     t5, t4, pc + 500
Cyc=        263 Op1=[0x00000000] Op2=[0x00000000] W[W, 4= 0x00000000]   Mem[0: R:0x04c0006f W:0x00000000] PC= 0x800003d4    li      tp, 0
Cyc=        264 Op1=[0x00000000] Op2=[0x0000000a] W[W, 1= 0x0000000a]   Mem[0: R:0x0a630080 W:0x00000000] PC= 0x800003d8    li      ra, 10
Cyc=        265 Op1=[0x00000000] Op2=[0x00000000] W[W, 0= 0x00000000]   Mem[0: R:0x04c0006f W:0x00000000] PC= 0x800003dc    nop
Cyc=        266 Op1=[0x00000000] Op2=[0x0000000d] W[W, 2= 0x0000000d]   Mem[0: R:0x9303ff0a W:0x00000000] PC= 0x800003e0    li      sp, 13
Cyc=        267 Op1=[0x0000000a] Op2=[0x0000000d] W[W,30= 0x00000001]   Mem[0: R:0x7304c000 W:0x0000000d] PC= 0x800003e4    slt     t5, ra, sp
Cyc=        268 Op1=[0x00000000] Op2=[0x00000001] W[W, 4= 0x00000001]   Mem[0: R:0x7304c000 W:0x0000000a] PC= 0x800003e8    addi    tp, tp, 1
Cyc=        269 Op1=[0x00000000] Op2=[0x00000002] W[W, 5= 0x00000002]   Mem[0: R:0x2f7304c0 W:0x0000000d] PC= 0x800003ec    li      t0, 2
Cyc=        270 Op1=[0x00000001] Op2=[0x00000002] W[_, 9= 0x00000000]   Mem[0: R:0x04c0006f W:0x00000002] PC= 0x800003f0  B bne     tp, t0, pc - 24
Cyc=        271 Op1=[0x00000000] Op2=[0x0000000a] W[W, 1= 0x0000000a]   Mem[0: R:0x0a630080 W:0x00000000] PC= 0x800003d8    li      ra, 10
Cyc=        272 Op1=[0x00000000] Op2=[0x00000000] W[W, 0= 0x00000000]   Mem[0: R:0x04c0006f W:0x00000000] PC= 0x800003dc    nop
Cyc=        273 Op1=[0x00000000] Op2=[0x0000000d] W[W, 2= 0x0000000d]   Mem[0: R:0x9303ff0a W:0x00000000] PC= 0x800003e0    li      sp, 13
Cyc=        274 Op1=[0x0000000a] Op2=[0x0000000d] W[W,30= 0x00000001]   Mem[0: R:0x7304c000 W:0x0000000d] PC= 0x800003e4    slt     t5, ra, sp
Cyc=        275 Op1=[0x00000001] Op2=[0x00000001] W[W, 4= 0x00000002]   Mem[0: R:0x2f7304c0 W:0x0000000a] PC= 0x800003e8    addi    tp, tp, 1
Cyc=        276 Op1=[0x00000000] Op2=[0x00000002] W[W, 5= 0x00000002]   Mem[0: R:0x2f7304c0 W:0x0000000d] PC= 0x800003ec    li      t0, 2
Cyc=        277 Op1=[0x00000002] Op2=[0x00000002] W[_, 9= 0x00000000]   Mem[0: R:0x04c0006f W:0x00000002] PC= 0x800003f0    bne     tp, t0, pc - 24
Cyc=        278 Op1=[0x00000000] Op2=[0x00000001] W[W,29= 0x00000001]   Mem[0: R:0x7304c000 W:0x0000000a] PC= 0x800003f4    li      t4, 1
Cyc=        279 Op1=[0x00000000] Op2=[0x0000001a] W[W, 3= 0x0000001a]   Mem[0: R:0x026300b0 W:0x00000000] PC= 0x800003f8    li      gp, 26
Cyc=        280 Op1=[0x00000001] Op2=[0x00000001] W[_, 8= 0x00000000]   Mem[0: R:0x04c0006f W:0x00000001] PC= 0x800003fc    bne     t5, t4, pc + 456
Cyc=        281 Op1=[0x00000000] Op2=[0x00000000] W[W, 4= 0x00000000]   Mem[0: R:0x04c0006f W:0x00000000] PC= 0x80000400    li      tp, 0
Cyc=        282 Op1=[0x00000000] Op2=[0x00000010] W[W, 1= 0x00000010]   Mem[0: R:0x00900f93 W:0x00000000] PC= 0x80000404    li      ra, 16
Cyc=        283 Op1=[0x00000000] Op2=[0x00000000] W[W, 0= 0x00000000]   Mem[0: R:0x04c0006f W:0x00000000] PC= 0x80000408    nop
Cyc=        284 Op1=[0x00000000] Op2=[0x0000000d] W[W, 2= 0x0000000d]   Mem[0: R:0x9303ff0a W:0x00000000] PC= 0x8000040c    li      sp, 13
Cyc=        285 Op1=[0x00000000] Op2=[0x00000000] W[W, 0= 0x00000000]   Mem[0: R:0x04c0006f W:0x00000000] PC= 0x80000410    nop
Cyc=        286 Op1=[0x00000010] Op2=[0x0000000d] W[W,30= 0x00000000]   Mem[0: R:0x04c0006f W:0x0000000d] PC= 0x80000414    slt     t5, ra, sp
Cyc=        287 Op1=[0x00000000] Op2=[0x00000001] W[W, 4= 0x00000001]   Mem[0: R:0x7304c000 W:0x00000010] PC= 0x80000418    addi    tp, tp, 1
Cyc=        288 Op1=[0x00000000] Op2=[0x00000002] W[W, 5= 0x00000002]   Mem[0: R:0x2f7304c0 W:0x0000000d] PC= 0x8000041c    li      t0, 2
Cyc=        289 Op1=[0x00000001] Op2=[0x00000002] W[_, 5= 0x00000000]   Mem[0: R:0x04c0006f W:0x00000002] PC= 0x80000420  B bne     tp, t0, pc - 28
Cyc=        290 Op1=[0x00000000] Op2=[0x00000010] W[W, 1= 0x00000010]   Mem[0: R:0x00900f93 W:0x00000000] PC= 0x80000404    li      ra, 16
Cyc=        291 Op1=[0x00000000] Op2=[0x00000000] W[W, 0= 0x00000000]   Mem[0: R:0x04c0006f W:0x00000000] PC= 0x80000408    nop
Cyc=        292 Op1=[0x00000000] Op2=[0x0000000d] W[W, 2= 0x0000000d]   Mem[0: R:0x9303ff0a W:0x00000000] PC= 0x8000040c    li      sp, 13
Cyc=        293 Op1=[0x00000000] Op2=[0x00000000] W[W, 0= 0x00000000]   Mem[0: R:0x04c0006f W:0x00000000] PC= 0x80000410    nop
Cyc=        294 Op1=[0x00000010] Op2=[0x0000000d] W[W,30= 0x00000000]   Mem[0: R:0x04c0006f W:0x0000000d] PC= 0x80000414    slt     t5, ra, sp
Cyc=        295 Op1=[0x00000001] Op2=[0x00000001] W[W, 4= 0x00000002]   Mem[0: R:0x2f7304c0 W:0x00000010] PC= 0x80000418    addi    tp, tp, 1
Cyc=        296 Op1=[0x00000000] Op2=[0x00000002] W[W, 5= 0x00000002]   Mem[0: R:0x2f7304c0 W:0x0000000d] PC= 0x8000041c    li      t0, 2
Cyc=        297 Op1=[0x00000002] Op2=[0x00000002] W[_, 5= 0x00000000]   Mem[0: R:0x04c0006f W:0x00000002] PC= 0x80000420    bne     tp, t0, pc - 28
Cyc=        298 Op1=[0x00000000] Op2=[0x00000000] W[W,29= 0x00000000]   Mem[0: R:0x04c0006f W:0x00000000] PC= 0x80000424    li      t4, 0
Cyc=        299 Op1=[0x00000000] Op2=[0x0000001b] W[W, 3= 0x0000001b]   Mem[0: R:0xff026300 W:0x00000000] PC= 0x80000428    li      gp, 27
Cyc=        300 Op1=[0x00000000] Op2=[0x00000000] W[_,24= 0x00000000]   Mem[0: R:0x04c0006f W:0x00000000] PC= 0x8000042c    bne     t5, t4, pc + 408
Cyc=        301 Op1=[0x00000000] Op2=[0x00000000] W[W, 4= 0x00000000]   Mem[0: R:0x04c0006f W:0x00000000] PC= 0x80000430    li      tp, 0
Cyc=        302 Op1=[0x00000000] Op2=[0x00000009] W[W, 1= 0x00000009]   Mem[0: R:0x6300800f W:0x00000000] PC= 0x80000434    li      ra, 9
Cyc=        303 Op1=[0x00000000] Op2=[0x00000000] W[W, 0= 0x00000000]   Mem[0: R:0x04c0006f W:0x00000000] PC= 0x80000438    nop
Cyc=        304 Op1=[0x00000000] Op2=[0x00000000] W[W, 0= 0x00000000]   Mem[0: R:0x04c0006f W:0x00000000] PC= 0x8000043c    nop
Cyc=        305 Op1=[0x00000000] Op2=[0x0000000d] W[W, 2= 0x0000000d]   Mem[0: R:0x9303ff0a W:0x00000000] PC= 0x80000440    li      sp, 13
Cyc=        306 Op1=[0x00000009] Op2=[0x0000000d] W[W,30= 0x00000001]   Mem[0: R:0x7304c000 W:0x0000000d] PC= 0x80000444    slt     t5, ra, sp
Cyc=        307 Op1=[0x00000000] Op2=[0x00000001] W[W, 4= 0x00000001]   Mem[0: R:0x7304c000 W:0x00000009] PC= 0x80000448    addi    tp, tp, 1
Cyc=        308 Op1=[0x00000000] Op2=[0x00000002] W[W, 5= 0x00000002]   Mem[0: R:0x2f7304c0 W:0x0000000d] PC= 0x8000044c    li      t0, 2
Cyc=        309 Op1=[0x00000001] Op2=[0x00000002] W[_, 5= 0x00000000]   Mem[0: R:0x04c0006f W:0x00000002] PC= 0x80000450  B bne     tp, t0, pc - 28
Cyc=        310 Op1=[0x00000000] Op2=[0x00000009] W[W, 1= 0x00000009]   Mem[0: R:0x6300800f W:0x00000000] PC= 0x80000434    li      ra, 9
Cyc=        311 Op1=[0x00000000] Op2=[0x00000000] W[W, 0= 0x00000000]   Mem[0: R:0x04c0006f W:0x00000000] PC= 0x80000438    nop
Cyc=        312 Op1=[0x00000000] Op2=[0x00000000] W[W, 0= 0x00000000]   Mem[0: R:0x04c0006f W:0x00000000] PC= 0x8000043c    nop
Cyc=        313 Op1=[0x00000000] Op2=[0x0000000d] W[W, 2= 0x0000000d]   Mem[0: R:0x9303ff0a W:0x00000000] PC= 0x80000440    li      sp, 13
Cyc=        314 Op1=[0x00000009] Op2=[0x0000000d] W[W,30= 0x00000001]   Mem[0: R:0x7304c000 W:0x0000000d] PC= 0x80000444    slt     t5, ra, sp
Cyc=        315 Op1=[0x00000001] Op2=[0x00000001] W[W, 4= 0x00000002]   Mem[0: R:0x2f7304c0 W:0x00000009] PC= 0x80000448    addi    tp, tp, 1
Cyc=        316 Op1=[0x00000000] Op2=[0x00000002] W[W, 5= 0x00000002]   Mem[0: R:0x2f7304c0 W:0x0000000d] PC= 0x8000044c    li      t0, 2
Cyc=        317 Op1=[0x00000002] Op2=[0x00000002] W[_, 5= 0x00000000]   Mem[0: R:0x04c0006f W:0x00000002] PC= 0x80000450    bne     tp, t0, pc - 28
Cyc=        318 Op1=[0x00000000] Op2=[0x00000001] W[W,29= 0x00000001]   Mem[0: R:0x7304c000 W:0x00000009] PC= 0x80000454    li      t4, 1
Cyc=        319 Op1=[0x00000000] Op2=[0x0000001c] W[W, 3= 0x0000001c]   Mem[0: R:0x03ff0263 W:0x00000000] PC= 0x80000458    li      gp, 28
Cyc=        320 Op1=[0x00000001] Op2=[0x00000001] W[_, 8= 0x00000000]   Mem[0: R:0x04c0006f W:0x00000001] PC= 0x8000045c    bne     t5, t4, pc + 360
Cyc=        321 Op1=[0x00000000] Op2=[0x00000000] W[W, 4= 0x00000000]   Mem[0: R:0x04c0006f W:0x00000000] PC= 0x80000460    li      tp, 0
Cyc=        322 Op1=[0x00000000] Op2=[0x0000000d] W[W, 2= 0x0000000d]   Mem[0: R:0x9303ff0a W:0x00000000] PC= 0x80000464    li      sp, 13
Cyc=        323 Op1=[0x00000000] Op2=[0x00000011] W[W, 1= 0x00000011]   Mem[0: R:0x6300900f W:0x00000000] PC= 0x80000468    li      ra, 17
Cyc=        324 Op1=[0x00000011] Op2=[0x0000000d] W[W,30= 0x00000000]   Mem[0: R:0x04c0006f W:0x0000000d] PC= 0x8000046c    slt     t5, ra, sp
Cyc=        325 Op1=[0x00000000] Op2=[0x00000001] W[W, 4= 0x00000001]   Mem[0: R:0x7304c000 W:0x00000011] PC= 0x80000470    addi    tp, tp, 1
Cyc=        326 Op1=[0x00000000] Op2=[0x00000002] W[W, 5= 0x00000002]   Mem[0: R:0x2f7304c0 W:0x0000000d] PC= 0x80000474    li      t0, 2
Cyc=        327 Op1=[0x00000001] Op2=[0x00000002] W[_,13= 0x00000000]   Mem[0: R:0x04c0006f W:0x00000002] PC= 0x80000478  B bne     tp, t0, pc - 20
Cyc=        328 Op1=[0x00000000] Op2=[0x0000000d] W[W, 2= 0x0000000d]   Mem[0: R:0x9303ff0a W:0x00000000] PC= 0x80000464    li      sp, 13
Cyc=        329 Op1=[0x00000000] Op2=[0x00000011] W[W, 1= 0x00000011]   Mem[0: R:0x6300900f W:0x00000000] PC= 0x80000468    li      ra, 17
Cyc=        330 Op1=[0x00000011] Op2=[0x0000000d] W[W,30= 0x00000000]   Mem[0: R:0x04c0006f W:0x0000000d] PC= 0x8000046c    slt     t5, ra, sp
Cyc=        331 Op1=[0x00000001] Op2=[0x00000001] W[W, 4= 0x00000002]   Mem[0: R:0x2f7304c0 W:0x00000011] PC= 0x80000470    addi    tp, tp, 1
Cyc=        332 Op1=[0x00000000] Op2=[0x00000002] W[W, 5= 0x00000002]   Mem[0: R:0x2f7304c0 W:0x0000000d] PC= 0x80000474    li      t0, 2
Cyc=        333 Op1=[0x00000002] Op2=[0x00000002] W[_,13= 0x00000000]   Mem[0: R:0x04c0006f W:0x00000002] PC= 0x80000478    bne     tp, t0, pc - 20
Cyc=        334 Op1=[0x00000000] Op2=[0x00000000] W[W,29= 0x00000000]   Mem[0: R:0x04c0006f W:0x00000000] PC= 0x8000047c    li      t4, 0
Cyc=        335 Op1=[0x00000000] Op2=[0x0000001d] W[W, 3= 0x0000001d]   Mem[0: R:0x1703ff02 W:0x00000000] PC= 0x80000480    li      gp, 29
Cyc=        336 Op1=[0x00000000] Op2=[0x00000000] W[_, 0= 0x00000000]   Mem[0: R:0x04c0006f W:0x00000000] PC= 0x80000484    bne     t5, t4, pc + 320
Cyc=        337 Op1=[0x00000000] Op2=[0x00000000] W[W, 4= 0x00000000]   Mem[0: R:0x04c0006f W:0x00000000] PC= 0x80000488    li      tp, 0
Cyc=        338 Op1=[0x00000000] Op2=[0x0000000d] W[W, 2= 0x0000000d]   Mem[0: R:0x9303ff0a W:0x00000000] PC= 0x8000048c    li      sp, 13
Cyc=        339 Op1=[0x00000000] Op2=[0x00000008] W[W, 1= 0x00000008]   Mem[0: R:0x00800f93 W:0x00000000] PC= 0x80000490    li      ra, 8
Cyc=        340 Op1=[0x00000000] Op2=[0x00000000] W[W, 0= 0x00000000]   Mem[0: R:0x04c0006f W:0x00000000] PC= 0x80000494    nop
Cyc=        341 Op1=[0x00000008] Op2=[0x0000000d] W[W,30= 0x00000001]   Mem[0: R:0x7304c000 W:0x0000000d] PC= 0x80000498    slt     t5, ra, sp
Cyc=        342 Op1=[0x00000000] Op2=[0x00000001] W[W, 4= 0x00000001]   Mem[0: R:0x7304c000 W:0x00000008] PC= 0x8000049c    addi    tp, tp, 1
Cyc=        343 Op1=[0x00000000] Op2=[0x00000002] W[W, 5= 0x00000002]   Mem[0: R:0x2f7304c0 W:0x0000000d] PC= 0x800004a0    li      t0, 2
Cyc=        344 Op1=[0x00000001] Op2=[0x00000002] W[_, 9= 0x00000000]   Mem[0: R:0x04c0006f W:0x00000002] PC= 0x800004a4  B bne     tp, t0, pc - 24
Cyc=        345 Op1=[0x00000000] Op2=[0x0000000d] W[W, 2= 0x0000000d]   Mem[0: R:0x9303ff0a W:0x00000000] PC= 0x8000048c    li      sp, 13
Cyc=        346 Op1=[0x00000000] Op2=[0x00000008] W[W, 1= 0x00000008]   Mem[0: R:0x00800f93 W:0x00000000] PC= 0x80000490    li      ra, 8
Cyc=        347 Op1=[0x00000000] Op2=[0x00000000] W[W, 0= 0x00000000]   Mem[0: R:0x04c0006f W:0x00000000] PC= 0x80000494    nop
Cyc=        348 Op1=[0x00000008] Op2=[0x0000000d] W[W,30= 0x00000001]   Mem[0: R:0x7304c000 W:0x0000000d] PC= 0x80000498    slt     t5, ra, sp
Cyc=        349 Op1=[0x00000001] Op2=[0x00000001] W[W, 4= 0x00000002]   Mem[0: R:0x2f7304c0 W:0x00000008] PC= 0x8000049c    addi    tp, tp, 1
Cyc=        350 Op1=[0x00000000] Op2=[0x00000002] W[W, 5= 0x00000002]   Mem[0: R:0x2f7304c0 W:0x0000000d] PC= 0x800004a0    li      t0, 2
Cyc=        351 Op1=[0x00000002] Op2=[0x00000002] W[_, 9= 0x00000000]   Mem[0: R:0x04c0006f W:0x00000002] PC= 0x800004a4    bne     tp, t0, pc - 24
Cyc=        352 Op1=[0x00000000] Op2=[0x00000001] W[W,29= 0x00000001]   Mem[0: R:0x7304c000 W:0x00000008] PC= 0x800004a8    li      t4, 1
Cyc=        353 Op1=[0x00000000] Op2=[0x0000001e] W[W, 3= 0x0000001e]   Mem[0: R:0x0f1703ff W:0x00000001] PC= 0x800004ac    li      gp, 30
Cyc=        354 Op1=[0x00000001] Op2=[0x00000001] W[_,20= 0x00000000]   Mem[0: R:0x04c0006f W:0x00000001] PC= 0x800004b0    bne     t5, t4, pc + 276
Cyc=        355 Op1=[0x00000000] Op2=[0x00000000] W[W, 4= 0x00000000]   Mem[0: R:0x04c0006f W:0x00000000] PC= 0x800004b4    li      tp, 0
Cyc=        356 Op1=[0x00000000] Op2=[0x0000000d] W[W, 2= 0x0000000d]   Mem[0: R:0x9303ff0a W:0x00000000] PC= 0x800004b8    li      sp, 13
Cyc=        357 Op1=[0x00000000] Op2=[0x00000012] W[W, 1= 0x00000012]   Mem[0: R:0x06630090 W:0x00000000] PC= 0x800004bc    li      ra, 18
Cyc=        358 Op1=[0x00000000] Op2=[0x00000000] W[W, 0= 0x00000000]   Mem[0: R:0x04c0006f W:0x00000000] PC= 0x800004c0    nop
Cyc=        359 Op1=[0x00000000] Op2=[0x00000000] W[W, 0= 0x00000000]   Mem[0: R:0x04c0006f W:0x00000000] PC= 0x800004c4    nop
Cyc=        360 Op1=[0x00000012] Op2=[0x0000000d] W[W,30= 0x00000000]   Mem[0: R:0x04c0006f W:0x0000000d] PC= 0x800004c8    slt     t5, ra, sp
Cyc=        361 Op1=[0x00000000] Op2=[0x00000001] W[W, 4= 0x00000001]   Mem[0: R:0x7304c000 W:0x00000012] PC= 0x800004cc    addi    tp, tp, 1
Cyc=        362 Op1=[0x00000000] Op2=[0x00000002] W[W, 5= 0x00000002]   Mem[0: R:0x2f7304c0 W:0x0000000d] PC= 0x800004d0    li      t0, 2
Cyc=        363 Op1=[0x00000001] Op2=[0x00000002] W[_, 5= 0x00000000]   Mem[0: R:0x04c0006f W:0x00000002] PC= 0x800004d4  B bne     tp, t0, pc - 28
Cyc=        364 Op1=[0x00000000] Op2=[0x0000000d] W[W, 2= 0x0000000d]   Mem[0: R:0x9303ff0a W:0x00000000] PC= 0x800004b8    li      sp, 13
Cyc=        365 Op1=[0x00000000] Op2=[0x00000012] W[W, 1= 0x00000012]   Mem[0: R:0x06630090 W:0x00000000] PC= 0x800004bc    li      ra, 18
Cyc=        366 Op1=[0x00000000] Op2=[0x00000000] W[W, 0= 0x00000000]   Mem[0: R:0x04c0006f W:0x00000000] PC= 0x800004c0    nop
Cyc=        367 Op1=[0x00000000] Op2=[0x00000000] W[W, 0= 0x00000000]   Mem[0: R:0x04c0006f W:0x00000000] PC= 0x800004c4    nop
Cyc=        368 Op1=[0x00000012] Op2=[0x0000000d] W[W,30= 0x00000000]   Mem[0: R:0x04c0006f W:0x0000000d] PC= 0x800004c8    slt     t5, ra, sp
Cyc=        369 Op1=[0x00000001] Op2=[0x00000001] W[W, 4= 0x00000002]   Mem[0: R:0x2f7304c0 W:0x00000012] PC= 0x800004cc    addi    tp, tp, 1
Cyc=        370 Op1=[0x00000000] Op2=[0x00000002] W[W, 5= 0x00000002]   Mem[0: R:0x2f7304c0 W:0x0000000d] PC= 0x800004d0    li      t0, 2
Cyc=        371 Op1=[0x00000002] Op2=[0x00000002] W[_, 5= 0x00000000]   Mem[0: R:0x04c0006f W:0x00000002] PC= 0x800004d4    bne     tp, t0, pc - 28
Cyc=        372 Op1=[0x00000000] Op2=[0x00000000] W[W,29= 0x00000000]   Mem[0: R:0x04c0006f W:0x00000000] PC= 0x800004d8    li      t4, 0
Cyc=        373 Op1=[0x00000000] Op2=[0x0000001f] W[W, 3= 0x0000001f]   Mem[0: R:0x000f1703 W:0x00000000] PC= 0x800004dc    li      gp, 31
Cyc=        374 Op1=[0x00000000] Op2=[0x00000000] W[_, 4= 0x00000000]   Mem[0: R:0x04c0006f W:0x00000000] PC= 0x800004e0    bne     t5, t4, pc + 228
Cyc=        375 Op1=[0x00000000] Op2=[0x00000000] W[W, 4= 0x00000000]   Mem[0: R:0x04c0006f W:0x00000000] PC= 0x800004e4    li      tp, 0
Cyc=        376 Op1=[0x00000000] Op2=[0x0000000d] W[W, 2= 0x0000000d]   Mem[0: R:0x9303ff0a W:0x00000000] PC= 0x800004e8    li      sp, 13
Cyc=        377 Op1=[0x00000000] Op2=[0x00000000] W[W, 0= 0x00000000]   Mem[0: R:0x04c0006f W:0x00000000] PC= 0x800004ec    nop
Cyc=        378 Op1=[0x00000000] Op2=[0x00000007] W[W, 1= 0x00000007]   Mem[0: R:0x800f9334 W:0x00000000] PC= 0x800004f0    li      ra, 7
Cyc=        379 Op1=[0x00000007] Op2=[0x0000000d] W[W,30= 0x00000001]   Mem[0: R:0x7304c000 W:0x0000000d] PC= 0x800004f4    slt     t5, ra, sp
Cyc=        380 Op1=[0x00000000] Op2=[0x00000001] W[W, 4= 0x00000001]   Mem[0: R:0x7304c000 W:0x00000007] PC= 0x800004f8    addi    tp, tp, 1
Cyc=        381 Op1=[0x00000000] Op2=[0x00000002] W[W, 5= 0x00000002]   Mem[0: R:0x2f7304c0 W:0x0000000d] PC= 0x800004fc    li      t0, 2
Cyc=        382 Op1=[0x00000001] Op2=[0x00000002] W[_, 9= 0x00000000]   Mem[0: R:0x04c0006f W:0x00000002] PC= 0x80000500  B bne     tp, t0, pc - 24
Cyc=        383 Op1=[0x00000000] Op2=[0x0000000d] W[W, 2= 0x0000000d]   Mem[0: R:0x9303ff0a W:0x00000000] PC= 0x800004e8    li      sp, 13
Cyc=        384 Op1=[0x00000000] Op2=[0x00000000] W[W, 0= 0x00000000]   Mem[0: R:0x04c0006f W:0x00000000] PC= 0x800004ec    nop
Cyc=        385 Op1=[0x00000000] Op2=[0x00000007] W[W, 1= 0x00000007]   Mem[0: R:0x800f9334 W:0x00000000] PC= 0x800004f0    li      ra, 7
Cyc=        386 Op1=[0x00000007] Op2=[0x0000000d] W[W,30= 0x00000001]   Mem[0: R:0x7304c000 W:0x0000000d] PC= 0x800004f4    slt     t5, ra, sp
Cyc=        387 Op1=[0x00000001] Op2=[0x00000001] W[W, 4= 0x00000002]   Mem[0: R:0x2f7304c0 W:0x00000007] PC= 0x800004f8    addi    tp, tp, 1
Cyc=        388 Op1=[0x00000000] Op2=[0x00000002] W[W, 5= 0x00000002]   Mem[0: R:0x2f7304c0 W:0x0000000d] PC= 0x800004fc    li      t0, 2
Cyc=        389 Op1=[0x00000002] Op2=[0x00000002] W[_, 9= 0x00000000]   Mem[0: R:0x04c0006f W:0x00000002] PC= 0x80000500    bne     tp, t0, pc - 24
Cyc=        390 Op1=[0x00000000] Op2=[0x00000001] W[W,29= 0x00000001]   Mem[0: R:0x7304c000 W:0x00000007] PC= 0x80000504    li      t4, 1
Cyc=        391 Op1=[0x00000000] Op2=[0x00000020] W[W, 3= 0x00000020]   Mem[0: R:0x80000f17 W:0x00000000] PC= 0x80000508    li      gp, 32
Cyc=        392 Op1=[0x00000001] Op2=[0x00000001] W[_,24= 0x00000000]   Mem[0: R:0x04c0006f W:0x00000001] PC= 0x8000050c    bne     t5, t4, pc + 184
Cyc=        393 Op1=[0x00000000] Op2=[0x00000000] W[W, 4= 0x00000000]   Mem[0: R:0x04c0006f W:0x00000000] PC= 0x80000510    li      tp, 0
Cyc=        394 Op1=[0x00000000] Op2=[0x0000000d] W[W, 2= 0x0000000d]   Mem[0: R:0x9303ff0a W:0x00000000] PC= 0x80000514    li      sp, 13
Cyc=        395 Op1=[0x00000000] Op2=[0x00000000] W[W, 0= 0x00000000]   Mem[0: R:0x04c0006f W:0x00000000] PC= 0x80000518    nop
Cyc=        396 Op1=[0x00000000] Op2=[0x00000013] W[W, 1= 0x00000013]   Mem[0: R:0xff066300 W:0x00000000] PC= 0x8000051c    li      ra, 19
Cyc=        397 Op1=[0x00000000] Op2=[0x00000000] W[W, 0= 0x00000000]   Mem[0: R:0x04c0006f W:0x00000000] PC= 0x80000520    nop
Cyc=        398 Op1=[0x00000013] Op2=[0x0000000d] W[W,30= 0x00000000]   Mem[0: R:0x04c0006f W:0x0000000d] PC= 0x80000524    slt     t5, ra, sp
Cyc=        399 Op1=[0x00000000] Op2=[0x00000001] W[W, 4= 0x00000001]   Mem[0: R:0x7304c000 W:0x00000013] PC= 0x80000528    addi    tp, tp, 1
Cyc=        400 Op1=[0x00000000] Op2=[0x00000002] W[W, 5= 0x00000002]   Mem[0: R:0x2f7304c0 W:0x0000000d] PC= 0x8000052c    li      t0, 2
Cyc=        401 Op1=[0x00000001] Op2=[0x00000002] W[_, 5= 0x00000000]   Mem[0: R:0x04c0006f W:0x00000002] PC= 0x80000530  B bne     tp, t0, pc - 28
Cyc=        402 Op1=[0x00000000] Op2=[0x0000000d] W[W, 2= 0x0000000d]   Mem[0: R:0x9303ff0a W:0x00000000] PC= 0x80000514    li      sp, 13
Cyc=        403 Op1=[0x00000000] Op2=[0x00000000] W[W, 0= 0x00000000]   Mem[0: R:0x04c0006f W:0x00000000] PC= 0x80000518    nop
Cyc=        404 Op1=[0x00000000] Op2=[0x00000013] W[W, 1= 0x00000013]   Mem[0: R:0xff066300 W:0x00000000] PC= 0x8000051c    li      ra, 19
Cyc=        405 Op1=[0x00000000] Op2=[0x00000000] W[W, 0= 0x00000000]   Mem[0: R:0x04c0006f W:0x00000000] PC= 0x80000520    nop
Cyc=        406 Op1=[0x00000013] Op2=[0x0000000d] W[W,30= 0x00000000]   Mem[0: R:0x04c0006f W:0x0000000d] PC= 0x80000524    slt     t5, ra, sp
Cyc=        407 Op1=[0x00000001] Op2=[0x00000001] W[W, 4= 0x00000002]   Mem[0: R:0x2f7304c0 W:0x00000013] PC= 0x80000528    addi    tp, tp, 1
Cyc=        408 Op1=[0x00000000] Op2=[0x00000002] W[W, 5= 0x00000002]   Mem[0: R:0x2f7304c0 W:0x0000000d] PC= 0x8000052c    li      t0, 2
Cyc=        409 Op1=[0x00000002] Op2=[0x00000002] W[_, 5= 0x00000000]   Mem[0: R:0x04c0006f W:0x00000002] PC= 0x80000530    bne     tp, t0, pc - 28
Cyc=        410 Op1=[0x00000000] Op2=[0x00000000] W[W,29= 0x00000000]   Mem[0: R:0x04c0006f W:0x00000000] PC= 0x80000534    li      t4, 0
Cyc=        411 Op1=[0x00000000] Op2=[0x00000021] W[W, 3= 0x00000021]   Mem[0: R:0x1380000f W:0x00000013] PC= 0x80000538    li      gp, 33
Cyc=        412 Op1=[0x00000000] Op2=[0x00000000] W[_, 8= 0x00000000]   Mem[0: R:0x04c0006f W:0x00000000] PC= 0x8000053c    bne     t5, t4, pc + 136
Cyc=        413 Op1=[0x00000000] Op2=[0x00000000] W[W, 4= 0x00000000]   Mem[0: R:0x04c0006f W:0x00000000] PC= 0x80000540    li      tp, 0
Cyc=        414 Op1=[0x00000000] Op2=[0x0000000d] W[W, 2= 0x0000000d]   Mem[0: R:0x9303ff0a W:0x00000000] PC= 0x80000544    li      sp, 13
Cyc=        415 Op1=[0x00000000] Op2=[0x00000000] W[W, 0= 0x00000000]   Mem[0: R:0x04c0006f W:0x00000000] PC= 0x80000548    nop
Cyc=        416 Op1=[0x00000000] Op2=[0x00000000] W[W, 0= 0x00000000]   Mem[0: R:0x04c0006f W:0x00000000] PC= 0x8000054c    nop
Cyc=        417 Op1=[0x00000000] Op2=[0x00000006] W[W, 1= 0x00000006]   Mem[0: R:0x0f933420 W:0x00000001] PC= 0x80000550    li      ra, 6
Cyc=        418 Op1=[0x00000006] Op2=[0x0000000d] W[W,30= 0x00000001]   Mem[0: R:0x7304c000 W:0x0000000d] PC= 0x80000554    slt     t5, ra, sp
Cyc=        419 Op1=[0x00000000] Op2=[0x00000001] W[W, 4= 0x00000001]   Mem[0: R:0x7304c000 W:0x00000006] PC= 0x80000558    addi    tp, tp, 1
Cyc=        420 Op1=[0x00000000] Op2=[0x00000002] W[W, 5= 0x00000002]   Mem[0: R:0x2f7304c0 W:0x0000000d] PC= 0x8000055c    li      t0, 2
Cyc=        421 Op1=[0x00000001] Op2=[0x00000002] W[_, 5= 0x00000000]   Mem[0: R:0x04c0006f W:0x00000002] PC= 0x80000560  B bne     tp, t0, pc - 28
Cyc=        422 Op1=[0x00000000] Op2=[0x0000000d] W[W, 2= 0x0000000d]   Mem[0: R:0x9303ff0a W:0x00000000] PC= 0x80000544    li      sp, 13
Cyc=        423 Op1=[0x00000000] Op2=[0x00000000] W[W, 0= 0x00000000]   Mem[0: R:0x04c0006f W:0x00000000] PC= 0x80000548    nop
Cyc=        424 Op1=[0x00000000] Op2=[0x00000000] W[W, 0= 0x00000000]   Mem[0: R:0x04c0006f W:0x00000000] PC= 0x8000054c    nop
Cyc=        425 Op1=[0x00000000] Op2=[0x00000006] W[W, 1= 0x00000006]   Mem[0: R:0x0f933420 W:0x00000001] PC= 0x80000550    li      ra, 6
Cyc=        426 Op1=[0x00000006] Op2=[0x0000000d] W[W,30= 0x00000001]   Mem[0: R:0x7304c000 W:0x0000000d] PC= 0x80000554    slt     t5, ra, sp
Cyc=        427 Op1=[0x00000001] Op2=[0x00000001] W[W, 4= 0x00000002]   Mem[0: R:0x2f7304c0 W:0x00000006] PC= 0x80000558    addi    tp, tp, 1
Cyc=        428 Op1=[0x00000000] Op2=[0x00000002] W[W, 5= 0x00000002]   Mem[0: R:0x2f7304c0 W:0x0000000d] PC= 0x8000055c    li      t0, 2
Cyc=        429 Op1=[0x00000002] Op2=[0x00000002] W[_, 5= 0x00000000]   Mem[0: R:0x04c0006f W:0x00000002] PC= 0x80000560    bne     tp, t0, pc - 28
Cyc=        430 Op1=[0x00000000] Op2=[0x00000001] W[W,29= 0x00000001]   Mem[0: R:0x7304c000 W:0x00000006] PC= 0x80000564    li      t4, 1
Cyc=        431 Op1=[0x00000000] Op2=[0x00000022] W[W, 3= 0x00000022]   Mem[0: R:0x0f138000 W:0x0000000d] PC= 0x80000568    li      gp, 34
Cyc=        432 Op1=[0x00000001] Op2=[0x00000001] W[_,24= 0x00000000]   Mem[0: R:0x04c0006f W:0x00000001] PC= 0x8000056c    bne     t5, t4, pc + 88
Cyc=        433 Op1=[0x00000000] Op2=[0xffffffff] W[W, 1= 0xffffffff]   Mem[0: R:0xc0006f00 W:0x00000000] PC= 0x80000570    li      ra, -1
Cyc=        434 Op1=[0x00000000] Op2=[0xffffffff] W[W, 2= 0x00000000]   Mem[0: R:0x04c0006f W:0xffffffff] PC= 0x80000574    slt     sp, zero, ra
Cyc=        435 Op1=[0x00000000] Op2=[0x00000000] W[W,29= 0x00000000]   Mem[0: R:0x04c0006f W:0x00000000] PC= 0x80000578    li      t4, 0
Cyc=        436 Op1=[0x00000000] Op2=[0x00000023] W[W, 3= 0x00000023]   Mem[0: R:0x0f0f1380 W:0x00000022] PC= 0x8000057c    li      gp, 35
Cyc=        437 Op1=[0x00000000] Op2=[0x00000000] W[_, 4= 0x00000000]   Mem[0: R:0x04c0006f W:0x00000000] PC= 0x80000580    bne     sp, t4, pc + 68
Cyc=        438 Op1=[0x00000000] Op2=[0xffffffff] W[W, 1= 0xffffffff]   Mem[0: R:0xc0006f00 W:0x00000000] PC= 0x80000584    li      ra, -1
Cyc=        439 Op1=[0xffffffff] Op2=[0x00000000] W[W, 2= 0x00000001]   Mem[0: R:0x7304c000 W:0x00000000] PC= 0x80000588    slt     sp, ra, zero
Cyc=        440 Op1=[0x00000000] Op2=[0x00000001] W[W,29= 0x00000001]   Mem[0: R:0x7304c000 W:0xffffffff] PC= 0x8000058c    li      t4, 1
Cyc=        441 Op1=[0x00000000] Op2=[0x00000024] W[W, 3= 0x00000024]   Mem[0: R:0xfe0f0f13 W:0x00000002] PC= 0x80000590    li      gp, 36
Cyc=        442 Op1=[0x00000001] Op2=[0x00000001] W[_,16= 0x00000000]   Mem[0: R:0x04c0006f W:0x00000001] PC= 0x80000594    bne     sp, t4, pc + 48
Cyc=        443 Op1=[0x00000000] Op2=[0x00000000] W[W, 1= 0x00000000]   Mem[0: R:0x04c0006f W:0x00000000] PC= 0x80000598    slt     ra, zero, zero
Cyc=        444 Op1=[0x00000000] Op2=[0x00000000] W[W,29= 0x00000000]   Mem[0: R:0x04c0006f W:0x00000000] PC= 0x8000059c    li      t4, 0
Cyc=        445 Op1=[0x00000000] Op2=[0x00000025] W[W, 3= 0x00000025]   Mem[0: R:0x63fe0f0f W:0x00000002] PC= 0x800005a0    li      gp, 37
Cyc=        446 Op1=[0x00000000] Op2=[0x00000000] W[_, 0= 0x00000000]   Mem[0: R:0x04c0006f W:0x00000000] PC= 0x800005a4    bne     ra, t4, pc + 32
Cyc=        447 Op1=[0x00000000] Op2=[0x00000010] W[W, 1= 0x00000010]   Mem[0: R:0x00900f93 W:0x00000000] PC= 0x800005a8    li      ra, 16
Cyc=        448 Op1=[0x00000000] Op2=[0x0000001e] W[W, 2= 0x0000001e]   Mem[0: R:0x0f1703ff W:0x00000001] PC= 0x800005ac    li      sp, 30
Cyc=        449 Op1=[0x00000010] Op2=[0x0000001e] W[W, 0= 0x00000001]   Mem[0: R:0x7304c000 W:0x0000001e] PC= 0x800005b0    slt     zero, ra, sp
Cyc=        450 Op1=[0x00000000] Op2=[0x00000000] W[W,29= 0x00000000]   Mem[0: R:0x04c0006f W:0x00000000] PC= 0x800005b4    li      t4, 0
Cyc=        451 Op1=[0x00000000] Op2=[0x00000026] W[W, 3= 0x00000026]   Mem[0: R:0x0463fe0f W:0x00000001] PC= 0x800005b8    li      gp, 38
Cyc=        452 Op1=[0x00000000] Op2=[0x00000000] W[_, 8= 0x00000000]   Mem[0: R:0x04c0006f W:0x00000000] PC= 0x800005bc    bne     zero, t4, pc + 8
Cyc=        453 Op1=[0x00000000] Op2=[0x00000026] W[_,24= 0x00000000]   Mem[0: R:0x04c0006f W:0x00000026] PC= 0x800005c0  B bne     zero, gp, pc + 24
Cyc=        454 Op1=[0x00000000] Op2=[0x00000000] W[_, 0= 0x00000000]   Mem[0: R:0x04c0006f W:0x00000000] PC= 0x800005d8    fence
Cyc=        455 Op1=[0x00000000] Op2=[0x00000001] W[W, 3= 0x00000001]   Mem[0: R:0x7304c000 W:0x00000010] PC= 0x800005dc    li      gp, 1
Cyc=        456 Op1=[0x00000000] Op2=[0x00000000] W[_, 0= 0x00000000]   Mem[0: R:0x04c0006f W:0x00000000] PC= 0x800005e0  X ecall
Cyc=        457 Op1=[0x00000000] Op2=[0x0000001e] W[W,30= 0x0000000b]   Mem[3: R:0x04c0006f W:0x0000001e] PC= 0x80000004    csrr    t5, mcause
Cyc=        458 Op1=[0x00000000] Op2=[0x00000008] W[W,31= 0x00000008]   Mem[0: R:0x00800f93 W:0x00000000] PC= 0x80000008    li      t6, 8
Cyc=        459 Op1=[0x0000000b] Op2=[0x00000008] W[_,20= 0x00000000]   Mem[0: R:0x04c0006f W:0x00000008] PC= 0x8000000c    beq     t5, t6, pc + 52
Cyc=        460 Op1=[0x00000000] Op2=[0x00000009] W[W,31= 0x00000009]   Mem[0: R:0x6300800f W:0x00000000] PC= 0x80000010    li      t6, 9
Cyc=        461 Op1=[0x0000000b] Op2=[0x00000009] W[_,12= 0x00000000]   Mem[0: R:0x04c0006f W:0x00000009] PC= 0x80000014    beq     t5, t6, pc + 44
Cyc=        462 Op1=[0x00000000] Op2=[0x0000000b] W[W,31= 0x0000000b]   Mem[0: R:0xff0a6300 W:0x00000000] PC= 0x80000018    li      t6, 11
Cyc=        463 Op1=[0x0000000b] Op2=[0x0000000b] W[_, 4= 0x00000000]   Mem[0: R:0x04c0006f W:0x0000000b] PC= 0x8000001c  B beq     t5, t6, pc + 36
Cyc=        464 Op1=[0x00001000] Op2=[0x80000040] W[W,30= 0x80001040]   Mem[0: R:0x00000000 W:0x00000000] PC= 0x80000040    auipc   t5, 0x1
Cyc=        465 Op1=[0x80001040] Op2=[0xffffffc0] W[_, 0= 0x80001000]   Mem[0: R:0x00000000 W:0x00000001] PC= 0x80000044    sw      gp, -64(t5)
Cyc=        466 Op1=[0x0000000b] Op2=[0x00000000] W[W, 0= 0x8000004c]   Mem[2: R:0x04c0006f W:0x00000000] PC= 0x80000048  J j       pc - 0x8
Cyc=        467 Op1=[0x00001000] Op2=[0x80000040] W[W,30= 0x80001040]   Mem[0: R:0x00000000 W:0x00000000] PC= 0x80000040    auipc   t5, 0x1
Cyc=        468 Op1=[0x80001040] Op2=[0xffffffc0] W[_, 0= 0x80001000]   Mem[0: R:0x00000001 W:0x00000001] PC= 0x80000044    sw      gp, -64(t5)
Cyc=        469 Op1=[0x0000000b] Op2=[0x00000000] W[W, 0= 0x8000004c]   Mem[2: R:0x04c0006f W:0x00000000] PC= 0x80000048  J j       pc - 0x8
Cyc=        470 Op1=[0x00001000] Op2=[0x80000040] W[W,30= 0x80001040]   Mem[0: R:0x00000000 W:0x00000000] PC= 0x80000040    auipc   t5, 0x1
Cyc=        471 Op1=[0x80001040] Op2=[0xffffffc0] W[_, 0= 0x80001000]   Mem[0: R:0x00000001 W:0x00000001] PC= 0x80000044    sw      gp, -64(t5)
Cyc=        472 Op1=[0x0000000b] Op2=[0x00000000] W[W, 0= 0x8000004c]   Mem[2: R:0x04c0006f W:0x00000000] PC= 0x80000048  J j       pc - 0x8
Cyc=        473 Op1=[0x00001000] Op2=[0x80000040] W[W,30= 0x80001040]   Mem[0: R:0x00000000 W:0x00000000] PC= 0x80000040    auipc   t5, 0x1
Cyc=        474 Op1=[0x80001040] Op2=[0xffffffc0] W[_, 0= 0x80001000]   Mem[0: R:0x00000001 W:0x00000001] PC= 0x80000044    sw      gp, -64(t5)
Cyc=        475 Op1=[0x0000000b] Op2=[0x00000000] W[W, 0= 0x8000004c]   Mem[2: R:0x04c0006f W:0x00000000] PC= 0x80000048  J j       pc - 0x8
Cyc=        476 Op1=[0x00001000] Op2=[0x80000040] W[W,30= 0x80001040]   Mem[0: R:0x00000000 W:0x00000000] PC= 0x80000040    auipc   t5, 0x1
Cyc=        477 Op1=[0x80001040] Op2=[0xffffffc0] W[_, 0= 0x80001000]   Mem[0: R:0x00000001 W:0x00000001] PC= 0x80000044    sw      gp, -64(t5)
Cyc=        478 Op1=[0x0000000b] Op2=[0x00000000] W[W, 0= 0x8000004c]   Mem[2: R:0x04c0006f W:0x00000000] PC= 0x80000048  J j       pc - 0x8
Cyc=        479 Op1=[0x00001000] Op2=[0x80000040] W[W,30= 0x80001040]   Mem[0: R:0x00000000 W:0x00000000] PC= 0x80000040    auipc   t5, 0x1
Cyc=        480 Op1=[0x80001040] Op2=[0xffffffc0] W[_, 0= 0x80001000]   Mem[0: R:0x00000001 W:0x00000001] PC= 0x80000044    sw      gp, -64(t5)
Cyc=        481 Op1=[0x0000000b] Op2=[0x00000000] W[W, 0= 0x8000004c]   Mem[2: R:0x04c0006f W:0x00000000] PC= 0x80000048  J j       pc - 0x8
Cyc=        482 Op1=[0x00001000] Op2=[0x80000040] W[W,30= 0x80001040]   Mem[0: R:0x00000000 W:0x00000000] PC= 0x80000040    auipc   t5, 0x1
Cyc=        483 Op1=[0x80001040] Op2=[0xffffffc0] W[_, 0= 0x80001000]   Mem[0: R:0x00000001 W:0x00000001] PC= 0x80000044    sw      gp, -64(t5)
Cyc=        484 Op1=[0x0000000b] Op2=[0x00000000] W[W, 0= 0x8000004c]   Mem[2: R:0x04c0006f W:0x00000000] PC= 0x80000048  J j       pc - 0x8
Cyc=        485 Op1=[0x00001000] Op2=[0x80000040] W[W,30= 0x80001040]   Mem[0: R:0x00000000 W:0x00000000] PC= 0x80000040    auipc   t5, 0x1
Cyc=        486 Op1=[0x80001040] Op2=[0xffffffc0] W[_, 0= 0x80001000]   Mem[0: R:0x00000001 W:0x00000001] PC= 0x80000044    sw      gp, -64(t5)
Cyc=        487 Op1=[0x0000000b] Op2=[0x00000000] W[W, 0= 0x8000004c]   Mem[2: R:0x04c0006f W:0x00000000] PC= 0x80000048  J j       pc - 0x8
Cyc=        488 Op1=[0x00001000] Op2=[0x80000040] W[W,30= 0x80001040]   Mem[0: R:0x00000000 W:0x00000000] PC= 0x80000040    auipc   t5, 0x1
Cyc=        489 Op1=[0x80001040] Op2=[0xffffffc0] W[_, 0= 0x80001000]   Mem[0: R:0x00000000 W:0x00000001] PC= 0x80000044    sw      gp, -64(t5)
Cyc=        490 Op1=[0x0000000b] Op2=[0x00000000] W[W, 0= 0x8000004c]   Mem[2: R:0x04c0006f W:0x00000000] PC= 0x80000048  J j       pc - 0x8
Cyc=        491 Op1=[0x00001000] Op2=[0x80000040] W[W,30= 0x80001040]   Mem[0: R:0x00000000 W:0x00000000] PC= 0x80000040    auipc   t5, 0x1
*** PASSED ***
